Calling target program-options parser
[10:12:25.402] [bmv2] [D] [thread 19523] Set default default entry for table 'MyIngress.ipv4_lpm1': MyIngress.drop - 
[10:12:25.402] [bmv2] [D] [thread 19523] Set default default entry for table 'MyIngress.ipv4_lpm2': MyIngress.drop - 
[10:12:25.402] [bmv2] [D] [thread 19523] Set default default entry for table 'MyIngress.ipv4_lpm3': MyIngress.drop - 
[10:12:25.402] [bmv2] [D] [thread 19523] Set default default entry for table 'MyIngress.ipv4_lpm4': MyIngress.drop - 
Adding interface s0-eth1 as port 1
[10:12:25.402] [bmv2] [D] [thread 19523] Adding interface s0-eth1 as port 1
Adding interface s0-eth2 as port 2
[10:12:25.423] [bmv2] [D] [thread 19523] Adding interface s0-eth2 as port 2
Adding interface s0-eth3 as port 3
[10:12:25.456] [bmv2] [D] [thread 19523] Adding interface s0-eth3 as port 3
I0221 10:12:25.479904907   19523 server_builder.cc:247]      Synchronous server. Num CQs: 1, Min pollers: 1, Max Pollers: 2147483647, CQ timeout (msec): 1000
Server listening on 0.0.0.0:50051
[10:12:25.484] [bmv2] [I] [thread 19523] Starting Thrift server on port 9090
[10:12:25.484] [bmv2] [I] [thread 19523] Thrift server was started
[10:12:25.499] [bmv2] [D] [thread 19531] [0.0] [cxt 0] Processing packet received on port 1
[10:12:25.499] [bmv2] [D] [thread 19531] [0.0] [cxt 0] Parser 'parser': start
[10:12:25.499] [bmv2] [D] [thread 19531] [0.0] [cxt 0] Parser 'parser' entering state 'start'
[10:12:25.499] [bmv2] [D] [thread 19531] [0.0] [cxt 0] Extracting header 'ethernet'
[10:12:25.499] [bmv2] [D] [thread 19531] [0.0] [cxt 0] Parser state 'start': key is 86dd
[10:12:25.499] [bmv2] [T] [thread 19531] [0.0] [cxt 0] Bytes parsed: 14
[10:12:25.499] [bmv2] [D] [thread 19531] [0.0] [cxt 0] Parser 'parser': end
[10:12:25.499] [bmv2] [D] [thread 19531] [0.0] [cxt 0] Pipeline 'ingress': start
[10:12:25.499] [bmv2] [T] [thread 19531] [0.0] [cxt 0] link_monitor.p4(162) Condition "hdr.probe.p1==1 && hdr.probe.p2==1" (node_2) is false
[10:12:25.499] [bmv2] [T] [thread 19531] [0.0] [cxt 0] link_monitor.p4(165) Condition "hdr.probe.p1==2 && hdr.probe.p2==1" (node_4) is false
[10:12:25.499] [bmv2] [T] [thread 19531] [0.0] [cxt 0] link_monitor.p4(168) Condition "hdr.probe.p1==1 && hdr.probe.p2==2" (node_6) is false
[10:12:25.499] [bmv2] [T] [thread 19531] [0.0] [cxt 0] link_monitor.p4(171) Condition "hdr.probe.p1==2 && hdr.probe.p2==2" (node_8) is false
[10:12:25.499] [bmv2] [D] [thread 19531] [0.0] [cxt 0] Pipeline 'ingress': end
[10:12:25.499] [bmv2] [D] [thread 19531] [0.0] [cxt 0] Egress port is 0
[10:12:25.499] [bmv2] [D] [thread 19532] [0.0] [cxt 0] Pipeline 'egress': start
[10:12:25.499] [bmv2] [D] [thread 19532] [0.0] [cxt 0] Pipeline 'egress': end
[10:12:25.499] [bmv2] [D] [thread 19532] [0.0] [cxt 0] Deparser 'deparser': start
[10:12:25.499] [bmv2] [T] [thread 19532] [0.0] [cxt 0] Skipping checksum 'cksum' update because condition not met
[10:12:25.499] [bmv2] [D] [thread 19532] [0.0] [cxt 0] Deparsing header 'ethernet'
[10:12:25.499] [bmv2] [D] [thread 19532] [0.0] [cxt 0] Deparser 'deparser': end
[10:12:25.500] [bmv2] [D] [thread 19536] [0.0] [cxt 0] Transmitting packet of size 78 out of port 0
[10:12:25.643] [bmv2] [D] [thread 19531] [1.0] [cxt 0] Processing packet received on port 2
[10:12:25.643] [bmv2] [D] [thread 19531] [1.0] [cxt 0] Parser 'parser': start
[10:12:25.643] [bmv2] [D] [thread 19531] [1.0] [cxt 0] Parser 'parser' entering state 'start'
[10:12:25.643] [bmv2] [D] [thread 19531] [1.0] [cxt 0] Extracting header 'ethernet'
[10:12:25.643] [bmv2] [D] [thread 19531] [1.0] [cxt 0] Parser state 'start': key is 86dd
[10:12:25.643] [bmv2] [T] [thread 19531] [1.0] [cxt 0] Bytes parsed: 14
[10:12:25.643] [bmv2] [D] [thread 19531] [1.0] [cxt 0] Parser 'parser': end
[10:12:25.643] [bmv2] [D] [thread 19531] [1.0] [cxt 0] Pipeline 'ingress': start
[10:12:25.643] [bmv2] [T] [thread 19531] [1.0] [cxt 0] link_monitor.p4(162) Condition "hdr.probe.p1==1 && hdr.probe.p2==1" (node_2) is false
[10:12:25.643] [bmv2] [T] [thread 19531] [1.0] [cxt 0] link_monitor.p4(165) Condition "hdr.probe.p1==2 && hdr.probe.p2==1" (node_4) is false
[10:12:25.643] [bmv2] [T] [thread 19531] [1.0] [cxt 0] link_monitor.p4(168) Condition "hdr.probe.p1==1 && hdr.probe.p2==2" (node_6) is false
[10:12:25.643] [bmv2] [T] [thread 19531] [1.0] [cxt 0] link_monitor.p4(171) Condition "hdr.probe.p1==2 && hdr.probe.p2==2" (node_8) is false
[10:12:25.643] [bmv2] [D] [thread 19531] [1.0] [cxt 0] Pipeline 'ingress': end
[10:12:25.643] [bmv2] [D] [thread 19531] [1.0] [cxt 0] Egress port is 0
[10:12:25.643] [bmv2] [D] [thread 19532] [1.0] [cxt 0] Pipeline 'egress': start
[10:12:25.643] [bmv2] [D] [thread 19532] [1.0] [cxt 0] Pipeline 'egress': end
[10:12:25.643] [bmv2] [D] [thread 19532] [1.0] [cxt 0] Deparser 'deparser': start
[10:12:25.643] [bmv2] [T] [thread 19532] [1.0] [cxt 0] Skipping checksum 'cksum' update because condition not met
[10:12:25.643] [bmv2] [D] [thread 19532] [1.0] [cxt 0] Deparsing header 'ethernet'
[10:12:25.643] [bmv2] [D] [thread 19532] [1.0] [cxt 0] Deparser 'deparser': end
[10:12:25.643] [bmv2] [D] [thread 19536] [1.0] [cxt 0] Transmitting packet of size 90 out of port 0
[10:12:25.691] [bmv2] [D] [thread 19531] [2.0] [cxt 0] Processing packet received on port 3
[10:12:25.691] [bmv2] [D] [thread 19531] [2.0] [cxt 0] Parser 'parser': start
[10:12:25.691] [bmv2] [D] [thread 19531] [2.0] [cxt 0] Parser 'parser' entering state 'start'
[10:12:25.691] [bmv2] [D] [thread 19531] [2.0] [cxt 0] Extracting header 'ethernet'
[10:12:25.691] [bmv2] [D] [thread 19531] [2.0] [cxt 0] Parser state 'start': key is 86dd
[10:12:25.691] [bmv2] [T] [thread 19531] [2.0] [cxt 0] Bytes parsed: 14
[10:12:25.691] [bmv2] [D] [thread 19531] [2.0] [cxt 0] Parser 'parser': end
[10:12:25.691] [bmv2] [D] [thread 19531] [2.0] [cxt 0] Pipeline 'ingress': start
[10:12:25.691] [bmv2] [T] [thread 19531] [2.0] [cxt 0] link_monitor.p4(162) Condition "hdr.probe.p1==1 && hdr.probe.p2==1" (node_2) is false
[10:12:25.691] [bmv2] [T] [thread 19531] [2.0] [cxt 0] link_monitor.p4(165) Condition "hdr.probe.p1==2 && hdr.probe.p2==1" (node_4) is false
[10:12:25.691] [bmv2] [T] [thread 19531] [2.0] [cxt 0] link_monitor.p4(168) Condition "hdr.probe.p1==1 && hdr.probe.p2==2" (node_6) is false
[10:12:25.691] [bmv2] [T] [thread 19531] [2.0] [cxt 0] link_monitor.p4(171) Condition "hdr.probe.p1==2 && hdr.probe.p2==2" (node_8) is false
[10:12:25.691] [bmv2] [D] [thread 19531] [2.0] [cxt 0] Pipeline 'ingress': end
[10:12:25.691] [bmv2] [D] [thread 19531] [2.0] [cxt 0] Egress port is 0
[10:12:25.691] [bmv2] [D] [thread 19532] [2.0] [cxt 0] Pipeline 'egress': start
[10:12:25.691] [bmv2] [D] [thread 19532] [2.0] [cxt 0] Pipeline 'egress': end
[10:12:25.691] [bmv2] [D] [thread 19532] [2.0] [cxt 0] Deparser 'deparser': start
[10:12:25.691] [bmv2] [T] [thread 19532] [2.0] [cxt 0] Skipping checksum 'cksum' update because condition not met
[10:12:25.691] [bmv2] [D] [thread 19532] [2.0] [cxt 0] Deparsing header 'ethernet'
[10:12:25.691] [bmv2] [D] [thread 19532] [2.0] [cxt 0] Deparser 'deparser': end
[10:12:25.691] [bmv2] [D] [thread 19536] [2.0] [cxt 0] Transmitting packet of size 78 out of port 0
[10:12:25.739] [bmv2] [D] [thread 19531] [3.0] [cxt 0] Processing packet received on port 1
[10:12:25.739] [bmv2] [D] [thread 19531] [3.0] [cxt 0] Parser 'parser': start
[10:12:25.739] [bmv2] [D] [thread 19531] [3.0] [cxt 0] Parser 'parser' entering state 'start'
[10:12:25.739] [bmv2] [D] [thread 19531] [3.0] [cxt 0] Extracting header 'ethernet'
[10:12:25.739] [bmv2] [D] [thread 19531] [3.0] [cxt 0] Parser state 'start': key is 86dd
[10:12:25.739] [bmv2] [T] [thread 19531] [3.0] [cxt 0] Bytes parsed: 14
[10:12:25.739] [bmv2] [D] [thread 19531] [3.0] [cxt 0] Parser 'parser': end
[10:12:25.739] [bmv2] [D] [thread 19531] [3.0] [cxt 0] Pipeline 'ingress': start
[10:12:25.739] [bmv2] [T] [thread 19531] [3.0] [cxt 0] link_monitor.p4(162) Condition "hdr.probe.p1==1 && hdr.probe.p2==1" (node_2) is false
[10:12:25.739] [bmv2] [T] [thread 19531] [3.0] [cxt 0] link_monitor.p4(165) Condition "hdr.probe.p1==2 && hdr.probe.p2==1" (node_4) is false
[10:12:25.739] [bmv2] [T] [thread 19531] [3.0] [cxt 0] link_monitor.p4(168) Condition "hdr.probe.p1==1 && hdr.probe.p2==2" (node_6) is false
[10:12:25.739] [bmv2] [T] [thread 19531] [3.0] [cxt 0] link_monitor.p4(171) Condition "hdr.probe.p1==2 && hdr.probe.p2==2" (node_8) is false
[10:12:25.739] [bmv2] [D] [thread 19531] [3.0] [cxt 0] Pipeline 'ingress': end
[10:12:25.739] [bmv2] [D] [thread 19531] [3.0] [cxt 0] Egress port is 0
[10:12:25.739] [bmv2] [D] [thread 19532] [3.0] [cxt 0] Pipeline 'egress': start
[10:12:25.739] [bmv2] [D] [thread 19532] [3.0] [cxt 0] Pipeline 'egress': end
[10:12:25.739] [bmv2] [D] [thread 19532] [3.0] [cxt 0] Deparser 'deparser': start
[10:12:25.739] [bmv2] [T] [thread 19532] [3.0] [cxt 0] Skipping checksum 'cksum' update because condition not met
[10:12:25.739] [bmv2] [D] [thread 19532] [3.0] [cxt 0] Deparsing header 'ethernet'
[10:12:25.739] [bmv2] [D] [thread 19532] [3.0] [cxt 0] Deparser 'deparser': end
[10:12:25.739] [bmv2] [D] [thread 19536] [3.0] [cxt 0] Transmitting packet of size 90 out of port 0
[10:12:25.847] [bmv2] [D] [thread 19531] [4.0] [cxt 0] Processing packet received on port 3
[10:12:25.847] [bmv2] [D] [thread 19531] [4.0] [cxt 0] Parser 'parser': start
[10:12:25.847] [bmv2] [D] [thread 19531] [4.0] [cxt 0] Parser 'parser' entering state 'start'
[10:12:25.847] [bmv2] [D] [thread 19531] [4.0] [cxt 0] Extracting header 'ethernet'
[10:12:25.847] [bmv2] [D] [thread 19531] [4.0] [cxt 0] Parser state 'start': key is 86dd
[10:12:25.848] [bmv2] [T] [thread 19531] [4.0] [cxt 0] Bytes parsed: 14
[10:12:25.848] [bmv2] [D] [thread 19531] [4.0] [cxt 0] Parser 'parser': end
[10:12:25.848] [bmv2] [D] [thread 19531] [4.0] [cxt 0] Pipeline 'ingress': start
[10:12:25.848] [bmv2] [T] [thread 19531] [4.0] [cxt 0] link_monitor.p4(162) Condition "hdr.probe.p1==1 && hdr.probe.p2==1" (node_2) is false
[10:12:25.848] [bmv2] [T] [thread 19531] [4.0] [cxt 0] link_monitor.p4(165) Condition "hdr.probe.p1==2 && hdr.probe.p2==1" (node_4) is false
[10:12:25.848] [bmv2] [T] [thread 19531] [4.0] [cxt 0] link_monitor.p4(168) Condition "hdr.probe.p1==1 && hdr.probe.p2==2" (node_6) is false
[10:12:25.848] [bmv2] [T] [thread 19531] [4.0] [cxt 0] link_monitor.p4(171) Condition "hdr.probe.p1==2 && hdr.probe.p2==2" (node_8) is false
[10:12:25.848] [bmv2] [D] [thread 19531] [4.0] [cxt 0] Pipeline 'ingress': end
[10:12:25.848] [bmv2] [D] [thread 19531] [4.0] [cxt 0] Egress port is 0
[10:12:25.848] [bmv2] [D] [thread 19532] [4.0] [cxt 0] Pipeline 'egress': start
[10:12:25.848] [bmv2] [D] [thread 19532] [4.0] [cxt 0] Pipeline 'egress': end
[10:12:25.848] [bmv2] [D] [thread 19532] [4.0] [cxt 0] Deparser 'deparser': start
[10:12:25.848] [bmv2] [T] [thread 19532] [4.0] [cxt 0] Skipping checksum 'cksum' update because condition not met
[10:12:25.848] [bmv2] [D] [thread 19532] [4.0] [cxt 0] Deparsing header 'ethernet'
[10:12:25.848] [bmv2] [D] [thread 19532] [4.0] [cxt 0] Deparser 'deparser': end
[10:12:25.848] [bmv2] [D] [thread 19536] [4.0] [cxt 0] Transmitting packet of size 90 out of port 0
[10:12:25.935] [bmv2] [D] [thread 19531] [5.0] [cxt 0] Processing packet received on port 3
[10:12:25.935] [bmv2] [D] [thread 19531] [5.0] [cxt 0] Parser 'parser': start
[10:12:25.935] [bmv2] [D] [thread 19531] [5.0] [cxt 0] Parser 'parser' entering state 'start'
[10:12:25.935] [bmv2] [D] [thread 19531] [5.0] [cxt 0] Extracting header 'ethernet'
[10:12:25.935] [bmv2] [D] [thread 19531] [5.0] [cxt 0] Parser state 'start': key is 86dd
[10:12:25.935] [bmv2] [T] [thread 19531] [5.0] [cxt 0] Bytes parsed: 14
[10:12:25.935] [bmv2] [D] [thread 19531] [5.0] [cxt 0] Parser 'parser': end
[10:12:25.935] [bmv2] [D] [thread 19531] [5.0] [cxt 0] Pipeline 'ingress': start
[10:12:25.935] [bmv2] [T] [thread 19531] [5.0] [cxt 0] link_monitor.p4(162) Condition "hdr.probe.p1==1 && hdr.probe.p2==1" (node_2) is false
[10:12:25.935] [bmv2] [T] [thread 19531] [5.0] [cxt 0] link_monitor.p4(165) Condition "hdr.probe.p1==2 && hdr.probe.p2==1" (node_4) is false
[10:12:25.935] [bmv2] [T] [thread 19531] [5.0] [cxt 0] link_monitor.p4(168) Condition "hdr.probe.p1==1 && hdr.probe.p2==2" (node_6) is false
[10:12:25.935] [bmv2] [T] [thread 19531] [5.0] [cxt 0] link_monitor.p4(171) Condition "hdr.probe.p1==2 && hdr.probe.p2==2" (node_8) is false
[10:12:25.935] [bmv2] [D] [thread 19531] [5.0] [cxt 0] Pipeline 'ingress': end
[10:12:25.935] [bmv2] [D] [thread 19531] [5.0] [cxt 0] Egress port is 0
[10:12:25.935] [bmv2] [D] [thread 19532] [5.0] [cxt 0] Pipeline 'egress': start
[10:12:25.935] [bmv2] [D] [thread 19532] [5.0] [cxt 0] Pipeline 'egress': end
[10:12:25.935] [bmv2] [D] [thread 19532] [5.0] [cxt 0] Deparser 'deparser': start
[10:12:25.935] [bmv2] [T] [thread 19532] [5.0] [cxt 0] Skipping checksum 'cksum' update because condition not met
[10:12:25.935] [bmv2] [D] [thread 19532] [5.0] [cxt 0] Deparsing header 'ethernet'
[10:12:25.935] [bmv2] [D] [thread 19532] [5.0] [cxt 0] Deparser 'deparser': end
[10:12:25.935] [bmv2] [D] [thread 19536] [5.0] [cxt 0] Transmitting packet of size 90 out of port 0
[10:12:25.943] [bmv2] [D] [thread 19531] [6.0] [cxt 0] Processing packet received on port 2
[10:12:25.943] [bmv2] [D] [thread 19531] [6.0] [cxt 0] Parser 'parser': start
[10:12:25.943] [bmv2] [D] [thread 19531] [6.0] [cxt 0] Parser 'parser' entering state 'start'
[10:12:25.943] [bmv2] [D] [thread 19531] [6.0] [cxt 0] Extracting header 'ethernet'
[10:12:25.943] [bmv2] [D] [thread 19531] [6.0] [cxt 0] Parser state 'start': key is 86dd
[10:12:25.943] [bmv2] [T] [thread 19531] [6.0] [cxt 0] Bytes parsed: 14
[10:12:25.943] [bmv2] [D] [thread 19531] [6.0] [cxt 0] Parser 'parser': end
[10:12:25.943] [bmv2] [D] [thread 19531] [6.0] [cxt 0] Pipeline 'ingress': start
[10:12:25.943] [bmv2] [T] [thread 19531] [6.0] [cxt 0] link_monitor.p4(162) Condition "hdr.probe.p1==1 && hdr.probe.p2==1" (node_2) is false
[10:12:25.943] [bmv2] [T] [thread 19531] [6.0] [cxt 0] link_monitor.p4(165) Condition "hdr.probe.p1==2 && hdr.probe.p2==1" (node_4) is false
[10:12:25.943] [bmv2] [T] [thread 19531] [6.0] [cxt 0] link_monitor.p4(168) Condition "hdr.probe.p1==1 && hdr.probe.p2==2" (node_6) is false
[10:12:25.943] [bmv2] [T] [thread 19531] [6.0] [cxt 0] link_monitor.p4(171) Condition "hdr.probe.p1==2 && hdr.probe.p2==2" (node_8) is false
[10:12:25.943] [bmv2] [D] [thread 19531] [6.0] [cxt 0] Pipeline 'ingress': end
[10:12:25.943] [bmv2] [D] [thread 19531] [6.0] [cxt 0] Egress port is 0
[10:12:25.943] [bmv2] [D] [thread 19532] [6.0] [cxt 0] Pipeline 'egress': start
[10:12:25.943] [bmv2] [D] [thread 19532] [6.0] [cxt 0] Pipeline 'egress': end
[10:12:25.943] [bmv2] [D] [thread 19532] [6.0] [cxt 0] Deparser 'deparser': start
[10:12:25.943] [bmv2] [T] [thread 19532] [6.0] [cxt 0] Skipping checksum 'cksum' update because condition not met
[10:12:25.943] [bmv2] [D] [thread 19532] [6.0] [cxt 0] Deparsing header 'ethernet'
[10:12:25.943] [bmv2] [D] [thread 19532] [6.0] [cxt 0] Deparser 'deparser': end
[10:12:25.943] [bmv2] [D] [thread 19536] [6.0] [cxt 0] Transmitting packet of size 90 out of port 0
[10:12:25.960] [bmv2] [D] [thread 19531] [7.0] [cxt 0] Processing packet received on port 3
[10:12:25.960] [bmv2] [D] [thread 19531] [7.0] [cxt 0] Parser 'parser': start
[10:12:25.960] [bmv2] [D] [thread 19531] [7.0] [cxt 0] Parser 'parser' entering state 'start'
[10:12:25.960] [bmv2] [D] [thread 19531] [7.0] [cxt 0] Extracting header 'ethernet'
[10:12:25.960] [bmv2] [D] [thread 19531] [7.0] [cxt 0] Parser state 'start': key is 86dd
[10:12:25.960] [bmv2] [T] [thread 19531] [7.0] [cxt 0] Bytes parsed: 14
[10:12:25.960] [bmv2] [D] [thread 19531] [7.0] [cxt 0] Parser 'parser': end
[10:12:25.960] [bmv2] [D] [thread 19531] [7.0] [cxt 0] Pipeline 'ingress': start
[10:12:25.960] [bmv2] [T] [thread 19531] [7.0] [cxt 0] link_monitor.p4(162) Condition "hdr.probe.p1==1 && hdr.probe.p2==1" (node_2) is false
[10:12:25.960] [bmv2] [T] [thread 19531] [7.0] [cxt 0] link_monitor.p4(165) Condition "hdr.probe.p1==2 && hdr.probe.p2==1" (node_4) is false
[10:12:25.960] [bmv2] [T] [thread 19531] [7.0] [cxt 0] link_monitor.p4(168) Condition "hdr.probe.p1==1 && hdr.probe.p2==2" (node_6) is false
[10:12:25.960] [bmv2] [T] [thread 19531] [7.0] [cxt 0] link_monitor.p4(171) Condition "hdr.probe.p1==2 && hdr.probe.p2==2" (node_8) is false
[10:12:25.960] [bmv2] [D] [thread 19531] [7.0] [cxt 0] Pipeline 'ingress': end
[10:12:25.960] [bmv2] [D] [thread 19531] [7.0] [cxt 0] Egress port is 0
[10:12:25.960] [bmv2] [D] [thread 19532] [7.0] [cxt 0] Pipeline 'egress': start
[10:12:25.960] [bmv2] [D] [thread 19532] [7.0] [cxt 0] Pipeline 'egress': end
[10:12:25.960] [bmv2] [D] [thread 19532] [7.0] [cxt 0] Deparser 'deparser': start
[10:12:25.960] [bmv2] [T] [thread 19532] [7.0] [cxt 0] Skipping checksum 'cksum' update because condition not met
[10:12:25.960] [bmv2] [D] [thread 19532] [7.0] [cxt 0] Deparsing header 'ethernet'
[10:12:25.960] [bmv2] [D] [thread 19532] [7.0] [cxt 0] Deparser 'deparser': end
[10:12:25.960] [bmv2] [D] [thread 19536] [7.0] [cxt 0] Transmitting packet of size 78 out of port 0
[10:12:26.166] [bmv2] [D] [thread 19531] [8.0] [cxt 0] Processing packet received on port 2
[10:12:26.166] [bmv2] [D] [thread 19531] [8.0] [cxt 0] Parser 'parser': start
[10:12:26.166] [bmv2] [D] [thread 19531] [8.0] [cxt 0] Parser 'parser' entering state 'start'
[10:12:26.166] [bmv2] [D] [thread 19531] [8.0] [cxt 0] Extracting header 'ethernet'
[10:12:26.166] [bmv2] [D] [thread 19531] [8.0] [cxt 0] Parser state 'start': key is 86dd
[10:12:26.166] [bmv2] [T] [thread 19531] [8.0] [cxt 0] Bytes parsed: 14
[10:12:26.166] [bmv2] [D] [thread 19531] [8.0] [cxt 0] Parser 'parser': end
[10:12:26.166] [bmv2] [D] [thread 19531] [8.0] [cxt 0] Pipeline 'ingress': start
[10:12:26.166] [bmv2] [T] [thread 19531] [8.0] [cxt 0] link_monitor.p4(162) Condition "hdr.probe.p1==1 && hdr.probe.p2==1" (node_2) is false
[10:12:26.166] [bmv2] [T] [thread 19531] [8.0] [cxt 0] link_monitor.p4(165) Condition "hdr.probe.p1==2 && hdr.probe.p2==1" (node_4) is false
[10:12:26.166] [bmv2] [T] [thread 19531] [8.0] [cxt 0] link_monitor.p4(168) Condition "hdr.probe.p1==1 && hdr.probe.p2==2" (node_6) is false
[10:12:26.166] [bmv2] [T] [thread 19531] [8.0] [cxt 0] link_monitor.p4(171) Condition "hdr.probe.p1==2 && hdr.probe.p2==2" (node_8) is false
[10:12:26.166] [bmv2] [D] [thread 19531] [8.0] [cxt 0] Pipeline 'ingress': end
[10:12:26.166] [bmv2] [D] [thread 19531] [8.0] [cxt 0] Egress port is 0
[10:12:26.166] [bmv2] [D] [thread 19531] [9.0] [cxt 0] Processing packet received on port 2
[10:12:26.166] [bmv2] [D] [thread 19531] [9.0] [cxt 0] Parser 'parser': start
[10:12:26.166] [bmv2] [D] [thread 19531] [9.0] [cxt 0] Parser 'parser' entering state 'start'
[10:12:26.166] [bmv2] [D] [thread 19531] [9.0] [cxt 0] Extracting header 'ethernet'
[10:12:26.166] [bmv2] [D] [thread 19531] [9.0] [cxt 0] Parser state 'start': key is 86dd
[10:12:26.166] [bmv2] [T] [thread 19531] [9.0] [cxt 0] Bytes parsed: 14
[10:12:26.166] [bmv2] [D] [thread 19531] [9.0] [cxt 0] Parser 'parser': end
[10:12:26.166] [bmv2] [D] [thread 19531] [9.0] [cxt 0] Pipeline 'ingress': start
[10:12:26.166] [bmv2] [T] [thread 19531] [9.0] [cxt 0] link_monitor.p4(162) Condition "hdr.probe.p1==1 && hdr.probe.p2==1" (node_2) is false
[10:12:26.166] [bmv2] [T] [thread 19531] [9.0] [cxt 0] link_monitor.p4(165) Condition "hdr.probe.p1==2 && hdr.probe.p2==1" (node_4) is false
[10:12:26.166] [bmv2] [T] [thread 19531] [9.0] [cxt 0] link_monitor.p4(168) Condition "hdr.probe.p1==1 && hdr.probe.p2==2" (node_6) is false
[10:12:26.166] [bmv2] [T] [thread 19531] [9.0] [cxt 0] link_monitor.p4(171) Condition "hdr.probe.p1==2 && hdr.probe.p2==2" (node_8) is false
[10:12:26.166] [bmv2] [D] [thread 19531] [9.0] [cxt 0] Pipeline 'ingress': end
[10:12:26.166] [bmv2] [D] [thread 19531] [9.0] [cxt 0] Egress port is 0
[10:12:26.166] [bmv2] [D] [thread 19532] [8.0] [cxt 0] Pipeline 'egress': start
[10:12:26.166] [bmv2] [D] [thread 19532] [8.0] [cxt 0] Pipeline 'egress': end
[10:12:26.166] [bmv2] [D] [thread 19532] [8.0] [cxt 0] Deparser 'deparser': start
[10:12:26.166] [bmv2] [T] [thread 19532] [8.0] [cxt 0] Skipping checksum 'cksum' update because condition not met
[10:12:26.166] [bmv2] [D] [thread 19532] [8.0] [cxt 0] Deparsing header 'ethernet'
[10:12:26.166] [bmv2] [D] [thread 19532] [8.0] [cxt 0] Deparser 'deparser': end
[10:12:26.166] [bmv2] [D] [thread 19532] [9.0] [cxt 0] Pipeline 'egress': start
[10:12:26.166] [bmv2] [D] [thread 19532] [9.0] [cxt 0] Pipeline 'egress': end
[10:12:26.166] [bmv2] [D] [thread 19532] [9.0] [cxt 0] Deparser 'deparser': start
[10:12:26.166] [bmv2] [T] [thread 19532] [9.0] [cxt 0] Skipping checksum 'cksum' update because condition not met
[10:12:26.166] [bmv2] [D] [thread 19532] [9.0] [cxt 0] Deparsing header 'ethernet'
[10:12:26.166] [bmv2] [D] [thread 19532] [9.0] [cxt 0] Deparser 'deparser': end
[10:12:26.166] [bmv2] [D] [thread 19536] [8.0] [cxt 0] Transmitting packet of size 90 out of port 0
[10:12:26.167] [bmv2] [D] [thread 19536] [9.0] [cxt 0] Transmitting packet of size 70 out of port 0
[10:12:26.331] [bmv2] [D] [thread 19531] [10.0] [cxt 0] Processing packet received on port 2
[10:12:26.331] [bmv2] [D] [thread 19531] [10.0] [cxt 0] Parser 'parser': start
[10:12:26.331] [bmv2] [D] [thread 19531] [10.0] [cxt 0] Parser 'parser' entering state 'start'
[10:12:26.331] [bmv2] [D] [thread 19531] [10.0] [cxt 0] Extracting header 'ethernet'
[10:12:26.332] [bmv2] [D] [thread 19531] [10.0] [cxt 0] Parser state 'start': key is 86dd
[10:12:26.332] [bmv2] [T] [thread 19531] [10.0] [cxt 0] Bytes parsed: 14
[10:12:26.332] [bmv2] [D] [thread 19531] [10.0] [cxt 0] Parser 'parser': end
[10:12:26.332] [bmv2] [D] [thread 19531] [10.0] [cxt 0] Pipeline 'ingress': start
[10:12:26.332] [bmv2] [T] [thread 19531] [10.0] [cxt 0] link_monitor.p4(162) Condition "hdr.probe.p1==1 && hdr.probe.p2==1" (node_2) is false
[10:12:26.332] [bmv2] [T] [thread 19531] [10.0] [cxt 0] link_monitor.p4(165) Condition "hdr.probe.p1==2 && hdr.probe.p2==1" (node_4) is false
[10:12:26.332] [bmv2] [T] [thread 19531] [10.0] [cxt 0] link_monitor.p4(168) Condition "hdr.probe.p1==1 && hdr.probe.p2==2" (node_6) is false
[10:12:26.332] [bmv2] [T] [thread 19531] [10.0] [cxt 0] link_monitor.p4(171) Condition "hdr.probe.p1==2 && hdr.probe.p2==2" (node_8) is false
[10:12:26.332] [bmv2] [D] [thread 19531] [10.0] [cxt 0] Pipeline 'ingress': end
[10:12:26.332] [bmv2] [D] [thread 19531] [10.0] [cxt 0] Egress port is 0
[10:12:26.332] [bmv2] [D] [thread 19531] [11.0] [cxt 0] Processing packet received on port 2
[10:12:26.332] [bmv2] [D] [thread 19531] [11.0] [cxt 0] Parser 'parser': start
[10:12:26.332] [bmv2] [D] [thread 19531] [11.0] [cxt 0] Parser 'parser' entering state 'start'
[10:12:26.332] [bmv2] [D] [thread 19531] [11.0] [cxt 0] Extracting header 'ethernet'
[10:12:26.332] [bmv2] [D] [thread 19531] [11.0] [cxt 0] Parser state 'start': key is 86dd
[10:12:26.332] [bmv2] [T] [thread 19531] [11.0] [cxt 0] Bytes parsed: 14
[10:12:26.332] [bmv2] [D] [thread 19531] [11.0] [cxt 0] Parser 'parser': end
[10:12:26.332] [bmv2] [D] [thread 19531] [11.0] [cxt 0] Pipeline 'ingress': start
[10:12:26.332] [bmv2] [T] [thread 19531] [11.0] [cxt 0] link_monitor.p4(162) Condition "hdr.probe.p1==1 && hdr.probe.p2==1" (node_2) is false
[10:12:26.332] [bmv2] [T] [thread 19531] [11.0] [cxt 0] link_monitor.p4(165) Condition "hdr.probe.p1==2 && hdr.probe.p2==1" (node_4) is false
[10:12:26.332] [bmv2] [T] [thread 19531] [11.0] [cxt 0] link_monitor.p4(168) Condition "hdr.probe.p1==1 && hdr.probe.p2==2" (node_6) is false
[10:12:26.332] [bmv2] [T] [thread 19531] [11.0] [cxt 0] link_monitor.p4(171) Condition "hdr.probe.p1==2 && hdr.probe.p2==2" (node_8) is false
[10:12:26.332] [bmv2] [D] [thread 19531] [11.0] [cxt 0] Pipeline 'ingress': end
[10:12:26.332] [bmv2] [D] [thread 19531] [11.0] [cxt 0] Egress port is 0
[10:12:26.333] [bmv2] [D] [thread 19532] [10.0] [cxt 0] Pipeline 'egress': start
[10:12:26.333] [bmv2] [D] [thread 19532] [10.0] [cxt 0] Pipeline 'egress': end
[10:12:26.333] [bmv2] [D] [thread 19532] [10.0] [cxt 0] Deparser 'deparser': start
[10:12:26.333] [bmv2] [T] [thread 19532] [10.0] [cxt 0] Skipping checksum 'cksum' update because condition not met
[10:12:26.333] [bmv2] [D] [thread 19532] [10.0] [cxt 0] Deparsing header 'ethernet'
[10:12:26.333] [bmv2] [D] [thread 19532] [10.0] [cxt 0] Deparser 'deparser': end
[10:12:26.333] [bmv2] [D] [thread 19532] [11.0] [cxt 0] Pipeline 'egress': start
[10:12:26.333] [bmv2] [D] [thread 19532] [11.0] [cxt 0] Pipeline 'egress': end
[10:12:26.333] [bmv2] [D] [thread 19532] [11.0] [cxt 0] Deparser 'deparser': start
[10:12:26.333] [bmv2] [T] [thread 19532] [11.0] [cxt 0] Skipping checksum 'cksum' update because condition not met
[10:12:26.333] [bmv2] [D] [thread 19532] [11.0] [cxt 0] Deparsing header 'ethernet'
[10:12:26.333] [bmv2] [D] [thread 19532] [11.0] [cxt 0] Deparser 'deparser': end
[10:12:26.333] [bmv2] [D] [thread 19536] [10.0] [cxt 0] Transmitting packet of size 90 out of port 0
[10:12:26.333] [bmv2] [D] [thread 19536] [11.0] [cxt 0] Transmitting packet of size 70 out of port 0
[10:12:26.504] [bmv2] [D] [thread 19531] [12.0] [cxt 0] Processing packet received on port 1
[10:12:26.504] [bmv2] [D] [thread 19531] [12.0] [cxt 0] Parser 'parser': start
[10:12:26.504] [bmv2] [D] [thread 19531] [12.0] [cxt 0] Parser 'parser' entering state 'start'
[10:12:26.504] [bmv2] [D] [thread 19531] [12.0] [cxt 0] Extracting header 'ethernet'
[10:12:26.504] [bmv2] [D] [thread 19531] [12.0] [cxt 0] Parser state 'start': key is 86dd
[10:12:26.504] [bmv2] [T] [thread 19531] [12.0] [cxt 0] Bytes parsed: 14
[10:12:26.504] [bmv2] [D] [thread 19531] [12.0] [cxt 0] Parser 'parser': end
[10:12:26.504] [bmv2] [D] [thread 19531] [12.0] [cxt 0] Pipeline 'ingress': start
[10:12:26.504] [bmv2] [T] [thread 19531] [12.0] [cxt 0] link_monitor.p4(162) Condition "hdr.probe.p1==1 && hdr.probe.p2==1" (node_2) is false
[10:12:26.504] [bmv2] [T] [thread 19531] [12.0] [cxt 0] link_monitor.p4(165) Condition "hdr.probe.p1==2 && hdr.probe.p2==1" (node_4) is false
[10:12:26.504] [bmv2] [T] [thread 19531] [12.0] [cxt 0] link_monitor.p4(168) Condition "hdr.probe.p1==1 && hdr.probe.p2==2" (node_6) is false
[10:12:26.504] [bmv2] [T] [thread 19531] [12.0] [cxt 0] link_monitor.p4(171) Condition "hdr.probe.p1==2 && hdr.probe.p2==2" (node_8) is false
[10:12:26.504] [bmv2] [D] [thread 19531] [12.0] [cxt 0] Pipeline 'ingress': end
[10:12:26.504] [bmv2] [D] [thread 19531] [12.0] [cxt 0] Egress port is 0
[10:12:26.504] [bmv2] [D] [thread 19531] [13.0] [cxt 0] Processing packet received on port 1
[10:12:26.504] [bmv2] [D] [thread 19531] [13.0] [cxt 0] Parser 'parser': start
[10:12:26.504] [bmv2] [D] [thread 19531] [13.0] [cxt 0] Parser 'parser' entering state 'start'
[10:12:26.504] [bmv2] [D] [thread 19531] [13.0] [cxt 0] Extracting header 'ethernet'
[10:12:26.504] [bmv2] [D] [thread 19531] [13.0] [cxt 0] Parser state 'start': key is 86dd
[10:12:26.504] [bmv2] [T] [thread 19531] [13.0] [cxt 0] Bytes parsed: 14
[10:12:26.504] [bmv2] [D] [thread 19531] [13.0] [cxt 0] Parser 'parser': end
[10:12:26.504] [bmv2] [D] [thread 19531] [13.0] [cxt 0] Pipeline 'ingress': start
[10:12:26.504] [bmv2] [T] [thread 19531] [13.0] [cxt 0] link_monitor.p4(162) Condition "hdr.probe.p1==1 && hdr.probe.p2==1" (node_2) is false
[10:12:26.504] [bmv2] [T] [thread 19531] [13.0] [cxt 0] link_monitor.p4(165) Condition "hdr.probe.p1==2 && hdr.probe.p2==1" (node_4) is false
[10:12:26.504] [bmv2] [T] [thread 19531] [13.0] [cxt 0] link_monitor.p4(168) Condition "hdr.probe.p1==1 && hdr.probe.p2==2" (node_6) is false
[10:12:26.504] [bmv2] [T] [thread 19531] [13.0] [cxt 0] link_monitor.p4(171) Condition "hdr.probe.p1==2 && hdr.probe.p2==2" (node_8) is false
[10:12:26.504] [bmv2] [D] [thread 19531] [13.0] [cxt 0] Pipeline 'ingress': end
[10:12:26.504] [bmv2] [D] [thread 19531] [13.0] [cxt 0] Egress port is 0
[10:12:26.505] [bmv2] [D] [thread 19532] [12.0] [cxt 0] Pipeline 'egress': start
[10:12:26.505] [bmv2] [D] [thread 19532] [12.0] [cxt 0] Pipeline 'egress': end
[10:12:26.505] [bmv2] [D] [thread 19532] [12.0] [cxt 0] Deparser 'deparser': start
[10:12:26.505] [bmv2] [T] [thread 19532] [12.0] [cxt 0] Skipping checksum 'cksum' update because condition not met
[10:12:26.505] [bmv2] [D] [thread 19532] [12.0] [cxt 0] Deparsing header 'ethernet'
[10:12:26.505] [bmv2] [D] [thread 19532] [12.0] [cxt 0] Deparser 'deparser': end
[10:12:26.505] [bmv2] [D] [thread 19536] [12.0] [cxt 0] Transmitting packet of size 90 out of port 0
[10:12:26.506] [bmv2] [D] [thread 19532] [13.0] [cxt 0] Pipeline 'egress': start
[10:12:26.506] [bmv2] [D] [thread 19532] [13.0] [cxt 0] Pipeline 'egress': end
[10:12:26.506] [bmv2] [D] [thread 19532] [13.0] [cxt 0] Deparser 'deparser': start
[10:12:26.506] [bmv2] [T] [thread 19532] [13.0] [cxt 0] Skipping checksum 'cksum' update because condition not met
[10:12:26.506] [bmv2] [D] [thread 19532] [13.0] [cxt 0] Deparsing header 'ethernet'
[10:12:26.506] [bmv2] [D] [thread 19532] [13.0] [cxt 0] Deparser 'deparser': end
[10:12:26.506] [bmv2] [D] [thread 19536] [13.0] [cxt 0] Transmitting packet of size 70 out of port 0
[10:12:26.699] [bmv2] [D] [thread 19531] [14.0] [cxt 0] Processing packet received on port 3
[10:12:26.699] [bmv2] [D] [thread 19531] [14.0] [cxt 0] Parser 'parser': start
[10:12:26.699] [bmv2] [D] [thread 19531] [14.0] [cxt 0] Parser 'parser' entering state 'start'
[10:12:26.699] [bmv2] [D] [thread 19531] [14.0] [cxt 0] Extracting header 'ethernet'
[10:12:26.699] [bmv2] [D] [thread 19531] [14.0] [cxt 0] Parser state 'start': key is 86dd
[10:12:26.699] [bmv2] [T] [thread 19531] [14.0] [cxt 0] Bytes parsed: 14
[10:12:26.699] [bmv2] [D] [thread 19531] [14.0] [cxt 0] Parser 'parser': end
[10:12:26.699] [bmv2] [D] [thread 19531] [14.0] [cxt 0] Pipeline 'ingress': start
[10:12:26.700] [bmv2] [T] [thread 19531] [14.0] [cxt 0] link_monitor.p4(162) Condition "hdr.probe.p1==1 && hdr.probe.p2==1" (node_2) is false
[10:12:26.700] [bmv2] [T] [thread 19531] [14.0] [cxt 0] link_monitor.p4(165) Condition "hdr.probe.p1==2 && hdr.probe.p2==1" (node_4) is false
[10:12:26.700] [bmv2] [T] [thread 19531] [14.0] [cxt 0] link_monitor.p4(168) Condition "hdr.probe.p1==1 && hdr.probe.p2==2" (node_6) is false
[10:12:26.700] [bmv2] [T] [thread 19531] [14.0] [cxt 0] link_monitor.p4(171) Condition "hdr.probe.p1==2 && hdr.probe.p2==2" (node_8) is false
[10:12:26.700] [bmv2] [D] [thread 19531] [14.0] [cxt 0] Pipeline 'ingress': end
[10:12:26.700] [bmv2] [D] [thread 19531] [14.0] [cxt 0] Egress port is 0
[10:12:26.700] [bmv2] [D] [thread 19531] [15.0] [cxt 0] Processing packet received on port 3
[10:12:26.700] [bmv2] [D] [thread 19531] [15.0] [cxt 0] Parser 'parser': start
[10:12:26.700] [bmv2] [D] [thread 19531] [15.0] [cxt 0] Parser 'parser' entering state 'start'
[10:12:26.700] [bmv2] [D] [thread 19531] [15.0] [cxt 0] Extracting header 'ethernet'
[10:12:26.700] [bmv2] [D] [thread 19531] [15.0] [cxt 0] Parser state 'start': key is 86dd
[10:12:26.700] [bmv2] [T] [thread 19531] [15.0] [cxt 0] Bytes parsed: 14
[10:12:26.700] [bmv2] [D] [thread 19531] [15.0] [cxt 0] Parser 'parser': end
[10:12:26.700] [bmv2] [D] [thread 19531] [15.0] [cxt 0] Pipeline 'ingress': start
[10:12:26.700] [bmv2] [T] [thread 19531] [15.0] [cxt 0] link_monitor.p4(162) Condition "hdr.probe.p1==1 && hdr.probe.p2==1" (node_2) is false
[10:12:26.700] [bmv2] [T] [thread 19531] [15.0] [cxt 0] link_monitor.p4(165) Condition "hdr.probe.p1==2 && hdr.probe.p2==1" (node_4) is false
[10:12:26.700] [bmv2] [T] [thread 19531] [15.0] [cxt 0] link_monitor.p4(168) Condition "hdr.probe.p1==1 && hdr.probe.p2==2" (node_6) is false
[10:12:26.700] [bmv2] [T] [thread 19531] [15.0] [cxt 0] link_monitor.p4(171) Condition "hdr.probe.p1==2 && hdr.probe.p2==2" (node_8) is false
[10:12:26.700] [bmv2] [D] [thread 19531] [15.0] [cxt 0] Pipeline 'ingress': end
[10:12:26.700] [bmv2] [D] [thread 19531] [15.0] [cxt 0] Egress port is 0
[10:12:26.700] [bmv2] [D] [thread 19532] [14.0] [cxt 0] Pipeline 'egress': start
[10:12:26.700] [bmv2] [D] [thread 19532] [14.0] [cxt 0] Pipeline 'egress': end
[10:12:26.700] [bmv2] [D] [thread 19532] [14.0] [cxt 0] Deparser 'deparser': start
[10:12:26.700] [bmv2] [T] [thread 19532] [14.0] [cxt 0] Skipping checksum 'cksum' update because condition not met
[10:12:26.700] [bmv2] [D] [thread 19532] [14.0] [cxt 0] Deparsing header 'ethernet'
[10:12:26.700] [bmv2] [D] [thread 19532] [14.0] [cxt 0] Deparser 'deparser': end
[10:12:26.700] [bmv2] [D] [thread 19532] [15.0] [cxt 0] Pipeline 'egress': start
[10:12:26.700] [bmv2] [D] [thread 19532] [15.0] [cxt 0] Pipeline 'egress': end
[10:12:26.700] [bmv2] [D] [thread 19532] [15.0] [cxt 0] Deparser 'deparser': start
[10:12:26.700] [bmv2] [T] [thread 19532] [15.0] [cxt 0] Skipping checksum 'cksum' update because condition not met
[10:12:26.700] [bmv2] [D] [thread 19532] [15.0] [cxt 0] Deparsing header 'ethernet'
[10:12:26.700] [bmv2] [D] [thread 19532] [15.0] [cxt 0] Deparser 'deparser': end
[10:12:26.700] [bmv2] [D] [thread 19536] [14.0] [cxt 0] Transmitting packet of size 90 out of port 0
[10:12:26.700] [bmv2] [D] [thread 19536] [15.0] [cxt 0] Transmitting packet of size 70 out of port 0
[10:12:26.904] [bmv2] [D] [thread 19531] [16.0] [cxt 0] Processing packet received on port 2
[10:12:26.904] [bmv2] [D] [thread 19531] [16.0] [cxt 0] Parser 'parser': start
[10:12:26.904] [bmv2] [D] [thread 19531] [16.0] [cxt 0] Parser 'parser' entering state 'start'
[10:12:26.904] [bmv2] [D] [thread 19531] [16.0] [cxt 0] Extracting header 'ethernet'
[10:12:26.904] [bmv2] [D] [thread 19531] [16.0] [cxt 0] Parser state 'start': key is 86dd
[10:12:26.904] [bmv2] [T] [thread 19531] [16.0] [cxt 0] Bytes parsed: 14
[10:12:26.904] [bmv2] [D] [thread 19531] [16.0] [cxt 0] Parser 'parser': end
[10:12:26.904] [bmv2] [D] [thread 19531] [16.0] [cxt 0] Pipeline 'ingress': start
[10:12:26.904] [bmv2] [T] [thread 19531] [16.0] [cxt 0] link_monitor.p4(162) Condition "hdr.probe.p1==1 && hdr.probe.p2==1" (node_2) is false
[10:12:26.904] [bmv2] [T] [thread 19531] [16.0] [cxt 0] link_monitor.p4(165) Condition "hdr.probe.p1==2 && hdr.probe.p2==1" (node_4) is false
[10:12:26.904] [bmv2] [T] [thread 19531] [16.0] [cxt 0] link_monitor.p4(168) Condition "hdr.probe.p1==1 && hdr.probe.p2==2" (node_6) is false
[10:12:26.904] [bmv2] [T] [thread 19531] [16.0] [cxt 0] link_monitor.p4(171) Condition "hdr.probe.p1==2 && hdr.probe.p2==2" (node_8) is false
[10:12:26.904] [bmv2] [D] [thread 19531] [16.0] [cxt 0] Pipeline 'ingress': end
[10:12:26.904] [bmv2] [D] [thread 19531] [16.0] [cxt 0] Egress port is 0
[10:12:26.904] [bmv2] [D] [thread 19532] [16.0] [cxt 0] Pipeline 'egress': start
[10:12:26.904] [bmv2] [D] [thread 19532] [16.0] [cxt 0] Pipeline 'egress': end
[10:12:26.904] [bmv2] [D] [thread 19532] [16.0] [cxt 0] Deparser 'deparser': start
[10:12:26.904] [bmv2] [T] [thread 19532] [16.0] [cxt 0] Skipping checksum 'cksum' update because condition not met
[10:12:26.904] [bmv2] [D] [thread 19532] [16.0] [cxt 0] Deparsing header 'ethernet'
[10:12:26.904] [bmv2] [D] [thread 19532] [16.0] [cxt 0] Deparser 'deparser': end
[10:12:26.904] [bmv2] [D] [thread 19536] [16.0] [cxt 0] Transmitting packet of size 90 out of port 0
[10:12:26.939] [bmv2] [D] [thread 19531] [17.0] [cxt 0] Processing packet received on port 3
[10:12:26.939] [bmv2] [D] [thread 19531] [17.0] [cxt 0] Parser 'parser': start
[10:12:26.939] [bmv2] [D] [thread 19531] [17.0] [cxt 0] Parser 'parser' entering state 'start'
[10:12:26.939] [bmv2] [D] [thread 19531] [17.0] [cxt 0] Extracting header 'ethernet'
[10:12:26.939] [bmv2] [D] [thread 19531] [17.0] [cxt 0] Parser state 'start': key is 86dd
[10:12:26.939] [bmv2] [T] [thread 19531] [17.0] [cxt 0] Bytes parsed: 14
[10:12:26.939] [bmv2] [D] [thread 19531] [17.0] [cxt 0] Parser 'parser': end
[10:12:26.939] [bmv2] [D] [thread 19531] [17.0] [cxt 0] Pipeline 'ingress': start
[10:12:26.939] [bmv2] [T] [thread 19531] [17.0] [cxt 0] link_monitor.p4(162) Condition "hdr.probe.p1==1 && hdr.probe.p2==1" (node_2) is false
[10:12:26.939] [bmv2] [T] [thread 19531] [17.0] [cxt 0] link_monitor.p4(165) Condition "hdr.probe.p1==2 && hdr.probe.p2==1" (node_4) is false
[10:12:26.939] [bmv2] [T] [thread 19531] [17.0] [cxt 0] link_monitor.p4(168) Condition "hdr.probe.p1==1 && hdr.probe.p2==2" (node_6) is false
[10:12:26.939] [bmv2] [T] [thread 19531] [17.0] [cxt 0] link_monitor.p4(171) Condition "hdr.probe.p1==2 && hdr.probe.p2==2" (node_8) is false
[10:12:26.939] [bmv2] [D] [thread 19531] [17.0] [cxt 0] Pipeline 'ingress': end
[10:12:26.939] [bmv2] [D] [thread 19531] [17.0] [cxt 0] Egress port is 0
[10:12:26.939] [bmv2] [D] [thread 19532] [17.0] [cxt 0] Pipeline 'egress': start
[10:12:26.939] [bmv2] [D] [thread 19532] [17.0] [cxt 0] Pipeline 'egress': end
[10:12:26.939] [bmv2] [D] [thread 19532] [17.0] [cxt 0] Deparser 'deparser': start
[10:12:26.939] [bmv2] [T] [thread 19532] [17.0] [cxt 0] Skipping checksum 'cksum' update because condition not met
[10:12:26.939] [bmv2] [D] [thread 19532] [17.0] [cxt 0] Deparsing header 'ethernet'
[10:12:26.939] [bmv2] [D] [thread 19532] [17.0] [cxt 0] Deparser 'deparser': end
[10:12:26.939] [bmv2] [D] [thread 19536] [17.0] [cxt 0] Transmitting packet of size 90 out of port 0
[10:12:26.960] [bmv2] [D] [thread 19531] [18.0] [cxt 0] Processing packet received on port 3
[10:12:26.960] [bmv2] [D] [thread 19531] [18.0] [cxt 0] Parser 'parser': start
[10:12:26.960] [bmv2] [D] [thread 19531] [18.0] [cxt 0] Parser 'parser' entering state 'start'
[10:12:26.960] [bmv2] [D] [thread 19531] [18.0] [cxt 0] Extracting header 'ethernet'
[10:12:26.960] [bmv2] [D] [thread 19531] [18.0] [cxt 0] Parser state 'start': key is 86dd
[10:12:26.960] [bmv2] [T] [thread 19531] [18.0] [cxt 0] Bytes parsed: 14
[10:12:26.960] [bmv2] [D] [thread 19531] [18.0] [cxt 0] Parser 'parser': end
[10:12:26.960] [bmv2] [D] [thread 19531] [18.0] [cxt 0] Pipeline 'ingress': start
[10:12:26.960] [bmv2] [T] [thread 19531] [18.0] [cxt 0] link_monitor.p4(162) Condition "hdr.probe.p1==1 && hdr.probe.p2==1" (node_2) is false
[10:12:26.960] [bmv2] [T] [thread 19531] [18.0] [cxt 0] link_monitor.p4(165) Condition "hdr.probe.p1==2 && hdr.probe.p2==1" (node_4) is false
[10:12:26.960] [bmv2] [T] [thread 19531] [18.0] [cxt 0] link_monitor.p4(168) Condition "hdr.probe.p1==1 && hdr.probe.p2==2" (node_6) is false
[10:12:26.960] [bmv2] [T] [thread 19531] [18.0] [cxt 0] link_monitor.p4(171) Condition "hdr.probe.p1==2 && hdr.probe.p2==2" (node_8) is false
[10:12:26.960] [bmv2] [D] [thread 19531] [18.0] [cxt 0] Pipeline 'ingress': end
[10:12:26.960] [bmv2] [D] [thread 19531] [18.0] [cxt 0] Egress port is 0
[10:12:26.960] [bmv2] [D] [thread 19531] [19.0] [cxt 0] Processing packet received on port 3
[10:12:26.960] [bmv2] [D] [thread 19531] [19.0] [cxt 0] Parser 'parser': start
[10:12:26.960] [bmv2] [D] [thread 19531] [19.0] [cxt 0] Parser 'parser' entering state 'start'
[10:12:26.960] [bmv2] [D] [thread 19531] [19.0] [cxt 0] Extracting header 'ethernet'
[10:12:26.960] [bmv2] [D] [thread 19531] [19.0] [cxt 0] Parser state 'start': key is 86dd
[10:12:26.960] [bmv2] [T] [thread 19531] [19.0] [cxt 0] Bytes parsed: 14
[10:12:26.960] [bmv2] [D] [thread 19531] [19.0] [cxt 0] Parser 'parser': end
[10:12:26.960] [bmv2] [D] [thread 19531] [19.0] [cxt 0] Pipeline 'ingress': start
[10:12:26.960] [bmv2] [T] [thread 19531] [19.0] [cxt 0] link_monitor.p4(162) Condition "hdr.probe.p1==1 && hdr.probe.p2==1" (node_2) is false
[10:12:26.960] [bmv2] [T] [thread 19531] [19.0] [cxt 0] link_monitor.p4(165) Condition "hdr.probe.p1==2 && hdr.probe.p2==1" (node_4) is false
[10:12:26.960] [bmv2] [T] [thread 19531] [19.0] [cxt 0] link_monitor.p4(168) Condition "hdr.probe.p1==1 && hdr.probe.p2==2" (node_6) is false
[10:12:26.960] [bmv2] [T] [thread 19531] [19.0] [cxt 0] link_monitor.p4(171) Condition "hdr.probe.p1==2 && hdr.probe.p2==2" (node_8) is false
[10:12:26.960] [bmv2] [D] [thread 19531] [19.0] [cxt 0] Pipeline 'ingress': end
[10:12:26.960] [bmv2] [D] [thread 19531] [19.0] [cxt 0] Egress port is 0
[10:12:26.960] [bmv2] [D] [thread 19532] [18.0] [cxt 0] Pipeline 'egress': start
[10:12:26.960] [bmv2] [D] [thread 19532] [18.0] [cxt 0] Pipeline 'egress': end
[10:12:26.960] [bmv2] [D] [thread 19532] [18.0] [cxt 0] Deparser 'deparser': start
[10:12:26.960] [bmv2] [T] [thread 19532] [18.0] [cxt 0] Skipping checksum 'cksum' update because condition not met
[10:12:26.960] [bmv2] [D] [thread 19532] [18.0] [cxt 0] Deparsing header 'ethernet'
[10:12:26.960] [bmv2] [D] [thread 19532] [18.0] [cxt 0] Deparser 'deparser': end
[10:12:26.960] [bmv2] [D] [thread 19532] [19.0] [cxt 0] Pipeline 'egress': start
[10:12:26.960] [bmv2] [D] [thread 19532] [19.0] [cxt 0] Pipeline 'egress': end
[10:12:26.960] [bmv2] [D] [thread 19532] [19.0] [cxt 0] Deparser 'deparser': start
[10:12:26.960] [bmv2] [T] [thread 19532] [19.0] [cxt 0] Skipping checksum 'cksum' update because condition not met
[10:12:26.960] [bmv2] [D] [thread 19532] [19.0] [cxt 0] Deparsing header 'ethernet'
[10:12:26.960] [bmv2] [D] [thread 19532] [19.0] [cxt 0] Deparser 'deparser': end
[10:12:26.960] [bmv2] [D] [thread 19536] [18.0] [cxt 0] Transmitting packet of size 90 out of port 0
[10:12:26.960] [bmv2] [D] [thread 19536] [19.0] [cxt 0] Transmitting packet of size 70 out of port 0
[10:12:27.020] [bmv2] [D] [thread 19531] [20.0] [cxt 0] Processing packet received on port 2
[10:12:27.020] [bmv2] [D] [thread 19531] [20.0] [cxt 0] Parser 'parser': start
[10:12:27.020] [bmv2] [D] [thread 19531] [20.0] [cxt 0] Parser 'parser' entering state 'start'
[10:12:27.020] [bmv2] [D] [thread 19531] [20.0] [cxt 0] Extracting header 'ethernet'
[10:12:27.020] [bmv2] [D] [thread 19531] [20.0] [cxt 0] Parser state 'start': key is 86dd
[10:12:27.020] [bmv2] [T] [thread 19531] [20.0] [cxt 0] Bytes parsed: 14
[10:12:27.020] [bmv2] [D] [thread 19531] [20.0] [cxt 0] Parser 'parser': end
[10:12:27.020] [bmv2] [D] [thread 19531] [20.0] [cxt 0] Pipeline 'ingress': start
[10:12:27.020] [bmv2] [T] [thread 19531] [20.0] [cxt 0] link_monitor.p4(162) Condition "hdr.probe.p1==1 && hdr.probe.p2==1" (node_2) is false
[10:12:27.020] [bmv2] [T] [thread 19531] [20.0] [cxt 0] link_monitor.p4(165) Condition "hdr.probe.p1==2 && hdr.probe.p2==1" (node_4) is false
[10:12:27.020] [bmv2] [T] [thread 19531] [20.0] [cxt 0] link_monitor.p4(168) Condition "hdr.probe.p1==1 && hdr.probe.p2==2" (node_6) is false
[10:12:27.020] [bmv2] [T] [thread 19531] [20.0] [cxt 0] link_monitor.p4(171) Condition "hdr.probe.p1==2 && hdr.probe.p2==2" (node_8) is false
[10:12:27.020] [bmv2] [D] [thread 19531] [20.0] [cxt 0] Pipeline 'ingress': end
[10:12:27.020] [bmv2] [D] [thread 19531] [20.0] [cxt 0] Egress port is 0
[10:12:27.020] [bmv2] [D] [thread 19532] [20.0] [cxt 0] Pipeline 'egress': start
[10:12:27.020] [bmv2] [D] [thread 19532] [20.0] [cxt 0] Pipeline 'egress': end
[10:12:27.020] [bmv2] [D] [thread 19532] [20.0] [cxt 0] Deparser 'deparser': start
[10:12:27.020] [bmv2] [T] [thread 19532] [20.0] [cxt 0] Skipping checksum 'cksum' update because condition not met
[10:12:27.020] [bmv2] [D] [thread 19532] [20.0] [cxt 0] Deparsing header 'ethernet'
[10:12:27.020] [bmv2] [D] [thread 19532] [20.0] [cxt 0] Deparser 'deparser': end
[10:12:27.020] [bmv2] [D] [thread 19536] [20.0] [cxt 0] Transmitting packet of size 90 out of port 0
[10:12:27.075] [bmv2] [D] [thread 19531] [21.0] [cxt 0] Processing packet received on port 3
[10:12:27.075] [bmv2] [D] [thread 19531] [21.0] [cxt 0] Parser 'parser': start
[10:12:27.075] [bmv2] [D] [thread 19531] [21.0] [cxt 0] Parser 'parser' entering state 'start'
[10:12:27.075] [bmv2] [D] [thread 19531] [21.0] [cxt 0] Extracting header 'ethernet'
[10:12:27.075] [bmv2] [D] [thread 19531] [21.0] [cxt 0] Parser state 'start': key is 86dd
[10:12:27.075] [bmv2] [T] [thread 19531] [21.0] [cxt 0] Bytes parsed: 14
[10:12:27.075] [bmv2] [D] [thread 19531] [21.0] [cxt 0] Parser 'parser': end
[10:12:27.075] [bmv2] [D] [thread 19531] [21.0] [cxt 0] Pipeline 'ingress': start
[10:12:27.075] [bmv2] [T] [thread 19531] [21.0] [cxt 0] link_monitor.p4(162) Condition "hdr.probe.p1==1 && hdr.probe.p2==1" (node_2) is false
[10:12:27.075] [bmv2] [T] [thread 19531] [21.0] [cxt 0] link_monitor.p4(165) Condition "hdr.probe.p1==2 && hdr.probe.p2==1" (node_4) is false
[10:12:27.075] [bmv2] [T] [thread 19531] [21.0] [cxt 0] link_monitor.p4(168) Condition "hdr.probe.p1==1 && hdr.probe.p2==2" (node_6) is false
[10:12:27.075] [bmv2] [T] [thread 19531] [21.0] [cxt 0] link_monitor.p4(171) Condition "hdr.probe.p1==2 && hdr.probe.p2==2" (node_8) is false
[10:12:27.075] [bmv2] [D] [thread 19531] [21.0] [cxt 0] Pipeline 'ingress': end
[10:12:27.075] [bmv2] [D] [thread 19531] [21.0] [cxt 0] Egress port is 0
[10:12:27.075] [bmv2] [D] [thread 19532] [21.0] [cxt 0] Pipeline 'egress': start
[10:12:27.075] [bmv2] [D] [thread 19532] [21.0] [cxt 0] Pipeline 'egress': end
[10:12:27.075] [bmv2] [D] [thread 19532] [21.0] [cxt 0] Deparser 'deparser': start
[10:12:27.075] [bmv2] [T] [thread 19532] [21.0] [cxt 0] Skipping checksum 'cksum' update because condition not met
[10:12:27.075] [bmv2] [D] [thread 19532] [21.0] [cxt 0] Deparsing header 'ethernet'
[10:12:27.075] [bmv2] [D] [thread 19532] [21.0] [cxt 0] Deparser 'deparser': end
[10:12:27.075] [bmv2] [D] [thread 19536] [21.0] [cxt 0] Transmitting packet of size 90 out of port 0
[10:12:27.103] [bmv2] [D] [thread 19531] [22.0] [cxt 0] Processing packet received on port 1
[10:12:27.103] [bmv2] [D] [thread 19531] [22.0] [cxt 0] Parser 'parser': start
[10:12:27.103] [bmv2] [D] [thread 19531] [22.0] [cxt 0] Parser 'parser' entering state 'start'
[10:12:27.103] [bmv2] [D] [thread 19531] [22.0] [cxt 0] Extracting header 'ethernet'
[10:12:27.103] [bmv2] [D] [thread 19531] [22.0] [cxt 0] Parser state 'start': key is 86dd
[10:12:27.103] [bmv2] [T] [thread 19531] [22.0] [cxt 0] Bytes parsed: 14
[10:12:27.103] [bmv2] [D] [thread 19531] [22.0] [cxt 0] Parser 'parser': end
[10:12:27.103] [bmv2] [D] [thread 19531] [22.0] [cxt 0] Pipeline 'ingress': start
[10:12:27.104] [bmv2] [T] [thread 19531] [22.0] [cxt 0] link_monitor.p4(162) Condition "hdr.probe.p1==1 && hdr.probe.p2==1" (node_2) is false
[10:12:27.104] [bmv2] [T] [thread 19531] [22.0] [cxt 0] link_monitor.p4(165) Condition "hdr.probe.p1==2 && hdr.probe.p2==1" (node_4) is false
[10:12:27.104] [bmv2] [T] [thread 19531] [22.0] [cxt 0] link_monitor.p4(168) Condition "hdr.probe.p1==1 && hdr.probe.p2==2" (node_6) is false
[10:12:27.104] [bmv2] [T] [thread 19531] [22.0] [cxt 0] link_monitor.p4(171) Condition "hdr.probe.p1==2 && hdr.probe.p2==2" (node_8) is false
[10:12:27.104] [bmv2] [D] [thread 19531] [22.0] [cxt 0] Pipeline 'ingress': end
[10:12:27.104] [bmv2] [D] [thread 19531] [22.0] [cxt 0] Egress port is 0
[10:12:27.104] [bmv2] [D] [thread 19532] [22.0] [cxt 0] Pipeline 'egress': start
[10:12:27.104] [bmv2] [D] [thread 19532] [22.0] [cxt 0] Pipeline 'egress': end
[10:12:27.104] [bmv2] [D] [thread 19532] [22.0] [cxt 0] Deparser 'deparser': start
[10:12:27.104] [bmv2] [T] [thread 19532] [22.0] [cxt 0] Skipping checksum 'cksum' update because condition not met
[10:12:27.104] [bmv2] [D] [thread 19532] [22.0] [cxt 0] Deparsing header 'ethernet'
[10:12:27.104] [bmv2] [D] [thread 19532] [22.0] [cxt 0] Deparser 'deparser': end
[10:12:27.104] [bmv2] [D] [thread 19536] [22.0] [cxt 0] Transmitting packet of size 90 out of port 0
New connection
P4Runtime SetForwardingPipelineConfig
[10:12:29.653] [bmv2] [W] [thread 19674] [P4Runtime] p4::tmp::P4DeviceConfig is deprecated
[10:12:29.655] [bmv2] [D] [thread 19674] Set default default entry for table 'MyIngress.ipv4_lpm1': MyIngress.drop - 
[10:12:29.655] [bmv2] [D] [thread 19674] Set default default entry for table 'MyIngress.ipv4_lpm2': MyIngress.drop - 
[10:12:29.655] [bmv2] [D] [thread 19674] Set default default entry for table 'MyIngress.ipv4_lpm3': MyIngress.drop - 
[10:12:29.655] [bmv2] [D] [thread 19674] Set default default entry for table 'MyIngress.ipv4_lpm4': MyIngress.drop - 
P4Runtime Write
election_id {
  low: 1
}
updates {
  type: MODIFY
  entity {
    table_entry {
      table_id: 33617881
      action {
        action {
          action_id: 16805608
        }
      }
      is_default_action: true
    }
  }
}
[10:12:29.660] [bmv2] [D] [thread 19676] Set default entry for table 'MyIngress.ipv4_lpm1': MyIngress.drop - 
P4Runtime Write
election_id {
  low: 1
}
updates {
  type: INSERT
  entity {
    table_entry {
      table_id: 33617881
      match {
        field_id: 1
        lpm {
          value: "\n\000\001\001"
          prefix_len: 32
        }
      }
      action {
        action {
          action_id: 16799317
          params {
            param_id: 1
            value: "\010\000\000\000\001\021"
          }
          params {
            param_id: 2
            value: "\000\001"
          }
        }
      }
    }
  }
}
[10:12:29.662] [bmv2] [D] [thread 19676] Entry 0 added to table 'MyIngress.ipv4_lpm1'
[10:12:29.662] [bmv2] [D] [thread 19676] Dumping entry 0
Match key:
* hdr.ipv4.dstAddr    : LPM       0a000101/32
Action entry: MyIngress.ipv4_forward - 80000000111,1,

P4Runtime Write
election_id {
  low: 1
}
updates {
  type: INSERT
  entity {
    table_entry {
      table_id: 33617881
      match {
        field_id: 1
        lpm {
          value: "\n\000\002\002"
          prefix_len: 32
        }
      }
      action {
        action {
          action_id: 16799317
          params {
            param_id: 1
            value: "\010\000\000\000\001\000"
          }
          params {
            param_id: 2
            value: "\000\002"
          }
        }
      }
    }
  }
}
[10:12:29.664] [bmv2] [D] [thread 19676] Entry 1 added to table 'MyIngress.ipv4_lpm1'
[10:12:29.664] [bmv2] [D] [thread 19676] Dumping entry 1
Match key:
* hdr.ipv4.dstAddr    : LPM       0a000202/32
Action entry: MyIngress.ipv4_forward - 80000000100,2,

P4Runtime Write
election_id {
  low: 1
}
updates {
  type: MODIFY
  entity {
    table_entry {
      table_id: 33610323
      action {
        action {
          action_id: 16805608
        }
      }
      is_default_action: true
    }
  }
}
[10:12:29.664] [bmv2] [D] [thread 19676] Set default entry for table 'MyIngress.ipv4_lpm2': MyIngress.drop - 
P4Runtime Write
election_id {
  low: 1
}
updates {
  type: INSERT
  entity {
    table_entry {
      table_id: 33610323
      match {
        field_id: 1
        lpm {
          value: "\n\000\001\001"
          prefix_len: 32
        }
      }
      action {
        action {
          action_id: 16799317
          params {
            param_id: 1
            value: "\010\000\000\000\001\021"
          }
          params {
            param_id: 2
            value: "\000\001"
          }
        }
      }
    }
  }
}
[10:12:29.665] [bmv2] [D] [thread 19676] Entry 0 added to table 'MyIngress.ipv4_lpm2'
[10:12:29.665] [bmv2] [D] [thread 19676] Dumping entry 0
Match key:
* hdr.ipv4.dstAddr    : LPM       0a000101/32
Action entry: MyIngress.ipv4_forward - 80000000111,1,

P4Runtime Write
election_id {
  low: 1
}
updates {
  type: INSERT
  entity {
    table_entry {
      table_id: 33610323
      match {
        field_id: 1
        lpm {
          value: "\n\000\002\002"
          prefix_len: 32
        }
      }
      action {
        action {
          action_id: 16799317
          params {
            param_id: 1
            value: "\010\000\000\000\002\000"
          }
          params {
            param_id: 2
            value: "\000\003"
          }
        }
      }
    }
  }
}
[10:12:29.667] [bmv2] [D] [thread 19676] Entry 1 added to table 'MyIngress.ipv4_lpm2'
[10:12:29.667] [bmv2] [D] [thread 19676] Dumping entry 1
Match key:
* hdr.ipv4.dstAddr    : LPM       0a000202/32
Action entry: MyIngress.ipv4_forward - 80000000200,3,

P4Runtime Write
election_id {
  low: 1
}
updates {
  type: MODIFY
  entity {
    table_entry {
      table_id: 33569926
      action {
        action {
          action_id: 16805608
        }
      }
      is_default_action: true
    }
  }
}
[10:12:29.668] [bmv2] [D] [thread 19676] Set default entry for table 'MyIngress.ipv4_lpm3': MyIngress.drop - 
P4Runtime Write
election_id {
  low: 1
}
updates {
  type: INSERT
  entity {
    table_entry {
      table_id: 33569926
      match {
        field_id: 1
        lpm {
          value: "\n\000\001\001"
          prefix_len: 32
        }
      }
      action {
        action {
          action_id: 16799317
          params {
            param_id: 1
            value: "\010\000\000\000\001\021"
          }
          params {
            param_id: 2
            value: "\000\001"
          }
        }
      }
    }
  }
}
[10:12:29.670] [bmv2] [D] [thread 19676] Entry 0 added to table 'MyIngress.ipv4_lpm3'
[10:12:29.670] [bmv2] [D] [thread 19676] Dumping entry 0
Match key:
* hdr.ipv4.dstAddr    : LPM       0a000101/32
Action entry: MyIngress.ipv4_forward - 80000000111,1,

P4Runtime Write
election_id {
  low: 1
}
updates {
  type: INSERT
  entity {
    table_entry {
      table_id: 33569926
      match {
        field_id: 1
        lpm {
          value: "\n\000\002\002"
          prefix_len: 32
        }
      }
      action {
        action {
          action_id: 16799317
          params {
            param_id: 1
            value: "\010\000\000\000\001\000"
          }
          params {
            param_id: 2
            value: "\000\002"
          }
        }
      }
    }
  }
}
[10:12:29.672] [bmv2] [D] [thread 19676] Entry 1 added to table 'MyIngress.ipv4_lpm3'
[10:12:29.672] [bmv2] [D] [thread 19676] Dumping entry 1
Match key:
* hdr.ipv4.dstAddr    : LPM       0a000202/32
Action entry: MyIngress.ipv4_forward - 80000000100,2,

P4Runtime Write
election_id {
  low: 1
}
updates {
  type: MODIFY
  entity {
    table_entry {
      table_id: 33612566
      action {
        action {
          action_id: 16805608
        }
      }
      is_default_action: true
    }
  }
}
[10:12:29.673] [bmv2] [D] [thread 19676] Set default entry for table 'MyIngress.ipv4_lpm4': MyIngress.drop - 
P4Runtime Write
election_id {
  low: 1
}
updates {
  type: INSERT
  entity {
    table_entry {
      table_id: 33612566
      match {
        field_id: 1
        lpm {
          value: "\n\000\001\001"
          prefix_len: 32
        }
      }
      action {
        action {
          action_id: 16799317
          params {
            param_id: 1
            value: "\010\000\000\000\001\021"
          }
          params {
            param_id: 2
            value: "\000\001"
          }
        }
      }
    }
  }
}
[10:12:29.675] [bmv2] [D] [thread 19676] Entry 0 added to table 'MyIngress.ipv4_lpm4'
[10:12:29.675] [bmv2] [D] [thread 19676] Dumping entry 0
Match key:
* hdr.ipv4.dstAddr    : LPM       0a000101/32
Action entry: MyIngress.ipv4_forward - 80000000111,1,

P4Runtime Write
election_id {
  low: 1
}
updates {
  type: INSERT
  entity {
    table_entry {
      table_id: 33612566
      match {
        field_id: 1
        lpm {
          value: "\n\000\002\002"
          prefix_len: 32
        }
      }
      action {
        action {
          action_id: 16799317
          params {
            param_id: 1
            value: "\010\000\000\000\002\000"
          }
          params {
            param_id: 2
            value: "\000\003"
          }
        }
      }
    }
  }
}
[10:12:29.676] [bmv2] [D] [thread 19676] Entry 1 added to table 'MyIngress.ipv4_lpm4'
[10:12:29.676] [bmv2] [D] [thread 19676] Dumping entry 1
Match key:
* hdr.ipv4.dstAddr    : LPM       0a000202/32
Action entry: MyIngress.ipv4_forward - 80000000200,3,

Connection removed
[10:12:30.172] [bmv2] [D] [thread 19531] [23.0] [cxt 0] Processing packet received on port 2
[10:12:30.172] [bmv2] [D] [thread 19531] [23.0] [cxt 0] Parser 'parser': start
[10:12:30.172] [bmv2] [D] [thread 19531] [23.0] [cxt 0] Parser 'parser' entering state 'start'
[10:12:30.172] [bmv2] [D] [thread 19531] [23.0] [cxt 0] Extracting header 'ethernet'
[10:12:30.172] [bmv2] [D] [thread 19531] [23.0] [cxt 0] Parser state 'start': key is 86dd
[10:12:30.172] [bmv2] [T] [thread 19531] [23.0] [cxt 0] Bytes parsed: 14
[10:12:30.172] [bmv2] [D] [thread 19531] [23.0] [cxt 0] Parser 'parser': end
[10:12:30.172] [bmv2] [D] [thread 19531] [23.0] [cxt 0] Pipeline 'ingress': start
[10:12:30.172] [bmv2] [T] [thread 19531] [23.0] [cxt 0] link_monitor.p4(162) Condition "hdr.probe.p1==1 && hdr.probe.p2==1" (node_2) is false
[10:12:30.172] [bmv2] [T] [thread 19531] [23.0] [cxt 0] link_monitor.p4(165) Condition "hdr.probe.p1==2 && hdr.probe.p2==1" (node_4) is false
[10:12:30.172] [bmv2] [T] [thread 19531] [23.0] [cxt 0] link_monitor.p4(168) Condition "hdr.probe.p1==1 && hdr.probe.p2==2" (node_6) is false
[10:12:30.172] [bmv2] [T] [thread 19531] [23.0] [cxt 0] link_monitor.p4(171) Condition "hdr.probe.p1==2 && hdr.probe.p2==2" (node_8) is false
[10:12:30.172] [bmv2] [D] [thread 19531] [23.0] [cxt 0] Pipeline 'ingress': end
[10:12:30.172] [bmv2] [D] [thread 19531] [23.0] [cxt 0] Egress port is 0
[10:12:30.172] [bmv2] [D] [thread 19532] [23.0] [cxt 0] Pipeline 'egress': start
[10:12:30.172] [bmv2] [D] [thread 19532] [23.0] [cxt 0] Pipeline 'egress': end
[10:12:30.172] [bmv2] [D] [thread 19532] [23.0] [cxt 0] Deparser 'deparser': start
[10:12:30.172] [bmv2] [T] [thread 19532] [23.0] [cxt 0] Skipping checksum 'cksum' update because condition not met
[10:12:30.172] [bmv2] [D] [thread 19532] [23.0] [cxt 0] Deparsing header 'ethernet'
[10:12:30.172] [bmv2] [D] [thread 19532] [23.0] [cxt 0] Deparser 'deparser': end
[10:12:30.172] [bmv2] [D] [thread 19536] [23.0] [cxt 0] Transmitting packet of size 70 out of port 0
[10:12:30.340] [bmv2] [D] [thread 19531] [24.0] [cxt 0] Processing packet received on port 2
[10:12:30.340] [bmv2] [D] [thread 19531] [24.0] [cxt 0] Parser 'parser': start
[10:12:30.340] [bmv2] [D] [thread 19531] [24.0] [cxt 0] Parser 'parser' entering state 'start'
[10:12:30.340] [bmv2] [D] [thread 19531] [24.0] [cxt 0] Extracting header 'ethernet'
[10:12:30.340] [bmv2] [D] [thread 19531] [24.0] [cxt 0] Parser state 'start': key is 86dd
[10:12:30.340] [bmv2] [T] [thread 19531] [24.0] [cxt 0] Bytes parsed: 14
[10:12:30.340] [bmv2] [D] [thread 19531] [24.0] [cxt 0] Parser 'parser': end
[10:12:30.341] [bmv2] [D] [thread 19531] [24.0] [cxt 0] Pipeline 'ingress': start
[10:12:30.341] [bmv2] [T] [thread 19531] [24.0] [cxt 0] link_monitor.p4(162) Condition "hdr.probe.p1==1 && hdr.probe.p2==1" (node_2) is false
[10:12:30.341] [bmv2] [T] [thread 19531] [24.0] [cxt 0] link_monitor.p4(165) Condition "hdr.probe.p1==2 && hdr.probe.p2==1" (node_4) is false
[10:12:30.341] [bmv2] [T] [thread 19531] [24.0] [cxt 0] link_monitor.p4(168) Condition "hdr.probe.p1==1 && hdr.probe.p2==2" (node_6) is false
[10:12:30.341] [bmv2] [T] [thread 19531] [24.0] [cxt 0] link_monitor.p4(171) Condition "hdr.probe.p1==2 && hdr.probe.p2==2" (node_8) is false
[10:12:30.341] [bmv2] [D] [thread 19531] [24.0] [cxt 0] Pipeline 'ingress': end
[10:12:30.341] [bmv2] [D] [thread 19531] [24.0] [cxt 0] Egress port is 0
[10:12:30.341] [bmv2] [D] [thread 19532] [24.0] [cxt 0] Pipeline 'egress': start
[10:12:30.341] [bmv2] [D] [thread 19532] [24.0] [cxt 0] Pipeline 'egress': end
[10:12:30.341] [bmv2] [D] [thread 19532] [24.0] [cxt 0] Deparser 'deparser': start
[10:12:30.341] [bmv2] [T] [thread 19532] [24.0] [cxt 0] Skipping checksum 'cksum' update because condition not met
[10:12:30.341] [bmv2] [D] [thread 19532] [24.0] [cxt 0] Deparsing header 'ethernet'
[10:12:30.341] [bmv2] [D] [thread 19532] [24.0] [cxt 0] Deparser 'deparser': end
[10:12:30.341] [bmv2] [D] [thread 19536] [24.0] [cxt 0] Transmitting packet of size 70 out of port 0
[10:12:30.507] [bmv2] [D] [thread 19531] [25.0] [cxt 0] Processing packet received on port 1
[10:12:30.507] [bmv2] [D] [thread 19531] [25.0] [cxt 0] Parser 'parser': start
[10:12:30.507] [bmv2] [D] [thread 19531] [25.0] [cxt 0] Parser 'parser' entering state 'start'
[10:12:30.507] [bmv2] [D] [thread 19531] [25.0] [cxt 0] Extracting header 'ethernet'
[10:12:30.507] [bmv2] [D] [thread 19531] [25.0] [cxt 0] Parser state 'start': key is 86dd
[10:12:30.507] [bmv2] [T] [thread 19531] [25.0] [cxt 0] Bytes parsed: 14
[10:12:30.507] [bmv2] [D] [thread 19531] [25.0] [cxt 0] Parser 'parser': end
[10:12:30.507] [bmv2] [D] [thread 19531] [25.0] [cxt 0] Pipeline 'ingress': start
[10:12:30.507] [bmv2] [T] [thread 19531] [25.0] [cxt 0] link_monitor.p4(162) Condition "hdr.probe.p1==1 && hdr.probe.p2==1" (node_2) is false
[10:12:30.507] [bmv2] [T] [thread 19531] [25.0] [cxt 0] link_monitor.p4(165) Condition "hdr.probe.p1==2 && hdr.probe.p2==1" (node_4) is false
[10:12:30.507] [bmv2] [T] [thread 19531] [25.0] [cxt 0] link_monitor.p4(168) Condition "hdr.probe.p1==1 && hdr.probe.p2==2" (node_6) is false
[10:12:30.507] [bmv2] [T] [thread 19531] [25.0] [cxt 0] link_monitor.p4(171) Condition "hdr.probe.p1==2 && hdr.probe.p2==2" (node_8) is false
[10:12:30.507] [bmv2] [D] [thread 19531] [25.0] [cxt 0] Pipeline 'ingress': end
[10:12:30.507] [bmv2] [D] [thread 19531] [25.0] [cxt 0] Egress port is 0
[10:12:30.507] [bmv2] [D] [thread 19532] [25.0] [cxt 0] Pipeline 'egress': start
[10:12:30.507] [bmv2] [D] [thread 19532] [25.0] [cxt 0] Pipeline 'egress': end
[10:12:30.507] [bmv2] [D] [thread 19532] [25.0] [cxt 0] Deparser 'deparser': start
[10:12:30.507] [bmv2] [T] [thread 19532] [25.0] [cxt 0] Skipping checksum 'cksum' update because condition not met
[10:12:30.507] [bmv2] [D] [thread 19532] [25.0] [cxt 0] Deparsing header 'ethernet'
[10:12:30.507] [bmv2] [D] [thread 19532] [25.0] [cxt 0] Deparser 'deparser': end
[10:12:30.507] [bmv2] [D] [thread 19536] [25.0] [cxt 0] Transmitting packet of size 70 out of port 0
[10:12:30.699] [bmv2] [D] [thread 19531] [26.0] [cxt 0] Processing packet received on port 3
[10:12:30.699] [bmv2] [D] [thread 19531] [26.0] [cxt 0] Parser 'parser': start
[10:12:30.699] [bmv2] [D] [thread 19531] [26.0] [cxt 0] Parser 'parser' entering state 'start'
[10:12:30.699] [bmv2] [D] [thread 19531] [26.0] [cxt 0] Extracting header 'ethernet'
[10:12:30.699] [bmv2] [D] [thread 19531] [26.0] [cxt 0] Parser state 'start': key is 86dd
[10:12:30.699] [bmv2] [T] [thread 19531] [26.0] [cxt 0] Bytes parsed: 14
[10:12:30.699] [bmv2] [D] [thread 19531] [26.0] [cxt 0] Parser 'parser': end
[10:12:30.699] [bmv2] [D] [thread 19531] [26.0] [cxt 0] Pipeline 'ingress': start
[10:12:30.699] [bmv2] [T] [thread 19531] [26.0] [cxt 0] link_monitor.p4(162) Condition "hdr.probe.p1==1 && hdr.probe.p2==1" (node_2) is false
[10:12:30.699] [bmv2] [T] [thread 19531] [26.0] [cxt 0] link_monitor.p4(165) Condition "hdr.probe.p1==2 && hdr.probe.p2==1" (node_4) is false
[10:12:30.699] [bmv2] [T] [thread 19531] [26.0] [cxt 0] link_monitor.p4(168) Condition "hdr.probe.p1==1 && hdr.probe.p2==2" (node_6) is false
[10:12:30.699] [bmv2] [T] [thread 19531] [26.0] [cxt 0] link_monitor.p4(171) Condition "hdr.probe.p1==2 && hdr.probe.p2==2" (node_8) is false
[10:12:30.699] [bmv2] [D] [thread 19531] [26.0] [cxt 0] Pipeline 'ingress': end
[10:12:30.699] [bmv2] [D] [thread 19531] [26.0] [cxt 0] Egress port is 0
[10:12:30.699] [bmv2] [D] [thread 19532] [26.0] [cxt 0] Pipeline 'egress': start
[10:12:30.699] [bmv2] [D] [thread 19532] [26.0] [cxt 0] Pipeline 'egress': end
[10:12:30.699] [bmv2] [D] [thread 19532] [26.0] [cxt 0] Deparser 'deparser': start
[10:12:30.699] [bmv2] [T] [thread 19532] [26.0] [cxt 0] Skipping checksum 'cksum' update because condition not met
[10:12:30.699] [bmv2] [D] [thread 19532] [26.0] [cxt 0] Deparsing header 'ethernet'
[10:12:30.699] [bmv2] [D] [thread 19532] [26.0] [cxt 0] Deparser 'deparser': end
[10:12:30.699] [bmv2] [D] [thread 19536] [26.0] [cxt 0] Transmitting packet of size 70 out of port 0
[10:12:30.971] [bmv2] [D] [thread 19531] [27.0] [cxt 0] Processing packet received on port 3
[10:12:30.971] [bmv2] [D] [thread 19531] [27.0] [cxt 0] Parser 'parser': start
[10:12:30.971] [bmv2] [D] [thread 19531] [27.0] [cxt 0] Parser 'parser' entering state 'start'
[10:12:30.971] [bmv2] [D] [thread 19531] [27.0] [cxt 0] Extracting header 'ethernet'
[10:12:30.971] [bmv2] [D] [thread 19531] [27.0] [cxt 0] Parser state 'start': key is 86dd
[10:12:30.971] [bmv2] [T] [thread 19531] [27.0] [cxt 0] Bytes parsed: 14
[10:12:30.971] [bmv2] [D] [thread 19531] [27.0] [cxt 0] Parser 'parser': end
[10:12:30.971] [bmv2] [D] [thread 19531] [27.0] [cxt 0] Pipeline 'ingress': start
[10:12:30.971] [bmv2] [T] [thread 19531] [27.0] [cxt 0] link_monitor.p4(162) Condition "hdr.probe.p1==1 && hdr.probe.p2==1" (node_2) is false
[10:12:30.971] [bmv2] [T] [thread 19531] [27.0] [cxt 0] link_monitor.p4(165) Condition "hdr.probe.p1==2 && hdr.probe.p2==1" (node_4) is false
[10:12:30.971] [bmv2] [T] [thread 19531] [27.0] [cxt 0] link_monitor.p4(168) Condition "hdr.probe.p1==1 && hdr.probe.p2==2" (node_6) is false
[10:12:30.971] [bmv2] [T] [thread 19531] [27.0] [cxt 0] link_monitor.p4(171) Condition "hdr.probe.p1==2 && hdr.probe.p2==2" (node_8) is false
[10:12:30.971] [bmv2] [D] [thread 19531] [27.0] [cxt 0] Pipeline 'ingress': end
[10:12:30.971] [bmv2] [D] [thread 19531] [27.0] [cxt 0] Egress port is 0
[10:12:30.971] [bmv2] [D] [thread 19532] [27.0] [cxt 0] Pipeline 'egress': start
[10:12:30.971] [bmv2] [D] [thread 19532] [27.0] [cxt 0] Pipeline 'egress': end
[10:12:30.971] [bmv2] [D] [thread 19532] [27.0] [cxt 0] Deparser 'deparser': start
[10:12:30.971] [bmv2] [T] [thread 19532] [27.0] [cxt 0] Skipping checksum 'cksum' update because condition not met
[10:12:30.971] [bmv2] [D] [thread 19532] [27.0] [cxt 0] Deparsing header 'ethernet'
[10:12:30.971] [bmv2] [D] [thread 19532] [27.0] [cxt 0] Deparser 'deparser': end
[10:12:30.971] [bmv2] [D] [thread 19536] [27.0] [cxt 0] Transmitting packet of size 70 out of port 0
[10:12:34.179] [bmv2] [D] [thread 19531] [28.0] [cxt 0] Processing packet received on port 2
[10:12:34.179] [bmv2] [D] [thread 19531] [28.0] [cxt 0] Parser 'parser': start
[10:12:34.179] [bmv2] [D] [thread 19531] [28.0] [cxt 0] Parser 'parser' entering state 'start'
[10:12:34.179] [bmv2] [D] [thread 19531] [28.0] [cxt 0] Extracting header 'ethernet'
[10:12:34.179] [bmv2] [D] [thread 19531] [28.0] [cxt 0] Parser state 'start': key is 86dd
[10:12:34.179] [bmv2] [T] [thread 19531] [28.0] [cxt 0] Bytes parsed: 14
[10:12:34.179] [bmv2] [D] [thread 19531] [28.0] [cxt 0] Parser 'parser': end
[10:12:34.179] [bmv2] [D] [thread 19531] [28.0] [cxt 0] Pipeline 'ingress': start
[10:12:34.179] [bmv2] [T] [thread 19531] [28.0] [cxt 0] link_monitor.p4(162) Condition "hdr.probe.p1==1 && hdr.probe.p2==1" (node_2) is false
[10:12:34.179] [bmv2] [T] [thread 19531] [28.0] [cxt 0] link_monitor.p4(165) Condition "hdr.probe.p1==2 && hdr.probe.p2==1" (node_4) is false
[10:12:34.179] [bmv2] [T] [thread 19531] [28.0] [cxt 0] link_monitor.p4(168) Condition "hdr.probe.p1==1 && hdr.probe.p2==2" (node_6) is false
[10:12:34.179] [bmv2] [T] [thread 19531] [28.0] [cxt 0] link_monitor.p4(171) Condition "hdr.probe.p1==2 && hdr.probe.p2==2" (node_8) is false
[10:12:34.179] [bmv2] [D] [thread 19531] [28.0] [cxt 0] Pipeline 'ingress': end
[10:12:34.179] [bmv2] [D] [thread 19531] [28.0] [cxt 0] Egress port is 0
[10:12:34.179] [bmv2] [D] [thread 19532] [28.0] [cxt 0] Pipeline 'egress': start
[10:12:34.179] [bmv2] [D] [thread 19532] [28.0] [cxt 0] Pipeline 'egress': end
[10:12:34.179] [bmv2] [D] [thread 19532] [28.0] [cxt 0] Deparser 'deparser': start
[10:12:34.179] [bmv2] [T] [thread 19532] [28.0] [cxt 0] Skipping checksum 'cksum' update because condition not met
[10:12:34.179] [bmv2] [D] [thread 19532] [28.0] [cxt 0] Deparsing header 'ethernet'
[10:12:34.179] [bmv2] [D] [thread 19532] [28.0] [cxt 0] Deparser 'deparser': end
[10:12:34.179] [bmv2] [D] [thread 19536] [28.0] [cxt 0] Transmitting packet of size 70 out of port 0
[10:12:34.347] [bmv2] [D] [thread 19531] [29.0] [cxt 0] Processing packet received on port 2
[10:12:34.347] [bmv2] [D] [thread 19531] [29.0] [cxt 0] Parser 'parser': start
[10:12:34.347] [bmv2] [D] [thread 19531] [29.0] [cxt 0] Parser 'parser' entering state 'start'
[10:12:34.348] [bmv2] [D] [thread 19531] [29.0] [cxt 0] Extracting header 'ethernet'
[10:12:34.348] [bmv2] [D] [thread 19531] [29.0] [cxt 0] Parser state 'start': key is 86dd
[10:12:34.348] [bmv2] [T] [thread 19531] [29.0] [cxt 0] Bytes parsed: 14
[10:12:34.348] [bmv2] [D] [thread 19531] [29.0] [cxt 0] Parser 'parser': end
[10:12:34.348] [bmv2] [D] [thread 19531] [29.0] [cxt 0] Pipeline 'ingress': start
[10:12:34.348] [bmv2] [T] [thread 19531] [29.0] [cxt 0] link_monitor.p4(162) Condition "hdr.probe.p1==1 && hdr.probe.p2==1" (node_2) is false
[10:12:34.348] [bmv2] [T] [thread 19531] [29.0] [cxt 0] link_monitor.p4(165) Condition "hdr.probe.p1==2 && hdr.probe.p2==1" (node_4) is false
[10:12:34.348] [bmv2] [T] [thread 19531] [29.0] [cxt 0] link_monitor.p4(168) Condition "hdr.probe.p1==1 && hdr.probe.p2==2" (node_6) is false
[10:12:34.348] [bmv2] [T] [thread 19531] [29.0] [cxt 0] link_monitor.p4(171) Condition "hdr.probe.p1==2 && hdr.probe.p2==2" (node_8) is false
[10:12:34.348] [bmv2] [D] [thread 19531] [29.0] [cxt 0] Pipeline 'ingress': end
[10:12:34.348] [bmv2] [D] [thread 19531] [29.0] [cxt 0] Egress port is 0
[10:12:34.348] [bmv2] [D] [thread 19532] [29.0] [cxt 0] Pipeline 'egress': start
[10:12:34.348] [bmv2] [D] [thread 19532] [29.0] [cxt 0] Pipeline 'egress': end
[10:12:34.348] [bmv2] [D] [thread 19532] [29.0] [cxt 0] Deparser 'deparser': start
[10:12:34.348] [bmv2] [T] [thread 19532] [29.0] [cxt 0] Skipping checksum 'cksum' update because condition not met
[10:12:34.348] [bmv2] [D] [thread 19532] [29.0] [cxt 0] Deparsing header 'ethernet'
[10:12:34.348] [bmv2] [D] [thread 19532] [29.0] [cxt 0] Deparser 'deparser': end
[10:12:34.348] [bmv2] [D] [thread 19536] [29.0] [cxt 0] Transmitting packet of size 70 out of port 0
[10:12:34.515] [bmv2] [D] [thread 19531] [30.0] [cxt 0] Processing packet received on port 1
[10:12:34.515] [bmv2] [D] [thread 19531] [30.0] [cxt 0] Parser 'parser': start
[10:12:34.515] [bmv2] [D] [thread 19531] [30.0] [cxt 0] Parser 'parser' entering state 'start'
[10:12:34.515] [bmv2] [D] [thread 19531] [30.0] [cxt 0] Extracting header 'ethernet'
[10:12:34.515] [bmv2] [D] [thread 19531] [30.0] [cxt 0] Parser state 'start': key is 86dd
[10:12:34.515] [bmv2] [T] [thread 19531] [30.0] [cxt 0] Bytes parsed: 14
[10:12:34.515] [bmv2] [D] [thread 19531] [30.0] [cxt 0] Parser 'parser': end
[10:12:34.515] [bmv2] [D] [thread 19531] [30.0] [cxt 0] Pipeline 'ingress': start
[10:12:34.515] [bmv2] [T] [thread 19531] [30.0] [cxt 0] link_monitor.p4(162) Condition "hdr.probe.p1==1 && hdr.probe.p2==1" (node_2) is false
[10:12:34.515] [bmv2] [T] [thread 19531] [30.0] [cxt 0] link_monitor.p4(165) Condition "hdr.probe.p1==2 && hdr.probe.p2==1" (node_4) is false
[10:12:34.515] [bmv2] [T] [thread 19531] [30.0] [cxt 0] link_monitor.p4(168) Condition "hdr.probe.p1==1 && hdr.probe.p2==2" (node_6) is false
[10:12:34.515] [bmv2] [T] [thread 19531] [30.0] [cxt 0] link_monitor.p4(171) Condition "hdr.probe.p1==2 && hdr.probe.p2==2" (node_8) is false
[10:12:34.515] [bmv2] [D] [thread 19531] [30.0] [cxt 0] Pipeline 'ingress': end
[10:12:34.515] [bmv2] [D] [thread 19531] [30.0] [cxt 0] Egress port is 0
[10:12:34.515] [bmv2] [D] [thread 19532] [30.0] [cxt 0] Pipeline 'egress': start
[10:12:34.515] [bmv2] [D] [thread 19532] [30.0] [cxt 0] Pipeline 'egress': end
[10:12:34.515] [bmv2] [D] [thread 19532] [30.0] [cxt 0] Deparser 'deparser': start
[10:12:34.515] [bmv2] [T] [thread 19532] [30.0] [cxt 0] Skipping checksum 'cksum' update because condition not met
[10:12:34.515] [bmv2] [D] [thread 19532] [30.0] [cxt 0] Deparsing header 'ethernet'
[10:12:34.515] [bmv2] [D] [thread 19532] [30.0] [cxt 0] Deparser 'deparser': end
[10:12:34.515] [bmv2] [D] [thread 19536] [30.0] [cxt 0] Transmitting packet of size 70 out of port 0
[10:12:34.712] [bmv2] [D] [thread 19531] [31.0] [cxt 0] Processing packet received on port 3
[10:12:34.712] [bmv2] [D] [thread 19531] [31.0] [cxt 0] Parser 'parser': start
[10:12:34.712] [bmv2] [D] [thread 19531] [31.0] [cxt 0] Parser 'parser' entering state 'start'
[10:12:34.712] [bmv2] [D] [thread 19531] [31.0] [cxt 0] Extracting header 'ethernet'
[10:12:34.712] [bmv2] [D] [thread 19531] [31.0] [cxt 0] Parser state 'start': key is 86dd
[10:12:34.713] [bmv2] [T] [thread 19531] [31.0] [cxt 0] Bytes parsed: 14
[10:12:34.713] [bmv2] [D] [thread 19531] [31.0] [cxt 0] Parser 'parser': end
[10:12:34.713] [bmv2] [D] [thread 19531] [31.0] [cxt 0] Pipeline 'ingress': start
[10:12:34.713] [bmv2] [T] [thread 19531] [31.0] [cxt 0] link_monitor.p4(162) Condition "hdr.probe.p1==1 && hdr.probe.p2==1" (node_2) is false
[10:12:34.713] [bmv2] [T] [thread 19531] [31.0] [cxt 0] link_monitor.p4(165) Condition "hdr.probe.p1==2 && hdr.probe.p2==1" (node_4) is false
[10:12:34.713] [bmv2] [T] [thread 19531] [31.0] [cxt 0] link_monitor.p4(168) Condition "hdr.probe.p1==1 && hdr.probe.p2==2" (node_6) is false
[10:12:34.713] [bmv2] [T] [thread 19531] [31.0] [cxt 0] link_monitor.p4(171) Condition "hdr.probe.p1==2 && hdr.probe.p2==2" (node_8) is false
[10:12:34.713] [bmv2] [D] [thread 19531] [31.0] [cxt 0] Pipeline 'ingress': end
[10:12:34.713] [bmv2] [D] [thread 19531] [31.0] [cxt 0] Egress port is 0
[10:12:34.713] [bmv2] [D] [thread 19532] [31.0] [cxt 0] Pipeline 'egress': start
[10:12:34.713] [bmv2] [D] [thread 19532] [31.0] [cxt 0] Pipeline 'egress': end
[10:12:34.713] [bmv2] [D] [thread 19532] [31.0] [cxt 0] Deparser 'deparser': start
[10:12:34.713] [bmv2] [T] [thread 19532] [31.0] [cxt 0] Skipping checksum 'cksum' update because condition not met
[10:12:34.713] [bmv2] [D] [thread 19532] [31.0] [cxt 0] Deparsing header 'ethernet'
[10:12:34.713] [bmv2] [D] [thread 19532] [31.0] [cxt 0] Deparser 'deparser': end
[10:12:34.713] [bmv2] [D] [thread 19536] [31.0] [cxt 0] Transmitting packet of size 70 out of port 0
[10:12:34.979] [bmv2] [D] [thread 19531] [32.0] [cxt 0] Processing packet received on port 3
[10:12:34.979] [bmv2] [D] [thread 19531] [32.0] [cxt 0] Parser 'parser': start
[10:12:34.979] [bmv2] [D] [thread 19531] [32.0] [cxt 0] Parser 'parser' entering state 'start'
[10:12:34.979] [bmv2] [D] [thread 19531] [32.0] [cxt 0] Extracting header 'ethernet'
[10:12:34.979] [bmv2] [D] [thread 19531] [32.0] [cxt 0] Parser state 'start': key is 86dd
[10:12:34.979] [bmv2] [T] [thread 19531] [32.0] [cxt 0] Bytes parsed: 14
[10:12:34.979] [bmv2] [D] [thread 19531] [32.0] [cxt 0] Parser 'parser': end
[10:12:34.979] [bmv2] [D] [thread 19531] [32.0] [cxt 0] Pipeline 'ingress': start
[10:12:34.979] [bmv2] [T] [thread 19531] [32.0] [cxt 0] link_monitor.p4(162) Condition "hdr.probe.p1==1 && hdr.probe.p2==1" (node_2) is false
[10:12:34.979] [bmv2] [T] [thread 19531] [32.0] [cxt 0] link_monitor.p4(165) Condition "hdr.probe.p1==2 && hdr.probe.p2==1" (node_4) is false
[10:12:34.979] [bmv2] [T] [thread 19531] [32.0] [cxt 0] link_monitor.p4(168) Condition "hdr.probe.p1==1 && hdr.probe.p2==2" (node_6) is false
[10:12:34.979] [bmv2] [T] [thread 19531] [32.0] [cxt 0] link_monitor.p4(171) Condition "hdr.probe.p1==2 && hdr.probe.p2==2" (node_8) is false
[10:12:34.979] [bmv2] [D] [thread 19531] [32.0] [cxt 0] Pipeline 'ingress': end
[10:12:34.979] [bmv2] [D] [thread 19531] [32.0] [cxt 0] Egress port is 0
[10:12:34.980] [bmv2] [D] [thread 19532] [32.0] [cxt 0] Pipeline 'egress': start
[10:12:34.980] [bmv2] [D] [thread 19532] [32.0] [cxt 0] Pipeline 'egress': end
[10:12:34.980] [bmv2] [D] [thread 19532] [32.0] [cxt 0] Deparser 'deparser': start
[10:12:34.980] [bmv2] [T] [thread 19532] [32.0] [cxt 0] Skipping checksum 'cksum' update because condition not met
[10:12:34.980] [bmv2] [D] [thread 19532] [32.0] [cxt 0] Deparsing header 'ethernet'
[10:12:34.980] [bmv2] [D] [thread 19532] [32.0] [cxt 0] Deparser 'deparser': end
[10:12:34.980] [bmv2] [D] [thread 19536] [32.0] [cxt 0] Transmitting packet of size 70 out of port 0
[10:12:54.352] [bmv2] [D] [thread 19531] [33.0] [cxt 0] Processing packet received on port 1
[10:12:54.352] [bmv2] [D] [thread 19531] [33.0] [cxt 0] Parser 'parser': start
[10:12:54.352] [bmv2] [D] [thread 19531] [33.0] [cxt 0] Parser 'parser' entering state 'start'
[10:12:54.352] [bmv2] [D] [thread 19531] [33.0] [cxt 0] Extracting header 'ethernet'
[10:12:54.352] [bmv2] [D] [thread 19531] [33.0] [cxt 0] Parser state 'start': key is 0800
[10:12:54.352] [bmv2] [T] [thread 19531] [33.0] [cxt 0] Bytes parsed: 14
[10:12:54.352] [bmv2] [D] [thread 19531] [33.0] [cxt 0] Parser 'parser' entering state 'parse_ipv4'
[10:12:54.352] [bmv2] [D] [thread 19531] [33.0] [cxt 0] Extracting header 'ipv4'
[10:12:54.352] [bmv2] [D] [thread 19531] [33.0] [cxt 0] Parser state 'parse_ipv4': key is a0
[10:12:54.352] [bmv2] [T] [thread 19531] [33.0] [cxt 0] Bytes parsed: 34
[10:12:54.352] [bmv2] [D] [thread 19531] [33.0] [cxt 0] Parser 'parser' entering state 'parse_probe'
[10:12:54.352] [bmv2] [D] [thread 19531] [33.0] [cxt 0] Extracting header 'probe'
[10:12:54.352] [bmv2] [D] [thread 19531] [33.0] [cxt 0] Parser state 'parse_probe' has no switch, going to default next state
[10:12:54.352] [bmv2] [T] [thread 19531] [33.0] [cxt 0] Bytes parsed: 38
[10:12:54.352] [bmv2] [D] [thread 19531] [33.0] [cxt 0] Parser 'parser': end
[10:12:54.352] [bmv2] [D] [thread 19531] [33.0] [cxt 0] Pipeline 'ingress': start
[10:12:54.352] [bmv2] [T] [thread 19531] [33.0] [cxt 0] link_monitor.p4(162) Condition "hdr.probe.p1==1 && hdr.probe.p2==1" (node_2) is true
[10:12:54.352] [bmv2] [T] [thread 19531] [33.0] [cxt 0] Applying table 'MyIngress.ipv4_lpm1'
[10:12:54.352] [bmv2] [D] [thread 19531] [33.0] [cxt 0] Looking up key:
* hdr.ipv4.dstAddr    : 0a000202

[10:12:54.352] [bmv2] [D] [thread 19531] [33.0] [cxt 0] Table 'MyIngress.ipv4_lpm1': hit with handle 1
[10:12:54.352] [bmv2] [D] [thread 19531] [33.0] [cxt 0] Dumping entry 1
Match key:
* hdr.ipv4.dstAddr    : LPM       0a000202/32
Action entry: MyIngress.ipv4_forward - 80000000100,2,

[10:12:54.352] [bmv2] [D] [thread 19531] [33.0] [cxt 0] Action entry is MyIngress.ipv4_forward - 80000000100,2,
[10:12:54.352] [bmv2] [T] [thread 19531] [33.0] [cxt 0] Action MyIngress.ipv4_forward
[10:12:54.352] [bmv2] [T] [thread 19531] [33.0] [cxt 0] link_monitor.p4(106) Primitive standard_metadata.egress_spec = port
[10:12:54.352] [bmv2] [T] [thread 19531] [33.0] [cxt 0] link_monitor.p4(107) Primitive hdr.ethernet.srcAddr = hdr.ethernet.dstAddr
[10:12:54.352] [bmv2] [T] [thread 19531] [33.0] [cxt 0] link_monitor.p4(108) Primitive hdr.ethernet.dstAddr = dstAddr
[10:12:54.352] [bmv2] [T] [thread 19531] [33.0] [cxt 0] link_monitor.p4(109) Primitive hdr.ipv4.ttl = hdr.ipv4.ttl - 1
[10:12:54.352] [bmv2] [D] [thread 19531] [33.0] [cxt 0] Pipeline 'ingress': end
[10:12:54.352] [bmv2] [D] [thread 19531] [33.0] [cxt 0] Egress port is 2
[10:12:54.352] [bmv2] [D] [thread 19534] [33.0] [cxt 0] Pipeline 'egress': start
[10:12:54.352] [bmv2] [D] [thread 19534] [33.0] [cxt 0] Pipeline 'egress': end
[10:12:54.352] [bmv2] [D] [thread 19534] [33.0] [cxt 0] Deparser 'deparser': start
[10:12:54.352] [bmv2] [D] [thread 19534] [33.0] [cxt 0] Updating checksum 'cksum'
[10:12:54.352] [bmv2] [D] [thread 19534] [33.0] [cxt 0] Deparsing header 'ethernet'
[10:12:54.352] [bmv2] [D] [thread 19534] [33.0] [cxt 0] Deparsing header 'ipv4'
[10:12:54.352] [bmv2] [D] [thread 19534] [33.0] [cxt 0] Deparsing header 'probe'
[10:12:54.352] [bmv2] [D] [thread 19534] [33.0] [cxt 0] Deparser 'deparser': end
[10:12:54.352] [bmv2] [D] [thread 19536] [33.0] [cxt 0] Transmitting packet of size 40 out of port 2
[10:12:54.356] [bmv2] [D] [thread 19531] [34.0] [cxt 0] Processing packet received on port 2
[10:12:54.356] [bmv2] [D] [thread 19531] [34.0] [cxt 0] Parser 'parser': start
[10:12:54.356] [bmv2] [D] [thread 19531] [34.0] [cxt 0] Parser 'parser' entering state 'start'
[10:12:54.356] [bmv2] [D] [thread 19531] [34.0] [cxt 0] Extracting header 'ethernet'
[10:12:54.356] [bmv2] [D] [thread 19531] [34.0] [cxt 0] Parser state 'start': key is 0800
[10:12:54.356] [bmv2] [T] [thread 19531] [34.0] [cxt 0] Bytes parsed: 14
[10:12:54.356] [bmv2] [D] [thread 19531] [34.0] [cxt 0] Parser 'parser' entering state 'parse_ipv4'
[10:12:54.356] [bmv2] [D] [thread 19531] [34.0] [cxt 0] Extracting header 'ipv4'
[10:12:54.356] [bmv2] [D] [thread 19531] [34.0] [cxt 0] Parser state 'parse_ipv4': key is 01
[10:12:54.356] [bmv2] [T] [thread 19531] [34.0] [cxt 0] Bytes parsed: 34
[10:12:54.356] [bmv2] [D] [thread 19531] [34.0] [cxt 0] Parser 'parser': end
[10:12:54.356] [bmv2] [D] [thread 19531] [34.0] [cxt 0] Pipeline 'ingress': start
[10:12:54.356] [bmv2] [T] [thread 19531] [34.0] [cxt 0] link_monitor.p4(162) Condition "hdr.probe.p1==1 && hdr.probe.p2==1" (node_2) is true
[10:12:54.356] [bmv2] [T] [thread 19531] [34.0] [cxt 0] Applying table 'MyIngress.ipv4_lpm1'
[10:12:54.357] [bmv2] [D] [thread 19531] [34.0] [cxt 0] Looking up key:
* hdr.ipv4.dstAddr    : 0a000101

[10:12:54.357] [bmv2] [D] [thread 19531] [34.0] [cxt 0] Table 'MyIngress.ipv4_lpm1': hit with handle 0
[10:12:54.357] [bmv2] [D] [thread 19531] [34.0] [cxt 0] Dumping entry 0
Match key:
* hdr.ipv4.dstAddr    : LPM       0a000101/32
Action entry: MyIngress.ipv4_forward - 80000000111,1,

[10:12:54.357] [bmv2] [D] [thread 19531] [34.0] [cxt 0] Action entry is MyIngress.ipv4_forward - 80000000111,1,
[10:12:54.357] [bmv2] [T] [thread 19531] [34.0] [cxt 0] Action MyIngress.ipv4_forward
[10:12:54.357] [bmv2] [T] [thread 19531] [34.0] [cxt 0] link_monitor.p4(106) Primitive standard_metadata.egress_spec = port
[10:12:54.357] [bmv2] [T] [thread 19531] [34.0] [cxt 0] link_monitor.p4(107) Primitive hdr.ethernet.srcAddr = hdr.ethernet.dstAddr
[10:12:54.357] [bmv2] [T] [thread 19531] [34.0] [cxt 0] link_monitor.p4(108) Primitive hdr.ethernet.dstAddr = dstAddr
[10:12:54.357] [bmv2] [T] [thread 19531] [34.0] [cxt 0] link_monitor.p4(109) Primitive hdr.ipv4.ttl = hdr.ipv4.ttl - 1
[10:12:54.357] [bmv2] [D] [thread 19531] [34.0] [cxt 0] Pipeline 'ingress': end
[10:12:54.357] [bmv2] [D] [thread 19531] [34.0] [cxt 0] Egress port is 1
[10:12:54.357] [bmv2] [D] [thread 19533] [34.0] [cxt 0] Pipeline 'egress': start
[10:12:54.357] [bmv2] [D] [thread 19533] [34.0] [cxt 0] Pipeline 'egress': end
[10:12:54.357] [bmv2] [D] [thread 19533] [34.0] [cxt 0] Deparser 'deparser': start
[10:12:54.357] [bmv2] [D] [thread 19533] [34.0] [cxt 0] Updating checksum 'cksum'
[10:12:54.357] [bmv2] [D] [thread 19533] [34.0] [cxt 0] Deparsing header 'ethernet'
[10:12:54.357] [bmv2] [D] [thread 19533] [34.0] [cxt 0] Deparsing header 'ipv4'
[10:12:54.357] [bmv2] [D] [thread 19533] [34.0] [cxt 0] Deparser 'deparser': end
[10:12:54.357] [bmv2] [D] [thread 19536] [34.0] [cxt 0] Transmitting packet of size 68 out of port 1
[10:14:53.960] [bmv2] [D] [thread 19531] [35.0] [cxt 0] Processing packet received on port 1
[10:14:53.960] [bmv2] [D] [thread 19531] [35.0] [cxt 0] Parser 'parser': start
[10:14:53.960] [bmv2] [D] [thread 19531] [35.0] [cxt 0] Parser 'parser' entering state 'start'
[10:14:53.960] [bmv2] [D] [thread 19531] [35.0] [cxt 0] Extracting header 'ethernet'
[10:14:53.960] [bmv2] [D] [thread 19531] [35.0] [cxt 0] Parser state 'start': key is 0800
[10:14:53.960] [bmv2] [T] [thread 19531] [35.0] [cxt 0] Bytes parsed: 14
[10:14:53.960] [bmv2] [D] [thread 19531] [35.0] [cxt 0] Parser 'parser' entering state 'parse_ipv4'
[10:14:53.960] [bmv2] [D] [thread 19531] [35.0] [cxt 0] Extracting header 'ipv4'
[10:14:53.960] [bmv2] [D] [thread 19531] [35.0] [cxt 0] Parser state 'parse_ipv4': key is a0
[10:14:53.960] [bmv2] [T] [thread 19531] [35.0] [cxt 0] Bytes parsed: 34
[10:14:53.960] [bmv2] [D] [thread 19531] [35.0] [cxt 0] Parser 'parser' entering state 'parse_probe'
[10:14:53.960] [bmv2] [D] [thread 19531] [35.0] [cxt 0] Extracting header 'probe'
[10:14:53.960] [bmv2] [D] [thread 19531] [35.0] [cxt 0] Parser state 'parse_probe' has no switch, going to default next state
[10:14:53.960] [bmv2] [T] [thread 19531] [35.0] [cxt 0] Bytes parsed: 38
[10:14:53.960] [bmv2] [D] [thread 19531] [35.0] [cxt 0] Parser 'parser': end
[10:14:53.960] [bmv2] [D] [thread 19531] [35.0] [cxt 0] Pipeline 'ingress': start
[10:14:53.960] [bmv2] [T] [thread 19531] [35.0] [cxt 0] link_monitor.p4(162) Condition "hdr.probe.p1==1 && hdr.probe.p2==1" (node_2) is false
[10:14:53.960] [bmv2] [T] [thread 19531] [35.0] [cxt 0] link_monitor.p4(165) Condition "hdr.probe.p1==2 && hdr.probe.p2==1" (node_4) is false
[10:14:53.960] [bmv2] [T] [thread 19531] [35.0] [cxt 0] link_monitor.p4(168) Condition "hdr.probe.p1==1 && hdr.probe.p2==2" (node_6) is true
[10:14:53.960] [bmv2] [T] [thread 19531] [35.0] [cxt 0] Applying table 'MyIngress.ipv4_lpm3'
[10:14:53.960] [bmv2] [D] [thread 19531] [35.0] [cxt 0] Looking up key:
* hdr.ipv4.dstAddr    : 0a000202

[10:14:53.960] [bmv2] [D] [thread 19531] [35.0] [cxt 0] Table 'MyIngress.ipv4_lpm3': hit with handle 1
[10:14:53.960] [bmv2] [D] [thread 19531] [35.0] [cxt 0] Dumping entry 1
Match key:
* hdr.ipv4.dstAddr    : LPM       0a000202/32
Action entry: MyIngress.ipv4_forward - 80000000100,2,

[10:14:53.960] [bmv2] [D] [thread 19531] [35.0] [cxt 0] Action entry is MyIngress.ipv4_forward - 80000000100,2,
[10:14:53.960] [bmv2] [T] [thread 19531] [35.0] [cxt 0] Action MyIngress.ipv4_forward
[10:14:53.960] [bmv2] [T] [thread 19531] [35.0] [cxt 0] link_monitor.p4(106) Primitive standard_metadata.egress_spec = port
[10:14:53.960] [bmv2] [T] [thread 19531] [35.0] [cxt 0] link_monitor.p4(107) Primitive hdr.ethernet.srcAddr = hdr.ethernet.dstAddr
[10:14:53.960] [bmv2] [T] [thread 19531] [35.0] [cxt 0] link_monitor.p4(108) Primitive hdr.ethernet.dstAddr = dstAddr
[10:14:53.960] [bmv2] [T] [thread 19531] [35.0] [cxt 0] link_monitor.p4(109) Primitive hdr.ipv4.ttl = hdr.ipv4.ttl - 1
[10:14:53.960] [bmv2] [D] [thread 19531] [35.0] [cxt 0] Pipeline 'ingress': end
[10:14:53.960] [bmv2] [D] [thread 19531] [35.0] [cxt 0] Egress port is 2
[10:14:53.960] [bmv2] [D] [thread 19534] [35.0] [cxt 0] Pipeline 'egress': start
[10:14:53.960] [bmv2] [D] [thread 19534] [35.0] [cxt 0] Pipeline 'egress': end
[10:14:53.960] [bmv2] [D] [thread 19534] [35.0] [cxt 0] Deparser 'deparser': start
[10:14:53.960] [bmv2] [D] [thread 19534] [35.0] [cxt 0] Updating checksum 'cksum'
[10:14:53.960] [bmv2] [D] [thread 19534] [35.0] [cxt 0] Deparsing header 'ethernet'
[10:14:53.960] [bmv2] [D] [thread 19534] [35.0] [cxt 0] Deparsing header 'ipv4'
[10:14:53.960] [bmv2] [D] [thread 19534] [35.0] [cxt 0] Deparsing header 'probe'
[10:14:53.960] [bmv2] [D] [thread 19534] [35.0] [cxt 0] Deparser 'deparser': end
[10:14:53.960] [bmv2] [D] [thread 19536] [35.0] [cxt 0] Transmitting packet of size 40 out of port 2
[10:14:53.965] [bmv2] [D] [thread 19531] [36.0] [cxt 0] Processing packet received on port 2
[10:14:53.965] [bmv2] [D] [thread 19531] [36.0] [cxt 0] Parser 'parser': start
[10:14:53.965] [bmv2] [D] [thread 19531] [36.0] [cxt 0] Parser 'parser' entering state 'start'
[10:14:53.965] [bmv2] [D] [thread 19531] [36.0] [cxt 0] Extracting header 'ethernet'
[10:14:53.966] [bmv2] [D] [thread 19531] [36.0] [cxt 0] Parser state 'start': key is 0800
[10:14:53.966] [bmv2] [T] [thread 19531] [36.0] [cxt 0] Bytes parsed: 14
[10:14:53.966] [bmv2] [D] [thread 19531] [36.0] [cxt 0] Parser 'parser' entering state 'parse_ipv4'
[10:14:53.966] [bmv2] [D] [thread 19531] [36.0] [cxt 0] Extracting header 'ipv4'
[10:14:53.966] [bmv2] [D] [thread 19531] [36.0] [cxt 0] Parser state 'parse_ipv4': key is 01
[10:14:53.966] [bmv2] [T] [thread 19531] [36.0] [cxt 0] Bytes parsed: 34
[10:14:53.966] [bmv2] [D] [thread 19531] [36.0] [cxt 0] Parser 'parser': end
[10:14:53.966] [bmv2] [D] [thread 19531] [36.0] [cxt 0] Pipeline 'ingress': start
[10:14:53.966] [bmv2] [T] [thread 19531] [36.0] [cxt 0] link_monitor.p4(162) Condition "hdr.probe.p1==1 && hdr.probe.p2==1" (node_2) is false
[10:14:53.966] [bmv2] [T] [thread 19531] [36.0] [cxt 0] link_monitor.p4(165) Condition "hdr.probe.p1==2 && hdr.probe.p2==1" (node_4) is false
[10:14:53.966] [bmv2] [T] [thread 19531] [36.0] [cxt 0] link_monitor.p4(168) Condition "hdr.probe.p1==1 && hdr.probe.p2==2" (node_6) is true
[10:14:53.966] [bmv2] [T] [thread 19531] [36.0] [cxt 0] Applying table 'MyIngress.ipv4_lpm3'
[10:14:53.966] [bmv2] [D] [thread 19531] [36.0] [cxt 0] Looking up key:
* hdr.ipv4.dstAddr    : 0a000101

[10:14:53.966] [bmv2] [D] [thread 19531] [36.0] [cxt 0] Table 'MyIngress.ipv4_lpm3': hit with handle 0
[10:14:53.966] [bmv2] [D] [thread 19531] [36.0] [cxt 0] Dumping entry 0
Match key:
* hdr.ipv4.dstAddr    : LPM       0a000101/32
Action entry: MyIngress.ipv4_forward - 80000000111,1,

[10:14:53.966] [bmv2] [D] [thread 19531] [36.0] [cxt 0] Action entry is MyIngress.ipv4_forward - 80000000111,1,
[10:14:53.966] [bmv2] [T] [thread 19531] [36.0] [cxt 0] Action MyIngress.ipv4_forward
[10:14:53.966] [bmv2] [T] [thread 19531] [36.0] [cxt 0] link_monitor.p4(106) Primitive standard_metadata.egress_spec = port
[10:14:53.966] [bmv2] [T] [thread 19531] [36.0] [cxt 0] link_monitor.p4(107) Primitive hdr.ethernet.srcAddr = hdr.ethernet.dstAddr
[10:14:53.966] [bmv2] [T] [thread 19531] [36.0] [cxt 0] link_monitor.p4(108) Primitive hdr.ethernet.dstAddr = dstAddr
[10:14:53.966] [bmv2] [T] [thread 19531] [36.0] [cxt 0] link_monitor.p4(109) Primitive hdr.ipv4.ttl = hdr.ipv4.ttl - 1
[10:14:53.966] [bmv2] [D] [thread 19531] [36.0] [cxt 0] Pipeline 'ingress': end
[10:14:53.966] [bmv2] [D] [thread 19531] [36.0] [cxt 0] Egress port is 1
[10:14:53.966] [bmv2] [D] [thread 19533] [36.0] [cxt 0] Pipeline 'egress': start
[10:14:53.966] [bmv2] [D] [thread 19533] [36.0] [cxt 0] Pipeline 'egress': end
[10:14:53.966] [bmv2] [D] [thread 19533] [36.0] [cxt 0] Deparser 'deparser': start
[10:14:53.966] [bmv2] [D] [thread 19533] [36.0] [cxt 0] Updating checksum 'cksum'
[10:14:53.966] [bmv2] [D] [thread 19533] [36.0] [cxt 0] Deparsing header 'ethernet'
[10:14:53.966] [bmv2] [D] [thread 19533] [36.0] [cxt 0] Deparsing header 'ipv4'
[10:14:53.966] [bmv2] [D] [thread 19533] [36.0] [cxt 0] Deparser 'deparser': end
[10:14:53.966] [bmv2] [D] [thread 19536] [36.0] [cxt 0] Transmitting packet of size 68 out of port 1
open: No such file or directory
open: No such file or directory
open: No such file or directory
open: No such file or directory
open: No such file or directory
