Calling target program-options parser
[10:12:25.915] [bmv2] [D] [thread 19542] Set default default entry for table 'MyIngress.ipv4_lpm1': MyIngress.drop - 
[10:12:25.915] [bmv2] [D] [thread 19542] Set default default entry for table 'MyIngress.ipv4_lpm2': MyIngress.drop - 
[10:12:25.915] [bmv2] [D] [thread 19542] Set default default entry for table 'MyIngress.ipv4_lpm3': MyIngress.drop - 
[10:12:25.915] [bmv2] [D] [thread 19542] Set default default entry for table 'MyIngress.ipv4_lpm4': MyIngress.drop - 
Adding interface s1-eth1 as port 1
[10:12:25.915] [bmv2] [D] [thread 19542] Adding interface s1-eth1 as port 1
Adding interface s1-eth2 as port 2
[10:12:25.943] [bmv2] [D] [thread 19542] Adding interface s1-eth2 as port 2
Adding interface s1-eth3 as port 3
[10:12:25.971] [bmv2] [D] [thread 19542] Adding interface s1-eth3 as port 3
I0221 10:12:25.999906419   19542 server_builder.cc:247]      Synchronous server. Num CQs: 1, Min pollers: 1, Max Pollers: 2147483647, CQ timeout (msec): 1000
Server listening on 0.0.0.0:50052
[10:12:26.005] [bmv2] [I] [thread 19542] Starting Thrift server on port 9091
[10:12:26.006] [bmv2] [I] [thread 19542] Thrift server was started
[10:12:26.167] [bmv2] [D] [thread 19550] [0.0] [cxt 0] Processing packet received on port 1
[10:12:26.167] [bmv2] [D] [thread 19550] [0.0] [cxt 0] Parser 'parser': start
[10:12:26.167] [bmv2] [D] [thread 19550] [0.0] [cxt 0] Parser 'parser' entering state 'start'
[10:12:26.167] [bmv2] [D] [thread 19550] [0.0] [cxt 0] Extracting header 'ethernet'
[10:12:26.167] [bmv2] [D] [thread 19550] [0.0] [cxt 0] Parser state 'start': key is 86dd
[10:12:26.167] [bmv2] [T] [thread 19550] [0.0] [cxt 0] Bytes parsed: 14
[10:12:26.167] [bmv2] [D] [thread 19550] [0.0] [cxt 0] Parser 'parser': end
[10:12:26.167] [bmv2] [D] [thread 19550] [0.0] [cxt 0] Pipeline 'ingress': start
[10:12:26.167] [bmv2] [T] [thread 19550] [0.0] [cxt 0] link_monitor.p4(162) Condition "hdr.probe.p1==1 && hdr.probe.p2==1" (node_2) is false
[10:12:26.167] [bmv2] [T] [thread 19550] [0.0] [cxt 0] link_monitor.p4(165) Condition "hdr.probe.p1==2 && hdr.probe.p2==1" (node_4) is false
[10:12:26.167] [bmv2] [T] [thread 19550] [0.0] [cxt 0] link_monitor.p4(168) Condition "hdr.probe.p1==1 && hdr.probe.p2==2" (node_6) is false
[10:12:26.167] [bmv2] [T] [thread 19550] [0.0] [cxt 0] link_monitor.p4(171) Condition "hdr.probe.p1==2 && hdr.probe.p2==2" (node_8) is false
[10:12:26.167] [bmv2] [D] [thread 19550] [0.0] [cxt 0] Pipeline 'ingress': end
[10:12:26.167] [bmv2] [D] [thread 19550] [0.0] [cxt 0] Egress port is 0
[10:12:26.168] [bmv2] [D] [thread 19550] [1.0] [cxt 0] Processing packet received on port 1
[10:12:26.168] [bmv2] [D] [thread 19550] [1.0] [cxt 0] Parser 'parser': start
[10:12:26.168] [bmv2] [D] [thread 19550] [1.0] [cxt 0] Parser 'parser' entering state 'start'
[10:12:26.168] [bmv2] [D] [thread 19550] [1.0] [cxt 0] Extracting header 'ethernet'
[10:12:26.168] [bmv2] [D] [thread 19550] [1.0] [cxt 0] Parser state 'start': key is 86dd
[10:12:26.168] [bmv2] [T] [thread 19550] [1.0] [cxt 0] Bytes parsed: 14
[10:12:26.168] [bmv2] [D] [thread 19550] [1.0] [cxt 0] Parser 'parser': end
[10:12:26.168] [bmv2] [D] [thread 19550] [1.0] [cxt 0] Pipeline 'ingress': start
[10:12:26.168] [bmv2] [T] [thread 19550] [1.0] [cxt 0] link_monitor.p4(162) Condition "hdr.probe.p1==1 && hdr.probe.p2==1" (node_2) is false
[10:12:26.168] [bmv2] [T] [thread 19550] [1.0] [cxt 0] link_monitor.p4(165) Condition "hdr.probe.p1==2 && hdr.probe.p2==1" (node_4) is false
[10:12:26.168] [bmv2] [T] [thread 19550] [1.0] [cxt 0] link_monitor.p4(168) Condition "hdr.probe.p1==1 && hdr.probe.p2==2" (node_6) is false
[10:12:26.168] [bmv2] [T] [thread 19550] [1.0] [cxt 0] link_monitor.p4(171) Condition "hdr.probe.p1==2 && hdr.probe.p2==2" (node_8) is false
[10:12:26.168] [bmv2] [D] [thread 19550] [1.0] [cxt 0] Pipeline 'ingress': end
[10:12:26.168] [bmv2] [D] [thread 19550] [1.0] [cxt 0] Egress port is 0
[10:12:26.168] [bmv2] [D] [thread 19551] [0.0] [cxt 0] Pipeline 'egress': start
[10:12:26.168] [bmv2] [D] [thread 19551] [0.0] [cxt 0] Pipeline 'egress': end
[10:12:26.168] [bmv2] [D] [thread 19551] [0.0] [cxt 0] Deparser 'deparser': start
[10:12:26.168] [bmv2] [T] [thread 19551] [0.0] [cxt 0] Skipping checksum 'cksum' update because condition not met
[10:12:26.168] [bmv2] [D] [thread 19551] [0.0] [cxt 0] Deparsing header 'ethernet'
[10:12:26.168] [bmv2] [D] [thread 19551] [0.0] [cxt 0] Deparser 'deparser': end
[10:12:26.168] [bmv2] [D] [thread 19551] [1.0] [cxt 0] Pipeline 'egress': start
[10:12:26.168] [bmv2] [D] [thread 19551] [1.0] [cxt 0] Pipeline 'egress': end
[10:12:26.168] [bmv2] [D] [thread 19551] [1.0] [cxt 0] Deparser 'deparser': start
[10:12:26.168] [bmv2] [T] [thread 19551] [1.0] [cxt 0] Skipping checksum 'cksum' update because condition not met
[10:12:26.168] [bmv2] [D] [thread 19551] [1.0] [cxt 0] Deparsing header 'ethernet'
[10:12:26.168] [bmv2] [D] [thread 19555] [0.0] [cxt 0] Transmitting packet of size 90 out of port 0
[10:12:26.168] [bmv2] [D] [thread 19551] [1.0] [cxt 0] Deparser 'deparser': end
[10:12:26.169] [bmv2] [D] [thread 19555] [1.0] [cxt 0] Transmitting packet of size 70 out of port 0
[10:12:26.186] [bmv2] [D] [thread 19550] [2.0] [cxt 0] Processing packet received on port 3
[10:12:26.187] [bmv2] [D] [thread 19550] [2.0] [cxt 0] Parser 'parser': start
[10:12:26.187] [bmv2] [D] [thread 19550] [2.0] [cxt 0] Parser 'parser' entering state 'start'
[10:12:26.187] [bmv2] [D] [thread 19550] [2.0] [cxt 0] Extracting header 'ethernet'
[10:12:26.187] [bmv2] [D] [thread 19550] [2.0] [cxt 0] Parser state 'start': key is 86dd
[10:12:26.187] [bmv2] [T] [thread 19550] [2.0] [cxt 0] Bytes parsed: 14
[10:12:26.187] [bmv2] [D] [thread 19550] [2.0] [cxt 0] Parser 'parser': end
[10:12:26.187] [bmv2] [D] [thread 19550] [2.0] [cxt 0] Pipeline 'ingress': start
[10:12:26.187] [bmv2] [T] [thread 19550] [2.0] [cxt 0] link_monitor.p4(162) Condition "hdr.probe.p1==1 && hdr.probe.p2==1" (node_2) is false
[10:12:26.187] [bmv2] [T] [thread 19550] [2.0] [cxt 0] link_monitor.p4(165) Condition "hdr.probe.p1==2 && hdr.probe.p2==1" (node_4) is false
[10:12:26.187] [bmv2] [T] [thread 19550] [2.0] [cxt 0] link_monitor.p4(168) Condition "hdr.probe.p1==1 && hdr.probe.p2==2" (node_6) is false
[10:12:26.187] [bmv2] [T] [thread 19550] [2.0] [cxt 0] link_monitor.p4(171) Condition "hdr.probe.p1==2 && hdr.probe.p2==2" (node_8) is false
[10:12:26.187] [bmv2] [D] [thread 19550] [2.0] [cxt 0] Pipeline 'ingress': end
[10:12:26.187] [bmv2] [D] [thread 19550] [2.0] [cxt 0] Egress port is 0
[10:12:26.187] [bmv2] [D] [thread 19550] [3.0] [cxt 0] Processing packet received on port 3
[10:12:26.187] [bmv2] [D] [thread 19550] [3.0] [cxt 0] Parser 'parser': start
[10:12:26.187] [bmv2] [D] [thread 19550] [3.0] [cxt 0] Parser 'parser' entering state 'start'
[10:12:26.187] [bmv2] [D] [thread 19550] [3.0] [cxt 0] Extracting header 'ethernet'
[10:12:26.187] [bmv2] [D] [thread 19550] [3.0] [cxt 0] Parser state 'start': key is 86dd
[10:12:26.187] [bmv2] [T] [thread 19550] [3.0] [cxt 0] Bytes parsed: 14
[10:12:26.187] [bmv2] [D] [thread 19550] [3.0] [cxt 0] Parser 'parser': end
[10:12:26.187] [bmv2] [D] [thread 19550] [3.0] [cxt 0] Pipeline 'ingress': start
[10:12:26.187] [bmv2] [T] [thread 19550] [3.0] [cxt 0] link_monitor.p4(162) Condition "hdr.probe.p1==1 && hdr.probe.p2==1" (node_2) is false
[10:12:26.187] [bmv2] [T] [thread 19550] [3.0] [cxt 0] link_monitor.p4(165) Condition "hdr.probe.p1==2 && hdr.probe.p2==1" (node_4) is false
[10:12:26.187] [bmv2] [T] [thread 19550] [3.0] [cxt 0] link_monitor.p4(168) Condition "hdr.probe.p1==1 && hdr.probe.p2==2" (node_6) is false
[10:12:26.187] [bmv2] [T] [thread 19550] [3.0] [cxt 0] link_monitor.p4(171) Condition "hdr.probe.p1==2 && hdr.probe.p2==2" (node_8) is false
[10:12:26.187] [bmv2] [D] [thread 19550] [3.0] [cxt 0] Pipeline 'ingress': end
[10:12:26.187] [bmv2] [D] [thread 19550] [3.0] [cxt 0] Egress port is 0
[10:12:26.188] [bmv2] [D] [thread 19551] [2.0] [cxt 0] Pipeline 'egress': start
[10:12:26.188] [bmv2] [D] [thread 19551] [2.0] [cxt 0] Pipeline 'egress': end
[10:12:26.188] [bmv2] [D] [thread 19551] [2.0] [cxt 0] Deparser 'deparser': start
[10:12:26.188] [bmv2] [T] [thread 19551] [2.0] [cxt 0] Skipping checksum 'cksum' update because condition not met
[10:12:26.188] [bmv2] [D] [thread 19551] [2.0] [cxt 0] Deparsing header 'ethernet'
[10:12:26.188] [bmv2] [D] [thread 19551] [2.0] [cxt 0] Deparser 'deparser': end
[10:12:26.188] [bmv2] [D] [thread 19551] [3.0] [cxt 0] Pipeline 'egress': start
[10:12:26.188] [bmv2] [D] [thread 19551] [3.0] [cxt 0] Pipeline 'egress': end
[10:12:26.188] [bmv2] [D] [thread 19551] [3.0] [cxt 0] Deparser 'deparser': start
[10:12:26.188] [bmv2] [T] [thread 19551] [3.0] [cxt 0] Skipping checksum 'cksum' update because condition not met
[10:12:26.188] [bmv2] [D] [thread 19551] [3.0] [cxt 0] Deparsing header 'ethernet'
[10:12:26.188] [bmv2] [D] [thread 19551] [3.0] [cxt 0] Deparser 'deparser': end
[10:12:26.191] [bmv2] [D] [thread 19555] [2.0] [cxt 0] Transmitting packet of size 90 out of port 0
[10:12:26.191] [bmv2] [D] [thread 19555] [3.0] [cxt 0] Transmitting packet of size 70 out of port 0
[10:12:26.334] [bmv2] [D] [thread 19550] [4.0] [cxt 0] Processing packet received on port 1
[10:12:26.335] [bmv2] [D] [thread 19550] [4.0] [cxt 0] Parser 'parser': start
[10:12:26.335] [bmv2] [D] [thread 19550] [4.0] [cxt 0] Parser 'parser' entering state 'start'
[10:12:26.335] [bmv2] [D] [thread 19550] [4.0] [cxt 0] Extracting header 'ethernet'
[10:12:26.335] [bmv2] [D] [thread 19550] [4.0] [cxt 0] Parser state 'start': key is 86dd
[10:12:26.335] [bmv2] [T] [thread 19550] [4.0] [cxt 0] Bytes parsed: 14
[10:12:26.335] [bmv2] [D] [thread 19550] [4.0] [cxt 0] Parser 'parser': end
[10:12:26.335] [bmv2] [D] [thread 19550] [4.0] [cxt 0] Pipeline 'ingress': start
[10:12:26.335] [bmv2] [T] [thread 19550] [4.0] [cxt 0] link_monitor.p4(162) Condition "hdr.probe.p1==1 && hdr.probe.p2==1" (node_2) is false
[10:12:26.335] [bmv2] [T] [thread 19550] [4.0] [cxt 0] link_monitor.p4(165) Condition "hdr.probe.p1==2 && hdr.probe.p2==1" (node_4) is false
[10:12:26.335] [bmv2] [T] [thread 19550] [4.0] [cxt 0] link_monitor.p4(168) Condition "hdr.probe.p1==1 && hdr.probe.p2==2" (node_6) is false
[10:12:26.335] [bmv2] [T] [thread 19550] [4.0] [cxt 0] link_monitor.p4(171) Condition "hdr.probe.p1==2 && hdr.probe.p2==2" (node_8) is false
[10:12:26.335] [bmv2] [D] [thread 19550] [4.0] [cxt 0] Pipeline 'ingress': end
[10:12:26.335] [bmv2] [D] [thread 19550] [4.0] [cxt 0] Egress port is 0
[10:12:26.335] [bmv2] [D] [thread 19550] [5.0] [cxt 0] Processing packet received on port 1
[10:12:26.335] [bmv2] [D] [thread 19550] [5.0] [cxt 0] Parser 'parser': start
[10:12:26.335] [bmv2] [D] [thread 19550] [5.0] [cxt 0] Parser 'parser' entering state 'start'
[10:12:26.335] [bmv2] [D] [thread 19550] [5.0] [cxt 0] Extracting header 'ethernet'
[10:12:26.335] [bmv2] [D] [thread 19550] [5.0] [cxt 0] Parser state 'start': key is 86dd
[10:12:26.335] [bmv2] [T] [thread 19550] [5.0] [cxt 0] Bytes parsed: 14
[10:12:26.335] [bmv2] [D] [thread 19550] [5.0] [cxt 0] Parser 'parser': end
[10:12:26.335] [bmv2] [D] [thread 19550] [5.0] [cxt 0] Pipeline 'ingress': start
[10:12:26.335] [bmv2] [T] [thread 19550] [5.0] [cxt 0] link_monitor.p4(162) Condition "hdr.probe.p1==1 && hdr.probe.p2==1" (node_2) is false
[10:12:26.335] [bmv2] [T] [thread 19550] [5.0] [cxt 0] link_monitor.p4(165) Condition "hdr.probe.p1==2 && hdr.probe.p2==1" (node_4) is false
[10:12:26.335] [bmv2] [T] [thread 19550] [5.0] [cxt 0] link_monitor.p4(168) Condition "hdr.probe.p1==1 && hdr.probe.p2==2" (node_6) is false
[10:12:26.335] [bmv2] [T] [thread 19550] [5.0] [cxt 0] link_monitor.p4(171) Condition "hdr.probe.p1==2 && hdr.probe.p2==2" (node_8) is false
[10:12:26.335] [bmv2] [D] [thread 19550] [5.0] [cxt 0] Pipeline 'ingress': end
[10:12:26.335] [bmv2] [D] [thread 19550] [5.0] [cxt 0] Egress port is 0
[10:12:26.335] [bmv2] [D] [thread 19551] [4.0] [cxt 0] Pipeline 'egress': start
[10:12:26.335] [bmv2] [D] [thread 19551] [4.0] [cxt 0] Pipeline 'egress': end
[10:12:26.335] [bmv2] [D] [thread 19551] [4.0] [cxt 0] Deparser 'deparser': start
[10:12:26.336] [bmv2] [T] [thread 19551] [4.0] [cxt 0] Skipping checksum 'cksum' update because condition not met
[10:12:26.336] [bmv2] [D] [thread 19551] [4.0] [cxt 0] Deparsing header 'ethernet'
[10:12:26.336] [bmv2] [D] [thread 19551] [4.0] [cxt 0] Deparser 'deparser': end
[10:12:26.336] [bmv2] [D] [thread 19551] [5.0] [cxt 0] Pipeline 'egress': start
[10:12:26.336] [bmv2] [D] [thread 19551] [5.0] [cxt 0] Pipeline 'egress': end
[10:12:26.336] [bmv2] [D] [thread 19551] [5.0] [cxt 0] Deparser 'deparser': start
[10:12:26.336] [bmv2] [T] [thread 19551] [5.0] [cxt 0] Skipping checksum 'cksum' update because condition not met
[10:12:26.336] [bmv2] [D] [thread 19551] [5.0] [cxt 0] Deparsing header 'ethernet'
[10:12:26.336] [bmv2] [D] [thread 19551] [5.0] [cxt 0] Deparser 'deparser': end
[10:12:26.336] [bmv2] [D] [thread 19555] [4.0] [cxt 0] Transmitting packet of size 90 out of port 0
[10:12:26.336] [bmv2] [D] [thread 19555] [5.0] [cxt 0] Transmitting packet of size 70 out of port 0
[10:12:26.407] [bmv2] [D] [thread 19550] [6.0] [cxt 0] Processing packet received on port 3
[10:12:26.408] [bmv2] [D] [thread 19550] [6.0] [cxt 0] Parser 'parser': start
[10:12:26.408] [bmv2] [D] [thread 19550] [6.0] [cxt 0] Parser 'parser' entering state 'start'
[10:12:26.408] [bmv2] [D] [thread 19550] [6.0] [cxt 0] Extracting header 'ethernet'
[10:12:26.408] [bmv2] [D] [thread 19550] [6.0] [cxt 0] Parser state 'start': key is 86dd
[10:12:26.408] [bmv2] [T] [thread 19550] [6.0] [cxt 0] Bytes parsed: 14
[10:12:26.408] [bmv2] [D] [thread 19550] [6.0] [cxt 0] Parser 'parser': end
[10:12:26.408] [bmv2] [D] [thread 19550] [6.0] [cxt 0] Pipeline 'ingress': start
[10:12:26.408] [bmv2] [T] [thread 19550] [6.0] [cxt 0] link_monitor.p4(162) Condition "hdr.probe.p1==1 && hdr.probe.p2==1" (node_2) is false
[10:12:26.408] [bmv2] [T] [thread 19550] [6.0] [cxt 0] link_monitor.p4(165) Condition "hdr.probe.p1==2 && hdr.probe.p2==1" (node_4) is false
[10:12:26.408] [bmv2] [T] [thread 19550] [6.0] [cxt 0] link_monitor.p4(168) Condition "hdr.probe.p1==1 && hdr.probe.p2==2" (node_6) is false
[10:12:26.408] [bmv2] [T] [thread 19550] [6.0] [cxt 0] link_monitor.p4(171) Condition "hdr.probe.p1==2 && hdr.probe.p2==2" (node_8) is false
[10:12:26.408] [bmv2] [D] [thread 19550] [6.0] [cxt 0] Pipeline 'ingress': end
[10:12:26.408] [bmv2] [D] [thread 19550] [6.0] [cxt 0] Egress port is 0
[10:12:26.408] [bmv2] [D] [thread 19551] [6.0] [cxt 0] Pipeline 'egress': start
[10:12:26.408] [bmv2] [D] [thread 19551] [6.0] [cxt 0] Pipeline 'egress': end
[10:12:26.408] [bmv2] [D] [thread 19551] [6.0] [cxt 0] Deparser 'deparser': start
[10:12:26.408] [bmv2] [T] [thread 19551] [6.0] [cxt 0] Skipping checksum 'cksum' update because condition not met
[10:12:26.408] [bmv2] [D] [thread 19551] [6.0] [cxt 0] Deparsing header 'ethernet'
[10:12:26.408] [bmv2] [D] [thread 19551] [6.0] [cxt 0] Deparser 'deparser': end
[10:12:26.408] [bmv2] [D] [thread 19555] [6.0] [cxt 0] Transmitting packet of size 90 out of port 0
[10:12:26.505] [bmv2] [D] [thread 19550] [7.0] [cxt 0] Processing packet received on port 3
[10:12:26.505] [bmv2] [D] [thread 19550] [7.0] [cxt 0] Parser 'parser': start
[10:12:26.505] [bmv2] [D] [thread 19550] [7.0] [cxt 0] Parser 'parser' entering state 'start'
[10:12:26.505] [bmv2] [D] [thread 19550] [7.0] [cxt 0] Extracting header 'ethernet'
[10:12:26.505] [bmv2] [D] [thread 19550] [7.0] [cxt 0] Parser state 'start': key is 86dd
[10:12:26.505] [bmv2] [T] [thread 19550] [7.0] [cxt 0] Bytes parsed: 14
[10:12:26.505] [bmv2] [D] [thread 19550] [7.0] [cxt 0] Parser 'parser': end
[10:12:26.505] [bmv2] [D] [thread 19550] [7.0] [cxt 0] Pipeline 'ingress': start
[10:12:26.505] [bmv2] [T] [thread 19550] [7.0] [cxt 0] link_monitor.p4(162) Condition "hdr.probe.p1==1 && hdr.probe.p2==1" (node_2) is false
[10:12:26.505] [bmv2] [T] [thread 19550] [7.0] [cxt 0] link_monitor.p4(165) Condition "hdr.probe.p1==2 && hdr.probe.p2==1" (node_4) is false
[10:12:26.505] [bmv2] [T] [thread 19550] [7.0] [cxt 0] link_monitor.p4(168) Condition "hdr.probe.p1==1 && hdr.probe.p2==2" (node_6) is false
[10:12:26.505] [bmv2] [T] [thread 19550] [7.0] [cxt 0] link_monitor.p4(171) Condition "hdr.probe.p1==2 && hdr.probe.p2==2" (node_8) is false
[10:12:26.505] [bmv2] [D] [thread 19550] [7.0] [cxt 0] Pipeline 'ingress': end
[10:12:26.505] [bmv2] [D] [thread 19550] [7.0] [cxt 0] Egress port is 0
[10:12:26.505] [bmv2] [D] [thread 19550] [8.0] [cxt 0] Processing packet received on port 3
[10:12:26.505] [bmv2] [D] [thread 19550] [8.0] [cxt 0] Parser 'parser': start
[10:12:26.505] [bmv2] [D] [thread 19550] [8.0] [cxt 0] Parser 'parser' entering state 'start'
[10:12:26.505] [bmv2] [D] [thread 19550] [8.0] [cxt 0] Extracting header 'ethernet'
[10:12:26.505] [bmv2] [D] [thread 19550] [8.0] [cxt 0] Parser state 'start': key is 86dd
[10:12:26.505] [bmv2] [T] [thread 19550] [8.0] [cxt 0] Bytes parsed: 14
[10:12:26.505] [bmv2] [D] [thread 19550] [8.0] [cxt 0] Parser 'parser': end
[10:12:26.505] [bmv2] [D] [thread 19550] [8.0] [cxt 0] Pipeline 'ingress': start
[10:12:26.506] [bmv2] [T] [thread 19550] [8.0] [cxt 0] link_monitor.p4(162) Condition "hdr.probe.p1==1 && hdr.probe.p2==1" (node_2) is false
[10:12:26.506] [bmv2] [T] [thread 19550] [8.0] [cxt 0] link_monitor.p4(165) Condition "hdr.probe.p1==2 && hdr.probe.p2==1" (node_4) is false
[10:12:26.506] [bmv2] [T] [thread 19550] [8.0] [cxt 0] link_monitor.p4(168) Condition "hdr.probe.p1==1 && hdr.probe.p2==2" (node_6) is false
[10:12:26.506] [bmv2] [T] [thread 19550] [8.0] [cxt 0] link_monitor.p4(171) Condition "hdr.probe.p1==2 && hdr.probe.p2==2" (node_8) is false
[10:12:26.506] [bmv2] [D] [thread 19550] [8.0] [cxt 0] Pipeline 'ingress': end
[10:12:26.506] [bmv2] [D] [thread 19550] [8.0] [cxt 0] Egress port is 0
[10:12:26.506] [bmv2] [D] [thread 19551] [7.0] [cxt 0] Pipeline 'egress': start
[10:12:26.506] [bmv2] [D] [thread 19551] [7.0] [cxt 0] Pipeline 'egress': end
[10:12:26.506] [bmv2] [D] [thread 19551] [7.0] [cxt 0] Deparser 'deparser': start
[10:12:26.506] [bmv2] [T] [thread 19551] [7.0] [cxt 0] Skipping checksum 'cksum' update because condition not met
[10:12:26.506] [bmv2] [D] [thread 19551] [7.0] [cxt 0] Deparsing header 'ethernet'
[10:12:26.506] [bmv2] [D] [thread 19551] [7.0] [cxt 0] Deparser 'deparser': end
[10:12:26.506] [bmv2] [D] [thread 19551] [8.0] [cxt 0] Pipeline 'egress': start
[10:12:26.506] [bmv2] [D] [thread 19551] [8.0] [cxt 0] Pipeline 'egress': end
[10:12:26.506] [bmv2] [D] [thread 19551] [8.0] [cxt 0] Deparser 'deparser': start
[10:12:26.506] [bmv2] [T] [thread 19551] [8.0] [cxt 0] Skipping checksum 'cksum' update because condition not met
[10:12:26.506] [bmv2] [D] [thread 19551] [8.0] [cxt 0] Deparsing header 'ethernet'
[10:12:26.506] [bmv2] [D] [thread 19551] [8.0] [cxt 0] Deparser 'deparser': end
[10:12:26.506] [bmv2] [D] [thread 19555] [7.0] [cxt 0] Transmitting packet of size 90 out of port 0
[10:12:26.506] [bmv2] [D] [thread 19555] [8.0] [cxt 0] Transmitting packet of size 70 out of port 0
[10:12:26.717] [bmv2] [D] [thread 19550] [9.0] [cxt 0] Processing packet received on port 2
[10:12:26.717] [bmv2] [D] [thread 19550] [9.0] [cxt 0] Parser 'parser': start
[10:12:26.717] [bmv2] [D] [thread 19550] [9.0] [cxt 0] Parser 'parser' entering state 'start'
[10:12:26.717] [bmv2] [D] [thread 19550] [9.0] [cxt 0] Extracting header 'ethernet'
[10:12:26.717] [bmv2] [D] [thread 19550] [9.0] [cxt 0] Parser state 'start': key is 86dd
[10:12:26.718] [bmv2] [T] [thread 19550] [9.0] [cxt 0] Bytes parsed: 14
[10:12:26.718] [bmv2] [D] [thread 19550] [9.0] [cxt 0] Parser 'parser': end
[10:12:26.718] [bmv2] [D] [thread 19550] [9.0] [cxt 0] Pipeline 'ingress': start
[10:12:26.718] [bmv2] [T] [thread 19550] [9.0] [cxt 0] link_monitor.p4(162) Condition "hdr.probe.p1==1 && hdr.probe.p2==1" (node_2) is false
[10:12:26.718] [bmv2] [T] [thread 19550] [9.0] [cxt 0] link_monitor.p4(165) Condition "hdr.probe.p1==2 && hdr.probe.p2==1" (node_4) is false
[10:12:26.718] [bmv2] [T] [thread 19550] [9.0] [cxt 0] link_monitor.p4(168) Condition "hdr.probe.p1==1 && hdr.probe.p2==2" (node_6) is false
[10:12:26.718] [bmv2] [T] [thread 19550] [9.0] [cxt 0] link_monitor.p4(171) Condition "hdr.probe.p1==2 && hdr.probe.p2==2" (node_8) is false
[10:12:26.718] [bmv2] [D] [thread 19550] [9.0] [cxt 0] Pipeline 'ingress': end
[10:12:26.718] [bmv2] [D] [thread 19550] [9.0] [cxt 0] Egress port is 0
[10:12:26.718] [bmv2] [D] [thread 19550] [10.0] [cxt 0] Processing packet received on port 2
[10:12:26.718] [bmv2] [D] [thread 19550] [10.0] [cxt 0] Parser 'parser': start
[10:12:26.718] [bmv2] [D] [thread 19550] [10.0] [cxt 0] Parser 'parser' entering state 'start'
[10:12:26.718] [bmv2] [D] [thread 19550] [10.0] [cxt 0] Extracting header 'ethernet'
[10:12:26.718] [bmv2] [D] [thread 19550] [10.0] [cxt 0] Parser state 'start': key is 86dd
[10:12:26.718] [bmv2] [T] [thread 19550] [10.0] [cxt 0] Bytes parsed: 14
[10:12:26.718] [bmv2] [D] [thread 19550] [10.0] [cxt 0] Parser 'parser': end
[10:12:26.718] [bmv2] [D] [thread 19550] [10.0] [cxt 0] Pipeline 'ingress': start
[10:12:26.718] [bmv2] [T] [thread 19550] [10.0] [cxt 0] link_monitor.p4(162) Condition "hdr.probe.p1==1 && hdr.probe.p2==1" (node_2) is false
[10:12:26.718] [bmv2] [T] [thread 19550] [10.0] [cxt 0] link_monitor.p4(165) Condition "hdr.probe.p1==2 && hdr.probe.p2==1" (node_4) is false
[10:12:26.718] [bmv2] [T] [thread 19550] [10.0] [cxt 0] link_monitor.p4(168) Condition "hdr.probe.p1==1 && hdr.probe.p2==2" (node_6) is false
[10:12:26.718] [bmv2] [T] [thread 19550] [10.0] [cxt 0] link_monitor.p4(171) Condition "hdr.probe.p1==2 && hdr.probe.p2==2" (node_8) is false
[10:12:26.718] [bmv2] [D] [thread 19550] [10.0] [cxt 0] Pipeline 'ingress': end
[10:12:26.718] [bmv2] [D] [thread 19550] [10.0] [cxt 0] Egress port is 0
[10:12:26.718] [bmv2] [D] [thread 19551] [9.0] [cxt 0] Pipeline 'egress': start
[10:12:26.718] [bmv2] [D] [thread 19551] [9.0] [cxt 0] Pipeline 'egress': end
[10:12:26.718] [bmv2] [D] [thread 19551] [9.0] [cxt 0] Deparser 'deparser': start
[10:12:26.718] [bmv2] [T] [thread 19551] [9.0] [cxt 0] Skipping checksum 'cksum' update because condition not met
[10:12:26.718] [bmv2] [D] [thread 19551] [9.0] [cxt 0] Deparsing header 'ethernet'
[10:12:26.718] [bmv2] [D] [thread 19551] [9.0] [cxt 0] Deparser 'deparser': end
[10:12:26.718] [bmv2] [D] [thread 19551] [10.0] [cxt 0] Pipeline 'egress': start
[10:12:26.718] [bmv2] [D] [thread 19551] [10.0] [cxt 0] Pipeline 'egress': end
[10:12:26.718] [bmv2] [D] [thread 19551] [10.0] [cxt 0] Deparser 'deparser': start
[10:12:26.718] [bmv2] [D] [thread 19555] [9.0] [cxt 0] Transmitting packet of size 90 out of port 0
[10:12:26.721] [bmv2] [T] [thread 19551] [10.0] [cxt 0] Skipping checksum 'cksum' update because condition not met
[10:12:26.721] [bmv2] [D] [thread 19551] [10.0] [cxt 0] Deparsing header 'ethernet'
[10:12:26.721] [bmv2] [D] [thread 19551] [10.0] [cxt 0] Deparser 'deparser': end
[10:12:26.721] [bmv2] [D] [thread 19555] [10.0] [cxt 0] Transmitting packet of size 70 out of port 0
[10:12:26.731] [bmv2] [D] [thread 19550] [11.0] [cxt 0] Processing packet received on port 2
[10:12:26.731] [bmv2] [D] [thread 19550] [11.0] [cxt 0] Parser 'parser': start
[10:12:26.731] [bmv2] [D] [thread 19550] [11.0] [cxt 0] Parser 'parser' entering state 'start'
[10:12:26.731] [bmv2] [D] [thread 19550] [11.0] [cxt 0] Extracting header 'ethernet'
[10:12:26.731] [bmv2] [D] [thread 19550] [11.0] [cxt 0] Parser state 'start': key is 86dd
[10:12:26.731] [bmv2] [T] [thread 19550] [11.0] [cxt 0] Bytes parsed: 14
[10:12:26.731] [bmv2] [D] [thread 19550] [11.0] [cxt 0] Parser 'parser': end
[10:12:26.731] [bmv2] [D] [thread 19550] [11.0] [cxt 0] Pipeline 'ingress': start
[10:12:26.731] [bmv2] [T] [thread 19550] [11.0] [cxt 0] link_monitor.p4(162) Condition "hdr.probe.p1==1 && hdr.probe.p2==1" (node_2) is false
[10:12:26.731] [bmv2] [T] [thread 19550] [11.0] [cxt 0] link_monitor.p4(165) Condition "hdr.probe.p1==2 && hdr.probe.p2==1" (node_4) is false
[10:12:26.731] [bmv2] [T] [thread 19550] [11.0] [cxt 0] link_monitor.p4(168) Condition "hdr.probe.p1==1 && hdr.probe.p2==2" (node_6) is false
[10:12:26.731] [bmv2] [T] [thread 19550] [11.0] [cxt 0] link_monitor.p4(171) Condition "hdr.probe.p1==2 && hdr.probe.p2==2" (node_8) is false
[10:12:26.731] [bmv2] [D] [thread 19550] [11.0] [cxt 0] Pipeline 'ingress': end
[10:12:26.731] [bmv2] [D] [thread 19550] [11.0] [cxt 0] Egress port is 0
[10:12:26.731] [bmv2] [D] [thread 19551] [11.0] [cxt 0] Pipeline 'egress': start
[10:12:26.731] [bmv2] [D] [thread 19551] [11.0] [cxt 0] Pipeline 'egress': end
[10:12:26.731] [bmv2] [D] [thread 19551] [11.0] [cxt 0] Deparser 'deparser': start
[10:12:26.731] [bmv2] [T] [thread 19551] [11.0] [cxt 0] Skipping checksum 'cksum' update because condition not met
[10:12:26.731] [bmv2] [D] [thread 19551] [11.0] [cxt 0] Deparsing header 'ethernet'
[10:12:26.731] [bmv2] [D] [thread 19551] [11.0] [cxt 0] Deparser 'deparser': end
[10:12:26.731] [bmv2] [D] [thread 19555] [11.0] [cxt 0] Transmitting packet of size 90 out of port 0
[10:12:26.861] [bmv2] [D] [thread 19550] [12.0] [cxt 0] Processing packet received on port 3
[10:12:26.861] [bmv2] [D] [thread 19550] [12.0] [cxt 0] Parser 'parser': start
[10:12:26.861] [bmv2] [D] [thread 19550] [12.0] [cxt 0] Parser 'parser' entering state 'start'
[10:12:26.861] [bmv2] [D] [thread 19550] [12.0] [cxt 0] Extracting header 'ethernet'
[10:12:26.861] [bmv2] [D] [thread 19550] [12.0] [cxt 0] Parser state 'start': key is 86dd
[10:12:26.861] [bmv2] [T] [thread 19550] [12.0] [cxt 0] Bytes parsed: 14
[10:12:26.861] [bmv2] [D] [thread 19550] [12.0] [cxt 0] Parser 'parser': end
[10:12:26.861] [bmv2] [D] [thread 19550] [12.0] [cxt 0] Pipeline 'ingress': start
[10:12:26.861] [bmv2] [T] [thread 19550] [12.0] [cxt 0] link_monitor.p4(162) Condition "hdr.probe.p1==1 && hdr.probe.p2==1" (node_2) is false
[10:12:26.861] [bmv2] [T] [thread 19550] [12.0] [cxt 0] link_monitor.p4(165) Condition "hdr.probe.p1==2 && hdr.probe.p2==1" (node_4) is false
[10:12:26.861] [bmv2] [T] [thread 19550] [12.0] [cxt 0] link_monitor.p4(168) Condition "hdr.probe.p1==1 && hdr.probe.p2==2" (node_6) is false
[10:12:26.861] [bmv2] [T] [thread 19550] [12.0] [cxt 0] link_monitor.p4(171) Condition "hdr.probe.p1==2 && hdr.probe.p2==2" (node_8) is false
[10:12:26.861] [bmv2] [D] [thread 19550] [12.0] [cxt 0] Pipeline 'ingress': end
[10:12:26.861] [bmv2] [D] [thread 19550] [12.0] [cxt 0] Egress port is 0
[10:12:26.861] [bmv2] [D] [thread 19551] [12.0] [cxt 0] Pipeline 'egress': start
[10:12:26.861] [bmv2] [D] [thread 19551] [12.0] [cxt 0] Pipeline 'egress': end
[10:12:26.861] [bmv2] [D] [thread 19551] [12.0] [cxt 0] Deparser 'deparser': start
[10:12:26.861] [bmv2] [T] [thread 19551] [12.0] [cxt 0] Skipping checksum 'cksum' update because condition not met
[10:12:26.861] [bmv2] [D] [thread 19551] [12.0] [cxt 0] Deparsing header 'ethernet'
[10:12:26.861] [bmv2] [D] [thread 19551] [12.0] [cxt 0] Deparser 'deparser': end
[10:12:26.861] [bmv2] [D] [thread 19555] [12.0] [cxt 0] Transmitting packet of size 90 out of port 0
[10:12:26.904] [bmv2] [D] [thread 19550] [13.0] [cxt 0] Processing packet received on port 1
[10:12:26.904] [bmv2] [D] [thread 19550] [13.0] [cxt 0] Parser 'parser': start
[10:12:26.904] [bmv2] [D] [thread 19550] [13.0] [cxt 0] Parser 'parser' entering state 'start'
[10:12:26.904] [bmv2] [D] [thread 19550] [13.0] [cxt 0] Extracting header 'ethernet'
[10:12:26.904] [bmv2] [D] [thread 19550] [13.0] [cxt 0] Parser state 'start': key is 86dd
[10:12:26.904] [bmv2] [T] [thread 19550] [13.0] [cxt 0] Bytes parsed: 14
[10:12:26.904] [bmv2] [D] [thread 19550] [13.0] [cxt 0] Parser 'parser': end
[10:12:26.904] [bmv2] [D] [thread 19550] [13.0] [cxt 0] Pipeline 'ingress': start
[10:12:26.904] [bmv2] [T] [thread 19550] [13.0] [cxt 0] link_monitor.p4(162) Condition "hdr.probe.p1==1 && hdr.probe.p2==1" (node_2) is false
[10:12:26.904] [bmv2] [T] [thread 19550] [13.0] [cxt 0] link_monitor.p4(165) Condition "hdr.probe.p1==2 && hdr.probe.p2==1" (node_4) is false
[10:12:26.904] [bmv2] [T] [thread 19550] [13.0] [cxt 0] link_monitor.p4(168) Condition "hdr.probe.p1==1 && hdr.probe.p2==2" (node_6) is false
[10:12:26.904] [bmv2] [T] [thread 19550] [13.0] [cxt 0] link_monitor.p4(171) Condition "hdr.probe.p1==2 && hdr.probe.p2==2" (node_8) is false
[10:12:26.904] [bmv2] [D] [thread 19550] [13.0] [cxt 0] Pipeline 'ingress': end
[10:12:26.904] [bmv2] [D] [thread 19550] [13.0] [cxt 0] Egress port is 0
[10:12:26.904] [bmv2] [D] [thread 19551] [13.0] [cxt 0] Pipeline 'egress': start
[10:12:26.904] [bmv2] [D] [thread 19551] [13.0] [cxt 0] Pipeline 'egress': end
[10:12:26.904] [bmv2] [D] [thread 19551] [13.0] [cxt 0] Deparser 'deparser': start
[10:12:26.904] [bmv2] [T] [thread 19551] [13.0] [cxt 0] Skipping checksum 'cksum' update because condition not met
[10:12:26.904] [bmv2] [D] [thread 19551] [13.0] [cxt 0] Deparsing header 'ethernet'
[10:12:26.904] [bmv2] [D] [thread 19551] [13.0] [cxt 0] Deparser 'deparser': end
[10:12:26.904] [bmv2] [D] [thread 19555] [13.0] [cxt 0] Transmitting packet of size 90 out of port 0
[10:12:26.913] [bmv2] [D] [thread 19550] [14.0] [cxt 0] Processing packet received on port 2
[10:12:26.913] [bmv2] [D] [thread 19550] [14.0] [cxt 0] Parser 'parser': start
[10:12:26.914] [bmv2] [D] [thread 19550] [14.0] [cxt 0] Parser 'parser' entering state 'start'
[10:12:26.914] [bmv2] [D] [thread 19550] [14.0] [cxt 0] Extracting header 'ethernet'
[10:12:26.914] [bmv2] [D] [thread 19550] [14.0] [cxt 0] Parser state 'start': key is 86dd
[10:12:26.914] [bmv2] [T] [thread 19550] [14.0] [cxt 0] Bytes parsed: 14
[10:12:26.914] [bmv2] [D] [thread 19550] [14.0] [cxt 0] Parser 'parser': end
[10:12:26.914] [bmv2] [D] [thread 19550] [14.0] [cxt 0] Pipeline 'ingress': start
[10:12:26.914] [bmv2] [T] [thread 19550] [14.0] [cxt 0] link_monitor.p4(162) Condition "hdr.probe.p1==1 && hdr.probe.p2==1" (node_2) is false
[10:12:26.914] [bmv2] [T] [thread 19550] [14.0] [cxt 0] link_monitor.p4(165) Condition "hdr.probe.p1==2 && hdr.probe.p2==1" (node_4) is false
[10:12:26.914] [bmv2] [T] [thread 19550] [14.0] [cxt 0] link_monitor.p4(168) Condition "hdr.probe.p1==1 && hdr.probe.p2==2" (node_6) is false
[10:12:26.914] [bmv2] [T] [thread 19550] [14.0] [cxt 0] link_monitor.p4(171) Condition "hdr.probe.p1==2 && hdr.probe.p2==2" (node_8) is false
[10:12:26.914] [bmv2] [D] [thread 19550] [14.0] [cxt 0] Pipeline 'ingress': end
[10:12:26.914] [bmv2] [D] [thread 19550] [14.0] [cxt 0] Egress port is 0
[10:12:26.914] [bmv2] [D] [thread 19550] [15.0] [cxt 0] Processing packet received on port 2
[10:12:26.914] [bmv2] [D] [thread 19550] [15.0] [cxt 0] Parser 'parser': start
[10:12:26.914] [bmv2] [D] [thread 19550] [15.0] [cxt 0] Parser 'parser' entering state 'start'
[10:12:26.914] [bmv2] [D] [thread 19550] [15.0] [cxt 0] Extracting header 'ethernet'
[10:12:26.914] [bmv2] [D] [thread 19550] [15.0] [cxt 0] Parser state 'start': key is 86dd
[10:12:26.914] [bmv2] [T] [thread 19550] [15.0] [cxt 0] Bytes parsed: 14
[10:12:26.914] [bmv2] [D] [thread 19550] [15.0] [cxt 0] Parser 'parser': end
[10:12:26.914] [bmv2] [D] [thread 19550] [15.0] [cxt 0] Pipeline 'ingress': start
[10:12:26.914] [bmv2] [T] [thread 19550] [15.0] [cxt 0] link_monitor.p4(162) Condition "hdr.probe.p1==1 && hdr.probe.p2==1" (node_2) is false
[10:12:26.914] [bmv2] [T] [thread 19550] [15.0] [cxt 0] link_monitor.p4(165) Condition "hdr.probe.p1==2 && hdr.probe.p2==1" (node_4) is false
[10:12:26.914] [bmv2] [T] [thread 19550] [15.0] [cxt 0] link_monitor.p4(168) Condition "hdr.probe.p1==1 && hdr.probe.p2==2" (node_6) is false
[10:12:26.914] [bmv2] [T] [thread 19550] [15.0] [cxt 0] link_monitor.p4(171) Condition "hdr.probe.p1==2 && hdr.probe.p2==2" (node_8) is false
[10:12:26.914] [bmv2] [D] [thread 19550] [15.0] [cxt 0] Pipeline 'ingress': end
[10:12:26.914] [bmv2] [D] [thread 19550] [15.0] [cxt 0] Egress port is 0
[10:12:26.914] [bmv2] [D] [thread 19551] [14.0] [cxt 0] Pipeline 'egress': start
[10:12:26.914] [bmv2] [D] [thread 19551] [14.0] [cxt 0] Pipeline 'egress': end
[10:12:26.914] [bmv2] [D] [thread 19551] [14.0] [cxt 0] Deparser 'deparser': start
[10:12:26.914] [bmv2] [T] [thread 19551] [14.0] [cxt 0] Skipping checksum 'cksum' update because condition not met
[10:12:26.914] [bmv2] [D] [thread 19551] [14.0] [cxt 0] Deparsing header 'ethernet'
[10:12:26.914] [bmv2] [D] [thread 19551] [14.0] [cxt 0] Deparser 'deparser': end
[10:12:26.914] [bmv2] [D] [thread 19551] [15.0] [cxt 0] Pipeline 'egress': start
[10:12:26.914] [bmv2] [D] [thread 19551] [15.0] [cxt 0] Pipeline 'egress': end
[10:12:26.914] [bmv2] [D] [thread 19551] [15.0] [cxt 0] Deparser 'deparser': start
[10:12:26.914] [bmv2] [T] [thread 19551] [15.0] [cxt 0] Skipping checksum 'cksum' update because condition not met
[10:12:26.914] [bmv2] [D] [thread 19551] [15.0] [cxt 0] Deparsing header 'ethernet'
[10:12:26.914] [bmv2] [D] [thread 19551] [15.0] [cxt 0] Deparser 'deparser': end
[10:12:26.914] [bmv2] [D] [thread 19555] [14.0] [cxt 0] Transmitting packet of size 90 out of port 0
[10:12:26.914] [bmv2] [D] [thread 19555] [15.0] [cxt 0] Transmitting packet of size 70 out of port 0
[10:12:27.020] [bmv2] [D] [thread 19550] [16.0] [cxt 0] Processing packet received on port 1
[10:12:27.020] [bmv2] [D] [thread 19550] [16.0] [cxt 0] Parser 'parser': start
[10:12:27.020] [bmv2] [D] [thread 19550] [16.0] [cxt 0] Parser 'parser' entering state 'start'
[10:12:27.020] [bmv2] [D] [thread 19550] [16.0] [cxt 0] Extracting header 'ethernet'
[10:12:27.020] [bmv2] [D] [thread 19550] [16.0] [cxt 0] Parser state 'start': key is 86dd
[10:12:27.020] [bmv2] [T] [thread 19550] [16.0] [cxt 0] Bytes parsed: 14
[10:12:27.020] [bmv2] [D] [thread 19550] [16.0] [cxt 0] Parser 'parser': end
[10:12:27.020] [bmv2] [D] [thread 19550] [16.0] [cxt 0] Pipeline 'ingress': start
[10:12:27.020] [bmv2] [T] [thread 19550] [16.0] [cxt 0] link_monitor.p4(162) Condition "hdr.probe.p1==1 && hdr.probe.p2==1" (node_2) is false
[10:12:27.020] [bmv2] [T] [thread 19550] [16.0] [cxt 0] link_monitor.p4(165) Condition "hdr.probe.p1==2 && hdr.probe.p2==1" (node_4) is false
[10:12:27.020] [bmv2] [T] [thread 19550] [16.0] [cxt 0] link_monitor.p4(168) Condition "hdr.probe.p1==1 && hdr.probe.p2==2" (node_6) is false
[10:12:27.020] [bmv2] [T] [thread 19550] [16.0] [cxt 0] link_monitor.p4(171) Condition "hdr.probe.p1==2 && hdr.probe.p2==2" (node_8) is false
[10:12:27.020] [bmv2] [D] [thread 19550] [16.0] [cxt 0] Pipeline 'ingress': end
[10:12:27.020] [bmv2] [D] [thread 19550] [16.0] [cxt 0] Egress port is 0
[10:12:27.020] [bmv2] [D] [thread 19551] [16.0] [cxt 0] Pipeline 'egress': start
[10:12:27.020] [bmv2] [D] [thread 19551] [16.0] [cxt 0] Pipeline 'egress': end
[10:12:27.020] [bmv2] [D] [thread 19551] [16.0] [cxt 0] Deparser 'deparser': start
[10:12:27.020] [bmv2] [T] [thread 19551] [16.0] [cxt 0] Skipping checksum 'cksum' update because condition not met
[10:12:27.020] [bmv2] [D] [thread 19551] [16.0] [cxt 0] Deparsing header 'ethernet'
[10:12:27.020] [bmv2] [D] [thread 19551] [16.0] [cxt 0] Deparser 'deparser': end
[10:12:27.020] [bmv2] [D] [thread 19555] [16.0] [cxt 0] Transmitting packet of size 90 out of port 0
[10:12:27.199] [bmv2] [D] [thread 19550] [17.0] [cxt 0] Processing packet received on port 2
[10:12:27.201] [bmv2] [D] [thread 19550] [17.0] [cxt 0] Parser 'parser': start
[10:12:27.201] [bmv2] [D] [thread 19550] [17.0] [cxt 0] Parser 'parser' entering state 'start'
[10:12:27.201] [bmv2] [D] [thread 19550] [17.0] [cxt 0] Extracting header 'ethernet'
[10:12:27.201] [bmv2] [D] [thread 19550] [17.0] [cxt 0] Parser state 'start': key is 86dd
[10:12:27.201] [bmv2] [T] [thread 19550] [17.0] [cxt 0] Bytes parsed: 14
[10:12:27.201] [bmv2] [D] [thread 19550] [17.0] [cxt 0] Parser 'parser': end
[10:12:27.201] [bmv2] [D] [thread 19550] [17.0] [cxt 0] Pipeline 'ingress': start
[10:12:27.201] [bmv2] [T] [thread 19550] [17.0] [cxt 0] link_monitor.p4(162) Condition "hdr.probe.p1==1 && hdr.probe.p2==1" (node_2) is false
[10:12:27.201] [bmv2] [T] [thread 19550] [17.0] [cxt 0] link_monitor.p4(165) Condition "hdr.probe.p1==2 && hdr.probe.p2==1" (node_4) is false
[10:12:27.201] [bmv2] [T] [thread 19550] [17.0] [cxt 0] link_monitor.p4(168) Condition "hdr.probe.p1==1 && hdr.probe.p2==2" (node_6) is false
[10:12:27.201] [bmv2] [T] [thread 19550] [17.0] [cxt 0] link_monitor.p4(171) Condition "hdr.probe.p1==2 && hdr.probe.p2==2" (node_8) is false
[10:12:27.201] [bmv2] [D] [thread 19550] [17.0] [cxt 0] Pipeline 'ingress': end
[10:12:27.201] [bmv2] [D] [thread 19550] [17.0] [cxt 0] Egress port is 0
[10:12:27.201] [bmv2] [D] [thread 19551] [17.0] [cxt 0] Pipeline 'egress': start
[10:12:27.201] [bmv2] [D] [thread 19551] [17.0] [cxt 0] Pipeline 'egress': end
[10:12:27.201] [bmv2] [D] [thread 19551] [17.0] [cxt 0] Deparser 'deparser': start
[10:12:27.201] [bmv2] [T] [thread 19551] [17.0] [cxt 0] Skipping checksum 'cksum' update because condition not met
[10:12:27.201] [bmv2] [D] [thread 19551] [17.0] [cxt 0] Deparsing header 'ethernet'
[10:12:27.201] [bmv2] [D] [thread 19551] [17.0] [cxt 0] Deparser 'deparser': end
[10:12:27.201] [bmv2] [D] [thread 19555] [17.0] [cxt 0] Transmitting packet of size 90 out of port 0
New connection
P4Runtime SetForwardingPipelineConfig
[10:12:29.629] [bmv2] [W] [thread 19666] [P4Runtime] p4::tmp::P4DeviceConfig is deprecated
[10:12:29.630] [bmv2] [D] [thread 19666] Set default default entry for table 'MyIngress.ipv4_lpm1': MyIngress.drop - 
[10:12:29.630] [bmv2] [D] [thread 19666] Set default default entry for table 'MyIngress.ipv4_lpm2': MyIngress.drop - 
[10:12:29.630] [bmv2] [D] [thread 19666] Set default default entry for table 'MyIngress.ipv4_lpm3': MyIngress.drop - 
[10:12:29.630] [bmv2] [D] [thread 19666] Set default default entry for table 'MyIngress.ipv4_lpm4': MyIngress.drop - 
P4Runtime Write
device_id: 1
election_id {
  low: 1
}
updates {
  type: MODIFY
  entity {
    table_entry {
      table_id: 33617881
      action {
        action {
          action_id: 16805608
        }
      }
      is_default_action: true
    }
  }
}
[10:12:29.634] [bmv2] [D] [thread 19668] Set default entry for table 'MyIngress.ipv4_lpm1': MyIngress.drop - 
P4Runtime Write
device_id: 1
election_id {
  low: 1
}
updates {
  type: INSERT
  entity {
    table_entry {
      table_id: 33617881
      match {
        field_id: 1
        lpm {
          value: "\n\000\001\001"
          prefix_len: 32
        }
      }
      action {
        action {
          action_id: 16799317
          params {
            param_id: 1
            value: "\010\000\000\000\000\000"
          }
          params {
            param_id: 2
            value: "\000\001"
          }
        }
      }
    }
  }
}
[10:12:29.635] [bmv2] [D] [thread 19668] Entry 0 added to table 'MyIngress.ipv4_lpm1'
[10:12:29.635] [bmv2] [D] [thread 19668] Dumping entry 0
Match key:
* hdr.ipv4.dstAddr    : LPM       0a000101/32
Action entry: MyIngress.ipv4_forward - 80000000000,1,

P4Runtime Write
device_id: 1
election_id {
  low: 1
}
updates {
  type: INSERT
  entity {
    table_entry {
      table_id: 33617881
      match {
        field_id: 1
        lpm {
          value: "\n\000\002\002"
          prefix_len: 32
        }
      }
      action {
        action {
          action_id: 16799317
          params {
            param_id: 1
            value: "\010\000\000\000\003\000"
          }
          params {
            param_id: 2
            value: "\000\002"
          }
        }
      }
    }
  }
}
[10:12:29.637] [bmv2] [D] [thread 19668] Entry 1 added to table 'MyIngress.ipv4_lpm1'
[10:12:29.637] [bmv2] [D] [thread 19668] Dumping entry 1
Match key:
* hdr.ipv4.dstAddr    : LPM       0a000202/32
Action entry: MyIngress.ipv4_forward - 80000000300,2,

P4Runtime Write
device_id: 1
election_id {
  low: 1
}
updates {
  type: MODIFY
  entity {
    table_entry {
      table_id: 33569926
      action {
        action {
          action_id: 16805608
        }
      }
      is_default_action: true
    }
  }
}
[10:12:29.638] [bmv2] [D] [thread 19668] Set default entry for table 'MyIngress.ipv4_lpm3': MyIngress.drop - 
P4Runtime Write
device_id: 1
election_id {
  low: 1
}
updates {
  type: INSERT
  entity {
    table_entry {
      table_id: 33569926
      match {
        field_id: 1
        lpm {
          value: "\n\000\001\001"
          prefix_len: 32
        }
      }
      action {
        action {
          action_id: 16799317
          params {
            param_id: 1
            value: "\010\000\000\000\000\000"
          }
          params {
            param_id: 2
            value: "\000\001"
          }
        }
      }
    }
  }
}
[10:12:29.639] [bmv2] [D] [thread 19668] Entry 0 added to table 'MyIngress.ipv4_lpm3'
[10:12:29.639] [bmv2] [D] [thread 19668] Dumping entry 0
Match key:
* hdr.ipv4.dstAddr    : LPM       0a000101/32
Action entry: MyIngress.ipv4_forward - 80000000000,1,

P4Runtime Write
device_id: 1
election_id {
  low: 1
}
updates {
  type: INSERT
  entity {
    table_entry {
      table_id: 33569926
      match {
        field_id: 1
        lpm {
          value: "\n\000\002\002"
          prefix_len: 32
        }
      }
      action {
        action {
          action_id: 16799317
          params {
            param_id: 1
            value: "\010\000\000\000\005\000"
          }
          params {
            param_id: 2
            value: "\000\003"
          }
        }
      }
    }
  }
}
[10:12:29.640] [bmv2] [D] [thread 19666] Entry 1 added to table 'MyIngress.ipv4_lpm3'
[10:12:29.640] [bmv2] [D] [thread 19666] Dumping entry 1
Match key:
* hdr.ipv4.dstAddr    : LPM       0a000202/32
Action entry: MyIngress.ipv4_forward - 80000000500,3,

Connection removed
[10:12:30.171] [bmv2] [D] [thread 19550] [18.0] [cxt 0] Processing packet received on port 1
[10:12:30.171] [bmv2] [D] [thread 19550] [18.0] [cxt 0] Parser 'parser': start
[10:12:30.171] [bmv2] [D] [thread 19550] [18.0] [cxt 0] Parser 'parser' entering state 'start'
[10:12:30.171] [bmv2] [D] [thread 19550] [18.0] [cxt 0] Extracting header 'ethernet'
[10:12:30.171] [bmv2] [D] [thread 19550] [18.0] [cxt 0] Parser state 'start': key is 86dd
[10:12:30.171] [bmv2] [T] [thread 19550] [18.0] [cxt 0] Bytes parsed: 14
[10:12:30.171] [bmv2] [D] [thread 19550] [18.0] [cxt 0] Parser 'parser': end
[10:12:30.171] [bmv2] [D] [thread 19550] [18.0] [cxt 0] Pipeline 'ingress': start
[10:12:30.171] [bmv2] [T] [thread 19550] [18.0] [cxt 0] link_monitor.p4(162) Condition "hdr.probe.p1==1 && hdr.probe.p2==1" (node_2) is false
[10:12:30.171] [bmv2] [T] [thread 19550] [18.0] [cxt 0] link_monitor.p4(165) Condition "hdr.probe.p1==2 && hdr.probe.p2==1" (node_4) is false
[10:12:30.171] [bmv2] [T] [thread 19550] [18.0] [cxt 0] link_monitor.p4(168) Condition "hdr.probe.p1==1 && hdr.probe.p2==2" (node_6) is false
[10:12:30.171] [bmv2] [T] [thread 19550] [18.0] [cxt 0] link_monitor.p4(171) Condition "hdr.probe.p1==2 && hdr.probe.p2==2" (node_8) is false
[10:12:30.171] [bmv2] [D] [thread 19550] [18.0] [cxt 0] Pipeline 'ingress': end
[10:12:30.171] [bmv2] [D] [thread 19550] [18.0] [cxt 0] Egress port is 0
[10:12:30.171] [bmv2] [D] [thread 19551] [18.0] [cxt 0] Pipeline 'egress': start
[10:12:30.172] [bmv2] [D] [thread 19551] [18.0] [cxt 0] Pipeline 'egress': end
[10:12:30.172] [bmv2] [D] [thread 19551] [18.0] [cxt 0] Deparser 'deparser': start
[10:12:30.172] [bmv2] [T] [thread 19551] [18.0] [cxt 0] Skipping checksum 'cksum' update because condition not met
[10:12:30.172] [bmv2] [D] [thread 19551] [18.0] [cxt 0] Deparsing header 'ethernet'
[10:12:30.172] [bmv2] [D] [thread 19551] [18.0] [cxt 0] Deparser 'deparser': end
[10:12:30.172] [bmv2] [D] [thread 19555] [18.0] [cxt 0] Transmitting packet of size 70 out of port 0
[10:12:30.188] [bmv2] [D] [thread 19550] [19.0] [cxt 0] Processing packet received on port 3
[10:12:30.188] [bmv2] [D] [thread 19550] [19.0] [cxt 0] Parser 'parser': start
[10:12:30.188] [bmv2] [D] [thread 19550] [19.0] [cxt 0] Parser 'parser' entering state 'start'
[10:12:30.188] [bmv2] [D] [thread 19550] [19.0] [cxt 0] Extracting header 'ethernet'
[10:12:30.188] [bmv2] [D] [thread 19550] [19.0] [cxt 0] Parser state 'start': key is 86dd
[10:12:30.188] [bmv2] [T] [thread 19550] [19.0] [cxt 0] Bytes parsed: 14
[10:12:30.188] [bmv2] [D] [thread 19550] [19.0] [cxt 0] Parser 'parser': end
[10:12:30.188] [bmv2] [D] [thread 19550] [19.0] [cxt 0] Pipeline 'ingress': start
[10:12:30.188] [bmv2] [T] [thread 19550] [19.0] [cxt 0] link_monitor.p4(162) Condition "hdr.probe.p1==1 && hdr.probe.p2==1" (node_2) is false
[10:12:30.188] [bmv2] [T] [thread 19550] [19.0] [cxt 0] link_monitor.p4(165) Condition "hdr.probe.p1==2 && hdr.probe.p2==1" (node_4) is false
[10:12:30.188] [bmv2] [T] [thread 19550] [19.0] [cxt 0] link_monitor.p4(168) Condition "hdr.probe.p1==1 && hdr.probe.p2==2" (node_6) is false
[10:12:30.188] [bmv2] [T] [thread 19550] [19.0] [cxt 0] link_monitor.p4(171) Condition "hdr.probe.p1==2 && hdr.probe.p2==2" (node_8) is false
[10:12:30.188] [bmv2] [D] [thread 19550] [19.0] [cxt 0] Pipeline 'ingress': end
[10:12:30.188] [bmv2] [D] [thread 19550] [19.0] [cxt 0] Egress port is 0
[10:12:30.188] [bmv2] [D] [thread 19551] [19.0] [cxt 0] Pipeline 'egress': start
[10:12:30.188] [bmv2] [D] [thread 19551] [19.0] [cxt 0] Pipeline 'egress': end
[10:12:30.188] [bmv2] [D] [thread 19551] [19.0] [cxt 0] Deparser 'deparser': start
[10:12:30.188] [bmv2] [T] [thread 19551] [19.0] [cxt 0] Skipping checksum 'cksum' update because condition not met
[10:12:30.188] [bmv2] [D] [thread 19551] [19.0] [cxt 0] Deparsing header 'ethernet'
[10:12:30.188] [bmv2] [D] [thread 19551] [19.0] [cxt 0] Deparser 'deparser': end
[10:12:30.188] [bmv2] [D] [thread 19555] [19.0] [cxt 0] Transmitting packet of size 70 out of port 0
[10:12:30.341] [bmv2] [D] [thread 19550] [20.0] [cxt 0] Processing packet received on port 1
[10:12:30.341] [bmv2] [D] [thread 19550] [20.0] [cxt 0] Parser 'parser': start
[10:12:30.341] [bmv2] [D] [thread 19550] [20.0] [cxt 0] Parser 'parser' entering state 'start'
[10:12:30.341] [bmv2] [D] [thread 19550] [20.0] [cxt 0] Extracting header 'ethernet'
[10:12:30.341] [bmv2] [D] [thread 19550] [20.0] [cxt 0] Parser state 'start': key is 86dd
[10:12:30.341] [bmv2] [T] [thread 19550] [20.0] [cxt 0] Bytes parsed: 14
[10:12:30.341] [bmv2] [D] [thread 19550] [20.0] [cxt 0] Parser 'parser': end
[10:12:30.341] [bmv2] [D] [thread 19550] [20.0] [cxt 0] Pipeline 'ingress': start
[10:12:30.341] [bmv2] [T] [thread 19550] [20.0] [cxt 0] link_monitor.p4(162) Condition "hdr.probe.p1==1 && hdr.probe.p2==1" (node_2) is false
[10:12:30.341] [bmv2] [T] [thread 19550] [20.0] [cxt 0] link_monitor.p4(165) Condition "hdr.probe.p1==2 && hdr.probe.p2==1" (node_4) is false
[10:12:30.341] [bmv2] [T] [thread 19550] [20.0] [cxt 0] link_monitor.p4(168) Condition "hdr.probe.p1==1 && hdr.probe.p2==2" (node_6) is false
[10:12:30.341] [bmv2] [T] [thread 19550] [20.0] [cxt 0] link_monitor.p4(171) Condition "hdr.probe.p1==2 && hdr.probe.p2==2" (node_8) is false
[10:12:30.341] [bmv2] [D] [thread 19550] [20.0] [cxt 0] Pipeline 'ingress': end
[10:12:30.341] [bmv2] [D] [thread 19550] [20.0] [cxt 0] Egress port is 0
[10:12:30.341] [bmv2] [D] [thread 19551] [20.0] [cxt 0] Pipeline 'egress': start
[10:12:30.341] [bmv2] [D] [thread 19551] [20.0] [cxt 0] Pipeline 'egress': end
[10:12:30.341] [bmv2] [D] [thread 19551] [20.0] [cxt 0] Deparser 'deparser': start
[10:12:30.341] [bmv2] [T] [thread 19551] [20.0] [cxt 0] Skipping checksum 'cksum' update because condition not met
[10:12:30.341] [bmv2] [D] [thread 19551] [20.0] [cxt 0] Deparsing header 'ethernet'
[10:12:30.341] [bmv2] [D] [thread 19551] [20.0] [cxt 0] Deparser 'deparser': end
[10:12:30.341] [bmv2] [D] [thread 19555] [20.0] [cxt 0] Transmitting packet of size 70 out of port 0
[10:12:30.511] [bmv2] [D] [thread 19550] [21.0] [cxt 0] Processing packet received on port 3
[10:12:30.511] [bmv2] [D] [thread 19550] [21.0] [cxt 0] Parser 'parser': start
[10:12:30.511] [bmv2] [D] [thread 19550] [21.0] [cxt 0] Parser 'parser' entering state 'start'
[10:12:30.511] [bmv2] [D] [thread 19550] [21.0] [cxt 0] Extracting header 'ethernet'
[10:12:30.511] [bmv2] [D] [thread 19550] [21.0] [cxt 0] Parser state 'start': key is 86dd
[10:12:30.511] [bmv2] [T] [thread 19550] [21.0] [cxt 0] Bytes parsed: 14
[10:12:30.511] [bmv2] [D] [thread 19550] [21.0] [cxt 0] Parser 'parser': end
[10:12:30.511] [bmv2] [D] [thread 19550] [21.0] [cxt 0] Pipeline 'ingress': start
[10:12:30.511] [bmv2] [T] [thread 19550] [21.0] [cxt 0] link_monitor.p4(162) Condition "hdr.probe.p1==1 && hdr.probe.p2==1" (node_2) is false
[10:12:30.511] [bmv2] [T] [thread 19550] [21.0] [cxt 0] link_monitor.p4(165) Condition "hdr.probe.p1==2 && hdr.probe.p2==1" (node_4) is false
[10:12:30.511] [bmv2] [T] [thread 19550] [21.0] [cxt 0] link_monitor.p4(168) Condition "hdr.probe.p1==1 && hdr.probe.p2==2" (node_6) is false
[10:12:30.511] [bmv2] [T] [thread 19550] [21.0] [cxt 0] link_monitor.p4(171) Condition "hdr.probe.p1==2 && hdr.probe.p2==2" (node_8) is false
[10:12:30.511] [bmv2] [D] [thread 19550] [21.0] [cxt 0] Pipeline 'ingress': end
[10:12:30.511] [bmv2] [D] [thread 19550] [21.0] [cxt 0] Egress port is 0
[10:12:30.511] [bmv2] [D] [thread 19551] [21.0] [cxt 0] Pipeline 'egress': start
[10:12:30.511] [bmv2] [D] [thread 19551] [21.0] [cxt 0] Pipeline 'egress': end
[10:12:30.511] [bmv2] [D] [thread 19551] [21.0] [cxt 0] Deparser 'deparser': start
[10:12:30.511] [bmv2] [T] [thread 19551] [21.0] [cxt 0] Skipping checksum 'cksum' update because condition not met
[10:12:30.511] [bmv2] [D] [thread 19551] [21.0] [cxt 0] Deparsing header 'ethernet'
[10:12:30.511] [bmv2] [D] [thread 19551] [21.0] [cxt 0] Deparser 'deparser': end
[10:12:30.511] [bmv2] [D] [thread 19555] [21.0] [cxt 0] Transmitting packet of size 70 out of port 0
[10:12:30.723] [bmv2] [D] [thread 19550] [22.0] [cxt 0] Processing packet received on port 2
[10:12:30.723] [bmv2] [D] [thread 19550] [22.0] [cxt 0] Parser 'parser': start
[10:12:30.723] [bmv2] [D] [thread 19550] [22.0] [cxt 0] Parser 'parser' entering state 'start'
[10:12:30.723] [bmv2] [D] [thread 19550] [22.0] [cxt 0] Extracting header 'ethernet'
[10:12:30.723] [bmv2] [D] [thread 19550] [22.0] [cxt 0] Parser state 'start': key is 86dd
[10:12:30.723] [bmv2] [T] [thread 19550] [22.0] [cxt 0] Bytes parsed: 14
[10:12:30.723] [bmv2] [D] [thread 19550] [22.0] [cxt 0] Parser 'parser': end
[10:12:30.723] [bmv2] [D] [thread 19550] [22.0] [cxt 0] Pipeline 'ingress': start
[10:12:30.724] [bmv2] [T] [thread 19550] [22.0] [cxt 0] link_monitor.p4(162) Condition "hdr.probe.p1==1 && hdr.probe.p2==1" (node_2) is false
[10:12:30.724] [bmv2] [T] [thread 19550] [22.0] [cxt 0] link_monitor.p4(165) Condition "hdr.probe.p1==2 && hdr.probe.p2==1" (node_4) is false
[10:12:30.724] [bmv2] [T] [thread 19550] [22.0] [cxt 0] link_monitor.p4(168) Condition "hdr.probe.p1==1 && hdr.probe.p2==2" (node_6) is false
[10:12:30.724] [bmv2] [T] [thread 19550] [22.0] [cxt 0] link_monitor.p4(171) Condition "hdr.probe.p1==2 && hdr.probe.p2==2" (node_8) is false
[10:12:30.724] [bmv2] [D] [thread 19550] [22.0] [cxt 0] Pipeline 'ingress': end
[10:12:30.724] [bmv2] [D] [thread 19550] [22.0] [cxt 0] Egress port is 0
[10:12:30.724] [bmv2] [D] [thread 19551] [22.0] [cxt 0] Pipeline 'egress': start
[10:12:30.724] [bmv2] [D] [thread 19551] [22.0] [cxt 0] Pipeline 'egress': end
[10:12:30.724] [bmv2] [D] [thread 19551] [22.0] [cxt 0] Deparser 'deparser': start
[10:12:30.724] [bmv2] [T] [thread 19551] [22.0] [cxt 0] Skipping checksum 'cksum' update because condition not met
[10:12:30.724] [bmv2] [D] [thread 19551] [22.0] [cxt 0] Deparsing header 'ethernet'
[10:12:30.724] [bmv2] [D] [thread 19551] [22.0] [cxt 0] Deparser 'deparser': end
[10:12:30.724] [bmv2] [D] [thread 19555] [22.0] [cxt 0] Transmitting packet of size 70 out of port 0
[10:12:30.923] [bmv2] [D] [thread 19550] [23.0] [cxt 0] Processing packet received on port 2
[10:12:30.923] [bmv2] [D] [thread 19550] [23.0] [cxt 0] Parser 'parser': start
[10:12:30.923] [bmv2] [D] [thread 19550] [23.0] [cxt 0] Parser 'parser' entering state 'start'
[10:12:30.923] [bmv2] [D] [thread 19550] [23.0] [cxt 0] Extracting header 'ethernet'
[10:12:30.923] [bmv2] [D] [thread 19550] [23.0] [cxt 0] Parser state 'start': key is 86dd
[10:12:30.923] [bmv2] [T] [thread 19550] [23.0] [cxt 0] Bytes parsed: 14
[10:12:30.923] [bmv2] [D] [thread 19550] [23.0] [cxt 0] Parser 'parser': end
[10:12:30.923] [bmv2] [D] [thread 19550] [23.0] [cxt 0] Pipeline 'ingress': start
[10:12:30.923] [bmv2] [T] [thread 19550] [23.0] [cxt 0] link_monitor.p4(162) Condition "hdr.probe.p1==1 && hdr.probe.p2==1" (node_2) is false
[10:12:30.923] [bmv2] [T] [thread 19550] [23.0] [cxt 0] link_monitor.p4(165) Condition "hdr.probe.p1==2 && hdr.probe.p2==1" (node_4) is false
[10:12:30.923] [bmv2] [T] [thread 19550] [23.0] [cxt 0] link_monitor.p4(168) Condition "hdr.probe.p1==1 && hdr.probe.p2==2" (node_6) is false
[10:12:30.923] [bmv2] [T] [thread 19550] [23.0] [cxt 0] link_monitor.p4(171) Condition "hdr.probe.p1==2 && hdr.probe.p2==2" (node_8) is false
[10:12:30.923] [bmv2] [D] [thread 19550] [23.0] [cxt 0] Pipeline 'ingress': end
[10:12:30.923] [bmv2] [D] [thread 19550] [23.0] [cxt 0] Egress port is 0
[10:12:30.924] [bmv2] [D] [thread 19551] [23.0] [cxt 0] Pipeline 'egress': start
[10:12:30.924] [bmv2] [D] [thread 19551] [23.0] [cxt 0] Pipeline 'egress': end
[10:12:30.924] [bmv2] [D] [thread 19551] [23.0] [cxt 0] Deparser 'deparser': start
[10:12:30.924] [bmv2] [T] [thread 19551] [23.0] [cxt 0] Skipping checksum 'cksum' update because condition not met
[10:12:30.924] [bmv2] [D] [thread 19551] [23.0] [cxt 0] Deparsing header 'ethernet'
[10:12:30.924] [bmv2] [D] [thread 19551] [23.0] [cxt 0] Deparser 'deparser': end
[10:12:30.924] [bmv2] [D] [thread 19555] [23.0] [cxt 0] Transmitting packet of size 70 out of port 0
[10:12:34.179] [bmv2] [D] [thread 19550] [24.0] [cxt 0] Processing packet received on port 1
[10:12:34.179] [bmv2] [D] [thread 19550] [24.0] [cxt 0] Parser 'parser': start
[10:12:34.179] [bmv2] [D] [thread 19550] [24.0] [cxt 0] Parser 'parser' entering state 'start'
[10:12:34.179] [bmv2] [D] [thread 19550] [24.0] [cxt 0] Extracting header 'ethernet'
[10:12:34.179] [bmv2] [D] [thread 19550] [24.0] [cxt 0] Parser state 'start': key is 86dd
[10:12:34.179] [bmv2] [T] [thread 19550] [24.0] [cxt 0] Bytes parsed: 14
[10:12:34.179] [bmv2] [D] [thread 19550] [24.0] [cxt 0] Parser 'parser': end
[10:12:34.179] [bmv2] [D] [thread 19550] [24.0] [cxt 0] Pipeline 'ingress': start
[10:12:34.179] [bmv2] [T] [thread 19550] [24.0] [cxt 0] link_monitor.p4(162) Condition "hdr.probe.p1==1 && hdr.probe.p2==1" (node_2) is false
[10:12:34.179] [bmv2] [T] [thread 19550] [24.0] [cxt 0] link_monitor.p4(165) Condition "hdr.probe.p1==2 && hdr.probe.p2==1" (node_4) is false
[10:12:34.179] [bmv2] [T] [thread 19550] [24.0] [cxt 0] link_monitor.p4(168) Condition "hdr.probe.p1==1 && hdr.probe.p2==2" (node_6) is false
[10:12:34.179] [bmv2] [T] [thread 19550] [24.0] [cxt 0] link_monitor.p4(171) Condition "hdr.probe.p1==2 && hdr.probe.p2==2" (node_8) is false
[10:12:34.179] [bmv2] [D] [thread 19550] [24.0] [cxt 0] Pipeline 'ingress': end
[10:12:34.179] [bmv2] [D] [thread 19550] [24.0] [cxt 0] Egress port is 0
[10:12:34.179] [bmv2] [D] [thread 19551] [24.0] [cxt 0] Pipeline 'egress': start
[10:12:34.179] [bmv2] [D] [thread 19551] [24.0] [cxt 0] Pipeline 'egress': end
[10:12:34.180] [bmv2] [D] [thread 19551] [24.0] [cxt 0] Deparser 'deparser': start
[10:12:34.180] [bmv2] [T] [thread 19551] [24.0] [cxt 0] Skipping checksum 'cksum' update because condition not met
[10:12:34.180] [bmv2] [D] [thread 19551] [24.0] [cxt 0] Deparsing header 'ethernet'
[10:12:34.180] [bmv2] [D] [thread 19551] [24.0] [cxt 0] Deparser 'deparser': end
[10:12:34.180] [bmv2] [D] [thread 19555] [24.0] [cxt 0] Transmitting packet of size 70 out of port 0
[10:12:34.195] [bmv2] [D] [thread 19550] [25.0] [cxt 0] Processing packet received on port 3
[10:12:34.196] [bmv2] [D] [thread 19550] [25.0] [cxt 0] Parser 'parser': start
[10:12:34.196] [bmv2] [D] [thread 19550] [25.0] [cxt 0] Parser 'parser' entering state 'start'
[10:12:34.196] [bmv2] [D] [thread 19550] [25.0] [cxt 0] Extracting header 'ethernet'
[10:12:34.196] [bmv2] [D] [thread 19550] [25.0] [cxt 0] Parser state 'start': key is 86dd
[10:12:34.196] [bmv2] [T] [thread 19550] [25.0] [cxt 0] Bytes parsed: 14
[10:12:34.196] [bmv2] [D] [thread 19550] [25.0] [cxt 0] Parser 'parser': end
[10:12:34.196] [bmv2] [D] [thread 19550] [25.0] [cxt 0] Pipeline 'ingress': start
[10:12:34.196] [bmv2] [T] [thread 19550] [25.0] [cxt 0] link_monitor.p4(162) Condition "hdr.probe.p1==1 && hdr.probe.p2==1" (node_2) is false
[10:12:34.196] [bmv2] [T] [thread 19550] [25.0] [cxt 0] link_monitor.p4(165) Condition "hdr.probe.p1==2 && hdr.probe.p2==1" (node_4) is false
[10:12:34.196] [bmv2] [T] [thread 19550] [25.0] [cxt 0] link_monitor.p4(168) Condition "hdr.probe.p1==1 && hdr.probe.p2==2" (node_6) is false
[10:12:34.196] [bmv2] [T] [thread 19550] [25.0] [cxt 0] link_monitor.p4(171) Condition "hdr.probe.p1==2 && hdr.probe.p2==2" (node_8) is false
[10:12:34.196] [bmv2] [D] [thread 19550] [25.0] [cxt 0] Pipeline 'ingress': end
[10:12:34.196] [bmv2] [D] [thread 19550] [25.0] [cxt 0] Egress port is 0
[10:12:34.196] [bmv2] [D] [thread 19551] [25.0] [cxt 0] Pipeline 'egress': start
[10:12:34.196] [bmv2] [D] [thread 19551] [25.0] [cxt 0] Pipeline 'egress': end
[10:12:34.196] [bmv2] [D] [thread 19551] [25.0] [cxt 0] Deparser 'deparser': start
[10:12:34.196] [bmv2] [T] [thread 19551] [25.0] [cxt 0] Skipping checksum 'cksum' update because condition not met
[10:12:34.196] [bmv2] [D] [thread 19551] [25.0] [cxt 0] Deparsing header 'ethernet'
[10:12:34.196] [bmv2] [D] [thread 19551] [25.0] [cxt 0] Deparser 'deparser': end
[10:12:34.196] [bmv2] [D] [thread 19555] [25.0] [cxt 0] Transmitting packet of size 70 out of port 0
[10:12:34.347] [bmv2] [D] [thread 19550] [26.0] [cxt 0] Processing packet received on port 1
[10:12:34.347] [bmv2] [D] [thread 19550] [26.0] [cxt 0] Parser 'parser': start
[10:12:34.347] [bmv2] [D] [thread 19550] [26.0] [cxt 0] Parser 'parser' entering state 'start'
[10:12:34.347] [bmv2] [D] [thread 19550] [26.0] [cxt 0] Extracting header 'ethernet'
[10:12:34.347] [bmv2] [D] [thread 19550] [26.0] [cxt 0] Parser state 'start': key is 86dd
[10:12:34.347] [bmv2] [T] [thread 19550] [26.0] [cxt 0] Bytes parsed: 14
[10:12:34.347] [bmv2] [D] [thread 19550] [26.0] [cxt 0] Parser 'parser': end
[10:12:34.347] [bmv2] [D] [thread 19550] [26.0] [cxt 0] Pipeline 'ingress': start
[10:12:34.347] [bmv2] [T] [thread 19550] [26.0] [cxt 0] link_monitor.p4(162) Condition "hdr.probe.p1==1 && hdr.probe.p2==1" (node_2) is false
[10:12:34.347] [bmv2] [T] [thread 19550] [26.0] [cxt 0] link_monitor.p4(165) Condition "hdr.probe.p1==2 && hdr.probe.p2==1" (node_4) is false
[10:12:34.348] [bmv2] [T] [thread 19550] [26.0] [cxt 0] link_monitor.p4(168) Condition "hdr.probe.p1==1 && hdr.probe.p2==2" (node_6) is false
[10:12:34.348] [bmv2] [T] [thread 19550] [26.0] [cxt 0] link_monitor.p4(171) Condition "hdr.probe.p1==2 && hdr.probe.p2==2" (node_8) is false
[10:12:34.348] [bmv2] [D] [thread 19550] [26.0] [cxt 0] Pipeline 'ingress': end
[10:12:34.348] [bmv2] [D] [thread 19550] [26.0] [cxt 0] Egress port is 0
[10:12:34.348] [bmv2] [D] [thread 19551] [26.0] [cxt 0] Pipeline 'egress': start
[10:12:34.348] [bmv2] [D] [thread 19551] [26.0] [cxt 0] Pipeline 'egress': end
[10:12:34.348] [bmv2] [D] [thread 19551] [26.0] [cxt 0] Deparser 'deparser': start
[10:12:34.348] [bmv2] [T] [thread 19551] [26.0] [cxt 0] Skipping checksum 'cksum' update because condition not met
[10:12:34.348] [bmv2] [D] [thread 19551] [26.0] [cxt 0] Deparsing header 'ethernet'
[10:12:34.348] [bmv2] [D] [thread 19551] [26.0] [cxt 0] Deparser 'deparser': end
[10:12:34.348] [bmv2] [D] [thread 19555] [26.0] [cxt 0] Transmitting packet of size 70 out of port 0
[10:12:34.523] [bmv2] [D] [thread 19550] [27.0] [cxt 0] Processing packet received on port 3
[10:12:34.523] [bmv2] [D] [thread 19550] [27.0] [cxt 0] Parser 'parser': start
[10:12:34.523] [bmv2] [D] [thread 19550] [27.0] [cxt 0] Parser 'parser' entering state 'start'
[10:12:34.523] [bmv2] [D] [thread 19550] [27.0] [cxt 0] Extracting header 'ethernet'
[10:12:34.523] [bmv2] [D] [thread 19550] [27.0] [cxt 0] Parser state 'start': key is 86dd
[10:12:34.523] [bmv2] [T] [thread 19550] [27.0] [cxt 0] Bytes parsed: 14
[10:12:34.523] [bmv2] [D] [thread 19550] [27.0] [cxt 0] Parser 'parser': end
[10:12:34.523] [bmv2] [D] [thread 19550] [27.0] [cxt 0] Pipeline 'ingress': start
[10:12:34.523] [bmv2] [T] [thread 19550] [27.0] [cxt 0] link_monitor.p4(162) Condition "hdr.probe.p1==1 && hdr.probe.p2==1" (node_2) is false
[10:12:34.523] [bmv2] [T] [thread 19550] [27.0] [cxt 0] link_monitor.p4(165) Condition "hdr.probe.p1==2 && hdr.probe.p2==1" (node_4) is false
[10:12:34.523] [bmv2] [T] [thread 19550] [27.0] [cxt 0] link_monitor.p4(168) Condition "hdr.probe.p1==1 && hdr.probe.p2==2" (node_6) is false
[10:12:34.523] [bmv2] [T] [thread 19550] [27.0] [cxt 0] link_monitor.p4(171) Condition "hdr.probe.p1==2 && hdr.probe.p2==2" (node_8) is false
[10:12:34.523] [bmv2] [D] [thread 19550] [27.0] [cxt 0] Pipeline 'ingress': end
[10:12:34.523] [bmv2] [D] [thread 19550] [27.0] [cxt 0] Egress port is 0
[10:12:34.523] [bmv2] [D] [thread 19551] [27.0] [cxt 0] Pipeline 'egress': start
[10:12:34.523] [bmv2] [D] [thread 19551] [27.0] [cxt 0] Pipeline 'egress': end
[10:12:34.523] [bmv2] [D] [thread 19551] [27.0] [cxt 0] Deparser 'deparser': start
[10:12:34.523] [bmv2] [T] [thread 19551] [27.0] [cxt 0] Skipping checksum 'cksum' update because condition not met
[10:12:34.523] [bmv2] [D] [thread 19551] [27.0] [cxt 0] Deparsing header 'ethernet'
[10:12:34.523] [bmv2] [D] [thread 19551] [27.0] [cxt 0] Deparser 'deparser': end
[10:12:34.523] [bmv2] [D] [thread 19555] [27.0] [cxt 0] Transmitting packet of size 70 out of port 0
[10:12:34.731] [bmv2] [D] [thread 19550] [28.0] [cxt 0] Processing packet received on port 2
[10:12:34.731] [bmv2] [D] [thread 19550] [28.0] [cxt 0] Parser 'parser': start
[10:12:34.731] [bmv2] [D] [thread 19550] [28.0] [cxt 0] Parser 'parser' entering state 'start'
[10:12:34.731] [bmv2] [D] [thread 19550] [28.0] [cxt 0] Extracting header 'ethernet'
[10:12:34.731] [bmv2] [D] [thread 19550] [28.0] [cxt 0] Parser state 'start': key is 86dd
[10:12:34.731] [bmv2] [T] [thread 19550] [28.0] [cxt 0] Bytes parsed: 14
[10:12:34.731] [bmv2] [D] [thread 19550] [28.0] [cxt 0] Parser 'parser': end
[10:12:34.731] [bmv2] [D] [thread 19550] [28.0] [cxt 0] Pipeline 'ingress': start
[10:12:34.731] [bmv2] [T] [thread 19550] [28.0] [cxt 0] link_monitor.p4(162) Condition "hdr.probe.p1==1 && hdr.probe.p2==1" (node_2) is false
[10:12:34.731] [bmv2] [T] [thread 19550] [28.0] [cxt 0] link_monitor.p4(165) Condition "hdr.probe.p1==2 && hdr.probe.p2==1" (node_4) is false
[10:12:34.731] [bmv2] [T] [thread 19550] [28.0] [cxt 0] link_monitor.p4(168) Condition "hdr.probe.p1==1 && hdr.probe.p2==2" (node_6) is false
[10:12:34.731] [bmv2] [T] [thread 19550] [28.0] [cxt 0] link_monitor.p4(171) Condition "hdr.probe.p1==2 && hdr.probe.p2==2" (node_8) is false
[10:12:34.731] [bmv2] [D] [thread 19550] [28.0] [cxt 0] Pipeline 'ingress': end
[10:12:34.731] [bmv2] [D] [thread 19550] [28.0] [cxt 0] Egress port is 0
[10:12:34.731] [bmv2] [D] [thread 19551] [28.0] [cxt 0] Pipeline 'egress': start
[10:12:34.731] [bmv2] [D] [thread 19551] [28.0] [cxt 0] Pipeline 'egress': end
[10:12:34.731] [bmv2] [D] [thread 19551] [28.0] [cxt 0] Deparser 'deparser': start
[10:12:34.731] [bmv2] [T] [thread 19551] [28.0] [cxt 0] Skipping checksum 'cksum' update because condition not met
[10:12:34.731] [bmv2] [D] [thread 19551] [28.0] [cxt 0] Deparsing header 'ethernet'
[10:12:34.731] [bmv2] [D] [thread 19551] [28.0] [cxt 0] Deparser 'deparser': end
[10:12:34.731] [bmv2] [D] [thread 19555] [28.0] [cxt 0] Transmitting packet of size 70 out of port 0
[10:12:34.931] [bmv2] [D] [thread 19550] [29.0] [cxt 0] Processing packet received on port 2
[10:12:34.931] [bmv2] [D] [thread 19550] [29.0] [cxt 0] Parser 'parser': start
[10:12:34.931] [bmv2] [D] [thread 19550] [29.0] [cxt 0] Parser 'parser' entering state 'start'
[10:12:34.931] [bmv2] [D] [thread 19550] [29.0] [cxt 0] Extracting header 'ethernet'
[10:12:34.931] [bmv2] [D] [thread 19550] [29.0] [cxt 0] Parser state 'start': key is 86dd
[10:12:34.931] [bmv2] [T] [thread 19550] [29.0] [cxt 0] Bytes parsed: 14
[10:12:34.931] [bmv2] [D] [thread 19550] [29.0] [cxt 0] Parser 'parser': end
[10:12:34.931] [bmv2] [D] [thread 19550] [29.0] [cxt 0] Pipeline 'ingress': start
[10:12:34.931] [bmv2] [T] [thread 19550] [29.0] [cxt 0] link_monitor.p4(162) Condition "hdr.probe.p1==1 && hdr.probe.p2==1" (node_2) is false
[10:12:34.931] [bmv2] [T] [thread 19550] [29.0] [cxt 0] link_monitor.p4(165) Condition "hdr.probe.p1==2 && hdr.probe.p2==1" (node_4) is false
[10:12:34.931] [bmv2] [T] [thread 19550] [29.0] [cxt 0] link_monitor.p4(168) Condition "hdr.probe.p1==1 && hdr.probe.p2==2" (node_6) is false
[10:12:34.931] [bmv2] [T] [thread 19550] [29.0] [cxt 0] link_monitor.p4(171) Condition "hdr.probe.p1==2 && hdr.probe.p2==2" (node_8) is false
[10:12:34.931] [bmv2] [D] [thread 19550] [29.0] [cxt 0] Pipeline 'ingress': end
[10:12:34.931] [bmv2] [D] [thread 19550] [29.0] [cxt 0] Egress port is 0
[10:12:34.932] [bmv2] [D] [thread 19551] [29.0] [cxt 0] Pipeline 'egress': start
[10:12:34.932] [bmv2] [D] [thread 19551] [29.0] [cxt 0] Pipeline 'egress': end
[10:12:34.932] [bmv2] [D] [thread 19551] [29.0] [cxt 0] Deparser 'deparser': start
[10:12:34.932] [bmv2] [T] [thread 19551] [29.0] [cxt 0] Skipping checksum 'cksum' update because condition not met
[10:12:34.932] [bmv2] [D] [thread 19551] [29.0] [cxt 0] Deparsing header 'ethernet'
[10:12:34.932] [bmv2] [D] [thread 19551] [29.0] [cxt 0] Deparser 'deparser': end
[10:12:34.932] [bmv2] [D] [thread 19555] [29.0] [cxt 0] Transmitting packet of size 70 out of port 0
[10:12:54.353] [bmv2] [D] [thread 19550] [30.0] [cxt 0] Processing packet received on port 1
[10:12:54.353] [bmv2] [D] [thread 19550] [30.0] [cxt 0] Parser 'parser': start
[10:12:54.353] [bmv2] [D] [thread 19550] [30.0] [cxt 0] Parser 'parser' entering state 'start'
[10:12:54.353] [bmv2] [D] [thread 19550] [30.0] [cxt 0] Extracting header 'ethernet'
[10:12:54.353] [bmv2] [D] [thread 19550] [30.0] [cxt 0] Parser state 'start': key is 0800
[10:12:54.353] [bmv2] [T] [thread 19550] [30.0] [cxt 0] Bytes parsed: 14
[10:12:54.353] [bmv2] [D] [thread 19550] [30.0] [cxt 0] Parser 'parser' entering state 'parse_ipv4'
[10:12:54.353] [bmv2] [D] [thread 19550] [30.0] [cxt 0] Extracting header 'ipv4'
[10:12:54.353] [bmv2] [D] [thread 19550] [30.0] [cxt 0] Parser state 'parse_ipv4': key is a0
[10:12:54.353] [bmv2] [T] [thread 19550] [30.0] [cxt 0] Bytes parsed: 34
[10:12:54.353] [bmv2] [D] [thread 19550] [30.0] [cxt 0] Parser 'parser' entering state 'parse_probe'
[10:12:54.353] [bmv2] [D] [thread 19550] [30.0] [cxt 0] Extracting header 'probe'
[10:12:54.353] [bmv2] [D] [thread 19550] [30.0] [cxt 0] Parser state 'parse_probe' has no switch, going to default next state
[10:12:54.353] [bmv2] [T] [thread 19550] [30.0] [cxt 0] Bytes parsed: 38
[10:12:54.353] [bmv2] [D] [thread 19550] [30.0] [cxt 0] Parser 'parser': end
[10:12:54.353] [bmv2] [D] [thread 19550] [30.0] [cxt 0] Pipeline 'ingress': start
[10:12:54.353] [bmv2] [T] [thread 19550] [30.0] [cxt 0] link_monitor.p4(162) Condition "hdr.probe.p1==1 && hdr.probe.p2==1" (node_2) is true
[10:12:54.353] [bmv2] [T] [thread 19550] [30.0] [cxt 0] Applying table 'MyIngress.ipv4_lpm1'
[10:12:54.353] [bmv2] [D] [thread 19550] [30.0] [cxt 0] Looking up key:
* hdr.ipv4.dstAddr    : 0a000202

[10:12:54.353] [bmv2] [D] [thread 19550] [30.0] [cxt 0] Table 'MyIngress.ipv4_lpm1': hit with handle 1
[10:12:54.353] [bmv2] [D] [thread 19550] [30.0] [cxt 0] Dumping entry 1
Match key:
* hdr.ipv4.dstAddr    : LPM       0a000202/32
Action entry: MyIngress.ipv4_forward - 80000000300,2,

[10:12:54.353] [bmv2] [D] [thread 19550] [30.0] [cxt 0] Action entry is MyIngress.ipv4_forward - 80000000300,2,
[10:12:54.353] [bmv2] [T] [thread 19550] [30.0] [cxt 0] Action MyIngress.ipv4_forward
[10:12:54.353] [bmv2] [T] [thread 19550] [30.0] [cxt 0] link_monitor.p4(106) Primitive standard_metadata.egress_spec = port
[10:12:54.353] [bmv2] [T] [thread 19550] [30.0] [cxt 0] link_monitor.p4(107) Primitive hdr.ethernet.srcAddr = hdr.ethernet.dstAddr
[10:12:54.353] [bmv2] [T] [thread 19550] [30.0] [cxt 0] link_monitor.p4(108) Primitive hdr.ethernet.dstAddr = dstAddr
[10:12:54.353] [bmv2] [T] [thread 19550] [30.0] [cxt 0] link_monitor.p4(109) Primitive hdr.ipv4.ttl = hdr.ipv4.ttl - 1
[10:12:54.353] [bmv2] [D] [thread 19550] [30.0] [cxt 0] Pipeline 'ingress': end
[10:12:54.353] [bmv2] [D] [thread 19550] [30.0] [cxt 0] Egress port is 2
[10:12:54.353] [bmv2] [D] [thread 19553] [30.0] [cxt 0] Pipeline 'egress': start
[10:12:54.353] [bmv2] [D] [thread 19553] [30.0] [cxt 0] Pipeline 'egress': end
[10:12:54.353] [bmv2] [D] [thread 19553] [30.0] [cxt 0] Deparser 'deparser': start
[10:12:54.353] [bmv2] [D] [thread 19553] [30.0] [cxt 0] Updating checksum 'cksum'
[10:12:54.353] [bmv2] [D] [thread 19553] [30.0] [cxt 0] Deparsing header 'ethernet'
[10:12:54.353] [bmv2] [D] [thread 19553] [30.0] [cxt 0] Deparsing header 'ipv4'
[10:12:54.353] [bmv2] [D] [thread 19553] [30.0] [cxt 0] Deparsing header 'probe'
[10:12:54.353] [bmv2] [D] [thread 19553] [30.0] [cxt 0] Deparser 'deparser': end
[10:12:54.353] [bmv2] [D] [thread 19555] [30.0] [cxt 0] Transmitting packet of size 40 out of port 2
[10:12:54.355] [bmv2] [D] [thread 19550] [31.0] [cxt 0] Processing packet received on port 2
[10:12:54.355] [bmv2] [D] [thread 19550] [31.0] [cxt 0] Parser 'parser': start
[10:12:54.355] [bmv2] [D] [thread 19550] [31.0] [cxt 0] Parser 'parser' entering state 'start'
[10:12:54.355] [bmv2] [D] [thread 19550] [31.0] [cxt 0] Extracting header 'ethernet'
[10:12:54.355] [bmv2] [D] [thread 19550] [31.0] [cxt 0] Parser state 'start': key is 0800
[10:12:54.355] [bmv2] [T] [thread 19550] [31.0] [cxt 0] Bytes parsed: 14
[10:12:54.355] [bmv2] [D] [thread 19550] [31.0] [cxt 0] Parser 'parser' entering state 'parse_ipv4'
[10:12:54.355] [bmv2] [D] [thread 19550] [31.0] [cxt 0] Extracting header 'ipv4'
[10:12:54.355] [bmv2] [D] [thread 19550] [31.0] [cxt 0] Parser state 'parse_ipv4': key is 01
[10:12:54.355] [bmv2] [T] [thread 19550] [31.0] [cxt 0] Bytes parsed: 34
[10:12:54.355] [bmv2] [D] [thread 19550] [31.0] [cxt 0] Parser 'parser': end
[10:12:54.355] [bmv2] [D] [thread 19550] [31.0] [cxt 0] Pipeline 'ingress': start
[10:12:54.355] [bmv2] [T] [thread 19550] [31.0] [cxt 0] link_monitor.p4(162) Condition "hdr.probe.p1==1 && hdr.probe.p2==1" (node_2) is true
[10:12:54.355] [bmv2] [T] [thread 19550] [31.0] [cxt 0] Applying table 'MyIngress.ipv4_lpm1'
[10:12:54.355] [bmv2] [D] [thread 19550] [31.0] [cxt 0] Looking up key:
* hdr.ipv4.dstAddr    : 0a000101

[10:12:54.355] [bmv2] [D] [thread 19550] [31.0] [cxt 0] Table 'MyIngress.ipv4_lpm1': hit with handle 0
[10:12:54.355] [bmv2] [D] [thread 19550] [31.0] [cxt 0] Dumping entry 0
Match key:
* hdr.ipv4.dstAddr    : LPM       0a000101/32
Action entry: MyIngress.ipv4_forward - 80000000000,1,

[10:12:54.355] [bmv2] [D] [thread 19550] [31.0] [cxt 0] Action entry is MyIngress.ipv4_forward - 80000000000,1,
[10:12:54.355] [bmv2] [T] [thread 19550] [31.0] [cxt 0] Action MyIngress.ipv4_forward
[10:12:54.355] [bmv2] [T] [thread 19550] [31.0] [cxt 0] link_monitor.p4(106) Primitive standard_metadata.egress_spec = port
[10:12:54.355] [bmv2] [T] [thread 19550] [31.0] [cxt 0] link_monitor.p4(107) Primitive hdr.ethernet.srcAddr = hdr.ethernet.dstAddr
[10:12:54.355] [bmv2] [T] [thread 19550] [31.0] [cxt 0] link_monitor.p4(108) Primitive hdr.ethernet.dstAddr = dstAddr
[10:12:54.355] [bmv2] [T] [thread 19550] [31.0] [cxt 0] link_monitor.p4(109) Primitive hdr.ipv4.ttl = hdr.ipv4.ttl - 1
[10:12:54.355] [bmv2] [D] [thread 19550] [31.0] [cxt 0] Pipeline 'ingress': end
[10:12:54.355] [bmv2] [D] [thread 19550] [31.0] [cxt 0] Egress port is 1
[10:12:54.355] [bmv2] [D] [thread 19552] [31.0] [cxt 0] Pipeline 'egress': start
[10:12:54.355] [bmv2] [D] [thread 19552] [31.0] [cxt 0] Pipeline 'egress': end
[10:12:54.355] [bmv2] [D] [thread 19552] [31.0] [cxt 0] Deparser 'deparser': start
[10:12:54.355] [bmv2] [D] [thread 19552] [31.0] [cxt 0] Updating checksum 'cksum'
[10:12:54.355] [bmv2] [D] [thread 19552] [31.0] [cxt 0] Deparsing header 'ethernet'
[10:12:54.355] [bmv2] [D] [thread 19552] [31.0] [cxt 0] Deparsing header 'ipv4'
[10:12:54.355] [bmv2] [D] [thread 19552] [31.0] [cxt 0] Deparser 'deparser': end
[10:12:54.355] [bmv2] [D] [thread 19555] [31.0] [cxt 0] Transmitting packet of size 68 out of port 1
[10:14:53.960] [bmv2] [D] [thread 19550] [32.0] [cxt 0] Processing packet received on port 1
[10:14:53.961] [bmv2] [D] [thread 19550] [32.0] [cxt 0] Parser 'parser': start
[10:14:53.961] [bmv2] [D] [thread 19550] [32.0] [cxt 0] Parser 'parser' entering state 'start'
[10:14:53.961] [bmv2] [D] [thread 19550] [32.0] [cxt 0] Extracting header 'ethernet'
[10:14:53.961] [bmv2] [D] [thread 19550] [32.0] [cxt 0] Parser state 'start': key is 0800
[10:14:53.961] [bmv2] [T] [thread 19550] [32.0] [cxt 0] Bytes parsed: 14
[10:14:53.961] [bmv2] [D] [thread 19550] [32.0] [cxt 0] Parser 'parser' entering state 'parse_ipv4'
[10:14:53.961] [bmv2] [D] [thread 19550] [32.0] [cxt 0] Extracting header 'ipv4'
[10:14:53.961] [bmv2] [D] [thread 19550] [32.0] [cxt 0] Parser state 'parse_ipv4': key is a0
[10:14:53.961] [bmv2] [T] [thread 19550] [32.0] [cxt 0] Bytes parsed: 34
[10:14:53.961] [bmv2] [D] [thread 19550] [32.0] [cxt 0] Parser 'parser' entering state 'parse_probe'
[10:14:53.961] [bmv2] [D] [thread 19550] [32.0] [cxt 0] Extracting header 'probe'
[10:14:53.961] [bmv2] [D] [thread 19550] [32.0] [cxt 0] Parser state 'parse_probe' has no switch, going to default next state
[10:14:53.961] [bmv2] [T] [thread 19550] [32.0] [cxt 0] Bytes parsed: 38
[10:14:53.961] [bmv2] [D] [thread 19550] [32.0] [cxt 0] Parser 'parser': end
[10:14:53.961] [bmv2] [D] [thread 19550] [32.0] [cxt 0] Pipeline 'ingress': start
[10:14:53.961] [bmv2] [T] [thread 19550] [32.0] [cxt 0] link_monitor.p4(162) Condition "hdr.probe.p1==1 && hdr.probe.p2==1" (node_2) is false
[10:14:53.961] [bmv2] [T] [thread 19550] [32.0] [cxt 0] link_monitor.p4(165) Condition "hdr.probe.p1==2 && hdr.probe.p2==1" (node_4) is false
[10:14:53.961] [bmv2] [T] [thread 19550] [32.0] [cxt 0] link_monitor.p4(168) Condition "hdr.probe.p1==1 && hdr.probe.p2==2" (node_6) is true
[10:14:53.961] [bmv2] [T] [thread 19550] [32.0] [cxt 0] Applying table 'MyIngress.ipv4_lpm3'
[10:14:53.961] [bmv2] [D] [thread 19550] [32.0] [cxt 0] Looking up key:
* hdr.ipv4.dstAddr    : 0a000202

[10:14:53.961] [bmv2] [D] [thread 19550] [32.0] [cxt 0] Table 'MyIngress.ipv4_lpm3': hit with handle 1
[10:14:53.961] [bmv2] [D] [thread 19550] [32.0] [cxt 0] Dumping entry 1
Match key:
* hdr.ipv4.dstAddr    : LPM       0a000202/32
Action entry: MyIngress.ipv4_forward - 80000000500,3,

[10:14:53.961] [bmv2] [D] [thread 19550] [32.0] [cxt 0] Action entry is MyIngress.ipv4_forward - 80000000500,3,
[10:14:53.961] [bmv2] [T] [thread 19550] [32.0] [cxt 0] Action MyIngress.ipv4_forward
[10:14:53.961] [bmv2] [T] [thread 19550] [32.0] [cxt 0] link_monitor.p4(106) Primitive standard_metadata.egress_spec = port
[10:14:53.961] [bmv2] [T] [thread 19550] [32.0] [cxt 0] link_monitor.p4(107) Primitive hdr.ethernet.srcAddr = hdr.ethernet.dstAddr
[10:14:53.961] [bmv2] [T] [thread 19550] [32.0] [cxt 0] link_monitor.p4(108) Primitive hdr.ethernet.dstAddr = dstAddr
[10:14:53.961] [bmv2] [T] [thread 19550] [32.0] [cxt 0] link_monitor.p4(109) Primitive hdr.ipv4.ttl = hdr.ipv4.ttl - 1
[10:14:53.961] [bmv2] [D] [thread 19550] [32.0] [cxt 0] Pipeline 'ingress': end
[10:14:53.961] [bmv2] [D] [thread 19550] [32.0] [cxt 0] Egress port is 3
[10:14:53.961] [bmv2] [D] [thread 19554] [32.0] [cxt 0] Pipeline 'egress': start
[10:14:53.961] [bmv2] [D] [thread 19554] [32.0] [cxt 0] Pipeline 'egress': end
[10:14:53.961] [bmv2] [D] [thread 19554] [32.0] [cxt 0] Deparser 'deparser': start
[10:14:53.961] [bmv2] [D] [thread 19554] [32.0] [cxt 0] Updating checksum 'cksum'
[10:14:53.961] [bmv2] [D] [thread 19554] [32.0] [cxt 0] Deparsing header 'ethernet'
[10:14:53.961] [bmv2] [D] [thread 19554] [32.0] [cxt 0] Deparsing header 'ipv4'
[10:14:53.961] [bmv2] [D] [thread 19554] [32.0] [cxt 0] Deparsing header 'probe'
[10:14:53.961] [bmv2] [D] [thread 19554] [32.0] [cxt 0] Deparser 'deparser': end
[10:14:53.961] [bmv2] [D] [thread 19555] [32.0] [cxt 0] Transmitting packet of size 40 out of port 3
[10:14:53.964] [bmv2] [D] [thread 19550] [33.0] [cxt 0] Processing packet received on port 3
[10:14:53.964] [bmv2] [D] [thread 19550] [33.0] [cxt 0] Parser 'parser': start
[10:14:53.964] [bmv2] [D] [thread 19550] [33.0] [cxt 0] Parser 'parser' entering state 'start'
[10:14:53.964] [bmv2] [D] [thread 19550] [33.0] [cxt 0] Extracting header 'ethernet'
[10:14:53.964] [bmv2] [D] [thread 19550] [33.0] [cxt 0] Parser state 'start': key is 0800
[10:14:53.964] [bmv2] [T] [thread 19550] [33.0] [cxt 0] Bytes parsed: 14
[10:14:53.964] [bmv2] [D] [thread 19550] [33.0] [cxt 0] Parser 'parser' entering state 'parse_ipv4'
[10:14:53.964] [bmv2] [D] [thread 19550] [33.0] [cxt 0] Extracting header 'ipv4'
[10:14:53.964] [bmv2] [D] [thread 19550] [33.0] [cxt 0] Parser state 'parse_ipv4': key is 01
[10:14:53.964] [bmv2] [T] [thread 19550] [33.0] [cxt 0] Bytes parsed: 34
[10:14:53.964] [bmv2] [D] [thread 19550] [33.0] [cxt 0] Parser 'parser': end
[10:14:53.964] [bmv2] [D] [thread 19550] [33.0] [cxt 0] Pipeline 'ingress': start
[10:14:53.964] [bmv2] [T] [thread 19550] [33.0] [cxt 0] link_monitor.p4(162) Condition "hdr.probe.p1==1 && hdr.probe.p2==1" (node_2) is false
[10:14:53.964] [bmv2] [T] [thread 19550] [33.0] [cxt 0] link_monitor.p4(165) Condition "hdr.probe.p1==2 && hdr.probe.p2==1" (node_4) is false
[10:14:53.964] [bmv2] [T] [thread 19550] [33.0] [cxt 0] link_monitor.p4(168) Condition "hdr.probe.p1==1 && hdr.probe.p2==2" (node_6) is true
[10:14:53.964] [bmv2] [T] [thread 19550] [33.0] [cxt 0] Applying table 'MyIngress.ipv4_lpm3'
[10:14:53.964] [bmv2] [D] [thread 19550] [33.0] [cxt 0] Looking up key:
* hdr.ipv4.dstAddr    : 0a000101

[10:14:53.964] [bmv2] [D] [thread 19550] [33.0] [cxt 0] Table 'MyIngress.ipv4_lpm3': hit with handle 0
[10:14:53.964] [bmv2] [D] [thread 19550] [33.0] [cxt 0] Dumping entry 0
Match key:
* hdr.ipv4.dstAddr    : LPM       0a000101/32
Action entry: MyIngress.ipv4_forward - 80000000000,1,

[10:14:53.964] [bmv2] [D] [thread 19550] [33.0] [cxt 0] Action entry is MyIngress.ipv4_forward - 80000000000,1,
[10:14:53.964] [bmv2] [T] [thread 19550] [33.0] [cxt 0] Action MyIngress.ipv4_forward
[10:14:53.964] [bmv2] [T] [thread 19550] [33.0] [cxt 0] link_monitor.p4(106) Primitive standard_metadata.egress_spec = port
[10:14:53.964] [bmv2] [T] [thread 19550] [33.0] [cxt 0] link_monitor.p4(107) Primitive hdr.ethernet.srcAddr = hdr.ethernet.dstAddr
[10:14:53.964] [bmv2] [T] [thread 19550] [33.0] [cxt 0] link_monitor.p4(108) Primitive hdr.ethernet.dstAddr = dstAddr
[10:14:53.964] [bmv2] [T] [thread 19550] [33.0] [cxt 0] link_monitor.p4(109) Primitive hdr.ipv4.ttl = hdr.ipv4.ttl - 1
[10:14:53.964] [bmv2] [D] [thread 19550] [33.0] [cxt 0] Pipeline 'ingress': end
[10:14:53.964] [bmv2] [D] [thread 19550] [33.0] [cxt 0] Egress port is 1
[10:14:53.965] [bmv2] [D] [thread 19552] [33.0] [cxt 0] Pipeline 'egress': start
[10:14:53.965] [bmv2] [D] [thread 19552] [33.0] [cxt 0] Pipeline 'egress': end
[10:14:53.965] [bmv2] [D] [thread 19552] [33.0] [cxt 0] Deparser 'deparser': start
[10:14:53.965] [bmv2] [D] [thread 19552] [33.0] [cxt 0] Updating checksum 'cksum'
[10:14:53.965] [bmv2] [D] [thread 19552] [33.0] [cxt 0] Deparsing header 'ethernet'
[10:14:53.965] [bmv2] [D] [thread 19552] [33.0] [cxt 0] Deparsing header 'ipv4'
[10:14:53.965] [bmv2] [D] [thread 19552] [33.0] [cxt 0] Deparser 'deparser': end
[10:14:53.965] [bmv2] [D] [thread 19555] [33.0] [cxt 0] Transmitting packet of size 68 out of port 1
open: No such file or directory
open: No such file or directory
open: No such file or directory
open: No such file or directory
