Calling target program-options parser
[10:12:27.506] [bmv2] [D] [thread 19601] Set default default entry for table 'MyIngress.ipv4_lpm1': MyIngress.drop - 
[10:12:27.506] [bmv2] [D] [thread 19601] Set default default entry for table 'MyIngress.ipv4_lpm2': MyIngress.drop - 
[10:12:27.506] [bmv2] [D] [thread 19601] Set default default entry for table 'MyIngress.ipv4_lpm3': MyIngress.drop - 
[10:12:27.506] [bmv2] [D] [thread 19601] Set default default entry for table 'MyIngress.ipv4_lpm4': MyIngress.drop - 
Adding interface s4-eth1 as port 1
[10:12:27.507] [bmv2] [D] [thread 19601] Adding interface s4-eth1 as port 1
Adding interface s4-eth2 as port 2
[10:12:27.531] [bmv2] [D] [thread 19601] Adding interface s4-eth2 as port 2
I0221 10:12:27.556135840   19601 server_builder.cc:247]      Synchronous server. Num CQs: 1, Min pollers: 1, Max Pollers: 2147483647, CQ timeout (msec): 1000
Server listening on 0.0.0.0:50055
[10:12:27.560] [bmv2] [I] [thread 19601] Starting Thrift server on port 9094
[10:12:27.560] [bmv2] [I] [thread 19601] Thrift server was started
[10:12:27.815] [bmv2] [D] [thread 19609] [0.0] [cxt 0] Processing packet received on port 2
[10:12:27.815] [bmv2] [D] [thread 19609] [0.0] [cxt 0] Parser 'parser': start
[10:12:27.815] [bmv2] [D] [thread 19609] [0.0] [cxt 0] Parser 'parser' entering state 'start'
[10:12:27.815] [bmv2] [D] [thread 19609] [0.0] [cxt 0] Extracting header 'ethernet'
[10:12:27.815] [bmv2] [D] [thread 19609] [0.0] [cxt 0] Parser state 'start': key is 86dd
[10:12:27.815] [bmv2] [T] [thread 19609] [0.0] [cxt 0] Bytes parsed: 14
[10:12:27.815] [bmv2] [D] [thread 19609] [0.0] [cxt 0] Parser 'parser': end
[10:12:27.815] [bmv2] [D] [thread 19609] [0.0] [cxt 0] Pipeline 'ingress': start
[10:12:27.815] [bmv2] [T] [thread 19609] [0.0] [cxt 0] link_monitor.p4(162) Condition "hdr.probe.p1==1 && hdr.probe.p2==1" (node_2) is false
[10:12:27.815] [bmv2] [T] [thread 19609] [0.0] [cxt 0] link_monitor.p4(165) Condition "hdr.probe.p1==2 && hdr.probe.p2==1" (node_4) is false
[10:12:27.815] [bmv2] [T] [thread 19609] [0.0] [cxt 0] link_monitor.p4(168) Condition "hdr.probe.p1==1 && hdr.probe.p2==2" (node_6) is false
[10:12:27.815] [bmv2] [T] [thread 19609] [0.0] [cxt 0] link_monitor.p4(171) Condition "hdr.probe.p1==2 && hdr.probe.p2==2" (node_8) is false
[10:12:27.815] [bmv2] [D] [thread 19609] [0.0] [cxt 0] Pipeline 'ingress': end
[10:12:27.815] [bmv2] [D] [thread 19609] [0.0] [cxt 0] Egress port is 0
[10:12:27.815] [bmv2] [D] [thread 19610] [0.0] [cxt 0] Pipeline 'egress': start
[10:12:27.815] [bmv2] [D] [thread 19610] [0.0] [cxt 0] Pipeline 'egress': end
[10:12:27.815] [bmv2] [D] [thread 19610] [0.0] [cxt 0] Deparser 'deparser': start
[10:12:27.815] [bmv2] [T] [thread 19610] [0.0] [cxt 0] Skipping checksum 'cksum' update because condition not met
[10:12:27.815] [bmv2] [D] [thread 19610] [0.0] [cxt 0] Deparsing header 'ethernet'
[10:12:27.815] [bmv2] [D] [thread 19610] [0.0] [cxt 0] Deparser 'deparser': end
[10:12:27.815] [bmv2] [D] [thread 19614] [0.0] [cxt 0] Transmitting packet of size 90 out of port 0
New connection
P4Runtime SetForwardingPipelineConfig
[10:12:29.717] [bmv2] [W] [thread 19693] [P4Runtime] p4::tmp::P4DeviceConfig is deprecated
[10:12:29.718] [bmv2] [D] [thread 19693] Set default default entry for table 'MyIngress.ipv4_lpm1': MyIngress.drop - 
[10:12:29.718] [bmv2] [D] [thread 19693] Set default default entry for table 'MyIngress.ipv4_lpm2': MyIngress.drop - 
[10:12:29.718] [bmv2] [D] [thread 19693] Set default default entry for table 'MyIngress.ipv4_lpm3': MyIngress.drop - 
[10:12:29.718] [bmv2] [D] [thread 19693] Set default default entry for table 'MyIngress.ipv4_lpm4': MyIngress.drop - 
P4Runtime Write
device_id: 4
election_id {
  low: 1
}
updates {
  type: MODIFY
  entity {
    table_entry {
      table_id: 33612566
      action {
        action {
          action_id: 16805608
        }
      }
      is_default_action: true
    }
  }
}
[10:12:29.728] [bmv2] [D] [thread 19693] Set default entry for table 'MyIngress.ipv4_lpm4': MyIngress.drop - 
P4Runtime Write
device_id: 4
election_id {
  low: 1
}
updates {
  type: INSERT
  entity {
    table_entry {
      table_id: 33612566
      match {
        field_id: 1
        lpm {
          value: "\n\000\001\001"
          prefix_len: 32
        }
      }
      action {
        action {
          action_id: 16799317
          params {
            param_id: 1
            value: "\010\000\000\000\002\000"
          }
          params {
            param_id: 2
            value: "\000\001"
          }
        }
      }
    }
  }
}
[10:12:29.730] [bmv2] [D] [thread 19694] Entry 0 added to table 'MyIngress.ipv4_lpm4'
[10:12:29.730] [bmv2] [D] [thread 19694] Dumping entry 0
Match key:
* hdr.ipv4.dstAddr    : LPM       0a000101/32
Action entry: MyIngress.ipv4_forward - 80000000200,1,

P4Runtime Write
device_id: 4
election_id {
  low: 1
}
updates {
  type: INSERT
  entity {
    table_entry {
      table_id: 33612566
      match {
        field_id: 1
        lpm {
          value: "\n\000\002\002"
          prefix_len: 32
        }
      }
      action {
        action {
          action_id: 16799317
          params {
            param_id: 1
            value: "\010\000\000\000\005\000"
          }
          params {
            param_id: 2
            value: "\000\002"
          }
        }
      }
    }
  }
}
[10:12:29.731] [bmv2] [D] [thread 19693] Entry 1 added to table 'MyIngress.ipv4_lpm4'
[10:12:29.731] [bmv2] [D] [thread 19693] Dumping entry 1
Match key:
* hdr.ipv4.dstAddr    : LPM       0a000202/32
Action entry: MyIngress.ipv4_forward - 80000000500,2,

Connection removed
[10:12:30.939] [bmv2] [D] [thread 19609] [1.0] [cxt 0] Processing packet received on port 1
[10:12:30.939] [bmv2] [D] [thread 19609] [1.0] [cxt 0] Parser 'parser': start
[10:12:30.939] [bmv2] [D] [thread 19609] [1.0] [cxt 0] Parser 'parser' entering state 'start'
[10:12:30.939] [bmv2] [D] [thread 19609] [1.0] [cxt 0] Extracting header 'ethernet'
[10:12:30.939] [bmv2] [D] [thread 19609] [1.0] [cxt 0] Parser state 'start': key is 86dd
[10:12:30.939] [bmv2] [T] [thread 19609] [1.0] [cxt 0] Bytes parsed: 14
[10:12:30.939] [bmv2] [D] [thread 19609] [1.0] [cxt 0] Parser 'parser': end
[10:12:30.939] [bmv2] [D] [thread 19609] [1.0] [cxt 0] Pipeline 'ingress': start
[10:12:30.939] [bmv2] [T] [thread 19609] [1.0] [cxt 0] link_monitor.p4(162) Condition "hdr.probe.p1==1 && hdr.probe.p2==1" (node_2) is false
[10:12:30.939] [bmv2] [T] [thread 19609] [1.0] [cxt 0] link_monitor.p4(165) Condition "hdr.probe.p1==2 && hdr.probe.p2==1" (node_4) is false
[10:12:30.939] [bmv2] [T] [thread 19609] [1.0] [cxt 0] link_monitor.p4(168) Condition "hdr.probe.p1==1 && hdr.probe.p2==2" (node_6) is false
[10:12:30.939] [bmv2] [T] [thread 19609] [1.0] [cxt 0] link_monitor.p4(171) Condition "hdr.probe.p1==2 && hdr.probe.p2==2" (node_8) is false
[10:12:30.939] [bmv2] [D] [thread 19609] [1.0] [cxt 0] Pipeline 'ingress': end
[10:12:30.939] [bmv2] [D] [thread 19609] [1.0] [cxt 0] Egress port is 0
[10:12:30.939] [bmv2] [D] [thread 19610] [1.0] [cxt 0] Pipeline 'egress': start
[10:12:30.939] [bmv2] [D] [thread 19610] [1.0] [cxt 0] Pipeline 'egress': end
[10:12:30.940] [bmv2] [D] [thread 19610] [1.0] [cxt 0] Deparser 'deparser': start
[10:12:30.940] [bmv2] [T] [thread 19610] [1.0] [cxt 0] Skipping checksum 'cksum' update because condition not met
[10:12:30.940] [bmv2] [D] [thread 19610] [1.0] [cxt 0] Deparsing header 'ethernet'
[10:12:30.940] [bmv2] [D] [thread 19610] [1.0] [cxt 0] Deparser 'deparser': end
[10:12:30.940] [bmv2] [D] [thread 19614] [1.0] [cxt 0] Transmitting packet of size 70 out of port 0
[10:12:31.139] [bmv2] [D] [thread 19609] [2.0] [cxt 0] Processing packet received on port 1
[10:12:31.139] [bmv2] [D] [thread 19609] [2.0] [cxt 0] Parser 'parser': start
[10:12:31.139] [bmv2] [D] [thread 19609] [2.0] [cxt 0] Parser 'parser' entering state 'start'
[10:12:31.139] [bmv2] [D] [thread 19609] [2.0] [cxt 0] Extracting header 'ethernet'
[10:12:31.139] [bmv2] [D] [thread 19609] [2.0] [cxt 0] Parser state 'start': key is 86dd
[10:12:31.139] [bmv2] [T] [thread 19609] [2.0] [cxt 0] Bytes parsed: 14
[10:12:31.139] [bmv2] [D] [thread 19609] [2.0] [cxt 0] Parser 'parser': end
[10:12:31.139] [bmv2] [D] [thread 19609] [2.0] [cxt 0] Pipeline 'ingress': start
[10:12:31.139] [bmv2] [T] [thread 19609] [2.0] [cxt 0] link_monitor.p4(162) Condition "hdr.probe.p1==1 && hdr.probe.p2==1" (node_2) is false
[10:12:31.139] [bmv2] [T] [thread 19609] [2.0] [cxt 0] link_monitor.p4(165) Condition "hdr.probe.p1==2 && hdr.probe.p2==1" (node_4) is false
[10:12:31.139] [bmv2] [T] [thread 19609] [2.0] [cxt 0] link_monitor.p4(168) Condition "hdr.probe.p1==1 && hdr.probe.p2==2" (node_6) is false
[10:12:31.139] [bmv2] [T] [thread 19609] [2.0] [cxt 0] link_monitor.p4(171) Condition "hdr.probe.p1==2 && hdr.probe.p2==2" (node_8) is false
[10:12:31.139] [bmv2] [D] [thread 19609] [2.0] [cxt 0] Pipeline 'ingress': end
[10:12:31.139] [bmv2] [D] [thread 19609] [2.0] [cxt 0] Egress port is 0
[10:12:31.140] [bmv2] [D] [thread 19610] [2.0] [cxt 0] Pipeline 'egress': start
[10:12:31.140] [bmv2] [D] [thread 19610] [2.0] [cxt 0] Pipeline 'egress': end
[10:12:31.140] [bmv2] [D] [thread 19610] [2.0] [cxt 0] Deparser 'deparser': start
[10:12:31.140] [bmv2] [T] [thread 19610] [2.0] [cxt 0] Skipping checksum 'cksum' update because condition not met
[10:12:31.140] [bmv2] [D] [thread 19610] [2.0] [cxt 0] Deparsing header 'ethernet'
[10:12:31.140] [bmv2] [D] [thread 19610] [2.0] [cxt 0] Deparser 'deparser': end
[10:12:31.140] [bmv2] [D] [thread 19614] [2.0] [cxt 0] Transmitting packet of size 70 out of port 0
[10:12:31.184] [bmv2] [D] [thread 19609] [3.0] [cxt 0] Processing packet received on port 2
[10:12:31.185] [bmv2] [D] [thread 19609] [3.0] [cxt 0] Parser 'parser': start
[10:12:31.185] [bmv2] [D] [thread 19609] [3.0] [cxt 0] Parser 'parser' entering state 'start'
[10:12:31.185] [bmv2] [D] [thread 19609] [3.0] [cxt 0] Extracting header 'ethernet'
[10:12:31.185] [bmv2] [D] [thread 19609] [3.0] [cxt 0] Parser state 'start': key is 86dd
[10:12:31.185] [bmv2] [T] [thread 19609] [3.0] [cxt 0] Bytes parsed: 14
[10:12:31.185] [bmv2] [D] [thread 19609] [3.0] [cxt 0] Parser 'parser': end
[10:12:31.185] [bmv2] [D] [thread 19609] [3.0] [cxt 0] Pipeline 'ingress': start
[10:12:31.185] [bmv2] [T] [thread 19609] [3.0] [cxt 0] link_monitor.p4(162) Condition "hdr.probe.p1==1 && hdr.probe.p2==1" (node_2) is false
[10:12:31.185] [bmv2] [T] [thread 19609] [3.0] [cxt 0] link_monitor.p4(165) Condition "hdr.probe.p1==2 && hdr.probe.p2==1" (node_4) is false
[10:12:31.185] [bmv2] [T] [thread 19609] [3.0] [cxt 0] link_monitor.p4(168) Condition "hdr.probe.p1==1 && hdr.probe.p2==2" (node_6) is false
[10:12:31.185] [bmv2] [T] [thread 19609] [3.0] [cxt 0] link_monitor.p4(171) Condition "hdr.probe.p1==2 && hdr.probe.p2==2" (node_8) is false
[10:12:31.185] [bmv2] [D] [thread 19609] [3.0] [cxt 0] Pipeline 'ingress': end
[10:12:31.185] [bmv2] [D] [thread 19609] [3.0] [cxt 0] Egress port is 0
[10:12:31.185] [bmv2] [D] [thread 19610] [3.0] [cxt 0] Pipeline 'egress': start
[10:12:31.185] [bmv2] [D] [thread 19610] [3.0] [cxt 0] Pipeline 'egress': end
[10:12:31.185] [bmv2] [D] [thread 19610] [3.0] [cxt 0] Deparser 'deparser': start
[10:12:31.185] [bmv2] [T] [thread 19610] [3.0] [cxt 0] Skipping checksum 'cksum' update because condition not met
[10:12:31.185] [bmv2] [D] [thread 19610] [3.0] [cxt 0] Deparsing header 'ethernet'
[10:12:31.185] [bmv2] [D] [thread 19610] [3.0] [cxt 0] Deparser 'deparser': end
[10:12:31.185] [bmv2] [D] [thread 19614] [3.0] [cxt 0] Transmitting packet of size 70 out of port 0
[10:12:31.215] [bmv2] [D] [thread 19609] [4.0] [cxt 0] Processing packet received on port 2
[10:12:31.215] [bmv2] [D] [thread 19609] [4.0] [cxt 0] Parser 'parser': start
[10:12:31.215] [bmv2] [D] [thread 19609] [4.0] [cxt 0] Parser 'parser' entering state 'start'
[10:12:31.215] [bmv2] [D] [thread 19609] [4.0] [cxt 0] Extracting header 'ethernet'
[10:12:31.215] [bmv2] [D] [thread 19609] [4.0] [cxt 0] Parser state 'start': key is 86dd
[10:12:31.215] [bmv2] [T] [thread 19609] [4.0] [cxt 0] Bytes parsed: 14
[10:12:31.215] [bmv2] [D] [thread 19609] [4.0] [cxt 0] Parser 'parser': end
[10:12:31.215] [bmv2] [D] [thread 19609] [4.0] [cxt 0] Pipeline 'ingress': start
[10:12:31.215] [bmv2] [T] [thread 19609] [4.0] [cxt 0] link_monitor.p4(162) Condition "hdr.probe.p1==1 && hdr.probe.p2==1" (node_2) is false
[10:12:31.215] [bmv2] [T] [thread 19609] [4.0] [cxt 0] link_monitor.p4(165) Condition "hdr.probe.p1==2 && hdr.probe.p2==1" (node_4) is false
[10:12:31.215] [bmv2] [T] [thread 19609] [4.0] [cxt 0] link_monitor.p4(168) Condition "hdr.probe.p1==1 && hdr.probe.p2==2" (node_6) is false
[10:12:31.215] [bmv2] [T] [thread 19609] [4.0] [cxt 0] link_monitor.p4(171) Condition "hdr.probe.p1==2 && hdr.probe.p2==2" (node_8) is false
[10:12:31.215] [bmv2] [D] [thread 19609] [4.0] [cxt 0] Pipeline 'ingress': end
[10:12:31.215] [bmv2] [D] [thread 19609] [4.0] [cxt 0] Egress port is 0
[10:12:31.215] [bmv2] [D] [thread 19610] [4.0] [cxt 0] Pipeline 'egress': start
[10:12:31.215] [bmv2] [D] [thread 19610] [4.0] [cxt 0] Pipeline 'egress': end
[10:12:31.215] [bmv2] [D] [thread 19610] [4.0] [cxt 0] Deparser 'deparser': start
[10:12:31.215] [bmv2] [T] [thread 19610] [4.0] [cxt 0] Skipping checksum 'cksum' update because condition not met
[10:12:31.215] [bmv2] [D] [thread 19610] [4.0] [cxt 0] Deparsing header 'ethernet'
[10:12:31.215] [bmv2] [D] [thread 19610] [4.0] [cxt 0] Deparser 'deparser': end
[10:12:31.215] [bmv2] [D] [thread 19614] [4.0] [cxt 0] Transmitting packet of size 70 out of port 0
[10:12:34.947] [bmv2] [D] [thread 19609] [5.0] [cxt 0] Processing packet received on port 1
[10:12:34.947] [bmv2] [D] [thread 19609] [5.0] [cxt 0] Parser 'parser': start
[10:12:34.947] [bmv2] [D] [thread 19609] [5.0] [cxt 0] Parser 'parser' entering state 'start'
[10:12:34.947] [bmv2] [D] [thread 19609] [5.0] [cxt 0] Extracting header 'ethernet'
[10:12:34.947] [bmv2] [D] [thread 19609] [5.0] [cxt 0] Parser state 'start': key is 86dd
[10:12:34.947] [bmv2] [T] [thread 19609] [5.0] [cxt 0] Bytes parsed: 14
[10:12:34.947] [bmv2] [D] [thread 19609] [5.0] [cxt 0] Parser 'parser': end
[10:12:34.947] [bmv2] [D] [thread 19609] [5.0] [cxt 0] Pipeline 'ingress': start
[10:12:34.947] [bmv2] [T] [thread 19609] [5.0] [cxt 0] link_monitor.p4(162) Condition "hdr.probe.p1==1 && hdr.probe.p2==1" (node_2) is false
[10:12:34.947] [bmv2] [T] [thread 19609] [5.0] [cxt 0] link_monitor.p4(165) Condition "hdr.probe.p1==2 && hdr.probe.p2==1" (node_4) is false
[10:12:34.947] [bmv2] [T] [thread 19609] [5.0] [cxt 0] link_monitor.p4(168) Condition "hdr.probe.p1==1 && hdr.probe.p2==2" (node_6) is false
[10:12:34.947] [bmv2] [T] [thread 19609] [5.0] [cxt 0] link_monitor.p4(171) Condition "hdr.probe.p1==2 && hdr.probe.p2==2" (node_8) is false
[10:12:34.947] [bmv2] [D] [thread 19609] [5.0] [cxt 0] Pipeline 'ingress': end
[10:12:34.947] [bmv2] [D] [thread 19609] [5.0] [cxt 0] Egress port is 0
[10:12:34.947] [bmv2] [D] [thread 19610] [5.0] [cxt 0] Pipeline 'egress': start
[10:12:34.947] [bmv2] [D] [thread 19610] [5.0] [cxt 0] Pipeline 'egress': end
[10:12:34.947] [bmv2] [D] [thread 19610] [5.0] [cxt 0] Deparser 'deparser': start
[10:12:34.947] [bmv2] [T] [thread 19610] [5.0] [cxt 0] Skipping checksum 'cksum' update because condition not met
[10:12:34.947] [bmv2] [D] [thread 19610] [5.0] [cxt 0] Deparsing header 'ethernet'
[10:12:34.947] [bmv2] [D] [thread 19610] [5.0] [cxt 0] Deparser 'deparser': end
[10:12:34.947] [bmv2] [D] [thread 19614] [5.0] [cxt 0] Transmitting packet of size 70 out of port 0
[10:12:35.147] [bmv2] [D] [thread 19609] [6.0] [cxt 0] Processing packet received on port 1
[10:12:35.147] [bmv2] [D] [thread 19609] [6.0] [cxt 0] Parser 'parser': start
[10:12:35.147] [bmv2] [D] [thread 19609] [6.0] [cxt 0] Parser 'parser' entering state 'start'
[10:12:35.147] [bmv2] [D] [thread 19609] [6.0] [cxt 0] Extracting header 'ethernet'
[10:12:35.147] [bmv2] [D] [thread 19609] [6.0] [cxt 0] Parser state 'start': key is 86dd
[10:12:35.147] [bmv2] [T] [thread 19609] [6.0] [cxt 0] Bytes parsed: 14
[10:12:35.147] [bmv2] [D] [thread 19609] [6.0] [cxt 0] Parser 'parser': end
[10:12:35.147] [bmv2] [D] [thread 19609] [6.0] [cxt 0] Pipeline 'ingress': start
[10:12:35.147] [bmv2] [T] [thread 19609] [6.0] [cxt 0] link_monitor.p4(162) Condition "hdr.probe.p1==1 && hdr.probe.p2==1" (node_2) is false
[10:12:35.147] [bmv2] [T] [thread 19609] [6.0] [cxt 0] link_monitor.p4(165) Condition "hdr.probe.p1==2 && hdr.probe.p2==1" (node_4) is false
[10:12:35.147] [bmv2] [T] [thread 19609] [6.0] [cxt 0] link_monitor.p4(168) Condition "hdr.probe.p1==1 && hdr.probe.p2==2" (node_6) is false
[10:12:35.147] [bmv2] [T] [thread 19609] [6.0] [cxt 0] link_monitor.p4(171) Condition "hdr.probe.p1==2 && hdr.probe.p2==2" (node_8) is false
[10:12:35.147] [bmv2] [D] [thread 19609] [6.0] [cxt 0] Pipeline 'ingress': end
[10:12:35.147] [bmv2] [D] [thread 19609] [6.0] [cxt 0] Egress port is 0
[10:12:35.147] [bmv2] [D] [thread 19610] [6.0] [cxt 0] Pipeline 'egress': start
[10:12:35.147] [bmv2] [D] [thread 19610] [6.0] [cxt 0] Pipeline 'egress': end
[10:12:35.147] [bmv2] [D] [thread 19610] [6.0] [cxt 0] Deparser 'deparser': start
[10:12:35.147] [bmv2] [T] [thread 19610] [6.0] [cxt 0] Skipping checksum 'cksum' update because condition not met
[10:12:35.147] [bmv2] [D] [thread 19610] [6.0] [cxt 0] Deparsing header 'ethernet'
[10:12:35.147] [bmv2] [D] [thread 19610] [6.0] [cxt 0] Deparser 'deparser': end
[10:12:35.148] [bmv2] [D] [thread 19614] [6.0] [cxt 0] Transmitting packet of size 70 out of port 0
[10:12:35.195] [bmv2] [D] [thread 19609] [7.0] [cxt 0] Processing packet received on port 2
[10:12:35.195] [bmv2] [D] [thread 19609] [7.0] [cxt 0] Parser 'parser': start
[10:12:35.195] [bmv2] [D] [thread 19609] [7.0] [cxt 0] Parser 'parser' entering state 'start'
[10:12:35.195] [bmv2] [D] [thread 19609] [7.0] [cxt 0] Extracting header 'ethernet'
[10:12:35.195] [bmv2] [D] [thread 19609] [7.0] [cxt 0] Parser state 'start': key is 86dd
[10:12:35.195] [bmv2] [T] [thread 19609] [7.0] [cxt 0] Bytes parsed: 14
[10:12:35.195] [bmv2] [D] [thread 19609] [7.0] [cxt 0] Parser 'parser': end
[10:12:35.195] [bmv2] [D] [thread 19609] [7.0] [cxt 0] Pipeline 'ingress': start
[10:12:35.195] [bmv2] [T] [thread 19609] [7.0] [cxt 0] link_monitor.p4(162) Condition "hdr.probe.p1==1 && hdr.probe.p2==1" (node_2) is false
[10:12:35.195] [bmv2] [T] [thread 19609] [7.0] [cxt 0] link_monitor.p4(165) Condition "hdr.probe.p1==2 && hdr.probe.p2==1" (node_4) is false
[10:12:35.195] [bmv2] [T] [thread 19609] [7.0] [cxt 0] link_monitor.p4(168) Condition "hdr.probe.p1==1 && hdr.probe.p2==2" (node_6) is false
[10:12:35.195] [bmv2] [T] [thread 19609] [7.0] [cxt 0] link_monitor.p4(171) Condition "hdr.probe.p1==2 && hdr.probe.p2==2" (node_8) is false
[10:12:35.195] [bmv2] [D] [thread 19609] [7.0] [cxt 0] Pipeline 'ingress': end
[10:12:35.195] [bmv2] [D] [thread 19609] [7.0] [cxt 0] Egress port is 0
[10:12:35.195] [bmv2] [D] [thread 19610] [7.0] [cxt 0] Pipeline 'egress': start
[10:12:35.195] [bmv2] [D] [thread 19610] [7.0] [cxt 0] Pipeline 'egress': end
[10:12:35.195] [bmv2] [D] [thread 19610] [7.0] [cxt 0] Deparser 'deparser': start
[10:12:35.195] [bmv2] [T] [thread 19610] [7.0] [cxt 0] Skipping checksum 'cksum' update because condition not met
[10:12:35.195] [bmv2] [D] [thread 19610] [7.0] [cxt 0] Deparsing header 'ethernet'
[10:12:35.195] [bmv2] [D] [thread 19610] [7.0] [cxt 0] Deparser 'deparser': end
[10:12:35.195] [bmv2] [D] [thread 19614] [7.0] [cxt 0] Transmitting packet of size 70 out of port 0
[10:12:35.228] [bmv2] [D] [thread 19609] [8.0] [cxt 0] Processing packet received on port 2
[10:12:35.228] [bmv2] [D] [thread 19609] [8.0] [cxt 0] Parser 'parser': start
[10:12:35.228] [bmv2] [D] [thread 19609] [8.0] [cxt 0] Parser 'parser' entering state 'start'
[10:12:35.228] [bmv2] [D] [thread 19609] [8.0] [cxt 0] Extracting header 'ethernet'
[10:12:35.228] [bmv2] [D] [thread 19609] [8.0] [cxt 0] Parser state 'start': key is 86dd
[10:12:35.228] [bmv2] [T] [thread 19609] [8.0] [cxt 0] Bytes parsed: 14
[10:12:35.228] [bmv2] [D] [thread 19609] [8.0] [cxt 0] Parser 'parser': end
[10:12:35.228] [bmv2] [D] [thread 19609] [8.0] [cxt 0] Pipeline 'ingress': start
[10:12:35.228] [bmv2] [T] [thread 19609] [8.0] [cxt 0] link_monitor.p4(162) Condition "hdr.probe.p1==1 && hdr.probe.p2==1" (node_2) is false
[10:12:35.228] [bmv2] [T] [thread 19609] [8.0] [cxt 0] link_monitor.p4(165) Condition "hdr.probe.p1==2 && hdr.probe.p2==1" (node_4) is false
[10:12:35.228] [bmv2] [T] [thread 19609] [8.0] [cxt 0] link_monitor.p4(168) Condition "hdr.probe.p1==1 && hdr.probe.p2==2" (node_6) is false
[10:12:35.228] [bmv2] [T] [thread 19609] [8.0] [cxt 0] link_monitor.p4(171) Condition "hdr.probe.p1==2 && hdr.probe.p2==2" (node_8) is false
[10:12:35.228] [bmv2] [D] [thread 19609] [8.0] [cxt 0] Pipeline 'ingress': end
[10:12:35.228] [bmv2] [D] [thread 19609] [8.0] [cxt 0] Egress port is 0
[10:12:35.228] [bmv2] [D] [thread 19610] [8.0] [cxt 0] Pipeline 'egress': start
[10:12:35.228] [bmv2] [D] [thread 19610] [8.0] [cxt 0] Pipeline 'egress': end
[10:12:35.228] [bmv2] [D] [thread 19610] [8.0] [cxt 0] Deparser 'deparser': start
[10:12:35.228] [bmv2] [T] [thread 19610] [8.0] [cxt 0] Skipping checksum 'cksum' update because condition not met
[10:12:35.228] [bmv2] [D] [thread 19610] [8.0] [cxt 0] Deparsing header 'ethernet'
[10:12:35.228] [bmv2] [D] [thread 19610] [8.0] [cxt 0] Deparser 'deparser': end
[10:12:35.228] [bmv2] [D] [thread 19614] [8.0] [cxt 0] Transmitting packet of size 70 out of port 0
open: No such file or directory
open: No such file or directory
open: No such file or directory
open: No such file or directory
