Calling target program-options parser
[10:12:26.452] [bmv2] [D] [thread 19561] Set default default entry for table 'MyIngress.ipv4_lpm1': MyIngress.drop - 
[10:12:26.452] [bmv2] [D] [thread 19561] Set default default entry for table 'MyIngress.ipv4_lpm2': MyIngress.drop - 
[10:12:26.452] [bmv2] [D] [thread 19561] Set default default entry for table 'MyIngress.ipv4_lpm3': MyIngress.drop - 
[10:12:26.452] [bmv2] [D] [thread 19561] Set default default entry for table 'MyIngress.ipv4_lpm4': MyIngress.drop - 
Adding interface s2-eth1 as port 1
[10:12:26.452] [bmv2] [D] [thread 19561] Adding interface s2-eth1 as port 1
Adding interface s2-eth2 as port 2
[10:12:26.479] [bmv2] [D] [thread 19561] Adding interface s2-eth2 as port 2
Adding interface s2-eth3 as port 3
[10:12:26.513] [bmv2] [D] [thread 19561] Adding interface s2-eth3 as port 3
I0221 10:12:26.544086188   19561 server_builder.cc:247]      Synchronous server. Num CQs: 1, Min pollers: 1, Max Pollers: 2147483647, CQ timeout (msec): 1000
Server listening on 0.0.0.0:50053
[10:12:26.547] [bmv2] [I] [thread 19561] Starting Thrift server on port 9092
[10:12:26.548] [bmv2] [I] [thread 19561] Thrift server was started
[10:12:26.560] [bmv2] [D] [thread 19569] [0.0] [cxt 0] Processing packet received on port 2
[10:12:26.560] [bmv2] [D] [thread 19569] [0.0] [cxt 0] Parser 'parser': start
[10:12:26.560] [bmv2] [D] [thread 19569] [0.0] [cxt 0] Parser 'parser' entering state 'start'
[10:12:26.560] [bmv2] [D] [thread 19569] [0.0] [cxt 0] Extracting header 'ethernet'
[10:12:26.560] [bmv2] [D] [thread 19569] [0.0] [cxt 0] Parser state 'start': key is 86dd
[10:12:26.560] [bmv2] [T] [thread 19569] [0.0] [cxt 0] Bytes parsed: 14
[10:12:26.560] [bmv2] [D] [thread 19569] [0.0] [cxt 0] Parser 'parser': end
[10:12:26.560] [bmv2] [D] [thread 19569] [0.0] [cxt 0] Pipeline 'ingress': start
[10:12:26.560] [bmv2] [T] [thread 19569] [0.0] [cxt 0] link_monitor.p4(162) Condition "hdr.probe.p1==1 && hdr.probe.p2==1" (node_2) is false
[10:12:26.560] [bmv2] [T] [thread 19569] [0.0] [cxt 0] link_monitor.p4(165) Condition "hdr.probe.p1==2 && hdr.probe.p2==1" (node_4) is false
[10:12:26.560] [bmv2] [T] [thread 19569] [0.0] [cxt 0] link_monitor.p4(168) Condition "hdr.probe.p1==1 && hdr.probe.p2==2" (node_6) is false
[10:12:26.560] [bmv2] [T] [thread 19569] [0.0] [cxt 0] link_monitor.p4(171) Condition "hdr.probe.p1==2 && hdr.probe.p2==2" (node_8) is false
[10:12:26.560] [bmv2] [D] [thread 19569] [0.0] [cxt 0] Pipeline 'ingress': end
[10:12:26.560] [bmv2] [D] [thread 19569] [0.0] [cxt 0] Egress port is 0
[10:12:26.560] [bmv2] [D] [thread 19570] [0.0] [cxt 0] Pipeline 'egress': start
[10:12:26.560] [bmv2] [D] [thread 19570] [0.0] [cxt 0] Pipeline 'egress': end
[10:12:26.560] [bmv2] [D] [thread 19570] [0.0] [cxt 0] Deparser 'deparser': start
[10:12:26.560] [bmv2] [T] [thread 19570] [0.0] [cxt 0] Skipping checksum 'cksum' update because condition not met
[10:12:26.560] [bmv2] [D] [thread 19570] [0.0] [cxt 0] Deparsing header 'ethernet'
[10:12:26.560] [bmv2] [D] [thread 19570] [0.0] [cxt 0] Deparser 'deparser': end
[10:12:26.560] [bmv2] [D] [thread 19574] [0.0] [cxt 0] Transmitting packet of size 90 out of port 0
[10:12:26.701] [bmv2] [D] [thread 19569] [1.0] [cxt 0] Processing packet received on port 1
[10:12:26.701] [bmv2] [D] [thread 19569] [1.0] [cxt 0] Parser 'parser': start
[10:12:26.701] [bmv2] [D] [thread 19569] [1.0] [cxt 0] Parser 'parser' entering state 'start'
[10:12:26.701] [bmv2] [D] [thread 19569] [1.0] [cxt 0] Extracting header 'ethernet'
[10:12:26.701] [bmv2] [D] [thread 19569] [1.0] [cxt 0] Parser state 'start': key is 86dd
[10:12:26.701] [bmv2] [T] [thread 19569] [1.0] [cxt 0] Bytes parsed: 14
[10:12:26.701] [bmv2] [D] [thread 19569] [1.0] [cxt 0] Parser 'parser': end
[10:12:26.701] [bmv2] [D] [thread 19569] [1.0] [cxt 0] Pipeline 'ingress': start
[10:12:26.701] [bmv2] [T] [thread 19569] [1.0] [cxt 0] link_monitor.p4(162) Condition "hdr.probe.p1==1 && hdr.probe.p2==1" (node_2) is false
[10:12:26.701] [bmv2] [T] [thread 19569] [1.0] [cxt 0] link_monitor.p4(165) Condition "hdr.probe.p1==2 && hdr.probe.p2==1" (node_4) is false
[10:12:26.701] [bmv2] [T] [thread 19569] [1.0] [cxt 0] link_monitor.p4(168) Condition "hdr.probe.p1==1 && hdr.probe.p2==2" (node_6) is false
[10:12:26.701] [bmv2] [T] [thread 19569] [1.0] [cxt 0] link_monitor.p4(171) Condition "hdr.probe.p1==2 && hdr.probe.p2==2" (node_8) is false
[10:12:26.701] [bmv2] [D] [thread 19569] [1.0] [cxt 0] Pipeline 'ingress': end
[10:12:26.701] [bmv2] [D] [thread 19569] [1.0] [cxt 0] Egress port is 0
[10:12:26.701] [bmv2] [D] [thread 19570] [1.0] [cxt 0] Pipeline 'egress': start
[10:12:26.701] [bmv2] [D] [thread 19570] [1.0] [cxt 0] Pipeline 'egress': end
[10:12:26.701] [bmv2] [D] [thread 19570] [1.0] [cxt 0] Deparser 'deparser': start
[10:12:26.701] [bmv2] [T] [thread 19570] [1.0] [cxt 0] Skipping checksum 'cksum' update because condition not met
[10:12:26.701] [bmv2] [D] [thread 19570] [1.0] [cxt 0] Deparsing header 'ethernet'
[10:12:26.701] [bmv2] [D] [thread 19570] [1.0] [cxt 0] Deparser 'deparser': end
[10:12:26.701] [bmv2] [D] [thread 19574] [1.0] [cxt 0] Transmitting packet of size 90 out of port 0
[10:12:26.701] [bmv2] [D] [thread 19569] [2.0] [cxt 0] Processing packet received on port 1
[10:12:26.701] [bmv2] [D] [thread 19569] [2.0] [cxt 0] Parser 'parser': start
[10:12:26.701] [bmv2] [D] [thread 19569] [2.0] [cxt 0] Parser 'parser' entering state 'start'
[10:12:26.701] [bmv2] [D] [thread 19569] [2.0] [cxt 0] Extracting header 'ethernet'
[10:12:26.701] [bmv2] [D] [thread 19569] [2.0] [cxt 0] Parser state 'start': key is 86dd
[10:12:26.701] [bmv2] [T] [thread 19569] [2.0] [cxt 0] Bytes parsed: 14
[10:12:26.701] [bmv2] [D] [thread 19569] [2.0] [cxt 0] Parser 'parser': end
[10:12:26.701] [bmv2] [D] [thread 19569] [2.0] [cxt 0] Pipeline 'ingress': start
[10:12:26.701] [bmv2] [T] [thread 19569] [2.0] [cxt 0] link_monitor.p4(162) Condition "hdr.probe.p1==1 && hdr.probe.p2==1" (node_2) is false
[10:12:26.701] [bmv2] [T] [thread 19569] [2.0] [cxt 0] link_monitor.p4(165) Condition "hdr.probe.p1==2 && hdr.probe.p2==1" (node_4) is false
[10:12:26.701] [bmv2] [T] [thread 19569] [2.0] [cxt 0] link_monitor.p4(168) Condition "hdr.probe.p1==1 && hdr.probe.p2==2" (node_6) is false
[10:12:26.701] [bmv2] [T] [thread 19569] [2.0] [cxt 0] link_monitor.p4(171) Condition "hdr.probe.p1==2 && hdr.probe.p2==2" (node_8) is false
[10:12:26.701] [bmv2] [D] [thread 19569] [2.0] [cxt 0] Pipeline 'ingress': end
[10:12:26.701] [bmv2] [D] [thread 19569] [2.0] [cxt 0] Egress port is 0
[10:12:26.701] [bmv2] [D] [thread 19570] [2.0] [cxt 0] Pipeline 'egress': start
[10:12:26.701] [bmv2] [D] [thread 19570] [2.0] [cxt 0] Pipeline 'egress': end
[10:12:26.701] [bmv2] [D] [thread 19570] [2.0] [cxt 0] Deparser 'deparser': start
[10:12:26.701] [bmv2] [T] [thread 19570] [2.0] [cxt 0] Skipping checksum 'cksum' update because condition not met
[10:12:26.701] [bmv2] [D] [thread 19570] [2.0] [cxt 0] Deparsing header 'ethernet'
[10:12:26.701] [bmv2] [D] [thread 19570] [2.0] [cxt 0] Deparser 'deparser': end
[10:12:26.701] [bmv2] [D] [thread 19574] [2.0] [cxt 0] Transmitting packet of size 70 out of port 0
[10:12:26.938] [bmv2] [D] [thread 19569] [3.0] [cxt 0] Processing packet received on port 3
[10:12:26.938] [bmv2] [D] [thread 19569] [3.0] [cxt 0] Parser 'parser': start
[10:12:26.938] [bmv2] [D] [thread 19569] [3.0] [cxt 0] Parser 'parser' entering state 'start'
[10:12:26.938] [bmv2] [D] [thread 19569] [3.0] [cxt 0] Extracting header 'ethernet'
[10:12:26.938] [bmv2] [D] [thread 19569] [3.0] [cxt 0] Parser state 'start': key is 86dd
[10:12:26.938] [bmv2] [T] [thread 19569] [3.0] [cxt 0] Bytes parsed: 14
[10:12:26.938] [bmv2] [D] [thread 19569] [3.0] [cxt 0] Parser 'parser': end
[10:12:26.938] [bmv2] [D] [thread 19569] [3.0] [cxt 0] Pipeline 'ingress': start
[10:12:26.938] [bmv2] [T] [thread 19569] [3.0] [cxt 0] link_monitor.p4(162) Condition "hdr.probe.p1==1 && hdr.probe.p2==1" (node_2) is false
[10:12:26.938] [bmv2] [T] [thread 19569] [3.0] [cxt 0] link_monitor.p4(165) Condition "hdr.probe.p1==2 && hdr.probe.p2==1" (node_4) is false
[10:12:26.938] [bmv2] [T] [thread 19569] [3.0] [cxt 0] link_monitor.p4(168) Condition "hdr.probe.p1==1 && hdr.probe.p2==2" (node_6) is false
[10:12:26.938] [bmv2] [T] [thread 19569] [3.0] [cxt 0] link_monitor.p4(171) Condition "hdr.probe.p1==2 && hdr.probe.p2==2" (node_8) is false
[10:12:26.938] [bmv2] [D] [thread 19569] [3.0] [cxt 0] Pipeline 'ingress': end
[10:12:26.938] [bmv2] [D] [thread 19569] [3.0] [cxt 0] Egress port is 0
[10:12:26.938] [bmv2] [D] [thread 19569] [4.0] [cxt 0] Processing packet received on port 3
[10:12:26.938] [bmv2] [D] [thread 19569] [4.0] [cxt 0] Parser 'parser': start
[10:12:26.938] [bmv2] [D] [thread 19569] [4.0] [cxt 0] Parser 'parser' entering state 'start'
[10:12:26.938] [bmv2] [D] [thread 19569] [4.0] [cxt 0] Extracting header 'ethernet'
[10:12:26.938] [bmv2] [D] [thread 19569] [4.0] [cxt 0] Parser state 'start': key is 86dd
[10:12:26.938] [bmv2] [T] [thread 19569] [4.0] [cxt 0] Bytes parsed: 14
[10:12:26.938] [bmv2] [D] [thread 19569] [4.0] [cxt 0] Parser 'parser': end
[10:12:26.938] [bmv2] [D] [thread 19569] [4.0] [cxt 0] Pipeline 'ingress': start
[10:12:26.938] [bmv2] [T] [thread 19569] [4.0] [cxt 0] link_monitor.p4(162) Condition "hdr.probe.p1==1 && hdr.probe.p2==1" (node_2) is false
[10:12:26.938] [bmv2] [T] [thread 19569] [4.0] [cxt 0] link_monitor.p4(165) Condition "hdr.probe.p1==2 && hdr.probe.p2==1" (node_4) is false
[10:12:26.938] [bmv2] [T] [thread 19569] [4.0] [cxt 0] link_monitor.p4(168) Condition "hdr.probe.p1==1 && hdr.probe.p2==2" (node_6) is false
[10:12:26.938] [bmv2] [T] [thread 19569] [4.0] [cxt 0] link_monitor.p4(171) Condition "hdr.probe.p1==2 && hdr.probe.p2==2" (node_8) is false
[10:12:26.938] [bmv2] [D] [thread 19569] [4.0] [cxt 0] Pipeline 'ingress': end
[10:12:26.938] [bmv2] [D] [thread 19569] [4.0] [cxt 0] Egress port is 0
[10:12:26.938] [bmv2] [D] [thread 19570] [3.0] [cxt 0] Pipeline 'egress': start
[10:12:26.938] [bmv2] [D] [thread 19570] [3.0] [cxt 0] Pipeline 'egress': end
[10:12:26.938] [bmv2] [D] [thread 19570] [3.0] [cxt 0] Deparser 'deparser': start
[10:12:26.938] [bmv2] [T] [thread 19570] [3.0] [cxt 0] Skipping checksum 'cksum' update because condition not met
[10:12:26.938] [bmv2] [D] [thread 19570] [3.0] [cxt 0] Deparsing header 'ethernet'
[10:12:26.938] [bmv2] [D] [thread 19570] [3.0] [cxt 0] Deparser 'deparser': end
[10:12:26.938] [bmv2] [D] [thread 19570] [4.0] [cxt 0] Pipeline 'egress': start
[10:12:26.938] [bmv2] [D] [thread 19570] [4.0] [cxt 0] Pipeline 'egress': end
[10:12:26.938] [bmv2] [D] [thread 19570] [4.0] [cxt 0] Deparser 'deparser': start
[10:12:26.938] [bmv2] [T] [thread 19570] [4.0] [cxt 0] Skipping checksum 'cksum' update because condition not met
[10:12:26.938] [bmv2] [D] [thread 19570] [4.0] [cxt 0] Deparsing header 'ethernet'
[10:12:26.938] [bmv2] [D] [thread 19570] [4.0] [cxt 0] Deparser 'deparser': end
[10:12:26.938] [bmv2] [D] [thread 19574] [3.0] [cxt 0] Transmitting packet of size 90 out of port 0
[10:12:26.938] [bmv2] [D] [thread 19574] [4.0] [cxt 0] Transmitting packet of size 70 out of port 0
[10:12:26.939] [bmv2] [D] [thread 19569] [5.0] [cxt 0] Processing packet received on port 1
[10:12:26.939] [bmv2] [D] [thread 19569] [5.0] [cxt 0] Parser 'parser': start
[10:12:26.939] [bmv2] [D] [thread 19569] [5.0] [cxt 0] Parser 'parser' entering state 'start'
[10:12:26.939] [bmv2] [D] [thread 19569] [5.0] [cxt 0] Extracting header 'ethernet'
[10:12:26.939] [bmv2] [D] [thread 19569] [5.0] [cxt 0] Parser state 'start': key is 86dd
[10:12:26.939] [bmv2] [T] [thread 19569] [5.0] [cxt 0] Bytes parsed: 14
[10:12:26.939] [bmv2] [D] [thread 19569] [5.0] [cxt 0] Parser 'parser': end
[10:12:26.939] [bmv2] [D] [thread 19569] [5.0] [cxt 0] Pipeline 'ingress': start
[10:12:26.939] [bmv2] [T] [thread 19569] [5.0] [cxt 0] link_monitor.p4(162) Condition "hdr.probe.p1==1 && hdr.probe.p2==1" (node_2) is false
[10:12:26.939] [bmv2] [T] [thread 19569] [5.0] [cxt 0] link_monitor.p4(165) Condition "hdr.probe.p1==2 && hdr.probe.p2==1" (node_4) is false
[10:12:26.939] [bmv2] [T] [thread 19569] [5.0] [cxt 0] link_monitor.p4(168) Condition "hdr.probe.p1==1 && hdr.probe.p2==2" (node_6) is false
[10:12:26.939] [bmv2] [T] [thread 19569] [5.0] [cxt 0] link_monitor.p4(171) Condition "hdr.probe.p1==2 && hdr.probe.p2==2" (node_8) is false
[10:12:26.939] [bmv2] [D] [thread 19569] [5.0] [cxt 0] Pipeline 'ingress': end
[10:12:26.939] [bmv2] [D] [thread 19569] [5.0] [cxt 0] Egress port is 0
[10:12:26.939] [bmv2] [D] [thread 19570] [5.0] [cxt 0] Pipeline 'egress': start
[10:12:26.939] [bmv2] [D] [thread 19570] [5.0] [cxt 0] Pipeline 'egress': end
[10:12:26.939] [bmv2] [D] [thread 19570] [5.0] [cxt 0] Deparser 'deparser': start
[10:12:26.939] [bmv2] [T] [thread 19570] [5.0] [cxt 0] Skipping checksum 'cksum' update because condition not met
[10:12:26.939] [bmv2] [D] [thread 19570] [5.0] [cxt 0] Deparsing header 'ethernet'
[10:12:26.939] [bmv2] [D] [thread 19570] [5.0] [cxt 0] Deparser 'deparser': end
[10:12:26.939] [bmv2] [D] [thread 19574] [5.0] [cxt 0] Transmitting packet of size 90 out of port 0
[10:12:26.952] [bmv2] [D] [thread 19569] [6.0] [cxt 0] Processing packet received on port 2
[10:12:26.952] [bmv2] [D] [thread 19569] [6.0] [cxt 0] Parser 'parser': start
[10:12:26.952] [bmv2] [D] [thread 19569] [6.0] [cxt 0] Parser 'parser' entering state 'start'
[10:12:26.952] [bmv2] [D] [thread 19569] [6.0] [cxt 0] Extracting header 'ethernet'
[10:12:26.952] [bmv2] [D] [thread 19569] [6.0] [cxt 0] Parser state 'start': key is 86dd
[10:12:26.952] [bmv2] [T] [thread 19569] [6.0] [cxt 0] Bytes parsed: 14
[10:12:26.952] [bmv2] [D] [thread 19569] [6.0] [cxt 0] Parser 'parser': end
[10:12:26.952] [bmv2] [D] [thread 19569] [6.0] [cxt 0] Pipeline 'ingress': start
[10:12:26.952] [bmv2] [T] [thread 19569] [6.0] [cxt 0] link_monitor.p4(162) Condition "hdr.probe.p1==1 && hdr.probe.p2==1" (node_2) is false
[10:12:26.952] [bmv2] [T] [thread 19569] [6.0] [cxt 0] link_monitor.p4(165) Condition "hdr.probe.p1==2 && hdr.probe.p2==1" (node_4) is false
[10:12:26.952] [bmv2] [T] [thread 19569] [6.0] [cxt 0] link_monitor.p4(168) Condition "hdr.probe.p1==1 && hdr.probe.p2==2" (node_6) is false
[10:12:26.952] [bmv2] [T] [thread 19569] [6.0] [cxt 0] link_monitor.p4(171) Condition "hdr.probe.p1==2 && hdr.probe.p2==2" (node_8) is false
[10:12:26.953] [bmv2] [D] [thread 19569] [6.0] [cxt 0] Pipeline 'ingress': end
[10:12:26.953] [bmv2] [D] [thread 19569] [6.0] [cxt 0] Egress port is 0
[10:12:26.953] [bmv2] [D] [thread 19569] [7.0] [cxt 0] Processing packet received on port 2
[10:12:26.953] [bmv2] [D] [thread 19569] [7.0] [cxt 0] Parser 'parser': start
[10:12:26.953] [bmv2] [D] [thread 19569] [7.0] [cxt 0] Parser 'parser' entering state 'start'
[10:12:26.953] [bmv2] [D] [thread 19569] [7.0] [cxt 0] Extracting header 'ethernet'
[10:12:26.953] [bmv2] [D] [thread 19569] [7.0] [cxt 0] Parser state 'start': key is 86dd
[10:12:26.953] [bmv2] [T] [thread 19569] [7.0] [cxt 0] Bytes parsed: 14
[10:12:26.953] [bmv2] [D] [thread 19569] [7.0] [cxt 0] Parser 'parser': end
[10:12:26.953] [bmv2] [D] [thread 19569] [7.0] [cxt 0] Pipeline 'ingress': start
[10:12:26.953] [bmv2] [T] [thread 19569] [7.0] [cxt 0] link_monitor.p4(162) Condition "hdr.probe.p1==1 && hdr.probe.p2==1" (node_2) is false
[10:12:26.953] [bmv2] [T] [thread 19569] [7.0] [cxt 0] link_monitor.p4(165) Condition "hdr.probe.p1==2 && hdr.probe.p2==1" (node_4) is false
[10:12:26.953] [bmv2] [T] [thread 19569] [7.0] [cxt 0] link_monitor.p4(168) Condition "hdr.probe.p1==1 && hdr.probe.p2==2" (node_6) is false
[10:12:26.953] [bmv2] [T] [thread 19569] [7.0] [cxt 0] link_monitor.p4(171) Condition "hdr.probe.p1==2 && hdr.probe.p2==2" (node_8) is false
[10:12:26.953] [bmv2] [D] [thread 19569] [7.0] [cxt 0] Pipeline 'ingress': end
[10:12:26.953] [bmv2] [D] [thread 19569] [7.0] [cxt 0] Egress port is 0
[10:12:26.953] [bmv2] [D] [thread 19570] [6.0] [cxt 0] Pipeline 'egress': start
[10:12:26.953] [bmv2] [D] [thread 19570] [6.0] [cxt 0] Pipeline 'egress': end
[10:12:26.953] [bmv2] [D] [thread 19570] [6.0] [cxt 0] Deparser 'deparser': start
[10:12:26.953] [bmv2] [T] [thread 19570] [6.0] [cxt 0] Skipping checksum 'cksum' update because condition not met
[10:12:26.953] [bmv2] [D] [thread 19570] [6.0] [cxt 0] Deparsing header 'ethernet'
[10:12:26.953] [bmv2] [D] [thread 19570] [6.0] [cxt 0] Deparser 'deparser': end
[10:12:26.953] [bmv2] [D] [thread 19570] [7.0] [cxt 0] Pipeline 'egress': start
[10:12:26.953] [bmv2] [D] [thread 19570] [7.0] [cxt 0] Pipeline 'egress': end
[10:12:26.953] [bmv2] [D] [thread 19570] [7.0] [cxt 0] Deparser 'deparser': start
[10:12:26.953] [bmv2] [T] [thread 19570] [7.0] [cxt 0] Skipping checksum 'cksum' update because condition not met
[10:12:26.953] [bmv2] [D] [thread 19570] [7.0] [cxt 0] Deparsing header 'ethernet'
[10:12:26.953] [bmv2] [D] [thread 19570] [7.0] [cxt 0] Deparser 'deparser': end
[10:12:26.953] [bmv2] [D] [thread 19574] [6.0] [cxt 0] Transmitting packet of size 90 out of port 0
[10:12:26.953] [bmv2] [D] [thread 19574] [7.0] [cxt 0] Transmitting packet of size 70 out of port 0
[10:12:26.960] [bmv2] [D] [thread 19569] [8.0] [cxt 0] Processing packet received on port 1
[10:12:26.960] [bmv2] [D] [thread 19569] [8.0] [cxt 0] Parser 'parser': start
[10:12:26.960] [bmv2] [D] [thread 19569] [8.0] [cxt 0] Parser 'parser' entering state 'start'
[10:12:26.960] [bmv2] [D] [thread 19569] [8.0] [cxt 0] Extracting header 'ethernet'
[10:12:26.960] [bmv2] [D] [thread 19569] [8.0] [cxt 0] Parser state 'start': key is 86dd
[10:12:26.960] [bmv2] [T] [thread 19569] [8.0] [cxt 0] Bytes parsed: 14
[10:12:26.960] [bmv2] [D] [thread 19569] [8.0] [cxt 0] Parser 'parser': end
[10:12:26.960] [bmv2] [D] [thread 19569] [8.0] [cxt 0] Pipeline 'ingress': start
[10:12:26.960] [bmv2] [T] [thread 19569] [8.0] [cxt 0] link_monitor.p4(162) Condition "hdr.probe.p1==1 && hdr.probe.p2==1" (node_2) is false
[10:12:26.960] [bmv2] [T] [thread 19569] [8.0] [cxt 0] link_monitor.p4(165) Condition "hdr.probe.p1==2 && hdr.probe.p2==1" (node_4) is false
[10:12:26.960] [bmv2] [T] [thread 19569] [8.0] [cxt 0] link_monitor.p4(168) Condition "hdr.probe.p1==1 && hdr.probe.p2==2" (node_6) is false
[10:12:26.960] [bmv2] [T] [thread 19569] [8.0] [cxt 0] link_monitor.p4(171) Condition "hdr.probe.p1==2 && hdr.probe.p2==2" (node_8) is false
[10:12:26.960] [bmv2] [D] [thread 19569] [8.0] [cxt 0] Pipeline 'ingress': end
[10:12:26.960] [bmv2] [D] [thread 19569] [8.0] [cxt 0] Egress port is 0
[10:12:26.960] [bmv2] [D] [thread 19569] [9.0] [cxt 0] Processing packet received on port 1
[10:12:26.960] [bmv2] [D] [thread 19569] [9.0] [cxt 0] Parser 'parser': start
[10:12:26.960] [bmv2] [D] [thread 19569] [9.0] [cxt 0] Parser 'parser' entering state 'start'
[10:12:26.960] [bmv2] [D] [thread 19569] [9.0] [cxt 0] Extracting header 'ethernet'
[10:12:26.960] [bmv2] [D] [thread 19569] [9.0] [cxt 0] Parser state 'start': key is 86dd
[10:12:26.960] [bmv2] [T] [thread 19569] [9.0] [cxt 0] Bytes parsed: 14
[10:12:26.960] [bmv2] [D] [thread 19569] [9.0] [cxt 0] Parser 'parser': end
[10:12:26.960] [bmv2] [D] [thread 19569] [9.0] [cxt 0] Pipeline 'ingress': start
[10:12:26.960] [bmv2] [T] [thread 19569] [9.0] [cxt 0] link_monitor.p4(162) Condition "hdr.probe.p1==1 && hdr.probe.p2==1" (node_2) is false
[10:12:26.960] [bmv2] [T] [thread 19569] [9.0] [cxt 0] link_monitor.p4(165) Condition "hdr.probe.p1==2 && hdr.probe.p2==1" (node_4) is false
[10:12:26.960] [bmv2] [T] [thread 19569] [9.0] [cxt 0] link_monitor.p4(168) Condition "hdr.probe.p1==1 && hdr.probe.p2==2" (node_6) is false
[10:12:26.960] [bmv2] [T] [thread 19569] [9.0] [cxt 0] link_monitor.p4(171) Condition "hdr.probe.p1==2 && hdr.probe.p2==2" (node_8) is false
[10:12:26.960] [bmv2] [D] [thread 19569] [9.0] [cxt 0] Pipeline 'ingress': end
[10:12:26.960] [bmv2] [D] [thread 19569] [9.0] [cxt 0] Egress port is 0
[10:12:26.960] [bmv2] [D] [thread 19570] [8.0] [cxt 0] Pipeline 'egress': start
[10:12:26.960] [bmv2] [D] [thread 19570] [8.0] [cxt 0] Pipeline 'egress': end
[10:12:26.960] [bmv2] [D] [thread 19570] [8.0] [cxt 0] Deparser 'deparser': start
[10:12:26.960] [bmv2] [T] [thread 19570] [8.0] [cxt 0] Skipping checksum 'cksum' update because condition not met
[10:12:26.960] [bmv2] [D] [thread 19570] [8.0] [cxt 0] Deparsing header 'ethernet'
[10:12:26.960] [bmv2] [D] [thread 19570] [8.0] [cxt 0] Deparser 'deparser': end
[10:12:26.960] [bmv2] [D] [thread 19570] [9.0] [cxt 0] Pipeline 'egress': start
[10:12:26.960] [bmv2] [D] [thread 19570] [9.0] [cxt 0] Pipeline 'egress': end
[10:12:26.960] [bmv2] [D] [thread 19570] [9.0] [cxt 0] Deparser 'deparser': start
[10:12:26.960] [bmv2] [T] [thread 19570] [9.0] [cxt 0] Skipping checksum 'cksum' update because condition not met
[10:12:26.960] [bmv2] [D] [thread 19570] [9.0] [cxt 0] Deparsing header 'ethernet'
[10:12:26.960] [bmv2] [D] [thread 19570] [9.0] [cxt 0] Deparser 'deparser': end
[10:12:26.960] [bmv2] [D] [thread 19574] [8.0] [cxt 0] Transmitting packet of size 90 out of port 0
[10:12:26.960] [bmv2] [D] [thread 19574] [9.0] [cxt 0] Transmitting packet of size 70 out of port 0
[10:12:27.075] [bmv2] [D] [thread 19569] [10.0] [cxt 0] Processing packet received on port 1
[10:12:27.075] [bmv2] [D] [thread 19569] [10.0] [cxt 0] Parser 'parser': start
[10:12:27.075] [bmv2] [D] [thread 19569] [10.0] [cxt 0] Parser 'parser' entering state 'start'
[10:12:27.075] [bmv2] [D] [thread 19569] [10.0] [cxt 0] Extracting header 'ethernet'
[10:12:27.075] [bmv2] [D] [thread 19569] [10.0] [cxt 0] Parser state 'start': key is 86dd
[10:12:27.075] [bmv2] [T] [thread 19569] [10.0] [cxt 0] Bytes parsed: 14
[10:12:27.075] [bmv2] [D] [thread 19569] [10.0] [cxt 0] Parser 'parser': end
[10:12:27.075] [bmv2] [D] [thread 19569] [10.0] [cxt 0] Pipeline 'ingress': start
[10:12:27.075] [bmv2] [T] [thread 19569] [10.0] [cxt 0] link_monitor.p4(162) Condition "hdr.probe.p1==1 && hdr.probe.p2==1" (node_2) is false
[10:12:27.075] [bmv2] [T] [thread 19569] [10.0] [cxt 0] link_monitor.p4(165) Condition "hdr.probe.p1==2 && hdr.probe.p2==1" (node_4) is false
[10:12:27.075] [bmv2] [T] [thread 19569] [10.0] [cxt 0] link_monitor.p4(168) Condition "hdr.probe.p1==1 && hdr.probe.p2==2" (node_6) is false
[10:12:27.075] [bmv2] [T] [thread 19569] [10.0] [cxt 0] link_monitor.p4(171) Condition "hdr.probe.p1==2 && hdr.probe.p2==2" (node_8) is false
[10:12:27.075] [bmv2] [D] [thread 19569] [10.0] [cxt 0] Pipeline 'ingress': end
[10:12:27.075] [bmv2] [D] [thread 19569] [10.0] [cxt 0] Egress port is 0
[10:12:27.075] [bmv2] [D] [thread 19570] [10.0] [cxt 0] Pipeline 'egress': start
[10:12:27.075] [bmv2] [D] [thread 19570] [10.0] [cxt 0] Pipeline 'egress': end
[10:12:27.075] [bmv2] [D] [thread 19570] [10.0] [cxt 0] Deparser 'deparser': start
[10:12:27.075] [bmv2] [T] [thread 19570] [10.0] [cxt 0] Skipping checksum 'cksum' update because condition not met
[10:12:27.075] [bmv2] [D] [thread 19570] [10.0] [cxt 0] Deparsing header 'ethernet'
[10:12:27.075] [bmv2] [D] [thread 19570] [10.0] [cxt 0] Deparser 'deparser': end
[10:12:27.075] [bmv2] [D] [thread 19574] [10.0] [cxt 0] Transmitting packet of size 90 out of port 0
[10:12:27.099] [bmv2] [D] [thread 19569] [11.0] [cxt 0] Processing packet received on port 3
[10:12:27.099] [bmv2] [D] [thread 19569] [11.0] [cxt 0] Parser 'parser': start
[10:12:27.099] [bmv2] [D] [thread 19569] [11.0] [cxt 0] Parser 'parser' entering state 'start'
[10:12:27.099] [bmv2] [D] [thread 19569] [11.0] [cxt 0] Extracting header 'ethernet'
[10:12:27.099] [bmv2] [D] [thread 19569] [11.0] [cxt 0] Parser state 'start': key is 86dd
[10:12:27.099] [bmv2] [T] [thread 19569] [11.0] [cxt 0] Bytes parsed: 14
[10:12:27.099] [bmv2] [D] [thread 19569] [11.0] [cxt 0] Parser 'parser': end
[10:12:27.099] [bmv2] [D] [thread 19569] [11.0] [cxt 0] Pipeline 'ingress': start
[10:12:27.099] [bmv2] [T] [thread 19569] [11.0] [cxt 0] link_monitor.p4(162) Condition "hdr.probe.p1==1 && hdr.probe.p2==1" (node_2) is false
[10:12:27.099] [bmv2] [T] [thread 19569] [11.0] [cxt 0] link_monitor.p4(165) Condition "hdr.probe.p1==2 && hdr.probe.p2==1" (node_4) is false
[10:12:27.099] [bmv2] [T] [thread 19569] [11.0] [cxt 0] link_monitor.p4(168) Condition "hdr.probe.p1==1 && hdr.probe.p2==2" (node_6) is false
[10:12:27.099] [bmv2] [T] [thread 19569] [11.0] [cxt 0] link_monitor.p4(171) Condition "hdr.probe.p1==2 && hdr.probe.p2==2" (node_8) is false
[10:12:27.099] [bmv2] [D] [thread 19569] [11.0] [cxt 0] Pipeline 'ingress': end
[10:12:27.099] [bmv2] [D] [thread 19569] [11.0] [cxt 0] Egress port is 0
[10:12:27.099] [bmv2] [D] [thread 19570] [11.0] [cxt 0] Pipeline 'egress': start
[10:12:27.099] [bmv2] [D] [thread 19570] [11.0] [cxt 0] Pipeline 'egress': end
[10:12:27.099] [bmv2] [D] [thread 19570] [11.0] [cxt 0] Deparser 'deparser': start
[10:12:27.099] [bmv2] [T] [thread 19570] [11.0] [cxt 0] Skipping checksum 'cksum' update because condition not met
[10:12:27.099] [bmv2] [D] [thread 19570] [11.0] [cxt 0] Deparsing header 'ethernet'
[10:12:27.099] [bmv2] [D] [thread 19570] [11.0] [cxt 0] Deparser 'deparser': end
[10:12:27.099] [bmv2] [D] [thread 19574] [11.0] [cxt 0] Transmitting packet of size 90 out of port 0
[10:12:27.134] [bmv2] [D] [thread 19569] [12.0] [cxt 0] Processing packet received on port 3
[10:12:27.134] [bmv2] [D] [thread 19569] [12.0] [cxt 0] Parser 'parser': start
[10:12:27.134] [bmv2] [D] [thread 19569] [12.0] [cxt 0] Parser 'parser' entering state 'start'
[10:12:27.134] [bmv2] [D] [thread 19569] [12.0] [cxt 0] Extracting header 'ethernet'
[10:12:27.134] [bmv2] [D] [thread 19569] [12.0] [cxt 0] Parser state 'start': key is 86dd
[10:12:27.134] [bmv2] [T] [thread 19569] [12.0] [cxt 0] Bytes parsed: 14
[10:12:27.134] [bmv2] [D] [thread 19569] [12.0] [cxt 0] Parser 'parser': end
[10:12:27.134] [bmv2] [D] [thread 19569] [12.0] [cxt 0] Pipeline 'ingress': start
[10:12:27.134] [bmv2] [T] [thread 19569] [12.0] [cxt 0] link_monitor.p4(162) Condition "hdr.probe.p1==1 && hdr.probe.p2==1" (node_2) is false
[10:12:27.134] [bmv2] [T] [thread 19569] [12.0] [cxt 0] link_monitor.p4(165) Condition "hdr.probe.p1==2 && hdr.probe.p2==1" (node_4) is false
[10:12:27.134] [bmv2] [T] [thread 19569] [12.0] [cxt 0] link_monitor.p4(168) Condition "hdr.probe.p1==1 && hdr.probe.p2==2" (node_6) is false
[10:12:27.134] [bmv2] [T] [thread 19569] [12.0] [cxt 0] link_monitor.p4(171) Condition "hdr.probe.p1==2 && hdr.probe.p2==2" (node_8) is false
[10:12:27.134] [bmv2] [D] [thread 19569] [12.0] [cxt 0] Pipeline 'ingress': end
[10:12:27.134] [bmv2] [D] [thread 19569] [12.0] [cxt 0] Egress port is 0
[10:12:27.134] [bmv2] [D] [thread 19569] [13.0] [cxt 0] Processing packet received on port 3
[10:12:27.134] [bmv2] [D] [thread 19569] [13.0] [cxt 0] Parser 'parser': start
[10:12:27.134] [bmv2] [D] [thread 19569] [13.0] [cxt 0] Parser 'parser' entering state 'start'
[10:12:27.134] [bmv2] [D] [thread 19569] [13.0] [cxt 0] Extracting header 'ethernet'
[10:12:27.134] [bmv2] [D] [thread 19569] [13.0] [cxt 0] Parser state 'start': key is 86dd
[10:12:27.135] [bmv2] [T] [thread 19569] [13.0] [cxt 0] Bytes parsed: 14
[10:12:27.135] [bmv2] [D] [thread 19569] [13.0] [cxt 0] Parser 'parser': end
[10:12:27.135] [bmv2] [D] [thread 19569] [13.0] [cxt 0] Pipeline 'ingress': start
[10:12:27.135] [bmv2] [T] [thread 19569] [13.0] [cxt 0] link_monitor.p4(162) Condition "hdr.probe.p1==1 && hdr.probe.p2==1" (node_2) is false
[10:12:27.135] [bmv2] [T] [thread 19569] [13.0] [cxt 0] link_monitor.p4(165) Condition "hdr.probe.p1==2 && hdr.probe.p2==1" (node_4) is false
[10:12:27.135] [bmv2] [T] [thread 19569] [13.0] [cxt 0] link_monitor.p4(168) Condition "hdr.probe.p1==1 && hdr.probe.p2==2" (node_6) is false
[10:12:27.135] [bmv2] [T] [thread 19569] [13.0] [cxt 0] link_monitor.p4(171) Condition "hdr.probe.p1==2 && hdr.probe.p2==2" (node_8) is false
[10:12:27.135] [bmv2] [D] [thread 19569] [13.0] [cxt 0] Pipeline 'ingress': end
[10:12:27.135] [bmv2] [D] [thread 19569] [13.0] [cxt 0] Egress port is 0
[10:12:27.135] [bmv2] [D] [thread 19570] [12.0] [cxt 0] Pipeline 'egress': start
[10:12:27.135] [bmv2] [D] [thread 19570] [12.0] [cxt 0] Pipeline 'egress': end
[10:12:27.135] [bmv2] [D] [thread 19570] [12.0] [cxt 0] Deparser 'deparser': start
[10:12:27.135] [bmv2] [T] [thread 19570] [12.0] [cxt 0] Skipping checksum 'cksum' update because condition not met
[10:12:27.135] [bmv2] [D] [thread 19570] [12.0] [cxt 0] Deparsing header 'ethernet'
[10:12:27.135] [bmv2] [D] [thread 19570] [12.0] [cxt 0] Deparser 'deparser': end
[10:12:27.135] [bmv2] [D] [thread 19570] [13.0] [cxt 0] Pipeline 'egress': start
[10:12:27.135] [bmv2] [D] [thread 19570] [13.0] [cxt 0] Pipeline 'egress': end
[10:12:27.135] [bmv2] [D] [thread 19570] [13.0] [cxt 0] Deparser 'deparser': start
[10:12:27.135] [bmv2] [T] [thread 19570] [13.0] [cxt 0] Skipping checksum 'cksum' update because condition not met
[10:12:27.135] [bmv2] [D] [thread 19570] [13.0] [cxt 0] Deparsing header 'ethernet'
[10:12:27.135] [bmv2] [D] [thread 19570] [13.0] [cxt 0] Deparser 'deparser': end
[10:12:27.135] [bmv2] [D] [thread 19574] [12.0] [cxt 0] Transmitting packet of size 90 out of port 0
[10:12:27.135] [bmv2] [D] [thread 19574] [13.0] [cxt 0] Transmitting packet of size 70 out of port 0
[10:12:27.412] [bmv2] [D] [thread 19569] [14.0] [cxt 0] Processing packet received on port 2
[10:12:27.412] [bmv2] [D] [thread 19569] [14.0] [cxt 0] Parser 'parser': start
[10:12:27.412] [bmv2] [D] [thread 19569] [14.0] [cxt 0] Parser 'parser' entering state 'start'
[10:12:27.412] [bmv2] [D] [thread 19569] [14.0] [cxt 0] Extracting header 'ethernet'
[10:12:27.412] [bmv2] [D] [thread 19569] [14.0] [cxt 0] Parser state 'start': key is 86dd
[10:12:27.412] [bmv2] [T] [thread 19569] [14.0] [cxt 0] Bytes parsed: 14
[10:12:27.412] [bmv2] [D] [thread 19569] [14.0] [cxt 0] Parser 'parser': end
[10:12:27.412] [bmv2] [D] [thread 19569] [14.0] [cxt 0] Pipeline 'ingress': start
[10:12:27.412] [bmv2] [T] [thread 19569] [14.0] [cxt 0] link_monitor.p4(162) Condition "hdr.probe.p1==1 && hdr.probe.p2==1" (node_2) is false
[10:12:27.412] [bmv2] [T] [thread 19569] [14.0] [cxt 0] link_monitor.p4(165) Condition "hdr.probe.p1==2 && hdr.probe.p2==1" (node_4) is false
[10:12:27.412] [bmv2] [T] [thread 19569] [14.0] [cxt 0] link_monitor.p4(168) Condition "hdr.probe.p1==1 && hdr.probe.p2==2" (node_6) is false
[10:12:27.412] [bmv2] [T] [thread 19569] [14.0] [cxt 0] link_monitor.p4(171) Condition "hdr.probe.p1==2 && hdr.probe.p2==2" (node_8) is false
[10:12:27.412] [bmv2] [D] [thread 19569] [14.0] [cxt 0] Pipeline 'ingress': end
[10:12:27.412] [bmv2] [D] [thread 19569] [14.0] [cxt 0] Egress port is 0
[10:12:27.412] [bmv2] [D] [thread 19570] [14.0] [cxt 0] Pipeline 'egress': start
[10:12:27.412] [bmv2] [D] [thread 19570] [14.0] [cxt 0] Pipeline 'egress': end
[10:12:27.412] [bmv2] [D] [thread 19570] [14.0] [cxt 0] Deparser 'deparser': start
[10:12:27.412] [bmv2] [T] [thread 19570] [14.0] [cxt 0] Skipping checksum 'cksum' update because condition not met
[10:12:27.412] [bmv2] [D] [thread 19570] [14.0] [cxt 0] Deparsing header 'ethernet'
[10:12:27.412] [bmv2] [D] [thread 19570] [14.0] [cxt 0] Deparser 'deparser': end
[10:12:27.413] [bmv2] [D] [thread 19574] [14.0] [cxt 0] Transmitting packet of size 90 out of port 0
[10:12:27.444] [bmv2] [D] [thread 19569] [15.0] [cxt 0] Processing packet received on port 3
[10:12:27.444] [bmv2] [D] [thread 19569] [15.0] [cxt 0] Parser 'parser': start
[10:12:27.444] [bmv2] [D] [thread 19569] [15.0] [cxt 0] Parser 'parser' entering state 'start'
[10:12:27.444] [bmv2] [D] [thread 19569] [15.0] [cxt 0] Extracting header 'ethernet'
[10:12:27.444] [bmv2] [D] [thread 19569] [15.0] [cxt 0] Parser state 'start': key is 86dd
[10:12:27.444] [bmv2] [T] [thread 19569] [15.0] [cxt 0] Bytes parsed: 14
[10:12:27.444] [bmv2] [D] [thread 19569] [15.0] [cxt 0] Parser 'parser': end
[10:12:27.444] [bmv2] [D] [thread 19569] [15.0] [cxt 0] Pipeline 'ingress': start
[10:12:27.444] [bmv2] [T] [thread 19569] [15.0] [cxt 0] link_monitor.p4(162) Condition "hdr.probe.p1==1 && hdr.probe.p2==1" (node_2) is false
[10:12:27.444] [bmv2] [T] [thread 19569] [15.0] [cxt 0] link_monitor.p4(165) Condition "hdr.probe.p1==2 && hdr.probe.p2==1" (node_4) is false
[10:12:27.444] [bmv2] [T] [thread 19569] [15.0] [cxt 0] link_monitor.p4(168) Condition "hdr.probe.p1==1 && hdr.probe.p2==2" (node_6) is false
[10:12:27.444] [bmv2] [T] [thread 19569] [15.0] [cxt 0] link_monitor.p4(171) Condition "hdr.probe.p1==2 && hdr.probe.p2==2" (node_8) is false
[10:12:27.444] [bmv2] [D] [thread 19569] [15.0] [cxt 0] Pipeline 'ingress': end
[10:12:27.444] [bmv2] [D] [thread 19569] [15.0] [cxt 0] Egress port is 0
[10:12:27.444] [bmv2] [D] [thread 19570] [15.0] [cxt 0] Pipeline 'egress': start
[10:12:27.444] [bmv2] [D] [thread 19570] [15.0] [cxt 0] Pipeline 'egress': end
[10:12:27.444] [bmv2] [D] [thread 19570] [15.0] [cxt 0] Deparser 'deparser': start
[10:12:27.444] [bmv2] [T] [thread 19570] [15.0] [cxt 0] Skipping checksum 'cksum' update because condition not met
[10:12:27.444] [bmv2] [D] [thread 19570] [15.0] [cxt 0] Deparsing header 'ethernet'
[10:12:27.444] [bmv2] [D] [thread 19570] [15.0] [cxt 0] Deparser 'deparser': end
[10:12:27.444] [bmv2] [D] [thread 19574] [15.0] [cxt 0] Transmitting packet of size 90 out of port 0
New connection
P4Runtime SetForwardingPipelineConfig
[10:12:29.603] [bmv2] [W] [thread 19657] [P4Runtime] p4::tmp::P4DeviceConfig is deprecated
[10:12:29.605] [bmv2] [D] [thread 19657] Set default default entry for table 'MyIngress.ipv4_lpm1': MyIngress.drop - 
[10:12:29.605] [bmv2] [D] [thread 19657] Set default default entry for table 'MyIngress.ipv4_lpm2': MyIngress.drop - 
[10:12:29.605] [bmv2] [D] [thread 19657] Set default default entry for table 'MyIngress.ipv4_lpm3': MyIngress.drop - 
[10:12:29.605] [bmv2] [D] [thread 19657] Set default default entry for table 'MyIngress.ipv4_lpm4': MyIngress.drop - 
P4Runtime Write
device_id: 2
election_id {
  low: 1
}
updates {
  type: MODIFY
  entity {
    table_entry {
      table_id: 33610323
      action {
        action {
          action_id: 16805608
        }
      }
      is_default_action: true
    }
  }
}
[10:12:29.609] [bmv2] [D] [thread 19657] Set default entry for table 'MyIngress.ipv4_lpm2': MyIngress.drop - 
P4Runtime Write
device_id: 2
election_id {
  low: 1
}
updates {
  type: INSERT
  entity {
    table_entry {
      table_id: 33610323
      match {
        field_id: 1
        lpm {
          value: "\n\000\001\001"
          prefix_len: 32
        }
      }
      action {
        action {
          action_id: 16799317
          params {
            param_id: 1
            value: "\010\000\000\000\000\000"
          }
          params {
            param_id: 2
            value: "\000\001"
          }
        }
      }
    }
  }
}
[10:12:29.611] [bmv2] [D] [thread 19657] Entry 0 added to table 'MyIngress.ipv4_lpm2'
[10:12:29.611] [bmv2] [D] [thread 19657] Dumping entry 0
Match key:
* hdr.ipv4.dstAddr    : LPM       0a000101/32
Action entry: MyIngress.ipv4_forward - 80000000000,1,

P4Runtime Write
device_id: 2
election_id {
  low: 1
}
updates {
  type: INSERT
  entity {
    table_entry {
      table_id: 33610323
      match {
        field_id: 1
        lpm {
          value: "\n\000\002\002"
          prefix_len: 32
        }
      }
      action {
        action {
          action_id: 16799317
          params {
            param_id: 1
            value: "\010\000\000\000\005\000"
          }
          params {
            param_id: 2
            value: "\000\002"
          }
        }
      }
    }
  }
}
[10:12:29.612] [bmv2] [D] [thread 19657] Entry 1 added to table 'MyIngress.ipv4_lpm2'
[10:12:29.612] [bmv2] [D] [thread 19657] Dumping entry 1
Match key:
* hdr.ipv4.dstAddr    : LPM       0a000202/32
Action entry: MyIngress.ipv4_forward - 80000000500,2,

P4Runtime Write
device_id: 2
election_id {
  low: 1
}
updates {
  type: MODIFY
  entity {
    table_entry {
      table_id: 33612566
      action {
        action {
          action_id: 16805608
        }
      }
      is_default_action: true
    }
  }
}
[10:12:29.613] [bmv2] [D] [thread 19657] Set default entry for table 'MyIngress.ipv4_lpm4': MyIngress.drop - 
P4Runtime Write
device_id: 2
election_id {
  low: 1
}
updates {
  type: INSERT
  entity {
    table_entry {
      table_id: 33612566
      match {
        field_id: 1
        lpm {
          value: "\n\000\001\001"
          prefix_len: 32
        }
      }
      action {
        action {
          action_id: 16799317
          params {
            param_id: 1
            value: "\010\000\000\000\000\000"
          }
          params {
            param_id: 2
            value: "\000\001"
          }
        }
      }
    }
  }
}
[10:12:29.614] [bmv2] [D] [thread 19657] Entry 0 added to table 'MyIngress.ipv4_lpm4'
[10:12:29.614] [bmv2] [D] [thread 19657] Dumping entry 0
Match key:
* hdr.ipv4.dstAddr    : LPM       0a000101/32
Action entry: MyIngress.ipv4_forward - 80000000000,1,

P4Runtime Write
device_id: 2
election_id {
  low: 1
}
updates {
  type: INSERT
  entity {
    table_entry {
      table_id: 33612566
      match {
        field_id: 1
        lpm {
          value: "\n\000\002\002"
          prefix_len: 32
        }
      }
      action {
        action {
          action_id: 16799317
          params {
            param_id: 1
            value: "\010\000\000\000\004\000"
          }
          params {
            param_id: 2
            value: "\000\003"
          }
        }
      }
    }
  }
}
[10:12:29.616] [bmv2] [D] [thread 19657] Entry 1 added to table 'MyIngress.ipv4_lpm4'
[10:12:29.616] [bmv2] [D] [thread 19657] Dumping entry 1
Match key:
* hdr.ipv4.dstAddr    : LPM       0a000202/32
Action entry: MyIngress.ipv4_forward - 80000000400,3,

Connection removed
[10:12:30.324] [bmv2] [D] [thread 19569] [16.0] [cxt 0] Processing packet received on port 2
[10:12:30.324] [bmv2] [D] [thread 19569] [16.0] [cxt 0] Parser 'parser': start
[10:12:30.324] [bmv2] [D] [thread 19569] [16.0] [cxt 0] Parser 'parser' entering state 'start'
[10:12:30.324] [bmv2] [D] [thread 19569] [16.0] [cxt 0] Extracting header 'ethernet'
[10:12:30.324] [bmv2] [D] [thread 19569] [16.0] [cxt 0] Parser state 'start': key is 86dd
[10:12:30.324] [bmv2] [T] [thread 19569] [16.0] [cxt 0] Bytes parsed: 14
[10:12:30.324] [bmv2] [D] [thread 19569] [16.0] [cxt 0] Parser 'parser': end
[10:12:30.324] [bmv2] [D] [thread 19569] [16.0] [cxt 0] Pipeline 'ingress': start
[10:12:30.324] [bmv2] [T] [thread 19569] [16.0] [cxt 0] link_monitor.p4(162) Condition "hdr.probe.p1==1 && hdr.probe.p2==1" (node_2) is false
[10:12:30.324] [bmv2] [T] [thread 19569] [16.0] [cxt 0] link_monitor.p4(165) Condition "hdr.probe.p1==2 && hdr.probe.p2==1" (node_4) is false
[10:12:30.324] [bmv2] [T] [thread 19569] [16.0] [cxt 0] link_monitor.p4(168) Condition "hdr.probe.p1==1 && hdr.probe.p2==2" (node_6) is false
[10:12:30.324] [bmv2] [T] [thread 19569] [16.0] [cxt 0] link_monitor.p4(171) Condition "hdr.probe.p1==2 && hdr.probe.p2==2" (node_8) is false
[10:12:30.324] [bmv2] [D] [thread 19569] [16.0] [cxt 0] Pipeline 'ingress': end
[10:12:30.324] [bmv2] [D] [thread 19569] [16.0] [cxt 0] Egress port is 0
[10:12:30.324] [bmv2] [D] [thread 19570] [16.0] [cxt 0] Pipeline 'egress': start
[10:12:30.324] [bmv2] [D] [thread 19570] [16.0] [cxt 0] Pipeline 'egress': end
[10:12:30.324] [bmv2] [D] [thread 19570] [16.0] [cxt 0] Deparser 'deparser': start
[10:12:30.324] [bmv2] [T] [thread 19570] [16.0] [cxt 0] Skipping checksum 'cksum' update because condition not met
[10:12:30.324] [bmv2] [D] [thread 19570] [16.0] [cxt 0] Deparsing header 'ethernet'
[10:12:30.324] [bmv2] [D] [thread 19570] [16.0] [cxt 0] Deparser 'deparser': end
[10:12:30.324] [bmv2] [D] [thread 19574] [16.0] [cxt 0] Transmitting packet of size 70 out of port 0
[10:12:30.699] [bmv2] [D] [thread 19569] [17.0] [cxt 0] Processing packet received on port 1
[10:12:30.699] [bmv2] [D] [thread 19569] [17.0] [cxt 0] Parser 'parser': start
[10:12:30.699] [bmv2] [D] [thread 19569] [17.0] [cxt 0] Parser 'parser' entering state 'start'
[10:12:30.699] [bmv2] [D] [thread 19569] [17.0] [cxt 0] Extracting header 'ethernet'
[10:12:30.699] [bmv2] [D] [thread 19569] [17.0] [cxt 0] Parser state 'start': key is 86dd
[10:12:30.699] [bmv2] [T] [thread 19569] [17.0] [cxt 0] Bytes parsed: 14
[10:12:30.699] [bmv2] [D] [thread 19569] [17.0] [cxt 0] Parser 'parser': end
[10:12:30.699] [bmv2] [D] [thread 19569] [17.0] [cxt 0] Pipeline 'ingress': start
[10:12:30.699] [bmv2] [T] [thread 19569] [17.0] [cxt 0] link_monitor.p4(162) Condition "hdr.probe.p1==1 && hdr.probe.p2==1" (node_2) is false
[10:12:30.699] [bmv2] [T] [thread 19569] [17.0] [cxt 0] link_monitor.p4(165) Condition "hdr.probe.p1==2 && hdr.probe.p2==1" (node_4) is false
[10:12:30.699] [bmv2] [T] [thread 19569] [17.0] [cxt 0] link_monitor.p4(168) Condition "hdr.probe.p1==1 && hdr.probe.p2==2" (node_6) is false
[10:12:30.699] [bmv2] [T] [thread 19569] [17.0] [cxt 0] link_monitor.p4(171) Condition "hdr.probe.p1==2 && hdr.probe.p2==2" (node_8) is false
[10:12:30.699] [bmv2] [D] [thread 19569] [17.0] [cxt 0] Pipeline 'ingress': end
[10:12:30.699] [bmv2] [D] [thread 19569] [17.0] [cxt 0] Egress port is 0
[10:12:30.699] [bmv2] [D] [thread 19570] [17.0] [cxt 0] Pipeline 'egress': start
[10:12:30.699] [bmv2] [D] [thread 19570] [17.0] [cxt 0] Pipeline 'egress': end
[10:12:30.699] [bmv2] [D] [thread 19570] [17.0] [cxt 0] Deparser 'deparser': start
[10:12:30.699] [bmv2] [T] [thread 19570] [17.0] [cxt 0] Skipping checksum 'cksum' update because condition not met
[10:12:30.699] [bmv2] [D] [thread 19570] [17.0] [cxt 0] Deparsing header 'ethernet'
[10:12:30.699] [bmv2] [D] [thread 19570] [17.0] [cxt 0] Deparser 'deparser': end
[10:12:30.699] [bmv2] [D] [thread 19574] [17.0] [cxt 0] Transmitting packet of size 70 out of port 0
[10:12:30.939] [bmv2] [D] [thread 19569] [18.0] [cxt 0] Processing packet received on port 3
[10:12:30.939] [bmv2] [D] [thread 19569] [18.0] [cxt 0] Parser 'parser': start
[10:12:30.939] [bmv2] [D] [thread 19569] [18.0] [cxt 0] Parser 'parser' entering state 'start'
[10:12:30.939] [bmv2] [D] [thread 19569] [18.0] [cxt 0] Extracting header 'ethernet'
[10:12:30.939] [bmv2] [D] [thread 19569] [18.0] [cxt 0] Parser state 'start': key is 86dd
[10:12:30.939] [bmv2] [T] [thread 19569] [18.0] [cxt 0] Bytes parsed: 14
[10:12:30.939] [bmv2] [D] [thread 19569] [18.0] [cxt 0] Parser 'parser': end
[10:12:30.939] [bmv2] [D] [thread 19569] [18.0] [cxt 0] Pipeline 'ingress': start
[10:12:30.939] [bmv2] [T] [thread 19569] [18.0] [cxt 0] link_monitor.p4(162) Condition "hdr.probe.p1==1 && hdr.probe.p2==1" (node_2) is false
[10:12:30.939] [bmv2] [T] [thread 19569] [18.0] [cxt 0] link_monitor.p4(165) Condition "hdr.probe.p1==2 && hdr.probe.p2==1" (node_4) is false
[10:12:30.939] [bmv2] [T] [thread 19569] [18.0] [cxt 0] link_monitor.p4(168) Condition "hdr.probe.p1==1 && hdr.probe.p2==2" (node_6) is false
[10:12:30.939] [bmv2] [T] [thread 19569] [18.0] [cxt 0] link_monitor.p4(171) Condition "hdr.probe.p1==2 && hdr.probe.p2==2" (node_8) is false
[10:12:30.939] [bmv2] [D] [thread 19569] [18.0] [cxt 0] Pipeline 'ingress': end
[10:12:30.939] [bmv2] [D] [thread 19569] [18.0] [cxt 0] Egress port is 0
[10:12:30.939] [bmv2] [D] [thread 19570] [18.0] [cxt 0] Pipeline 'egress': start
[10:12:30.939] [bmv2] [D] [thread 19570] [18.0] [cxt 0] Pipeline 'egress': end
[10:12:30.939] [bmv2] [D] [thread 19570] [18.0] [cxt 0] Deparser 'deparser': start
[10:12:30.939] [bmv2] [T] [thread 19570] [18.0] [cxt 0] Skipping checksum 'cksum' update because condition not met
[10:12:30.939] [bmv2] [D] [thread 19570] [18.0] [cxt 0] Deparsing header 'ethernet'
[10:12:30.940] [bmv2] [D] [thread 19570] [18.0] [cxt 0] Deparser 'deparser': end
[10:12:30.940] [bmv2] [D] [thread 19574] [18.0] [cxt 0] Transmitting packet of size 70 out of port 0
[10:12:30.955] [bmv2] [D] [thread 19569] [19.0] [cxt 0] Processing packet received on port 2
[10:12:30.955] [bmv2] [D] [thread 19569] [19.0] [cxt 0] Parser 'parser': start
[10:12:30.955] [bmv2] [D] [thread 19569] [19.0] [cxt 0] Parser 'parser' entering state 'start'
[10:12:30.955] [bmv2] [D] [thread 19569] [19.0] [cxt 0] Extracting header 'ethernet'
[10:12:30.955] [bmv2] [D] [thread 19569] [19.0] [cxt 0] Parser state 'start': key is 86dd
[10:12:30.955] [bmv2] [T] [thread 19569] [19.0] [cxt 0] Bytes parsed: 14
[10:12:30.955] [bmv2] [D] [thread 19569] [19.0] [cxt 0] Parser 'parser': end
[10:12:30.955] [bmv2] [D] [thread 19569] [19.0] [cxt 0] Pipeline 'ingress': start
[10:12:30.955] [bmv2] [T] [thread 19569] [19.0] [cxt 0] link_monitor.p4(162) Condition "hdr.probe.p1==1 && hdr.probe.p2==1" (node_2) is false
[10:12:30.955] [bmv2] [T] [thread 19569] [19.0] [cxt 0] link_monitor.p4(165) Condition "hdr.probe.p1==2 && hdr.probe.p2==1" (node_4) is false
[10:12:30.955] [bmv2] [T] [thread 19569] [19.0] [cxt 0] link_monitor.p4(168) Condition "hdr.probe.p1==1 && hdr.probe.p2==2" (node_6) is false
[10:12:30.955] [bmv2] [T] [thread 19569] [19.0] [cxt 0] link_monitor.p4(171) Condition "hdr.probe.p1==2 && hdr.probe.p2==2" (node_8) is false
[10:12:30.955] [bmv2] [D] [thread 19569] [19.0] [cxt 0] Pipeline 'ingress': end
[10:12:30.955] [bmv2] [D] [thread 19569] [19.0] [cxt 0] Egress port is 0
[10:12:30.955] [bmv2] [D] [thread 19570] [19.0] [cxt 0] Pipeline 'egress': start
[10:12:30.955] [bmv2] [D] [thread 19570] [19.0] [cxt 0] Pipeline 'egress': end
[10:12:30.955] [bmv2] [D] [thread 19570] [19.0] [cxt 0] Deparser 'deparser': start
[10:12:30.955] [bmv2] [T] [thread 19570] [19.0] [cxt 0] Skipping checksum 'cksum' update because condition not met
[10:12:30.955] [bmv2] [D] [thread 19570] [19.0] [cxt 0] Deparsing header 'ethernet'
[10:12:30.955] [bmv2] [D] [thread 19570] [19.0] [cxt 0] Deparser 'deparser': end
[10:12:30.955] [bmv2] [D] [thread 19574] [19.0] [cxt 0] Transmitting packet of size 70 out of port 0
[10:12:30.971] [bmv2] [D] [thread 19569] [20.0] [cxt 0] Processing packet received on port 1
[10:12:30.971] [bmv2] [D] [thread 19569] [20.0] [cxt 0] Parser 'parser': start
[10:12:30.971] [bmv2] [D] [thread 19569] [20.0] [cxt 0] Parser 'parser' entering state 'start'
[10:12:30.971] [bmv2] [D] [thread 19569] [20.0] [cxt 0] Extracting header 'ethernet'
[10:12:30.971] [bmv2] [D] [thread 19569] [20.0] [cxt 0] Parser state 'start': key is 86dd
[10:12:30.971] [bmv2] [T] [thread 19569] [20.0] [cxt 0] Bytes parsed: 14
[10:12:30.971] [bmv2] [D] [thread 19569] [20.0] [cxt 0] Parser 'parser': end
[10:12:30.971] [bmv2] [D] [thread 19569] [20.0] [cxt 0] Pipeline 'ingress': start
[10:12:30.971] [bmv2] [T] [thread 19569] [20.0] [cxt 0] link_monitor.p4(162) Condition "hdr.probe.p1==1 && hdr.probe.p2==1" (node_2) is false
[10:12:30.971] [bmv2] [T] [thread 19569] [20.0] [cxt 0] link_monitor.p4(165) Condition "hdr.probe.p1==2 && hdr.probe.p2==1" (node_4) is false
[10:12:30.971] [bmv2] [T] [thread 19569] [20.0] [cxt 0] link_monitor.p4(168) Condition "hdr.probe.p1==1 && hdr.probe.p2==2" (node_6) is false
[10:12:30.971] [bmv2] [T] [thread 19569] [20.0] [cxt 0] link_monitor.p4(171) Condition "hdr.probe.p1==2 && hdr.probe.p2==2" (node_8) is false
[10:12:30.971] [bmv2] [D] [thread 19569] [20.0] [cxt 0] Pipeline 'ingress': end
[10:12:30.971] [bmv2] [D] [thread 19569] [20.0] [cxt 0] Egress port is 0
[10:12:30.971] [bmv2] [D] [thread 19570] [20.0] [cxt 0] Pipeline 'egress': start
[10:12:30.971] [bmv2] [D] [thread 19570] [20.0] [cxt 0] Pipeline 'egress': end
[10:12:30.971] [bmv2] [D] [thread 19570] [20.0] [cxt 0] Deparser 'deparser': start
[10:12:30.971] [bmv2] [T] [thread 19570] [20.0] [cxt 0] Skipping checksum 'cksum' update because condition not met
[10:12:30.971] [bmv2] [D] [thread 19570] [20.0] [cxt 0] Deparsing header 'ethernet'
[10:12:30.971] [bmv2] [D] [thread 19570] [20.0] [cxt 0] Deparser 'deparser': end
[10:12:30.971] [bmv2] [D] [thread 19574] [20.0] [cxt 0] Transmitting packet of size 70 out of port 0
[10:12:31.139] [bmv2] [D] [thread 19569] [21.0] [cxt 0] Processing packet received on port 3
[10:12:31.139] [bmv2] [D] [thread 19569] [21.0] [cxt 0] Parser 'parser': start
[10:12:31.139] [bmv2] [D] [thread 19569] [21.0] [cxt 0] Parser 'parser' entering state 'start'
[10:12:31.140] [bmv2] [D] [thread 19569] [21.0] [cxt 0] Extracting header 'ethernet'
[10:12:31.140] [bmv2] [D] [thread 19569] [21.0] [cxt 0] Parser state 'start': key is 86dd
[10:12:31.140] [bmv2] [T] [thread 19569] [21.0] [cxt 0] Bytes parsed: 14
[10:12:31.140] [bmv2] [D] [thread 19569] [21.0] [cxt 0] Parser 'parser': end
[10:12:31.140] [bmv2] [D] [thread 19569] [21.0] [cxt 0] Pipeline 'ingress': start
[10:12:31.140] [bmv2] [T] [thread 19569] [21.0] [cxt 0] link_monitor.p4(162) Condition "hdr.probe.p1==1 && hdr.probe.p2==1" (node_2) is false
[10:12:31.140] [bmv2] [T] [thread 19569] [21.0] [cxt 0] link_monitor.p4(165) Condition "hdr.probe.p1==2 && hdr.probe.p2==1" (node_4) is false
[10:12:31.140] [bmv2] [T] [thread 19569] [21.0] [cxt 0] link_monitor.p4(168) Condition "hdr.probe.p1==1 && hdr.probe.p2==2" (node_6) is false
[10:12:31.140] [bmv2] [T] [thread 19569] [21.0] [cxt 0] link_monitor.p4(171) Condition "hdr.probe.p1==2 && hdr.probe.p2==2" (node_8) is false
[10:12:31.140] [bmv2] [D] [thread 19569] [21.0] [cxt 0] Pipeline 'ingress': end
[10:12:31.140] [bmv2] [D] [thread 19569] [21.0] [cxt 0] Egress port is 0
[10:12:31.140] [bmv2] [D] [thread 19570] [21.0] [cxt 0] Pipeline 'egress': start
[10:12:31.140] [bmv2] [D] [thread 19570] [21.0] [cxt 0] Pipeline 'egress': end
[10:12:31.140] [bmv2] [D] [thread 19570] [21.0] [cxt 0] Deparser 'deparser': start
[10:12:31.140] [bmv2] [T] [thread 19570] [21.0] [cxt 0] Skipping checksum 'cksum' update because condition not met
[10:12:31.140] [bmv2] [D] [thread 19570] [21.0] [cxt 0] Deparsing header 'ethernet'
[10:12:31.140] [bmv2] [D] [thread 19570] [21.0] [cxt 0] Deparser 'deparser': end
[10:12:31.140] [bmv2] [D] [thread 19574] [21.0] [cxt 0] Transmitting packet of size 70 out of port 0
[10:12:34.331] [bmv2] [D] [thread 19569] [22.0] [cxt 0] Processing packet received on port 2
[10:12:34.331] [bmv2] [D] [thread 19569] [22.0] [cxt 0] Parser 'parser': start
[10:12:34.331] [bmv2] [D] [thread 19569] [22.0] [cxt 0] Parser 'parser' entering state 'start'
[10:12:34.331] [bmv2] [D] [thread 19569] [22.0] [cxt 0] Extracting header 'ethernet'
[10:12:34.331] [bmv2] [D] [thread 19569] [22.0] [cxt 0] Parser state 'start': key is 86dd
[10:12:34.331] [bmv2] [T] [thread 19569] [22.0] [cxt 0] Bytes parsed: 14
[10:12:34.331] [bmv2] [D] [thread 19569] [22.0] [cxt 0] Parser 'parser': end
[10:12:34.331] [bmv2] [D] [thread 19569] [22.0] [cxt 0] Pipeline 'ingress': start
[10:12:34.331] [bmv2] [T] [thread 19569] [22.0] [cxt 0] link_monitor.p4(162) Condition "hdr.probe.p1==1 && hdr.probe.p2==1" (node_2) is false
[10:12:34.331] [bmv2] [T] [thread 19569] [22.0] [cxt 0] link_monitor.p4(165) Condition "hdr.probe.p1==2 && hdr.probe.p2==1" (node_4) is false
[10:12:34.331] [bmv2] [T] [thread 19569] [22.0] [cxt 0] link_monitor.p4(168) Condition "hdr.probe.p1==1 && hdr.probe.p2==2" (node_6) is false
[10:12:34.331] [bmv2] [T] [thread 19569] [22.0] [cxt 0] link_monitor.p4(171) Condition "hdr.probe.p1==2 && hdr.probe.p2==2" (node_8) is false
[10:12:34.331] [bmv2] [D] [thread 19569] [22.0] [cxt 0] Pipeline 'ingress': end
[10:12:34.331] [bmv2] [D] [thread 19569] [22.0] [cxt 0] Egress port is 0
[10:12:34.331] [bmv2] [D] [thread 19570] [22.0] [cxt 0] Pipeline 'egress': start
[10:12:34.331] [bmv2] [D] [thread 19570] [22.0] [cxt 0] Pipeline 'egress': end
[10:12:34.331] [bmv2] [D] [thread 19570] [22.0] [cxt 0] Deparser 'deparser': start
[10:12:34.331] [bmv2] [T] [thread 19570] [22.0] [cxt 0] Skipping checksum 'cksum' update because condition not met
[10:12:34.331] [bmv2] [D] [thread 19570] [22.0] [cxt 0] Deparsing header 'ethernet'
[10:12:34.331] [bmv2] [D] [thread 19570] [22.0] [cxt 0] Deparser 'deparser': end
[10:12:34.331] [bmv2] [D] [thread 19574] [22.0] [cxt 0] Transmitting packet of size 70 out of port 0
[10:12:34.712] [bmv2] [D] [thread 19569] [23.0] [cxt 0] Processing packet received on port 1
[10:12:34.712] [bmv2] [D] [thread 19569] [23.0] [cxt 0] Parser 'parser': start
[10:12:34.713] [bmv2] [D] [thread 19569] [23.0] [cxt 0] Parser 'parser' entering state 'start'
[10:12:34.713] [bmv2] [D] [thread 19569] [23.0] [cxt 0] Extracting header 'ethernet'
[10:12:34.713] [bmv2] [D] [thread 19569] [23.0] [cxt 0] Parser state 'start': key is 86dd
[10:12:34.713] [bmv2] [T] [thread 19569] [23.0] [cxt 0] Bytes parsed: 14
[10:12:34.713] [bmv2] [D] [thread 19569] [23.0] [cxt 0] Parser 'parser': end
[10:12:34.713] [bmv2] [D] [thread 19569] [23.0] [cxt 0] Pipeline 'ingress': start
[10:12:34.713] [bmv2] [T] [thread 19569] [23.0] [cxt 0] link_monitor.p4(162) Condition "hdr.probe.p1==1 && hdr.probe.p2==1" (node_2) is false
[10:12:34.713] [bmv2] [T] [thread 19569] [23.0] [cxt 0] link_monitor.p4(165) Condition "hdr.probe.p1==2 && hdr.probe.p2==1" (node_4) is false
[10:12:34.713] [bmv2] [T] [thread 19569] [23.0] [cxt 0] link_monitor.p4(168) Condition "hdr.probe.p1==1 && hdr.probe.p2==2" (node_6) is false
[10:12:34.713] [bmv2] [T] [thread 19569] [23.0] [cxt 0] link_monitor.p4(171) Condition "hdr.probe.p1==2 && hdr.probe.p2==2" (node_8) is false
[10:12:34.713] [bmv2] [D] [thread 19569] [23.0] [cxt 0] Pipeline 'ingress': end
[10:12:34.713] [bmv2] [D] [thread 19569] [23.0] [cxt 0] Egress port is 0
[10:12:34.713] [bmv2] [D] [thread 19570] [23.0] [cxt 0] Pipeline 'egress': start
[10:12:34.713] [bmv2] [D] [thread 19570] [23.0] [cxt 0] Pipeline 'egress': end
[10:12:34.713] [bmv2] [D] [thread 19570] [23.0] [cxt 0] Deparser 'deparser': start
[10:12:34.713] [bmv2] [T] [thread 19570] [23.0] [cxt 0] Skipping checksum 'cksum' update because condition not met
[10:12:34.713] [bmv2] [D] [thread 19570] [23.0] [cxt 0] Deparsing header 'ethernet'
[10:12:34.713] [bmv2] [D] [thread 19570] [23.0] [cxt 0] Deparser 'deparser': end
[10:12:34.713] [bmv2] [D] [thread 19574] [23.0] [cxt 0] Transmitting packet of size 70 out of port 0
[10:12:34.947] [bmv2] [D] [thread 19569] [24.0] [cxt 0] Processing packet received on port 3
[10:12:34.947] [bmv2] [D] [thread 19569] [24.0] [cxt 0] Parser 'parser': start
[10:12:34.947] [bmv2] [D] [thread 19569] [24.0] [cxt 0] Parser 'parser' entering state 'start'
[10:12:34.947] [bmv2] [D] [thread 19569] [24.0] [cxt 0] Extracting header 'ethernet'
[10:12:34.947] [bmv2] [D] [thread 19569] [24.0] [cxt 0] Parser state 'start': key is 86dd
[10:12:34.947] [bmv2] [T] [thread 19569] [24.0] [cxt 0] Bytes parsed: 14
[10:12:34.947] [bmv2] [D] [thread 19569] [24.0] [cxt 0] Parser 'parser': end
[10:12:34.947] [bmv2] [D] [thread 19569] [24.0] [cxt 0] Pipeline 'ingress': start
[10:12:34.947] [bmv2] [T] [thread 19569] [24.0] [cxt 0] link_monitor.p4(162) Condition "hdr.probe.p1==1 && hdr.probe.p2==1" (node_2) is false
[10:12:34.947] [bmv2] [T] [thread 19569] [24.0] [cxt 0] link_monitor.p4(165) Condition "hdr.probe.p1==2 && hdr.probe.p2==1" (node_4) is false
[10:12:34.947] [bmv2] [T] [thread 19569] [24.0] [cxt 0] link_monitor.p4(168) Condition "hdr.probe.p1==1 && hdr.probe.p2==2" (node_6) is false
[10:12:34.947] [bmv2] [T] [thread 19569] [24.0] [cxt 0] link_monitor.p4(171) Condition "hdr.probe.p1==2 && hdr.probe.p2==2" (node_8) is false
[10:12:34.947] [bmv2] [D] [thread 19569] [24.0] [cxt 0] Pipeline 'ingress': end
[10:12:34.947] [bmv2] [D] [thread 19569] [24.0] [cxt 0] Egress port is 0
[10:12:34.947] [bmv2] [D] [thread 19570] [24.0] [cxt 0] Pipeline 'egress': start
[10:12:34.947] [bmv2] [D] [thread 19570] [24.0] [cxt 0] Pipeline 'egress': end
[10:12:34.947] [bmv2] [D] [thread 19570] [24.0] [cxt 0] Deparser 'deparser': start
[10:12:34.947] [bmv2] [T] [thread 19570] [24.0] [cxt 0] Skipping checksum 'cksum' update because condition not met
[10:12:34.947] [bmv2] [D] [thread 19570] [24.0] [cxt 0] Deparsing header 'ethernet'
[10:12:34.947] [bmv2] [D] [thread 19570] [24.0] [cxt 0] Deparser 'deparser': end
[10:12:34.947] [bmv2] [D] [thread 19574] [24.0] [cxt 0] Transmitting packet of size 70 out of port 0
[10:12:34.963] [bmv2] [D] [thread 19569] [25.0] [cxt 0] Processing packet received on port 2
[10:12:34.963] [bmv2] [D] [thread 19569] [25.0] [cxt 0] Parser 'parser': start
[10:12:34.963] [bmv2] [D] [thread 19569] [25.0] [cxt 0] Parser 'parser' entering state 'start'
[10:12:34.963] [bmv2] [D] [thread 19569] [25.0] [cxt 0] Extracting header 'ethernet'
[10:12:34.963] [bmv2] [D] [thread 19569] [25.0] [cxt 0] Parser state 'start': key is 86dd
[10:12:34.963] [bmv2] [T] [thread 19569] [25.0] [cxt 0] Bytes parsed: 14
[10:12:34.963] [bmv2] [D] [thread 19569] [25.0] [cxt 0] Parser 'parser': end
[10:12:34.963] [bmv2] [D] [thread 19569] [25.0] [cxt 0] Pipeline 'ingress': start
[10:12:34.963] [bmv2] [T] [thread 19569] [25.0] [cxt 0] link_monitor.p4(162) Condition "hdr.probe.p1==1 && hdr.probe.p2==1" (node_2) is false
[10:12:34.963] [bmv2] [T] [thread 19569] [25.0] [cxt 0] link_monitor.p4(165) Condition "hdr.probe.p1==2 && hdr.probe.p2==1" (node_4) is false
[10:12:34.963] [bmv2] [T] [thread 19569] [25.0] [cxt 0] link_monitor.p4(168) Condition "hdr.probe.p1==1 && hdr.probe.p2==2" (node_6) is false
[10:12:34.963] [bmv2] [T] [thread 19569] [25.0] [cxt 0] link_monitor.p4(171) Condition "hdr.probe.p1==2 && hdr.probe.p2==2" (node_8) is false
[10:12:34.963] [bmv2] [D] [thread 19569] [25.0] [cxt 0] Pipeline 'ingress': end
[10:12:34.963] [bmv2] [D] [thread 19569] [25.0] [cxt 0] Egress port is 0
[10:12:34.963] [bmv2] [D] [thread 19570] [25.0] [cxt 0] Pipeline 'egress': start
[10:12:34.963] [bmv2] [D] [thread 19570] [25.0] [cxt 0] Pipeline 'egress': end
[10:12:34.963] [bmv2] [D] [thread 19570] [25.0] [cxt 0] Deparser 'deparser': start
[10:12:34.963] [bmv2] [T] [thread 19570] [25.0] [cxt 0] Skipping checksum 'cksum' update because condition not met
[10:12:34.963] [bmv2] [D] [thread 19570] [25.0] [cxt 0] Deparsing header 'ethernet'
[10:12:34.963] [bmv2] [D] [thread 19570] [25.0] [cxt 0] Deparser 'deparser': end
[10:12:34.963] [bmv2] [D] [thread 19574] [25.0] [cxt 0] Transmitting packet of size 70 out of port 0
[10:12:34.979] [bmv2] [D] [thread 19569] [26.0] [cxt 0] Processing packet received on port 1
[10:12:34.979] [bmv2] [D] [thread 19569] [26.0] [cxt 0] Parser 'parser': start
[10:12:34.979] [bmv2] [D] [thread 19569] [26.0] [cxt 0] Parser 'parser' entering state 'start'
[10:12:34.979] [bmv2] [D] [thread 19569] [26.0] [cxt 0] Extracting header 'ethernet'
[10:12:34.979] [bmv2] [D] [thread 19569] [26.0] [cxt 0] Parser state 'start': key is 86dd
[10:12:34.979] [bmv2] [T] [thread 19569] [26.0] [cxt 0] Bytes parsed: 14
[10:12:34.979] [bmv2] [D] [thread 19569] [26.0] [cxt 0] Parser 'parser': end
[10:12:34.979] [bmv2] [D] [thread 19569] [26.0] [cxt 0] Pipeline 'ingress': start
[10:12:34.979] [bmv2] [T] [thread 19569] [26.0] [cxt 0] link_monitor.p4(162) Condition "hdr.probe.p1==1 && hdr.probe.p2==1" (node_2) is false
[10:12:34.980] [bmv2] [T] [thread 19569] [26.0] [cxt 0] link_monitor.p4(165) Condition "hdr.probe.p1==2 && hdr.probe.p2==1" (node_4) is false
[10:12:34.980] [bmv2] [T] [thread 19569] [26.0] [cxt 0] link_monitor.p4(168) Condition "hdr.probe.p1==1 && hdr.probe.p2==2" (node_6) is false
[10:12:34.980] [bmv2] [T] [thread 19569] [26.0] [cxt 0] link_monitor.p4(171) Condition "hdr.probe.p1==2 && hdr.probe.p2==2" (node_8) is false
[10:12:34.980] [bmv2] [D] [thread 19569] [26.0] [cxt 0] Pipeline 'ingress': end
[10:12:34.980] [bmv2] [D] [thread 19569] [26.0] [cxt 0] Egress port is 0
[10:12:34.980] [bmv2] [D] [thread 19570] [26.0] [cxt 0] Pipeline 'egress': start
[10:12:34.980] [bmv2] [D] [thread 19570] [26.0] [cxt 0] Pipeline 'egress': end
[10:12:34.980] [bmv2] [D] [thread 19570] [26.0] [cxt 0] Deparser 'deparser': start
[10:12:34.980] [bmv2] [T] [thread 19570] [26.0] [cxt 0] Skipping checksum 'cksum' update because condition not met
[10:12:34.980] [bmv2] [D] [thread 19570] [26.0] [cxt 0] Deparsing header 'ethernet'
[10:12:34.980] [bmv2] [D] [thread 19570] [26.0] [cxt 0] Deparser 'deparser': end
[10:12:34.980] [bmv2] [D] [thread 19574] [26.0] [cxt 0] Transmitting packet of size 70 out of port 0
[10:12:35.147] [bmv2] [D] [thread 19569] [27.0] [cxt 0] Processing packet received on port 3
[10:12:35.147] [bmv2] [D] [thread 19569] [27.0] [cxt 0] Parser 'parser': start
[10:12:35.147] [bmv2] [D] [thread 19569] [27.0] [cxt 0] Parser 'parser' entering state 'start'
[10:12:35.147] [bmv2] [D] [thread 19569] [27.0] [cxt 0] Extracting header 'ethernet'
[10:12:35.147] [bmv2] [D] [thread 19569] [27.0] [cxt 0] Parser state 'start': key is 86dd
[10:12:35.147] [bmv2] [T] [thread 19569] [27.0] [cxt 0] Bytes parsed: 14
[10:12:35.147] [bmv2] [D] [thread 19569] [27.0] [cxt 0] Parser 'parser': end
[10:12:35.147] [bmv2] [D] [thread 19569] [27.0] [cxt 0] Pipeline 'ingress': start
[10:12:35.147] [bmv2] [T] [thread 19569] [27.0] [cxt 0] link_monitor.p4(162) Condition "hdr.probe.p1==1 && hdr.probe.p2==1" (node_2) is false
[10:12:35.147] [bmv2] [T] [thread 19569] [27.0] [cxt 0] link_monitor.p4(165) Condition "hdr.probe.p1==2 && hdr.probe.p2==1" (node_4) is false
[10:12:35.147] [bmv2] [T] [thread 19569] [27.0] [cxt 0] link_monitor.p4(168) Condition "hdr.probe.p1==1 && hdr.probe.p2==2" (node_6) is false
[10:12:35.147] [bmv2] [T] [thread 19569] [27.0] [cxt 0] link_monitor.p4(171) Condition "hdr.probe.p1==2 && hdr.probe.p2==2" (node_8) is false
[10:12:35.147] [bmv2] [D] [thread 19569] [27.0] [cxt 0] Pipeline 'ingress': end
[10:12:35.147] [bmv2] [D] [thread 19569] [27.0] [cxt 0] Egress port is 0
[10:12:35.148] [bmv2] [D] [thread 19570] [27.0] [cxt 0] Pipeline 'egress': start
[10:12:35.148] [bmv2] [D] [thread 19570] [27.0] [cxt 0] Pipeline 'egress': end
[10:12:35.148] [bmv2] [D] [thread 19570] [27.0] [cxt 0] Deparser 'deparser': start
[10:12:35.148] [bmv2] [T] [thread 19570] [27.0] [cxt 0] Skipping checksum 'cksum' update because condition not met
[10:12:35.148] [bmv2] [D] [thread 19570] [27.0] [cxt 0] Deparsing header 'ethernet'
[10:12:35.148] [bmv2] [D] [thread 19570] [27.0] [cxt 0] Deparser 'deparser': end
[10:12:35.148] [bmv2] [D] [thread 19574] [27.0] [cxt 0] Transmitting packet of size 70 out of port 0
open: No such file or directory
open: No such file or directory
open: No such file or directory
open: No such file or directory
