Calling target program-options parser
[14:05:25.081] [bmv2] [D] [thread 24891] Set default default entry for table 'MyIngress.ipv4_lpm1': NoAction - 
[14:05:25.081] [bmv2] [D] [thread 24891] Set default default entry for table 'MyIngress.ipv4_lpm2': NoAction - 
Adding interface s0-eth1 as port 1
[14:05:25.081] [bmv2] [D] [thread 24891] Adding interface s0-eth1 as port 1
Adding interface s0-eth2 as port 2
[14:05:25.111] [bmv2] [D] [thread 24891] Adding interface s0-eth2 as port 2
Adding interface s0-eth3 as port 3
[14:05:25.135] [bmv2] [D] [thread 24891] Adding interface s0-eth3 as port 3
I0218 14:05:25.159736949   24891 server_builder.cc:247]      Synchronous server. Num CQs: 1, Min pollers: 1, Max Pollers: 2147483647, CQ timeout (msec): 1000
Server listening on 0.0.0.0:50051
[14:05:25.163] [bmv2] [I] [thread 24891] Starting Thrift server on port 9090
[14:05:25.163] [bmv2] [I] [thread 24891] Thrift server was started
[14:05:25.164] [bmv2] [D] [thread 24898] [0.0] [cxt 0] Processing packet received on port 1
[14:05:25.164] [bmv2] [D] [thread 24898] [0.0] [cxt 0] Parser 'parser': start
[14:05:25.164] [bmv2] [D] [thread 24898] [0.0] [cxt 0] Parser 'parser' entering state 'start'
[14:05:25.164] [bmv2] [D] [thread 24898] [0.0] [cxt 0] Extracting header 'ethernet'
[14:05:25.164] [bmv2] [D] [thread 24898] [0.0] [cxt 0] Parser state 'start': key is 86dd
[14:05:25.164] [bmv2] [T] [thread 24898] [0.0] [cxt 0] Bytes parsed: 14
[14:05:25.164] [bmv2] [D] [thread 24898] [0.0] [cxt 0] Parser 'parser': end
[14:05:25.164] [bmv2] [D] [thread 24898] [0.0] [cxt 0] Pipeline 'ingress': start
[14:05:25.164] [bmv2] [T] [thread 24898] [0.0] [cxt 0] basic.p4(183) Condition "hdr.udp.dst_port==5000" (node_2) is false
[14:05:25.164] [bmv2] [T] [thread 24898] [0.0] [cxt 0] basic.p4(186) Condition "hdr.udp.dst_port==6000" (node_4) is false
[14:05:25.164] [bmv2] [D] [thread 24898] [0.0] [cxt 0] Pipeline 'ingress': end
[14:05:25.164] [bmv2] [D] [thread 24898] [0.0] [cxt 0] Egress port is 0
[14:05:25.164] [bmv2] [D] [thread 24899] [0.0] [cxt 0] Pipeline 'egress': start
[14:05:25.164] [bmv2] [D] [thread 24899] [0.0] [cxt 0] Pipeline 'egress': end
[14:05:25.164] [bmv2] [D] [thread 24899] [0.0] [cxt 0] Deparser 'deparser': start
[14:05:25.164] [bmv2] [T] [thread 24899] [0.0] [cxt 0] Skipping checksum 'cksum' update because condition not met
[14:05:25.164] [bmv2] [D] [thread 24899] [0.0] [cxt 0] Deparsing header 'ethernet'
[14:05:25.164] [bmv2] [D] [thread 24899] [0.0] [cxt 0] Deparser 'deparser': end
[14:05:25.164] [bmv2] [D] [thread 24903] [0.0] [cxt 0] Transmitting packet of size 90 out of port 0
[14:05:25.508] [bmv2] [D] [thread 24898] [1.0] [cxt 0] Processing packet received on port 3
[14:05:25.508] [bmv2] [D] [thread 24898] [1.0] [cxt 0] Parser 'parser': start
[14:05:25.508] [bmv2] [D] [thread 24898] [1.0] [cxt 0] Parser 'parser' entering state 'start'
[14:05:25.508] [bmv2] [D] [thread 24898] [1.0] [cxt 0] Extracting header 'ethernet'
[14:05:25.508] [bmv2] [D] [thread 24898] [1.0] [cxt 0] Parser state 'start': key is 86dd
[14:05:25.508] [bmv2] [T] [thread 24898] [1.0] [cxt 0] Bytes parsed: 14
[14:05:25.508] [bmv2] [D] [thread 24898] [1.0] [cxt 0] Parser 'parser': end
[14:05:25.508] [bmv2] [D] [thread 24898] [1.0] [cxt 0] Pipeline 'ingress': start
[14:05:25.508] [bmv2] [T] [thread 24898] [1.0] [cxt 0] basic.p4(183) Condition "hdr.udp.dst_port==5000" (node_2) is false
[14:05:25.508] [bmv2] [T] [thread 24898] [1.0] [cxt 0] basic.p4(186) Condition "hdr.udp.dst_port==6000" (node_4) is false
[14:05:25.508] [bmv2] [D] [thread 24898] [1.0] [cxt 0] Pipeline 'ingress': end
[14:05:25.508] [bmv2] [D] [thread 24898] [1.0] [cxt 0] Egress port is 0
[14:05:25.508] [bmv2] [D] [thread 24899] [1.0] [cxt 0] Pipeline 'egress': start
[14:05:25.508] [bmv2] [D] [thread 24899] [1.0] [cxt 0] Pipeline 'egress': end
[14:05:25.508] [bmv2] [D] [thread 24899] [1.0] [cxt 0] Deparser 'deparser': start
[14:05:25.508] [bmv2] [T] [thread 24899] [1.0] [cxt 0] Skipping checksum 'cksum' update because condition not met
[14:05:25.508] [bmv2] [D] [thread 24899] [1.0] [cxt 0] Deparsing header 'ethernet'
[14:05:25.508] [bmv2] [D] [thread 24899] [1.0] [cxt 0] Deparser 'deparser': end
[14:05:25.508] [bmv2] [D] [thread 24903] [1.0] [cxt 0] Transmitting packet of size 78 out of port 0
[14:05:25.561] [bmv2] [D] [thread 24898] [2.0] [cxt 0] Processing packet received on port 2
[14:05:25.561] [bmv2] [D] [thread 24898] [2.0] [cxt 0] Parser 'parser': start
[14:05:25.561] [bmv2] [D] [thread 24898] [2.0] [cxt 0] Parser 'parser' entering state 'start'
[14:05:25.561] [bmv2] [D] [thread 24898] [2.0] [cxt 0] Extracting header 'ethernet'
[14:05:25.561] [bmv2] [D] [thread 24898] [2.0] [cxt 0] Parser state 'start': key is 86dd
[14:05:25.561] [bmv2] [T] [thread 24898] [2.0] [cxt 0] Bytes parsed: 14
[14:05:25.561] [bmv2] [D] [thread 24898] [2.0] [cxt 0] Parser 'parser': end
[14:05:25.561] [bmv2] [D] [thread 24898] [2.0] [cxt 0] Pipeline 'ingress': start
[14:05:25.561] [bmv2] [T] [thread 24898] [2.0] [cxt 0] basic.p4(183) Condition "hdr.udp.dst_port==5000" (node_2) is false
[14:05:25.561] [bmv2] [T] [thread 24898] [2.0] [cxt 0] basic.p4(186) Condition "hdr.udp.dst_port==6000" (node_4) is false
[14:05:25.561] [bmv2] [D] [thread 24898] [2.0] [cxt 0] Pipeline 'ingress': end
[14:05:25.561] [bmv2] [D] [thread 24898] [2.0] [cxt 0] Egress port is 0
[14:05:25.562] [bmv2] [D] [thread 24899] [2.0] [cxt 0] Pipeline 'egress': start
[14:05:25.562] [bmv2] [D] [thread 24899] [2.0] [cxt 0] Pipeline 'egress': end
[14:05:25.562] [bmv2] [D] [thread 24899] [2.0] [cxt 0] Deparser 'deparser': start
[14:05:25.562] [bmv2] [T] [thread 24899] [2.0] [cxt 0] Skipping checksum 'cksum' update because condition not met
[14:05:25.562] [bmv2] [D] [thread 24899] [2.0] [cxt 0] Deparsing header 'ethernet'
[14:05:25.562] [bmv2] [D] [thread 24899] [2.0] [cxt 0] Deparser 'deparser': end
[14:05:25.562] [bmv2] [D] [thread 24903] [2.0] [cxt 0] Transmitting packet of size 90 out of port 0
[14:05:25.644] [bmv2] [D] [thread 24898] [3.0] [cxt 0] Processing packet received on port 2
[14:05:25.644] [bmv2] [D] [thread 24898] [3.0] [cxt 0] Parser 'parser': start
[14:05:25.644] [bmv2] [D] [thread 24898] [3.0] [cxt 0] Parser 'parser' entering state 'start'
[14:05:25.644] [bmv2] [D] [thread 24898] [3.0] [cxt 0] Extracting header 'ethernet'
[14:05:25.644] [bmv2] [D] [thread 24898] [3.0] [cxt 0] Parser state 'start': key is 86dd
[14:05:25.644] [bmv2] [T] [thread 24898] [3.0] [cxt 0] Bytes parsed: 14
[14:05:25.644] [bmv2] [D] [thread 24898] [3.0] [cxt 0] Parser 'parser': end
[14:05:25.644] [bmv2] [D] [thread 24898] [3.0] [cxt 0] Pipeline 'ingress': start
[14:05:25.644] [bmv2] [T] [thread 24898] [3.0] [cxt 0] basic.p4(183) Condition "hdr.udp.dst_port==5000" (node_2) is false
[14:05:25.644] [bmv2] [T] [thread 24898] [3.0] [cxt 0] basic.p4(186) Condition "hdr.udp.dst_port==6000" (node_4) is false
[14:05:25.644] [bmv2] [D] [thread 24898] [3.0] [cxt 0] Pipeline 'ingress': end
[14:05:25.644] [bmv2] [D] [thread 24898] [3.0] [cxt 0] Egress port is 0
[14:05:25.644] [bmv2] [D] [thread 24899] [3.0] [cxt 0] Pipeline 'egress': start
[14:05:25.645] [bmv2] [D] [thread 24899] [3.0] [cxt 0] Pipeline 'egress': end
[14:05:25.645] [bmv2] [D] [thread 24899] [3.0] [cxt 0] Deparser 'deparser': start
[14:05:25.645] [bmv2] [T] [thread 24899] [3.0] [cxt 0] Skipping checksum 'cksum' update because condition not met
[14:05:25.645] [bmv2] [D] [thread 24899] [3.0] [cxt 0] Deparsing header 'ethernet'
[14:05:25.645] [bmv2] [D] [thread 24899] [3.0] [cxt 0] Deparser 'deparser': end
[14:05:25.645] [bmv2] [D] [thread 24903] [3.0] [cxt 0] Transmitting packet of size 78 out of port 0
[14:05:25.702] [bmv2] [D] [thread 24898] [4.0] [cxt 0] Processing packet received on port 2
[14:05:25.702] [bmv2] [D] [thread 24898] [4.0] [cxt 0] Parser 'parser': start
[14:05:25.702] [bmv2] [D] [thread 24898] [4.0] [cxt 0] Parser 'parser' entering state 'start'
[14:05:25.702] [bmv2] [D] [thread 24898] [4.0] [cxt 0] Extracting header 'ethernet'
[14:05:25.702] [bmv2] [D] [thread 24898] [4.0] [cxt 0] Parser state 'start': key is 86dd
[14:05:25.702] [bmv2] [T] [thread 24898] [4.0] [cxt 0] Bytes parsed: 14
[14:05:25.702] [bmv2] [D] [thread 24898] [4.0] [cxt 0] Parser 'parser': end
[14:05:25.702] [bmv2] [D] [thread 24898] [4.0] [cxt 0] Pipeline 'ingress': start
[14:05:25.702] [bmv2] [T] [thread 24898] [4.0] [cxt 0] basic.p4(183) Condition "hdr.udp.dst_port==5000" (node_2) is false
[14:05:25.702] [bmv2] [T] [thread 24898] [4.0] [cxt 0] basic.p4(186) Condition "hdr.udp.dst_port==6000" (node_4) is false
[14:05:25.702] [bmv2] [D] [thread 24898] [4.0] [cxt 0] Pipeline 'ingress': end
[14:05:25.702] [bmv2] [D] [thread 24898] [4.0] [cxt 0] Egress port is 0
[14:05:25.702] [bmv2] [D] [thread 24898] [5.0] [cxt 0] Processing packet received on port 3
[14:05:25.702] [bmv2] [D] [thread 24898] [5.0] [cxt 0] Parser 'parser': start
[14:05:25.702] [bmv2] [D] [thread 24898] [5.0] [cxt 0] Parser 'parser' entering state 'start'
[14:05:25.702] [bmv2] [D] [thread 24898] [5.0] [cxt 0] Extracting header 'ethernet'
[14:05:25.702] [bmv2] [D] [thread 24898] [5.0] [cxt 0] Parser state 'start': key is 86dd
[14:05:25.702] [bmv2] [T] [thread 24898] [5.0] [cxt 0] Bytes parsed: 14
[14:05:25.702] [bmv2] [D] [thread 24898] [5.0] [cxt 0] Parser 'parser': end
[14:05:25.702] [bmv2] [D] [thread 24898] [5.0] [cxt 0] Pipeline 'ingress': start
[14:05:25.702] [bmv2] [T] [thread 24898] [5.0] [cxt 0] basic.p4(183) Condition "hdr.udp.dst_port==5000" (node_2) is false
[14:05:25.702] [bmv2] [T] [thread 24898] [5.0] [cxt 0] basic.p4(186) Condition "hdr.udp.dst_port==6000" (node_4) is false
[14:05:25.702] [bmv2] [D] [thread 24898] [5.0] [cxt 0] Pipeline 'ingress': end
[14:05:25.702] [bmv2] [D] [thread 24898] [5.0] [cxt 0] Egress port is 0
[14:05:25.702] [bmv2] [D] [thread 24899] [4.0] [cxt 0] Pipeline 'egress': start
[14:05:25.702] [bmv2] [D] [thread 24899] [4.0] [cxt 0] Pipeline 'egress': end
[14:05:25.702] [bmv2] [D] [thread 24899] [4.0] [cxt 0] Deparser 'deparser': start
[14:05:25.702] [bmv2] [T] [thread 24899] [4.0] [cxt 0] Skipping checksum 'cksum' update because condition not met
[14:05:25.702] [bmv2] [D] [thread 24899] [4.0] [cxt 0] Deparsing header 'ethernet'
[14:05:25.702] [bmv2] [D] [thread 24899] [4.0] [cxt 0] Deparser 'deparser': end
[14:05:25.702] [bmv2] [D] [thread 24899] [5.0] [cxt 0] Pipeline 'egress': start
[14:05:25.702] [bmv2] [D] [thread 24899] [5.0] [cxt 0] Pipeline 'egress': end
[14:05:25.703] [bmv2] [D] [thread 24899] [5.0] [cxt 0] Deparser 'deparser': start
[14:05:25.703] [bmv2] [T] [thread 24899] [5.0] [cxt 0] Skipping checksum 'cksum' update because condition not met
[14:05:25.703] [bmv2] [D] [thread 24899] [5.0] [cxt 0] Deparsing header 'ethernet'
[14:05:25.703] [bmv2] [D] [thread 24899] [5.0] [cxt 0] Deparser 'deparser': end
[14:05:25.703] [bmv2] [D] [thread 24903] [4.0] [cxt 0] Transmitting packet of size 78 out of port 0
[14:05:25.703] [bmv2] [D] [thread 24903] [5.0] [cxt 0] Transmitting packet of size 78 out of port 0
[14:05:25.915] [bmv2] [D] [thread 24898] [6.0] [cxt 0] Processing packet received on port 3
[14:05:25.915] [bmv2] [D] [thread 24898] [6.0] [cxt 0] Parser 'parser': start
[14:05:25.915] [bmv2] [D] [thread 24898] [6.0] [cxt 0] Parser 'parser' entering state 'start'
[14:05:25.915] [bmv2] [D] [thread 24898] [6.0] [cxt 0] Extracting header 'ethernet'
[14:05:25.915] [bmv2] [D] [thread 24898] [6.0] [cxt 0] Parser state 'start': key is 86dd
[14:05:25.915] [bmv2] [T] [thread 24898] [6.0] [cxt 0] Bytes parsed: 14
[14:05:25.915] [bmv2] [D] [thread 24898] [6.0] [cxt 0] Parser 'parser': end
[14:05:25.916] [bmv2] [D] [thread 24898] [6.0] [cxt 0] Pipeline 'ingress': start
[14:05:25.916] [bmv2] [T] [thread 24898] [6.0] [cxt 0] basic.p4(183) Condition "hdr.udp.dst_port==5000" (node_2) is false
[14:05:25.916] [bmv2] [T] [thread 24898] [6.0] [cxt 0] basic.p4(186) Condition "hdr.udp.dst_port==6000" (node_4) is false
[14:05:25.916] [bmv2] [D] [thread 24898] [6.0] [cxt 0] Pipeline 'ingress': end
[14:05:25.916] [bmv2] [D] [thread 24898] [6.0] [cxt 0] Egress port is 0
[14:05:25.916] [bmv2] [D] [thread 24899] [6.0] [cxt 0] Pipeline 'egress': start
[14:05:25.916] [bmv2] [D] [thread 24899] [6.0] [cxt 0] Pipeline 'egress': end
[14:05:25.916] [bmv2] [D] [thread 24899] [6.0] [cxt 0] Deparser 'deparser': start
[14:05:25.916] [bmv2] [T] [thread 24899] [6.0] [cxt 0] Skipping checksum 'cksum' update because condition not met
[14:05:25.916] [bmv2] [D] [thread 24899] [6.0] [cxt 0] Deparsing header 'ethernet'
[14:05:25.916] [bmv2] [D] [thread 24899] [6.0] [cxt 0] Deparser 'deparser': end
[14:05:25.916] [bmv2] [D] [thread 24903] [6.0] [cxt 0] Transmitting packet of size 90 out of port 0
[14:05:26.089] [bmv2] [D] [thread 24898] [7.0] [cxt 0] Processing packet received on port 1
[14:05:26.089] [bmv2] [D] [thread 24898] [7.0] [cxt 0] Parser 'parser': start
[14:05:26.089] [bmv2] [D] [thread 24898] [7.0] [cxt 0] Parser 'parser' entering state 'start'
[14:05:26.089] [bmv2] [D] [thread 24898] [7.0] [cxt 0] Extracting header 'ethernet'
[14:05:26.089] [bmv2] [D] [thread 24898] [7.0] [cxt 0] Parser state 'start': key is 86dd
[14:05:26.089] [bmv2] [T] [thread 24898] [7.0] [cxt 0] Bytes parsed: 14
[14:05:26.089] [bmv2] [D] [thread 24898] [7.0] [cxt 0] Parser 'parser': end
[14:05:26.089] [bmv2] [D] [thread 24898] [7.0] [cxt 0] Pipeline 'ingress': start
[14:05:26.089] [bmv2] [T] [thread 24898] [7.0] [cxt 0] basic.p4(183) Condition "hdr.udp.dst_port==5000" (node_2) is false
[14:05:26.089] [bmv2] [T] [thread 24898] [7.0] [cxt 0] basic.p4(186) Condition "hdr.udp.dst_port==6000" (node_4) is false
[14:05:26.089] [bmv2] [D] [thread 24898] [7.0] [cxt 0] Pipeline 'ingress': end
[14:05:26.089] [bmv2] [D] [thread 24898] [7.0] [cxt 0] Egress port is 0
[14:05:26.089] [bmv2] [D] [thread 24898] [8.0] [cxt 0] Processing packet received on port 1
[14:05:26.089] [bmv2] [D] [thread 24898] [8.0] [cxt 0] Parser 'parser': start
[14:05:26.089] [bmv2] [D] [thread 24898] [8.0] [cxt 0] Parser 'parser' entering state 'start'
[14:05:26.089] [bmv2] [D] [thread 24898] [8.0] [cxt 0] Extracting header 'ethernet'
[14:05:26.089] [bmv2] [D] [thread 24898] [8.0] [cxt 0] Parser state 'start': key is 86dd
[14:05:26.089] [bmv2] [T] [thread 24898] [8.0] [cxt 0] Bytes parsed: 14
[14:05:26.089] [bmv2] [D] [thread 24898] [8.0] [cxt 0] Parser 'parser': end
[14:05:26.089] [bmv2] [D] [thread 24898] [8.0] [cxt 0] Pipeline 'ingress': start
[14:05:26.089] [bmv2] [T] [thread 24898] [8.0] [cxt 0] basic.p4(183) Condition "hdr.udp.dst_port==5000" (node_2) is false
[14:05:26.089] [bmv2] [T] [thread 24898] [8.0] [cxt 0] basic.p4(186) Condition "hdr.udp.dst_port==6000" (node_4) is false
[14:05:26.089] [bmv2] [D] [thread 24898] [8.0] [cxt 0] Pipeline 'ingress': end
[14:05:26.089] [bmv2] [D] [thread 24898] [8.0] [cxt 0] Egress port is 0
[14:05:26.089] [bmv2] [D] [thread 24899] [7.0] [cxt 0] Pipeline 'egress': start
[14:05:26.089] [bmv2] [D] [thread 24899] [7.0] [cxt 0] Pipeline 'egress': end
[14:05:26.089] [bmv2] [D] [thread 24899] [7.0] [cxt 0] Deparser 'deparser': start
[14:05:26.089] [bmv2] [T] [thread 24899] [7.0] [cxt 0] Skipping checksum 'cksum' update because condition not met
[14:05:26.089] [bmv2] [D] [thread 24899] [7.0] [cxt 0] Deparsing header 'ethernet'
[14:05:26.089] [bmv2] [D] [thread 24899] [7.0] [cxt 0] Deparser 'deparser': end
[14:05:26.089] [bmv2] [D] [thread 24899] [8.0] [cxt 0] Pipeline 'egress': start
[14:05:26.089] [bmv2] [D] [thread 24899] [8.0] [cxt 0] Pipeline 'egress': end
[14:05:26.089] [bmv2] [D] [thread 24899] [8.0] [cxt 0] Deparser 'deparser': start
[14:05:26.089] [bmv2] [T] [thread 24899] [8.0] [cxt 0] Skipping checksum 'cksum' update because condition not met
[14:05:26.089] [bmv2] [D] [thread 24899] [8.0] [cxt 0] Deparsing header 'ethernet'
[14:05:26.089] [bmv2] [D] [thread 24899] [8.0] [cxt 0] Deparser 'deparser': end
[14:05:26.089] [bmv2] [D] [thread 24903] [7.0] [cxt 0] Transmitting packet of size 90 out of port 0
[14:05:26.089] [bmv2] [D] [thread 24903] [8.0] [cxt 0] Transmitting packet of size 70 out of port 0
[14:05:26.256] [bmv2] [D] [thread 24898] [9.0] [cxt 0] Processing packet received on port 1
[14:05:26.257] [bmv2] [D] [thread 24898] [9.0] [cxt 0] Parser 'parser': start
[14:05:26.257] [bmv2] [D] [thread 24898] [9.0] [cxt 0] Parser 'parser' entering state 'start'
[14:05:26.257] [bmv2] [D] [thread 24898] [9.0] [cxt 0] Extracting header 'ethernet'
[14:05:26.257] [bmv2] [D] [thread 24898] [9.0] [cxt 0] Parser state 'start': key is 86dd
[14:05:26.257] [bmv2] [T] [thread 24898] [9.0] [cxt 0] Bytes parsed: 14
[14:05:26.257] [bmv2] [D] [thread 24898] [9.0] [cxt 0] Parser 'parser': end
[14:05:26.257] [bmv2] [D] [thread 24898] [9.0] [cxt 0] Pipeline 'ingress': start
[14:05:26.257] [bmv2] [T] [thread 24898] [9.0] [cxt 0] basic.p4(183) Condition "hdr.udp.dst_port==5000" (node_2) is false
[14:05:26.257] [bmv2] [T] [thread 24898] [9.0] [cxt 0] basic.p4(186) Condition "hdr.udp.dst_port==6000" (node_4) is false
[14:05:26.257] [bmv2] [D] [thread 24898] [9.0] [cxt 0] Pipeline 'ingress': end
[14:05:26.257] [bmv2] [D] [thread 24898] [9.0] [cxt 0] Egress port is 0
[14:05:26.257] [bmv2] [D] [thread 24899] [9.0] [cxt 0] Pipeline 'egress': start
[14:05:26.257] [bmv2] [D] [thread 24899] [9.0] [cxt 0] Pipeline 'egress': end
[14:05:26.257] [bmv2] [D] [thread 24899] [9.0] [cxt 0] Deparser 'deparser': start
[14:05:26.257] [bmv2] [T] [thread 24899] [9.0] [cxt 0] Skipping checksum 'cksum' update because condition not met
[14:05:26.257] [bmv2] [D] [thread 24899] [9.0] [cxt 0] Deparsing header 'ethernet'
[14:05:26.257] [bmv2] [D] [thread 24899] [9.0] [cxt 0] Deparser 'deparser': end
[14:05:26.257] [bmv2] [D] [thread 24903] [9.0] [cxt 0] Transmitting packet of size 90 out of port 0
[14:05:26.513] [bmv2] [D] [thread 24898] [10.0] [cxt 0] Processing packet received on port 3
[14:05:26.513] [bmv2] [D] [thread 24898] [10.0] [cxt 0] Parser 'parser': start
[14:05:26.513] [bmv2] [D] [thread 24898] [10.0] [cxt 0] Parser 'parser' entering state 'start'
[14:05:26.513] [bmv2] [D] [thread 24898] [10.0] [cxt 0] Extracting header 'ethernet'
[14:05:26.513] [bmv2] [D] [thread 24898] [10.0] [cxt 0] Parser state 'start': key is 86dd
[14:05:26.513] [bmv2] [T] [thread 24898] [10.0] [cxt 0] Bytes parsed: 14
[14:05:26.513] [bmv2] [D] [thread 24898] [10.0] [cxt 0] Parser 'parser': end
[14:05:26.513] [bmv2] [D] [thread 24898] [10.0] [cxt 0] Pipeline 'ingress': start
[14:05:26.513] [bmv2] [T] [thread 24898] [10.0] [cxt 0] basic.p4(183) Condition "hdr.udp.dst_port==5000" (node_2) is false
[14:05:26.513] [bmv2] [T] [thread 24898] [10.0] [cxt 0] basic.p4(186) Condition "hdr.udp.dst_port==6000" (node_4) is false
[14:05:26.513] [bmv2] [D] [thread 24898] [10.0] [cxt 0] Pipeline 'ingress': end
[14:05:26.513] [bmv2] [D] [thread 24898] [10.0] [cxt 0] Egress port is 0
[14:05:26.513] [bmv2] [D] [thread 24898] [11.0] [cxt 0] Processing packet received on port 3
[14:05:26.513] [bmv2] [D] [thread 24898] [11.0] [cxt 0] Parser 'parser': start
[14:05:26.513] [bmv2] [D] [thread 24898] [11.0] [cxt 0] Parser 'parser' entering state 'start'
[14:05:26.513] [bmv2] [D] [thread 24898] [11.0] [cxt 0] Extracting header 'ethernet'
[14:05:26.513] [bmv2] [D] [thread 24898] [11.0] [cxt 0] Parser state 'start': key is 86dd
[14:05:26.513] [bmv2] [T] [thread 24898] [11.0] [cxt 0] Bytes parsed: 14
[14:05:26.513] [bmv2] [D] [thread 24898] [11.0] [cxt 0] Parser 'parser': end
[14:05:26.513] [bmv2] [D] [thread 24898] [11.0] [cxt 0] Pipeline 'ingress': start
[14:05:26.513] [bmv2] [T] [thread 24898] [11.0] [cxt 0] basic.p4(183) Condition "hdr.udp.dst_port==5000" (node_2) is false
[14:05:26.513] [bmv2] [T] [thread 24898] [11.0] [cxt 0] basic.p4(186) Condition "hdr.udp.dst_port==6000" (node_4) is false
[14:05:26.513] [bmv2] [D] [thread 24898] [11.0] [cxt 0] Pipeline 'ingress': end
[14:05:26.513] [bmv2] [D] [thread 24898] [11.0] [cxt 0] Egress port is 0
[14:05:26.513] [bmv2] [D] [thread 24899] [10.0] [cxt 0] Pipeline 'egress': start
[14:05:26.513] [bmv2] [D] [thread 24899] [10.0] [cxt 0] Pipeline 'egress': end
[14:05:26.513] [bmv2] [D] [thread 24899] [10.0] [cxt 0] Deparser 'deparser': start
[14:05:26.513] [bmv2] [T] [thread 24899] [10.0] [cxt 0] Skipping checksum 'cksum' update because condition not met
[14:05:26.513] [bmv2] [D] [thread 24899] [10.0] [cxt 0] Deparsing header 'ethernet'
[14:05:26.513] [bmv2] [D] [thread 24899] [10.0] [cxt 0] Deparser 'deparser': end
[14:05:26.513] [bmv2] [D] [thread 24899] [11.0] [cxt 0] Pipeline 'egress': start
[14:05:26.513] [bmv2] [D] [thread 24899] [11.0] [cxt 0] Pipeline 'egress': end
[14:05:26.513] [bmv2] [D] [thread 24899] [11.0] [cxt 0] Deparser 'deparser': start
[14:05:26.513] [bmv2] [T] [thread 24899] [11.0] [cxt 0] Skipping checksum 'cksum' update because condition not met
[14:05:26.513] [bmv2] [D] [thread 24899] [11.0] [cxt 0] Deparsing header 'ethernet'
[14:05:26.513] [bmv2] [D] [thread 24899] [11.0] [cxt 0] Deparser 'deparser': end
[14:05:26.513] [bmv2] [D] [thread 24903] [10.0] [cxt 0] Transmitting packet of size 90 out of port 0
[14:05:26.513] [bmv2] [D] [thread 24903] [11.0] [cxt 0] Transmitting packet of size 70 out of port 0
[14:05:26.644] [bmv2] [D] [thread 24898] [12.0] [cxt 0] Processing packet received on port 2
[14:05:26.644] [bmv2] [D] [thread 24898] [12.0] [cxt 0] Parser 'parser': start
[14:05:26.644] [bmv2] [D] [thread 24898] [12.0] [cxt 0] Parser 'parser' entering state 'start'
[14:05:26.644] [bmv2] [D] [thread 24898] [12.0] [cxt 0] Extracting header 'ethernet'
[14:05:26.644] [bmv2] [D] [thread 24898] [12.0] [cxt 0] Parser state 'start': key is 86dd
[14:05:26.644] [bmv2] [T] [thread 24898] [12.0] [cxt 0] Bytes parsed: 14
[14:05:26.644] [bmv2] [D] [thread 24898] [12.0] [cxt 0] Parser 'parser': end
[14:05:26.644] [bmv2] [D] [thread 24898] [12.0] [cxt 0] Pipeline 'ingress': start
[14:05:26.644] [bmv2] [T] [thread 24898] [12.0] [cxt 0] basic.p4(183) Condition "hdr.udp.dst_port==5000" (node_2) is false
[14:05:26.644] [bmv2] [T] [thread 24898] [12.0] [cxt 0] basic.p4(186) Condition "hdr.udp.dst_port==6000" (node_4) is false
[14:05:26.645] [bmv2] [D] [thread 24898] [12.0] [cxt 0] Pipeline 'ingress': end
[14:05:26.645] [bmv2] [D] [thread 24898] [12.0] [cxt 0] Egress port is 0
[14:05:26.645] [bmv2] [D] [thread 24898] [13.0] [cxt 0] Processing packet received on port 2
[14:05:26.645] [bmv2] [D] [thread 24898] [13.0] [cxt 0] Parser 'parser': start
[14:05:26.645] [bmv2] [D] [thread 24898] [13.0] [cxt 0] Parser 'parser' entering state 'start'
[14:05:26.645] [bmv2] [D] [thread 24898] [13.0] [cxt 0] Extracting header 'ethernet'
[14:05:26.645] [bmv2] [D] [thread 24898] [13.0] [cxt 0] Parser state 'start': key is 86dd
[14:05:26.645] [bmv2] [T] [thread 24898] [13.0] [cxt 0] Bytes parsed: 14
[14:05:26.645] [bmv2] [D] [thread 24898] [13.0] [cxt 0] Parser 'parser': end
[14:05:26.645] [bmv2] [D] [thread 24898] [13.0] [cxt 0] Pipeline 'ingress': start
[14:05:26.645] [bmv2] [T] [thread 24898] [13.0] [cxt 0] basic.p4(183) Condition "hdr.udp.dst_port==5000" (node_2) is false
[14:05:26.645] [bmv2] [T] [thread 24898] [13.0] [cxt 0] basic.p4(186) Condition "hdr.udp.dst_port==6000" (node_4) is false
[14:05:26.645] [bmv2] [D] [thread 24898] [13.0] [cxt 0] Pipeline 'ingress': end
[14:05:26.645] [bmv2] [D] [thread 24898] [13.0] [cxt 0] Egress port is 0
[14:05:26.645] [bmv2] [D] [thread 24899] [12.0] [cxt 0] Pipeline 'egress': start
[14:05:26.645] [bmv2] [D] [thread 24899] [12.0] [cxt 0] Pipeline 'egress': end
[14:05:26.645] [bmv2] [D] [thread 24899] [12.0] [cxt 0] Deparser 'deparser': start
[14:05:26.645] [bmv2] [T] [thread 24899] [12.0] [cxt 0] Skipping checksum 'cksum' update because condition not met
[14:05:26.645] [bmv2] [D] [thread 24899] [12.0] [cxt 0] Deparsing header 'ethernet'
[14:05:26.645] [bmv2] [D] [thread 24899] [12.0] [cxt 0] Deparser 'deparser': end
[14:05:26.645] [bmv2] [D] [thread 24899] [13.0] [cxt 0] Pipeline 'egress': start
[14:05:26.645] [bmv2] [D] [thread 24899] [13.0] [cxt 0] Pipeline 'egress': end
[14:05:26.645] [bmv2] [D] [thread 24899] [13.0] [cxt 0] Deparser 'deparser': start
[14:05:26.645] [bmv2] [T] [thread 24899] [13.0] [cxt 0] Skipping checksum 'cksum' update because condition not met
[14:05:26.645] [bmv2] [D] [thread 24899] [13.0] [cxt 0] Deparsing header 'ethernet'
[14:05:26.645] [bmv2] [D] [thread 24899] [13.0] [cxt 0] Deparser 'deparser': end
[14:05:26.645] [bmv2] [D] [thread 24903] [12.0] [cxt 0] Transmitting packet of size 90 out of port 0
[14:05:26.645] [bmv2] [D] [thread 24903] [13.0] [cxt 0] Transmitting packet of size 70 out of port 0
[14:05:26.705] [bmv2] [D] [thread 24898] [14.0] [cxt 0] Processing packet received on port 2
[14:05:26.705] [bmv2] [D] [thread 24898] [14.0] [cxt 0] Parser 'parser': start
[14:05:26.705] [bmv2] [D] [thread 24898] [14.0] [cxt 0] Parser 'parser' entering state 'start'
[14:05:26.705] [bmv2] [D] [thread 24898] [14.0] [cxt 0] Extracting header 'ethernet'
[14:05:26.705] [bmv2] [D] [thread 24898] [14.0] [cxt 0] Parser state 'start': key is 86dd
[14:05:26.705] [bmv2] [T] [thread 24898] [14.0] [cxt 0] Bytes parsed: 14
[14:05:26.705] [bmv2] [D] [thread 24898] [14.0] [cxt 0] Parser 'parser': end
[14:05:26.705] [bmv2] [D] [thread 24898] [14.0] [cxt 0] Pipeline 'ingress': start
[14:05:26.705] [bmv2] [T] [thread 24898] [14.0] [cxt 0] basic.p4(183) Condition "hdr.udp.dst_port==5000" (node_2) is false
[14:05:26.705] [bmv2] [T] [thread 24898] [14.0] [cxt 0] basic.p4(186) Condition "hdr.udp.dst_port==6000" (node_4) is false
[14:05:26.705] [bmv2] [D] [thread 24898] [14.0] [cxt 0] Pipeline 'ingress': end
[14:05:26.705] [bmv2] [D] [thread 24898] [14.0] [cxt 0] Egress port is 0
[14:05:26.705] [bmv2] [D] [thread 24898] [15.0] [cxt 0] Processing packet received on port 3
[14:05:26.705] [bmv2] [D] [thread 24898] [15.0] [cxt 0] Parser 'parser': start
[14:05:26.705] [bmv2] [D] [thread 24898] [15.0] [cxt 0] Parser 'parser' entering state 'start'
[14:05:26.705] [bmv2] [D] [thread 24898] [15.0] [cxt 0] Extracting header 'ethernet'
[14:05:26.705] [bmv2] [D] [thread 24898] [15.0] [cxt 0] Parser state 'start': key is 86dd
[14:05:26.705] [bmv2] [T] [thread 24898] [15.0] [cxt 0] Bytes parsed: 14
[14:05:26.705] [bmv2] [D] [thread 24898] [15.0] [cxt 0] Parser 'parser': end
[14:05:26.705] [bmv2] [D] [thread 24898] [15.0] [cxt 0] Pipeline 'ingress': start
[14:05:26.705] [bmv2] [T] [thread 24898] [15.0] [cxt 0] basic.p4(183) Condition "hdr.udp.dst_port==5000" (node_2) is false
[14:05:26.705] [bmv2] [T] [thread 24898] [15.0] [cxt 0] basic.p4(186) Condition "hdr.udp.dst_port==6000" (node_4) is false
[14:05:26.705] [bmv2] [D] [thread 24898] [15.0] [cxt 0] Pipeline 'ingress': end
[14:05:26.705] [bmv2] [D] [thread 24898] [15.0] [cxt 0] Egress port is 0
[14:05:26.705] [bmv2] [D] [thread 24899] [14.0] [cxt 0] Pipeline 'egress': start
[14:05:26.705] [bmv2] [D] [thread 24899] [14.0] [cxt 0] Pipeline 'egress': end
[14:05:26.705] [bmv2] [D] [thread 24899] [14.0] [cxt 0] Deparser 'deparser': start
[14:05:26.705] [bmv2] [T] [thread 24899] [14.0] [cxt 0] Skipping checksum 'cksum' update because condition not met
[14:05:26.705] [bmv2] [D] [thread 24899] [14.0] [cxt 0] Deparsing header 'ethernet'
[14:05:26.705] [bmv2] [D] [thread 24899] [14.0] [cxt 0] Deparser 'deparser': end
[14:05:26.705] [bmv2] [D] [thread 24899] [15.0] [cxt 0] Pipeline 'egress': start
[14:05:26.705] [bmv2] [D] [thread 24899] [15.0] [cxt 0] Pipeline 'egress': end
[14:05:26.705] [bmv2] [D] [thread 24899] [15.0] [cxt 0] Deparser 'deparser': start
[14:05:26.705] [bmv2] [T] [thread 24899] [15.0] [cxt 0] Skipping checksum 'cksum' update because condition not met
[14:05:26.705] [bmv2] [D] [thread 24899] [15.0] [cxt 0] Deparsing header 'ethernet'
[14:05:26.705] [bmv2] [D] [thread 24899] [15.0] [cxt 0] Deparser 'deparser': end
[14:05:26.705] [bmv2] [D] [thread 24903] [14.0] [cxt 0] Transmitting packet of size 90 out of port 0
[14:05:26.705] [bmv2] [D] [thread 24903] [15.0] [cxt 0] Transmitting packet of size 90 out of port 0
[14:05:26.705] [bmv2] [D] [thread 24898] [16.0] [cxt 0] Processing packet received on port 2
[14:05:26.706] [bmv2] [D] [thread 24898] [16.0] [cxt 0] Parser 'parser': start
[14:05:26.706] [bmv2] [D] [thread 24898] [16.0] [cxt 0] Parser 'parser' entering state 'start'
[14:05:26.706] [bmv2] [D] [thread 24898] [16.0] [cxt 0] Extracting header 'ethernet'
[14:05:26.706] [bmv2] [D] [thread 24898] [16.0] [cxt 0] Parser state 'start': key is 86dd
[14:05:26.706] [bmv2] [T] [thread 24898] [16.0] [cxt 0] Bytes parsed: 14
[14:05:26.706] [bmv2] [D] [thread 24898] [16.0] [cxt 0] Parser 'parser': end
[14:05:26.706] [bmv2] [D] [thread 24898] [16.0] [cxt 0] Pipeline 'ingress': start
[14:05:26.706] [bmv2] [T] [thread 24898] [16.0] [cxt 0] basic.p4(183) Condition "hdr.udp.dst_port==5000" (node_2) is false
[14:05:26.706] [bmv2] [T] [thread 24898] [16.0] [cxt 0] basic.p4(186) Condition "hdr.udp.dst_port==6000" (node_4) is false
[14:05:26.706] [bmv2] [D] [thread 24898] [16.0] [cxt 0] Pipeline 'ingress': end
[14:05:26.706] [bmv2] [D] [thread 24898] [16.0] [cxt 0] Egress port is 0
[14:05:26.706] [bmv2] [D] [thread 24898] [17.0] [cxt 0] Processing packet received on port 3
[14:05:26.706] [bmv2] [D] [thread 24898] [17.0] [cxt 0] Parser 'parser': start
[14:05:26.706] [bmv2] [D] [thread 24898] [17.0] [cxt 0] Parser 'parser' entering state 'start'
[14:05:26.706] [bmv2] [D] [thread 24898] [17.0] [cxt 0] Extracting header 'ethernet'
[14:05:26.706] [bmv2] [D] [thread 24898] [17.0] [cxt 0] Parser state 'start': key is 86dd
[14:05:26.706] [bmv2] [T] [thread 24898] [17.0] [cxt 0] Bytes parsed: 14
[14:05:26.706] [bmv2] [D] [thread 24898] [17.0] [cxt 0] Parser 'parser': end
[14:05:26.706] [bmv2] [D] [thread 24898] [17.0] [cxt 0] Pipeline 'ingress': start
[14:05:26.706] [bmv2] [T] [thread 24898] [17.0] [cxt 0] basic.p4(183) Condition "hdr.udp.dst_port==5000" (node_2) is false
[14:05:26.706] [bmv2] [T] [thread 24898] [17.0] [cxt 0] basic.p4(186) Condition "hdr.udp.dst_port==6000" (node_4) is false
[14:05:26.706] [bmv2] [D] [thread 24898] [17.0] [cxt 0] Pipeline 'ingress': end
[14:05:26.706] [bmv2] [D] [thread 24898] [17.0] [cxt 0] Egress port is 0
[14:05:26.706] [bmv2] [D] [thread 24899] [16.0] [cxt 0] Pipeline 'egress': start
[14:05:26.706] [bmv2] [D] [thread 24899] [16.0] [cxt 0] Pipeline 'egress': end
[14:05:26.706] [bmv2] [D] [thread 24899] [16.0] [cxt 0] Deparser 'deparser': start
[14:05:26.706] [bmv2] [T] [thread 24899] [16.0] [cxt 0] Skipping checksum 'cksum' update because condition not met
[14:05:26.706] [bmv2] [D] [thread 24899] [16.0] [cxt 0] Deparsing header 'ethernet'
[14:05:26.706] [bmv2] [D] [thread 24899] [16.0] [cxt 0] Deparser 'deparser': end
[14:05:26.706] [bmv2] [D] [thread 24899] [17.0] [cxt 0] Pipeline 'egress': start
[14:05:26.706] [bmv2] [D] [thread 24899] [17.0] [cxt 0] Pipeline 'egress': end
[14:05:26.706] [bmv2] [D] [thread 24899] [17.0] [cxt 0] Deparser 'deparser': start
[14:05:26.706] [bmv2] [T] [thread 24899] [17.0] [cxt 0] Skipping checksum 'cksum' update because condition not met
[14:05:26.706] [bmv2] [D] [thread 24899] [17.0] [cxt 0] Deparsing header 'ethernet'
[14:05:26.706] [bmv2] [D] [thread 24899] [17.0] [cxt 0] Deparser 'deparser': end
[14:05:26.706] [bmv2] [D] [thread 24903] [16.0] [cxt 0] Transmitting packet of size 70 out of port 0
[14:05:26.706] [bmv2] [D] [thread 24903] [17.0] [cxt 0] Transmitting packet of size 70 out of port 0
[14:05:26.821] [bmv2] [D] [thread 24898] [18.0] [cxt 0] Processing packet received on port 2
[14:05:26.821] [bmv2] [D] [thread 24898] [18.0] [cxt 0] Parser 'parser': start
[14:05:26.821] [bmv2] [D] [thread 24898] [18.0] [cxt 0] Parser 'parser' entering state 'start'
[14:05:26.821] [bmv2] [D] [thread 24898] [18.0] [cxt 0] Extracting header 'ethernet'
[14:05:26.821] [bmv2] [D] [thread 24898] [18.0] [cxt 0] Parser state 'start': key is 86dd
[14:05:26.821] [bmv2] [T] [thread 24898] [18.0] [cxt 0] Bytes parsed: 14
[14:05:26.821] [bmv2] [D] [thread 24898] [18.0] [cxt 0] Parser 'parser': end
[14:05:26.821] [bmv2] [D] [thread 24898] [18.0] [cxt 0] Pipeline 'ingress': start
[14:05:26.821] [bmv2] [T] [thread 24898] [18.0] [cxt 0] basic.p4(183) Condition "hdr.udp.dst_port==5000" (node_2) is false
[14:05:26.821] [bmv2] [T] [thread 24898] [18.0] [cxt 0] basic.p4(186) Condition "hdr.udp.dst_port==6000" (node_4) is false
[14:05:26.821] [bmv2] [D] [thread 24898] [18.0] [cxt 0] Pipeline 'ingress': end
[14:05:26.821] [bmv2] [D] [thread 24898] [18.0] [cxt 0] Egress port is 0
[14:05:26.821] [bmv2] [D] [thread 24899] [18.0] [cxt 0] Pipeline 'egress': start
[14:05:26.821] [bmv2] [D] [thread 24899] [18.0] [cxt 0] Pipeline 'egress': end
[14:05:26.821] [bmv2] [D] [thread 24899] [18.0] [cxt 0] Deparser 'deparser': start
[14:05:26.821] [bmv2] [T] [thread 24899] [18.0] [cxt 0] Skipping checksum 'cksum' update because condition not met
[14:05:26.821] [bmv2] [D] [thread 24899] [18.0] [cxt 0] Deparsing header 'ethernet'
[14:05:26.821] [bmv2] [D] [thread 24899] [18.0] [cxt 0] Deparser 'deparser': end
[14:05:26.821] [bmv2] [D] [thread 24903] [18.0] [cxt 0] Transmitting packet of size 90 out of port 0
[14:05:27.076] [bmv2] [D] [thread 24898] [19.0] [cxt 0] Processing packet received on port 2
[14:05:27.076] [bmv2] [D] [thread 24898] [19.0] [cxt 0] Parser 'parser': start
[14:05:27.076] [bmv2] [D] [thread 24898] [19.0] [cxt 0] Parser 'parser' entering state 'start'
[14:05:27.076] [bmv2] [D] [thread 24898] [19.0] [cxt 0] Extracting header 'ethernet'
[14:05:27.076] [bmv2] [D] [thread 24898] [19.0] [cxt 0] Parser state 'start': key is 86dd
[14:05:27.076] [bmv2] [T] [thread 24898] [19.0] [cxt 0] Bytes parsed: 14
[14:05:27.076] [bmv2] [D] [thread 24898] [19.0] [cxt 0] Parser 'parser': end
[14:05:27.076] [bmv2] [D] [thread 24898] [19.0] [cxt 0] Pipeline 'ingress': start
[14:05:27.076] [bmv2] [T] [thread 24898] [19.0] [cxt 0] basic.p4(183) Condition "hdr.udp.dst_port==5000" (node_2) is false
[14:05:27.076] [bmv2] [T] [thread 24898] [19.0] [cxt 0] basic.p4(186) Condition "hdr.udp.dst_port==6000" (node_4) is false
[14:05:27.076] [bmv2] [D] [thread 24898] [19.0] [cxt 0] Pipeline 'ingress': end
[14:05:27.076] [bmv2] [D] [thread 24898] [19.0] [cxt 0] Egress port is 0
[14:05:27.076] [bmv2] [D] [thread 24899] [19.0] [cxt 0] Pipeline 'egress': start
[14:05:27.076] [bmv2] [D] [thread 24899] [19.0] [cxt 0] Pipeline 'egress': end
[14:05:27.076] [bmv2] [D] [thread 24899] [19.0] [cxt 0] Deparser 'deparser': start
[14:05:27.076] [bmv2] [T] [thread 24899] [19.0] [cxt 0] Skipping checksum 'cksum' update because condition not met
[14:05:27.076] [bmv2] [D] [thread 24899] [19.0] [cxt 0] Deparsing header 'ethernet'
[14:05:27.076] [bmv2] [D] [thread 24899] [19.0] [cxt 0] Deparser 'deparser': end
[14:05:27.076] [bmv2] [D] [thread 24903] [19.0] [cxt 0] Transmitting packet of size 90 out of port 0
[14:05:27.247] [bmv2] [D] [thread 24898] [20.0] [cxt 0] Processing packet received on port 3
[14:05:27.247] [bmv2] [D] [thread 24898] [20.0] [cxt 0] Parser 'parser': start
[14:05:27.247] [bmv2] [D] [thread 24898] [20.0] [cxt 0] Parser 'parser' entering state 'start'
[14:05:27.247] [bmv2] [D] [thread 24898] [20.0] [cxt 0] Extracting header 'ethernet'
[14:05:27.248] [bmv2] [D] [thread 24898] [20.0] [cxt 0] Parser state 'start': key is 86dd
[14:05:27.248] [bmv2] [T] [thread 24898] [20.0] [cxt 0] Bytes parsed: 14
[14:05:27.248] [bmv2] [D] [thread 24898] [20.0] [cxt 0] Parser 'parser': end
[14:05:27.248] [bmv2] [D] [thread 24898] [20.0] [cxt 0] Pipeline 'ingress': start
[14:05:27.248] [bmv2] [T] [thread 24898] [20.0] [cxt 0] basic.p4(183) Condition "hdr.udp.dst_port==5000" (node_2) is false
[14:05:27.248] [bmv2] [T] [thread 24898] [20.0] [cxt 0] basic.p4(186) Condition "hdr.udp.dst_port==6000" (node_4) is false
[14:05:27.248] [bmv2] [D] [thread 24898] [20.0] [cxt 0] Pipeline 'ingress': end
[14:05:27.248] [bmv2] [D] [thread 24898] [20.0] [cxt 0] Egress port is 0
[14:05:27.248] [bmv2] [D] [thread 24899] [20.0] [cxt 0] Pipeline 'egress': start
[14:05:27.248] [bmv2] [D] [thread 24899] [20.0] [cxt 0] Pipeline 'egress': end
[14:05:27.248] [bmv2] [D] [thread 24899] [20.0] [cxt 0] Deparser 'deparser': start
[14:05:27.248] [bmv2] [T] [thread 24899] [20.0] [cxt 0] Skipping checksum 'cksum' update because condition not met
[14:05:27.248] [bmv2] [D] [thread 24899] [20.0] [cxt 0] Deparsing header 'ethernet'
[14:05:27.248] [bmv2] [D] [thread 24899] [20.0] [cxt 0] Deparser 'deparser': end
[14:05:27.248] [bmv2] [D] [thread 24903] [20.0] [cxt 0] Transmitting packet of size 90 out of port 0
[14:05:27.336] [bmv2] [D] [thread 24898] [21.0] [cxt 0] Processing packet received on port 3
[14:05:27.336] [bmv2] [D] [thread 24898] [21.0] [cxt 0] Parser 'parser': start
[14:05:27.336] [bmv2] [D] [thread 24898] [21.0] [cxt 0] Parser 'parser' entering state 'start'
[14:05:27.336] [bmv2] [D] [thread 24898] [21.0] [cxt 0] Extracting header 'ethernet'
[14:05:27.336] [bmv2] [D] [thread 24898] [21.0] [cxt 0] Parser state 'start': key is 86dd
[14:05:27.336] [bmv2] [T] [thread 24898] [21.0] [cxt 0] Bytes parsed: 14
[14:05:27.336] [bmv2] [D] [thread 24898] [21.0] [cxt 0] Parser 'parser': end
[14:05:27.336] [bmv2] [D] [thread 24898] [21.0] [cxt 0] Pipeline 'ingress': start
[14:05:27.336] [bmv2] [T] [thread 24898] [21.0] [cxt 0] basic.p4(183) Condition "hdr.udp.dst_port==5000" (node_2) is false
[14:05:27.336] [bmv2] [T] [thread 24898] [21.0] [cxt 0] basic.p4(186) Condition "hdr.udp.dst_port==6000" (node_4) is false
[14:05:27.336] [bmv2] [D] [thread 24898] [21.0] [cxt 0] Pipeline 'ingress': end
[14:05:27.336] [bmv2] [D] [thread 24898] [21.0] [cxt 0] Egress port is 0
[14:05:27.336] [bmv2] [D] [thread 24899] [21.0] [cxt 0] Pipeline 'egress': start
[14:05:27.336] [bmv2] [D] [thread 24899] [21.0] [cxt 0] Pipeline 'egress': end
[14:05:27.336] [bmv2] [D] [thread 24899] [21.0] [cxt 0] Deparser 'deparser': start
[14:05:27.336] [bmv2] [T] [thread 24899] [21.0] [cxt 0] Skipping checksum 'cksum' update because condition not met
[14:05:27.336] [bmv2] [D] [thread 24899] [21.0] [cxt 0] Deparsing header 'ethernet'
[14:05:27.336] [bmv2] [D] [thread 24899] [21.0] [cxt 0] Deparser 'deparser': end
[14:05:27.337] [bmv2] [D] [thread 24903] [21.0] [cxt 0] Transmitting packet of size 90 out of port 0
New connection
P4Runtime SetForwardingPipelineConfig
[14:05:28.207] [bmv2] [W] [thread 24979] [P4Runtime] p4::tmp::P4DeviceConfig is deprecated
[14:05:28.208] [bmv2] [D] [thread 24979] Set default default entry for table 'MyIngress.ipv4_lpm1': NoAction - 
[14:05:28.208] [bmv2] [D] [thread 24979] Set default default entry for table 'MyIngress.ipv4_lpm2': NoAction - 
P4Runtime Write
election_id {
  low: 1
}
updates {
  type: MODIFY
  entity {
    table_entry {
      table_id: 33617881
      action {
        action {
          action_id: 16805608
        }
      }
      is_default_action: true
    }
  }
}
[14:05:28.211] [bmv2] [D] [thread 24979] Set default entry for table 'MyIngress.ipv4_lpm1': MyIngress.drop - 
P4Runtime Write
election_id {
  low: 1
}
updates {
  type: INSERT
  entity {
    table_entry {
      table_id: 33617881
      match {
        field_id: 1
        lpm {
          value: "\n\000\001\001"
          prefix_len: 32
        }
      }
      action {
        action {
          action_id: 16799317
          params {
            param_id: 1
            value: "\010\000\000\000\001\021"
          }
          params {
            param_id: 2
            value: "\000\001"
          }
        }
      }
    }
  }
}
[14:05:28.212] [bmv2] [D] [thread 24979] Entry 0 added to table 'MyIngress.ipv4_lpm1'
[14:05:28.213] [bmv2] [D] [thread 24979] Dumping entry 0
Match key:
* hdr.ipv4.dstAddr    : LPM       0a000101/32
Action entry: MyIngress.ipv4_forward - 80000000111,1,

P4Runtime Write
election_id {
  low: 1
}
updates {
  type: INSERT
  entity {
    table_entry {
      table_id: 33617881
      match {
        field_id: 1
        lpm {
          value: "\n\000\002\002"
          prefix_len: 32
        }
      }
      action {
        action {
          action_id: 16799317
          params {
            param_id: 1
            value: "\010\000\000\000\001\000"
          }
          params {
            param_id: 2
            value: "\000\002"
          }
        }
      }
    }
  }
}
[14:05:28.214] [bmv2] [D] [thread 24979] Entry 1 added to table 'MyIngress.ipv4_lpm1'
[14:05:28.214] [bmv2] [D] [thread 24979] Dumping entry 1
Match key:
* hdr.ipv4.dstAddr    : LPM       0a000202/32
Action entry: MyIngress.ipv4_forward - 80000000100,2,

P4Runtime Write
election_id {
  low: 1
}
updates {
  type: MODIFY
  entity {
    table_entry {
      table_id: 33610323
      action {
        action {
          action_id: 16805608
        }
      }
      is_default_action: true
    }
  }
}
[14:05:28.215] [bmv2] [D] [thread 24979] Set default entry for table 'MyIngress.ipv4_lpm2': MyIngress.drop - 
P4Runtime Write
election_id {
  low: 1
}
updates {
  type: INSERT
  entity {
    table_entry {
      table_id: 33610323
      match {
        field_id: 1
        lpm {
          value: "\n\000\001\001"
          prefix_len: 32
        }
      }
      action {
        action {
          action_id: 16799317
          params {
            param_id: 1
            value: "\010\000\000\000\001\021"
          }
          params {
            param_id: 2
            value: "\000\001"
          }
        }
      }
    }
  }
}
[14:05:28.216] [bmv2] [D] [thread 24979] Entry 0 added to table 'MyIngress.ipv4_lpm2'
[14:05:28.216] [bmv2] [D] [thread 24979] Dumping entry 0
Match key:
* hdr.ipv4.dstAddr    : LPM       0a000101/32
Action entry: MyIngress.ipv4_forward - 80000000111,1,

P4Runtime Write
election_id {
  low: 1
}
updates {
  type: INSERT
  entity {
    table_entry {
      table_id: 33610323
      match {
        field_id: 1
        lpm {
          value: "\n\000\002\002"
          prefix_len: 32
        }
      }
      action {
        action {
          action_id: 16799317
          params {
            param_id: 1
            value: "\010\000\000\000\002\000"
          }
          params {
            param_id: 2
            value: "\000\003"
          }
        }
      }
    }
  }
}
[14:05:28.217] [bmv2] [D] [thread 24979] Entry 1 added to table 'MyIngress.ipv4_lpm2'
[14:05:28.217] [bmv2] [D] [thread 24979] Dumping entry 1
Match key:
* hdr.ipv4.dstAddr    : LPM       0a000202/32
Action entry: MyIngress.ipv4_forward - 80000000200,3,

Connection removed
[14:05:30.096] [bmv2] [D] [thread 24898] [22.0] [cxt 0] Processing packet received on port 1
[14:05:30.096] [bmv2] [D] [thread 24898] [22.0] [cxt 0] Parser 'parser': start
[14:05:30.096] [bmv2] [D] [thread 24898] [22.0] [cxt 0] Parser 'parser' entering state 'start'
[14:05:30.096] [bmv2] [D] [thread 24898] [22.0] [cxt 0] Extracting header 'ethernet'
[14:05:30.096] [bmv2] [D] [thread 24898] [22.0] [cxt 0] Parser state 'start': key is 86dd
[14:05:30.096] [bmv2] [T] [thread 24898] [22.0] [cxt 0] Bytes parsed: 14
[14:05:30.096] [bmv2] [D] [thread 24898] [22.0] [cxt 0] Parser 'parser': end
[14:05:30.096] [bmv2] [D] [thread 24898] [22.0] [cxt 0] Pipeline 'ingress': start
[14:05:30.096] [bmv2] [T] [thread 24898] [22.0] [cxt 0] basic.p4(183) Condition "hdr.udp.dst_port==5000" (node_2) is false
[14:05:30.096] [bmv2] [T] [thread 24898] [22.0] [cxt 0] basic.p4(186) Condition "hdr.udp.dst_port==6000" (node_4) is false
[14:05:30.096] [bmv2] [D] [thread 24898] [22.0] [cxt 0] Pipeline 'ingress': end
[14:05:30.096] [bmv2] [D] [thread 24898] [22.0] [cxt 0] Egress port is 0
[14:05:30.096] [bmv2] [D] [thread 24899] [22.0] [cxt 0] Pipeline 'egress': start
[14:05:30.096] [bmv2] [D] [thread 24899] [22.0] [cxt 0] Pipeline 'egress': end
[14:05:30.096] [bmv2] [D] [thread 24899] [22.0] [cxt 0] Deparser 'deparser': start
[14:05:30.096] [bmv2] [T] [thread 24899] [22.0] [cxt 0] Skipping checksum 'cksum' update because condition not met
[14:05:30.096] [bmv2] [D] [thread 24899] [22.0] [cxt 0] Deparsing header 'ethernet'
[14:05:30.096] [bmv2] [D] [thread 24899] [22.0] [cxt 0] Deparser 'deparser': end
[14:05:30.097] [bmv2] [D] [thread 24903] [22.0] [cxt 0] Transmitting packet of size 70 out of port 0
[14:05:30.533] [bmv2] [D] [thread 24898] [23.0] [cxt 0] Processing packet received on port 3
[14:05:30.533] [bmv2] [D] [thread 24898] [23.0] [cxt 0] Parser 'parser': start
[14:05:30.533] [bmv2] [D] [thread 24898] [23.0] [cxt 0] Parser 'parser' entering state 'start'
[14:05:30.533] [bmv2] [D] [thread 24898] [23.0] [cxt 0] Extracting header 'ethernet'
[14:05:30.533] [bmv2] [D] [thread 24898] [23.0] [cxt 0] Parser state 'start': key is 86dd
[14:05:30.533] [bmv2] [T] [thread 24898] [23.0] [cxt 0] Bytes parsed: 14
[14:05:30.533] [bmv2] [D] [thread 24898] [23.0] [cxt 0] Parser 'parser': end
[14:05:30.533] [bmv2] [D] [thread 24898] [23.0] [cxt 0] Pipeline 'ingress': start
[14:05:30.533] [bmv2] [T] [thread 24898] [23.0] [cxt 0] basic.p4(183) Condition "hdr.udp.dst_port==5000" (node_2) is false
[14:05:30.533] [bmv2] [T] [thread 24898] [23.0] [cxt 0] basic.p4(186) Condition "hdr.udp.dst_port==6000" (node_4) is false
[14:05:30.533] [bmv2] [D] [thread 24898] [23.0] [cxt 0] Pipeline 'ingress': end
[14:05:30.533] [bmv2] [D] [thread 24898] [23.0] [cxt 0] Egress port is 0
[14:05:30.533] [bmv2] [D] [thread 24899] [23.0] [cxt 0] Pipeline 'egress': start
[14:05:30.533] [bmv2] [D] [thread 24899] [23.0] [cxt 0] Pipeline 'egress': end
[14:05:30.533] [bmv2] [D] [thread 24899] [23.0] [cxt 0] Deparser 'deparser': start
[14:05:30.533] [bmv2] [T] [thread 24899] [23.0] [cxt 0] Skipping checksum 'cksum' update because condition not met
[14:05:30.533] [bmv2] [D] [thread 24899] [23.0] [cxt 0] Deparsing header 'ethernet'
[14:05:30.533] [bmv2] [D] [thread 24899] [23.0] [cxt 0] Deparser 'deparser': end
[14:05:30.533] [bmv2] [D] [thread 24903] [23.0] [cxt 0] Transmitting packet of size 70 out of port 0
[14:05:30.650] [bmv2] [D] [thread 24898] [24.0] [cxt 0] Processing packet received on port 2
[14:05:30.650] [bmv2] [D] [thread 24898] [24.0] [cxt 0] Parser 'parser': start
[14:05:30.650] [bmv2] [D] [thread 24898] [24.0] [cxt 0] Parser 'parser' entering state 'start'
[14:05:30.650] [bmv2] [D] [thread 24898] [24.0] [cxt 0] Extracting header 'ethernet'
[14:05:30.650] [bmv2] [D] [thread 24898] [24.0] [cxt 0] Parser state 'start': key is 86dd
[14:05:30.650] [bmv2] [T] [thread 24898] [24.0] [cxt 0] Bytes parsed: 14
[14:05:30.650] [bmv2] [D] [thread 24898] [24.0] [cxt 0] Parser 'parser': end
[14:05:30.650] [bmv2] [D] [thread 24898] [24.0] [cxt 0] Pipeline 'ingress': start
[14:05:30.650] [bmv2] [T] [thread 24898] [24.0] [cxt 0] basic.p4(183) Condition "hdr.udp.dst_port==5000" (node_2) is false
[14:05:30.651] [bmv2] [T] [thread 24898] [24.0] [cxt 0] basic.p4(186) Condition "hdr.udp.dst_port==6000" (node_4) is false
[14:05:30.651] [bmv2] [D] [thread 24898] [24.0] [cxt 0] Pipeline 'ingress': end
[14:05:30.651] [bmv2] [D] [thread 24898] [24.0] [cxt 0] Egress port is 0
[14:05:30.651] [bmv2] [D] [thread 24899] [24.0] [cxt 0] Pipeline 'egress': start
[14:05:30.651] [bmv2] [D] [thread 24899] [24.0] [cxt 0] Pipeline 'egress': end
[14:05:30.651] [bmv2] [D] [thread 24899] [24.0] [cxt 0] Deparser 'deparser': start
[14:05:30.651] [bmv2] [T] [thread 24899] [24.0] [cxt 0] Skipping checksum 'cksum' update because condition not met
[14:05:30.651] [bmv2] [D] [thread 24899] [24.0] [cxt 0] Deparsing header 'ethernet'
[14:05:30.651] [bmv2] [D] [thread 24899] [24.0] [cxt 0] Deparser 'deparser': end
[14:05:30.651] [bmv2] [D] [thread 24903] [24.0] [cxt 0] Transmitting packet of size 70 out of port 0
[14:05:30.713] [bmv2] [D] [thread 24898] [25.0] [cxt 0] Processing packet received on port 2
[14:05:30.713] [bmv2] [D] [thread 24898] [25.0] [cxt 0] Parser 'parser': start
[14:05:30.713] [bmv2] [D] [thread 24898] [25.0] [cxt 0] Parser 'parser' entering state 'start'
[14:05:30.713] [bmv2] [D] [thread 24898] [25.0] [cxt 0] Extracting header 'ethernet'
[14:05:30.713] [bmv2] [D] [thread 24898] [25.0] [cxt 0] Parser state 'start': key is 86dd
[14:05:30.713] [bmv2] [T] [thread 24898] [25.0] [cxt 0] Bytes parsed: 14
[14:05:30.713] [bmv2] [D] [thread 24898] [25.0] [cxt 0] Parser 'parser': end
[14:05:30.713] [bmv2] [D] [thread 24898] [25.0] [cxt 0] Pipeline 'ingress': start
[14:05:30.713] [bmv2] [T] [thread 24898] [25.0] [cxt 0] basic.p4(183) Condition "hdr.udp.dst_port==5000" (node_2) is false
[14:05:30.713] [bmv2] [T] [thread 24898] [25.0] [cxt 0] basic.p4(186) Condition "hdr.udp.dst_port==6000" (node_4) is false
[14:05:30.713] [bmv2] [D] [thread 24898] [25.0] [cxt 0] Pipeline 'ingress': end
[14:05:30.713] [bmv2] [D] [thread 24898] [25.0] [cxt 0] Egress port is 0
[14:05:30.713] [bmv2] [D] [thread 24898] [26.0] [cxt 0] Processing packet received on port 3
[14:05:30.713] [bmv2] [D] [thread 24898] [26.0] [cxt 0] Parser 'parser': start
[14:05:30.713] [bmv2] [D] [thread 24898] [26.0] [cxt 0] Parser 'parser' entering state 'start'
[14:05:30.713] [bmv2] [D] [thread 24898] [26.0] [cxt 0] Extracting header 'ethernet'
[14:05:30.713] [bmv2] [D] [thread 24898] [26.0] [cxt 0] Parser state 'start': key is 86dd
[14:05:30.713] [bmv2] [T] [thread 24898] [26.0] [cxt 0] Bytes parsed: 14
[14:05:30.713] [bmv2] [D] [thread 24898] [26.0] [cxt 0] Parser 'parser': end
[14:05:30.713] [bmv2] [D] [thread 24898] [26.0] [cxt 0] Pipeline 'ingress': start
[14:05:30.713] [bmv2] [T] [thread 24898] [26.0] [cxt 0] basic.p4(183) Condition "hdr.udp.dst_port==5000" (node_2) is false
[14:05:30.713] [bmv2] [T] [thread 24898] [26.0] [cxt 0] basic.p4(186) Condition "hdr.udp.dst_port==6000" (node_4) is false
[14:05:30.713] [bmv2] [D] [thread 24898] [26.0] [cxt 0] Pipeline 'ingress': end
[14:05:30.713] [bmv2] [D] [thread 24898] [26.0] [cxt 0] Egress port is 0
[14:05:30.713] [bmv2] [D] [thread 24899] [25.0] [cxt 0] Pipeline 'egress': start
[14:05:30.713] [bmv2] [D] [thread 24899] [25.0] [cxt 0] Pipeline 'egress': end
[14:05:30.713] [bmv2] [D] [thread 24899] [25.0] [cxt 0] Deparser 'deparser': start
[14:05:30.713] [bmv2] [T] [thread 24899] [25.0] [cxt 0] Skipping checksum 'cksum' update because condition not met
[14:05:30.713] [bmv2] [D] [thread 24899] [25.0] [cxt 0] Deparsing header 'ethernet'
[14:05:30.713] [bmv2] [D] [thread 24899] [25.0] [cxt 0] Deparser 'deparser': end
[14:05:30.713] [bmv2] [D] [thread 24899] [26.0] [cxt 0] Pipeline 'egress': start
[14:05:30.713] [bmv2] [D] [thread 24899] [26.0] [cxt 0] Pipeline 'egress': end
[14:05:30.713] [bmv2] [D] [thread 24899] [26.0] [cxt 0] Deparser 'deparser': start
[14:05:30.713] [bmv2] [T] [thread 24899] [26.0] [cxt 0] Skipping checksum 'cksum' update because condition not met
[14:05:30.713] [bmv2] [D] [thread 24899] [26.0] [cxt 0] Deparsing header 'ethernet'
[14:05:30.713] [bmv2] [D] [thread 24899] [26.0] [cxt 0] Deparser 'deparser': end
[14:05:30.713] [bmv2] [D] [thread 24903] [25.0] [cxt 0] Transmitting packet of size 70 out of port 0
[14:05:30.713] [bmv2] [D] [thread 24903] [26.0] [cxt 0] Transmitting packet of size 70 out of port 0
[14:05:34.108] [bmv2] [D] [thread 24898] [27.0] [cxt 0] Processing packet received on port 1
[14:05:34.108] [bmv2] [D] [thread 24898] [27.0] [cxt 0] Parser 'parser': start
[14:05:34.108] [bmv2] [D] [thread 24898] [27.0] [cxt 0] Parser 'parser' entering state 'start'
[14:05:34.108] [bmv2] [D] [thread 24898] [27.0] [cxt 0] Extracting header 'ethernet'
[14:05:34.108] [bmv2] [D] [thread 24898] [27.0] [cxt 0] Parser state 'start': key is 86dd
[14:05:34.108] [bmv2] [T] [thread 24898] [27.0] [cxt 0] Bytes parsed: 14
[14:05:34.108] [bmv2] [D] [thread 24898] [27.0] [cxt 0] Parser 'parser': end
[14:05:34.108] [bmv2] [D] [thread 24898] [27.0] [cxt 0] Pipeline 'ingress': start
[14:05:34.108] [bmv2] [T] [thread 24898] [27.0] [cxt 0] basic.p4(183) Condition "hdr.udp.dst_port==5000" (node_2) is false
[14:05:34.108] [bmv2] [T] [thread 24898] [27.0] [cxt 0] basic.p4(186) Condition "hdr.udp.dst_port==6000" (node_4) is false
[14:05:34.109] [bmv2] [D] [thread 24898] [27.0] [cxt 0] Pipeline 'ingress': end
[14:05:34.109] [bmv2] [D] [thread 24898] [27.0] [cxt 0] Egress port is 0
[14:05:34.109] [bmv2] [D] [thread 24899] [27.0] [cxt 0] Pipeline 'egress': start
[14:05:34.109] [bmv2] [D] [thread 24899] [27.0] [cxt 0] Pipeline 'egress': end
[14:05:34.109] [bmv2] [D] [thread 24899] [27.0] [cxt 0] Deparser 'deparser': start
[14:05:34.109] [bmv2] [T] [thread 24899] [27.0] [cxt 0] Skipping checksum 'cksum' update because condition not met
[14:05:34.109] [bmv2] [D] [thread 24899] [27.0] [cxt 0] Deparsing header 'ethernet'
[14:05:34.109] [bmv2] [D] [thread 24899] [27.0] [cxt 0] Deparser 'deparser': end
[14:05:34.109] [bmv2] [D] [thread 24903] [27.0] [cxt 0] Transmitting packet of size 70 out of port 0
[14:05:34.543] [bmv2] [D] [thread 24898] [28.0] [cxt 0] Processing packet received on port 3
[14:05:34.543] [bmv2] [D] [thread 24898] [28.0] [cxt 0] Parser 'parser': start
[14:05:34.543] [bmv2] [D] [thread 24898] [28.0] [cxt 0] Parser 'parser' entering state 'start'
[14:05:34.543] [bmv2] [D] [thread 24898] [28.0] [cxt 0] Extracting header 'ethernet'
[14:05:34.543] [bmv2] [D] [thread 24898] [28.0] [cxt 0] Parser state 'start': key is 86dd
[14:05:34.543] [bmv2] [T] [thread 24898] [28.0] [cxt 0] Bytes parsed: 14
[14:05:34.543] [bmv2] [D] [thread 24898] [28.0] [cxt 0] Parser 'parser': end
[14:05:34.543] [bmv2] [D] [thread 24898] [28.0] [cxt 0] Pipeline 'ingress': start
[14:05:34.543] [bmv2] [T] [thread 24898] [28.0] [cxt 0] basic.p4(183) Condition "hdr.udp.dst_port==5000" (node_2) is false
[14:05:34.543] [bmv2] [T] [thread 24898] [28.0] [cxt 0] basic.p4(186) Condition "hdr.udp.dst_port==6000" (node_4) is false
[14:05:34.543] [bmv2] [D] [thread 24898] [28.0] [cxt 0] Pipeline 'ingress': end
[14:05:34.543] [bmv2] [D] [thread 24898] [28.0] [cxt 0] Egress port is 0
[14:05:34.543] [bmv2] [D] [thread 24899] [28.0] [cxt 0] Pipeline 'egress': start
[14:05:34.543] [bmv2] [D] [thread 24899] [28.0] [cxt 0] Pipeline 'egress': end
[14:05:34.543] [bmv2] [D] [thread 24899] [28.0] [cxt 0] Deparser 'deparser': start
[14:05:34.543] [bmv2] [T] [thread 24899] [28.0] [cxt 0] Skipping checksum 'cksum' update because condition not met
[14:05:34.543] [bmv2] [D] [thread 24899] [28.0] [cxt 0] Deparsing header 'ethernet'
[14:05:34.543] [bmv2] [D] [thread 24899] [28.0] [cxt 0] Deparser 'deparser': end
[14:05:34.543] [bmv2] [D] [thread 24903] [28.0] [cxt 0] Transmitting packet of size 70 out of port 0
[14:05:34.660] [bmv2] [D] [thread 24898] [29.0] [cxt 0] Processing packet received on port 2
[14:05:34.660] [bmv2] [D] [thread 24898] [29.0] [cxt 0] Parser 'parser': start
[14:05:34.660] [bmv2] [D] [thread 24898] [29.0] [cxt 0] Parser 'parser' entering state 'start'
[14:05:34.660] [bmv2] [D] [thread 24898] [29.0] [cxt 0] Extracting header 'ethernet'
[14:05:34.660] [bmv2] [D] [thread 24898] [29.0] [cxt 0] Parser state 'start': key is 86dd
[14:05:34.660] [bmv2] [T] [thread 24898] [29.0] [cxt 0] Bytes parsed: 14
[14:05:34.660] [bmv2] [D] [thread 24898] [29.0] [cxt 0] Parser 'parser': end
[14:05:34.660] [bmv2] [D] [thread 24898] [29.0] [cxt 0] Pipeline 'ingress': start
[14:05:34.660] [bmv2] [T] [thread 24898] [29.0] [cxt 0] basic.p4(183) Condition "hdr.udp.dst_port==5000" (node_2) is false
[14:05:34.660] [bmv2] [T] [thread 24898] [29.0] [cxt 0] basic.p4(186) Condition "hdr.udp.dst_port==6000" (node_4) is false
[14:05:34.660] [bmv2] [D] [thread 24898] [29.0] [cxt 0] Pipeline 'ingress': end
[14:05:34.660] [bmv2] [D] [thread 24898] [29.0] [cxt 0] Egress port is 0
[14:05:34.660] [bmv2] [D] [thread 24899] [29.0] [cxt 0] Pipeline 'egress': start
[14:05:34.660] [bmv2] [D] [thread 24899] [29.0] [cxt 0] Pipeline 'egress': end
[14:05:34.660] [bmv2] [D] [thread 24899] [29.0] [cxt 0] Deparser 'deparser': start
[14:05:34.660] [bmv2] [T] [thread 24899] [29.0] [cxt 0] Skipping checksum 'cksum' update because condition not met
[14:05:34.660] [bmv2] [D] [thread 24899] [29.0] [cxt 0] Deparsing header 'ethernet'
[14:05:34.660] [bmv2] [D] [thread 24899] [29.0] [cxt 0] Deparser 'deparser': end
[14:05:34.660] [bmv2] [D] [thread 24903] [29.0] [cxt 0] Transmitting packet of size 70 out of port 0
[14:05:34.721] [bmv2] [D] [thread 24898] [30.0] [cxt 0] Processing packet received on port 2
[14:05:34.721] [bmv2] [D] [thread 24898] [30.0] [cxt 0] Parser 'parser': start
[14:05:34.721] [bmv2] [D] [thread 24898] [30.0] [cxt 0] Parser 'parser' entering state 'start'
[14:05:34.721] [bmv2] [D] [thread 24898] [30.0] [cxt 0] Extracting header 'ethernet'
[14:05:34.721] [bmv2] [D] [thread 24898] [30.0] [cxt 0] Parser state 'start': key is 86dd
[14:05:34.721] [bmv2] [T] [thread 24898] [30.0] [cxt 0] Bytes parsed: 14
[14:05:34.721] [bmv2] [D] [thread 24898] [30.0] [cxt 0] Parser 'parser': end
[14:05:34.721] [bmv2] [D] [thread 24898] [30.0] [cxt 0] Pipeline 'ingress': start
[14:05:34.721] [bmv2] [T] [thread 24898] [30.0] [cxt 0] basic.p4(183) Condition "hdr.udp.dst_port==5000" (node_2) is false
[14:05:34.721] [bmv2] [T] [thread 24898] [30.0] [cxt 0] basic.p4(186) Condition "hdr.udp.dst_port==6000" (node_4) is false
[14:05:34.721] [bmv2] [D] [thread 24898] [30.0] [cxt 0] Pipeline 'ingress': end
[14:05:34.721] [bmv2] [D] [thread 24898] [30.0] [cxt 0] Egress port is 0
[14:05:34.721] [bmv2] [D] [thread 24898] [31.0] [cxt 0] Processing packet received on port 3
[14:05:34.721] [bmv2] [D] [thread 24898] [31.0] [cxt 0] Parser 'parser': start
[14:05:34.721] [bmv2] [D] [thread 24898] [31.0] [cxt 0] Parser 'parser' entering state 'start'
[14:05:34.721] [bmv2] [D] [thread 24898] [31.0] [cxt 0] Extracting header 'ethernet'
[14:05:34.721] [bmv2] [D] [thread 24898] [31.0] [cxt 0] Parser state 'start': key is 86dd
[14:05:34.721] [bmv2] [T] [thread 24898] [31.0] [cxt 0] Bytes parsed: 14
[14:05:34.721] [bmv2] [D] [thread 24898] [31.0] [cxt 0] Parser 'parser': end
[14:05:34.721] [bmv2] [D] [thread 24898] [31.0] [cxt 0] Pipeline 'ingress': start
[14:05:34.721] [bmv2] [T] [thread 24898] [31.0] [cxt 0] basic.p4(183) Condition "hdr.udp.dst_port==5000" (node_2) is false
[14:05:34.721] [bmv2] [T] [thread 24898] [31.0] [cxt 0] basic.p4(186) Condition "hdr.udp.dst_port==6000" (node_4) is false
[14:05:34.721] [bmv2] [D] [thread 24898] [31.0] [cxt 0] Pipeline 'ingress': end
[14:05:34.721] [bmv2] [D] [thread 24898] [31.0] [cxt 0] Egress port is 0
[14:05:34.721] [bmv2] [D] [thread 24899] [30.0] [cxt 0] Pipeline 'egress': start
[14:05:34.721] [bmv2] [D] [thread 24899] [30.0] [cxt 0] Pipeline 'egress': end
[14:05:34.721] [bmv2] [D] [thread 24899] [30.0] [cxt 0] Deparser 'deparser': start
[14:05:34.721] [bmv2] [T] [thread 24899] [30.0] [cxt 0] Skipping checksum 'cksum' update because condition not met
[14:05:34.721] [bmv2] [D] [thread 24899] [30.0] [cxt 0] Deparsing header 'ethernet'
[14:05:34.721] [bmv2] [D] [thread 24899] [30.0] [cxt 0] Deparser 'deparser': end
[14:05:34.721] [bmv2] [D] [thread 24899] [31.0] [cxt 0] Pipeline 'egress': start
[14:05:34.721] [bmv2] [D] [thread 24899] [31.0] [cxt 0] Pipeline 'egress': end
[14:05:34.721] [bmv2] [D] [thread 24899] [31.0] [cxt 0] Deparser 'deparser': start
[14:05:34.721] [bmv2] [T] [thread 24899] [31.0] [cxt 0] Skipping checksum 'cksum' update because condition not met
[14:05:34.721] [bmv2] [D] [thread 24899] [31.0] [cxt 0] Deparsing header 'ethernet'
[14:05:34.721] [bmv2] [D] [thread 24899] [31.0] [cxt 0] Deparser 'deparser': end
[14:05:34.721] [bmv2] [D] [thread 24903] [30.0] [cxt 0] Transmitting packet of size 70 out of port 0
[14:05:34.722] [bmv2] [D] [thread 24903] [31.0] [cxt 0] Transmitting packet of size 70 out of port 0
[14:06:19.797] [bmv2] [D] [thread 24898] [32.0] [cxt 0] Processing packet received on port 1
[14:06:19.797] [bmv2] [D] [thread 24898] [32.0] [cxt 0] Parser 'parser': start
[14:06:19.797] [bmv2] [D] [thread 24898] [32.0] [cxt 0] Parser 'parser' entering state 'start'
[14:06:19.797] [bmv2] [D] [thread 24898] [32.0] [cxt 0] Extracting header 'ethernet'
[14:06:19.797] [bmv2] [D] [thread 24898] [32.0] [cxt 0] Parser state 'start': key is 0800
[14:06:19.797] [bmv2] [T] [thread 24898] [32.0] [cxt 0] Bytes parsed: 14
[14:06:19.797] [bmv2] [D] [thread 24898] [32.0] [cxt 0] Parser 'parser' entering state 'parse_ipv4'
[14:06:19.797] [bmv2] [D] [thread 24898] [32.0] [cxt 0] Extracting header 'ipv4'
[14:06:19.797] [bmv2] [D] [thread 24898] [32.0] [cxt 0] Parser state 'parse_ipv4': key is 11
[14:06:19.797] [bmv2] [T] [thread 24898] [32.0] [cxt 0] Bytes parsed: 34
[14:06:19.797] [bmv2] [D] [thread 24898] [32.0] [cxt 0] Parser 'parser' entering state 'parse_udp'
[14:06:19.797] [bmv2] [D] [thread 24898] [32.0] [cxt 0] Extracting header 'udp'
[14:06:19.797] [bmv2] [D] [thread 24898] [32.0] [cxt 0] Parser state 'parse_udp' has no switch, going to default next state
[14:06:19.797] [bmv2] [T] [thread 24898] [32.0] [cxt 0] Bytes parsed: 42
[14:06:19.797] [bmv2] [D] [thread 24898] [32.0] [cxt 0] Parser 'parser': end
[14:06:19.797] [bmv2] [D] [thread 24898] [32.0] [cxt 0] Pipeline 'ingress': start
[14:06:19.797] [bmv2] [T] [thread 24898] [32.0] [cxt 0] basic.p4(183) Condition "hdr.udp.dst_port==5000" (node_2) is true
[14:06:19.797] [bmv2] [T] [thread 24898] [32.0] [cxt 0] Applying table 'MyIngress.ipv4_lpm1'
[14:06:19.797] [bmv2] [D] [thread 24898] [32.0] [cxt 0] Looking up key:
* hdr.ipv4.dstAddr    : 0a000202

[14:06:19.797] [bmv2] [D] [thread 24898] [32.0] [cxt 0] Table 'MyIngress.ipv4_lpm1': hit with handle 1
[14:06:19.797] [bmv2] [D] [thread 24898] [32.0] [cxt 0] Dumping entry 1
Match key:
* hdr.ipv4.dstAddr    : LPM       0a000202/32
Action entry: MyIngress.ipv4_forward - 80000000100,2,

[14:06:19.797] [bmv2] [D] [thread 24898] [32.0] [cxt 0] Action entry is MyIngress.ipv4_forward - 80000000100,2,
[14:06:19.797] [bmv2] [T] [thread 24898] [32.0] [cxt 0] Action MyIngress.ipv4_forward
[14:06:19.797] [bmv2] [T] [thread 24898] [32.0] [cxt 0] basic.p4(143) Primitive standard_metadata.egress_spec=port
[14:06:19.797] [bmv2] [T] [thread 24898] [32.0] [cxt 0] basic.p4(144) Primitive hdr.ethernet.srcAddr=hdr.ethernet.dstAddr
[14:06:19.797] [bmv2] [T] [thread 24898] [32.0] [cxt 0] basic.p4(145) Primitive hdr.ethernet.dstAddr=dstAddr
[14:06:19.797] [bmv2] [T] [thread 24898] [32.0] [cxt 0] basic.p4(146) Primitive hdr.ipv4.ttl=hdr.ipv4.ttl-1
[14:06:19.797] [bmv2] [D] [thread 24898] [32.0] [cxt 0] Pipeline 'ingress': end
[14:06:19.797] [bmv2] [D] [thread 24898] [32.0] [cxt 0] Egress port is 2
[14:06:19.797] [bmv2] [D] [thread 24901] [32.0] [cxt 0] Pipeline 'egress': start
[14:06:19.797] [bmv2] [D] [thread 24901] [32.0] [cxt 0] Pipeline 'egress': end
[14:06:19.797] [bmv2] [D] [thread 24901] [32.0] [cxt 0] Deparser 'deparser': start
[14:06:19.797] [bmv2] [D] [thread 24901] [32.0] [cxt 0] Updating checksum 'cksum'
[14:06:19.797] [bmv2] [D] [thread 24901] [32.0] [cxt 0] Deparsing header 'ethernet'
[14:06:19.797] [bmv2] [D] [thread 24901] [32.0] [cxt 0] Deparsing header 'ipv4'
[14:06:19.797] [bmv2] [D] [thread 24901] [32.0] [cxt 0] Deparsing header 'udp'
[14:06:19.797] [bmv2] [D] [thread 24901] [32.0] [cxt 0] Deparser 'deparser': end
[14:06:19.797] [bmv2] [D] [thread 24903] [32.0] [cxt 0] Transmitting packet of size 44 out of port 2
[14:06:19.809] [bmv2] [D] [thread 24898] [33.0] [cxt 0] Processing packet received on port 2
[14:06:19.809] [bmv2] [D] [thread 24898] [33.0] [cxt 0] Parser 'parser': start
[14:06:19.809] [bmv2] [D] [thread 24898] [33.0] [cxt 0] Parser 'parser' entering state 'start'
[14:06:19.809] [bmv2] [D] [thread 24898] [33.0] [cxt 0] Extracting header 'ethernet'
[14:06:19.809] [bmv2] [D] [thread 24898] [33.0] [cxt 0] Parser state 'start': key is 0800
[14:06:19.809] [bmv2] [T] [thread 24898] [33.0] [cxt 0] Bytes parsed: 14
[14:06:19.809] [bmv2] [D] [thread 24898] [33.0] [cxt 0] Parser 'parser' entering state 'parse_ipv4'
[14:06:19.809] [bmv2] [D] [thread 24898] [33.0] [cxt 0] Extracting header 'ipv4'
[14:06:19.809] [bmv2] [D] [thread 24898] [33.0] [cxt 0] Parser state 'parse_ipv4': key is 01
[14:06:19.809] [bmv2] [T] [thread 24898] [33.0] [cxt 0] Bytes parsed: 34
[14:06:19.809] [bmv2] [D] [thread 24898] [33.0] [cxt 0] Parser 'parser': end
[14:06:19.809] [bmv2] [D] [thread 24898] [33.0] [cxt 0] Pipeline 'ingress': start
[14:06:19.809] [bmv2] [T] [thread 24898] [33.0] [cxt 0] basic.p4(183) Condition "hdr.udp.dst_port==5000" (node_2) is true
[14:06:19.809] [bmv2] [T] [thread 24898] [33.0] [cxt 0] Applying table 'MyIngress.ipv4_lpm1'
[14:06:19.809] [bmv2] [D] [thread 24898] [33.0] [cxt 0] Looking up key:
* hdr.ipv4.dstAddr    : 0a000101

[14:06:19.809] [bmv2] [D] [thread 24898] [33.0] [cxt 0] Table 'MyIngress.ipv4_lpm1': hit with handle 0
[14:06:19.809] [bmv2] [D] [thread 24898] [33.0] [cxt 0] Dumping entry 0
Match key:
* hdr.ipv4.dstAddr    : LPM       0a000101/32
Action entry: MyIngress.ipv4_forward - 80000000111,1,

[14:06:19.809] [bmv2] [D] [thread 24898] [33.0] [cxt 0] Action entry is MyIngress.ipv4_forward - 80000000111,1,
[14:06:19.809] [bmv2] [T] [thread 24898] [33.0] [cxt 0] Action MyIngress.ipv4_forward
[14:06:19.809] [bmv2] [T] [thread 24898] [33.0] [cxt 0] basic.p4(143) Primitive standard_metadata.egress_spec=port
[14:06:19.809] [bmv2] [T] [thread 24898] [33.0] [cxt 0] basic.p4(144) Primitive hdr.ethernet.srcAddr=hdr.ethernet.dstAddr
[14:06:19.809] [bmv2] [T] [thread 24898] [33.0] [cxt 0] basic.p4(145) Primitive hdr.ethernet.dstAddr=dstAddr
[14:06:19.809] [bmv2] [T] [thread 24898] [33.0] [cxt 0] basic.p4(146) Primitive hdr.ipv4.ttl=hdr.ipv4.ttl-1
[14:06:19.809] [bmv2] [D] [thread 24898] [33.0] [cxt 0] Pipeline 'ingress': end
[14:06:19.809] [bmv2] [D] [thread 24898] [33.0] [cxt 0] Egress port is 1
[14:06:19.809] [bmv2] [D] [thread 24900] [33.0] [cxt 0] Pipeline 'egress': start
[14:06:19.809] [bmv2] [D] [thread 24900] [33.0] [cxt 0] Pipeline 'egress': end
[14:06:19.809] [bmv2] [D] [thread 24900] [33.0] [cxt 0] Deparser 'deparser': start
[14:06:19.809] [bmv2] [D] [thread 24900] [33.0] [cxt 0] Updating checksum 'cksum'
[14:06:19.809] [bmv2] [D] [thread 24900] [33.0] [cxt 0] Deparsing header 'ethernet'
[14:06:19.809] [bmv2] [D] [thread 24900] [33.0] [cxt 0] Deparsing header 'ipv4'
[14:06:19.809] [bmv2] [D] [thread 24900] [33.0] [cxt 0] Deparser 'deparser': end
[14:06:19.809] [bmv2] [D] [thread 24903] [33.0] [cxt 0] Transmitting packet of size 72 out of port 1
open: No such file or directory
