Calling target program-options parser
[14:05:25.598] [bmv2] [D] [thread 24905] Set default default entry for table 'MyIngress.ipv4_lpm1': NoAction - 
[14:05:25.598] [bmv2] [D] [thread 24905] Set default default entry for table 'MyIngress.ipv4_lpm2': NoAction - 
Adding interface s1-eth1 as port 1
[14:05:25.599] [bmv2] [D] [thread 24905] Adding interface s1-eth1 as port 1
Adding interface s1-eth2 as port 2
[14:05:25.623] [bmv2] [D] [thread 24905] Adding interface s1-eth2 as port 2
I0218 14:05:25.651739769   24905 server_builder.cc:247]      Synchronous server. Num CQs: 1, Min pollers: 1, Max Pollers: 2147483647, CQ timeout (msec): 1000
Server listening on 0.0.0.0:50052
[14:05:25.654] [bmv2] [I] [thread 24905] Starting Thrift server on port 9091
[14:05:25.654] [bmv2] [I] [thread 24905] Thrift server was started
[14:05:25.655] [bmv2] [D] [thread 24912] [0.0] [cxt 0] Processing packet received on port 1
[14:05:25.655] [bmv2] [D] [thread 24912] [0.0] [cxt 0] Parser 'parser': start
[14:05:25.655] [bmv2] [D] [thread 24912] [0.0] [cxt 0] Parser 'parser' entering state 'start'
[14:05:25.655] [bmv2] [D] [thread 24912] [0.0] [cxt 0] Extracting header 'ethernet'
[14:05:25.655] [bmv2] [D] [thread 24912] [0.0] [cxt 0] Parser state 'start': key is 86dd
[14:05:25.655] [bmv2] [T] [thread 24912] [0.0] [cxt 0] Bytes parsed: 14
[14:05:25.655] [bmv2] [D] [thread 24912] [0.0] [cxt 0] Parser 'parser': end
[14:05:25.655] [bmv2] [D] [thread 24912] [0.0] [cxt 0] Pipeline 'ingress': start
[14:05:25.655] [bmv2] [T] [thread 24912] [0.0] [cxt 0] basic.p4(183) Condition "hdr.udp.dst_port==5000" (node_2) is false
[14:05:25.655] [bmv2] [T] [thread 24912] [0.0] [cxt 0] basic.p4(186) Condition "hdr.udp.dst_port==6000" (node_4) is false
[14:05:25.655] [bmv2] [D] [thread 24912] [0.0] [cxt 0] Pipeline 'ingress': end
[14:05:25.655] [bmv2] [D] [thread 24912] [0.0] [cxt 0] Egress port is 0
[14:05:25.655] [bmv2] [D] [thread 24913] [0.0] [cxt 0] Pipeline 'egress': start
[14:05:25.655] [bmv2] [D] [thread 24913] [0.0] [cxt 0] Pipeline 'egress': end
[14:05:25.655] [bmv2] [D] [thread 24913] [0.0] [cxt 0] Deparser 'deparser': start
[14:05:25.655] [bmv2] [T] [thread 24913] [0.0] [cxt 0] Skipping checksum 'cksum' update because condition not met
[14:05:25.655] [bmv2] [D] [thread 24913] [0.0] [cxt 0] Deparsing header 'ethernet'
[14:05:25.655] [bmv2] [D] [thread 24913] [0.0] [cxt 0] Deparser 'deparser': end
[14:05:25.655] [bmv2] [D] [thread 24917] [0.0] [cxt 0] Transmitting packet of size 78 out of port 0
[14:05:25.665] [bmv2] [D] [thread 24912] [1.0] [cxt 0] Processing packet received on port 2
[14:05:25.665] [bmv2] [D] [thread 24912] [1.0] [cxt 0] Parser 'parser': start
[14:05:25.665] [bmv2] [D] [thread 24912] [1.0] [cxt 0] Parser 'parser' entering state 'start'
[14:05:25.665] [bmv2] [D] [thread 24912] [1.0] [cxt 0] Extracting header 'ethernet'
[14:05:25.665] [bmv2] [D] [thread 24912] [1.0] [cxt 0] Parser state 'start': key is 86dd
[14:05:25.665] [bmv2] [T] [thread 24912] [1.0] [cxt 0] Bytes parsed: 14
[14:05:25.665] [bmv2] [D] [thread 24912] [1.0] [cxt 0] Parser 'parser': end
[14:05:25.665] [bmv2] [D] [thread 24912] [1.0] [cxt 0] Pipeline 'ingress': start
[14:05:25.665] [bmv2] [T] [thread 24912] [1.0] [cxt 0] basic.p4(183) Condition "hdr.udp.dst_port==5000" (node_2) is false
[14:05:25.665] [bmv2] [T] [thread 24912] [1.0] [cxt 0] basic.p4(186) Condition "hdr.udp.dst_port==6000" (node_4) is false
[14:05:25.665] [bmv2] [D] [thread 24912] [1.0] [cxt 0] Pipeline 'ingress': end
[14:05:25.665] [bmv2] [D] [thread 24912] [1.0] [cxt 0] Egress port is 0
[14:05:25.665] [bmv2] [D] [thread 24913] [1.0] [cxt 0] Pipeline 'egress': start
[14:05:25.665] [bmv2] [D] [thread 24913] [1.0] [cxt 0] Pipeline 'egress': end
[14:05:25.665] [bmv2] [D] [thread 24913] [1.0] [cxt 0] Deparser 'deparser': start
[14:05:25.665] [bmv2] [T] [thread 24913] [1.0] [cxt 0] Skipping checksum 'cksum' update because condition not met
[14:05:25.665] [bmv2] [D] [thread 24913] [1.0] [cxt 0] Deparsing header 'ethernet'
[14:05:25.665] [bmv2] [D] [thread 24913] [1.0] [cxt 0] Deparser 'deparser': end
[14:05:25.665] [bmv2] [D] [thread 24917] [1.0] [cxt 0] Transmitting packet of size 90 out of port 0
[14:05:25.702] [bmv2] [D] [thread 24912] [2.0] [cxt 0] Processing packet received on port 1
[14:05:25.702] [bmv2] [D] [thread 24912] [2.0] [cxt 0] Parser 'parser': start
[14:05:25.702] [bmv2] [D] [thread 24912] [2.0] [cxt 0] Parser 'parser' entering state 'start'
[14:05:25.702] [bmv2] [D] [thread 24912] [2.0] [cxt 0] Extracting header 'ethernet'
[14:05:25.702] [bmv2] [D] [thread 24912] [2.0] [cxt 0] Parser state 'start': key is 86dd
[14:05:25.702] [bmv2] [T] [thread 24912] [2.0] [cxt 0] Bytes parsed: 14
[14:05:25.702] [bmv2] [D] [thread 24912] [2.0] [cxt 0] Parser 'parser': end
[14:05:25.702] [bmv2] [D] [thread 24912] [2.0] [cxt 0] Pipeline 'ingress': start
[14:05:25.703] [bmv2] [T] [thread 24912] [2.0] [cxt 0] basic.p4(183) Condition "hdr.udp.dst_port==5000" (node_2) is false
[14:05:25.703] [bmv2] [T] [thread 24912] [2.0] [cxt 0] basic.p4(186) Condition "hdr.udp.dst_port==6000" (node_4) is false
[14:05:25.703] [bmv2] [D] [thread 24912] [2.0] [cxt 0] Pipeline 'ingress': end
[14:05:25.703] [bmv2] [D] [thread 24912] [2.0] [cxt 0] Egress port is 0
[14:05:25.703] [bmv2] [D] [thread 24913] [2.0] [cxt 0] Pipeline 'egress': start
[14:05:25.703] [bmv2] [D] [thread 24913] [2.0] [cxt 0] Pipeline 'egress': end
[14:05:25.703] [bmv2] [D] [thread 24913] [2.0] [cxt 0] Deparser 'deparser': start
[14:05:25.703] [bmv2] [T] [thread 24913] [2.0] [cxt 0] Skipping checksum 'cksum' update because condition not met
[14:05:25.703] [bmv2] [D] [thread 24913] [2.0] [cxt 0] Deparsing header 'ethernet'
[14:05:25.703] [bmv2] [D] [thread 24913] [2.0] [cxt 0] Deparser 'deparser': end
[14:05:25.703] [bmv2] [D] [thread 24917] [2.0] [cxt 0] Transmitting packet of size 78 out of port 0
[14:05:25.793] [bmv2] [D] [thread 24912] [3.0] [cxt 0] Processing packet received on port 2
[14:05:25.793] [bmv2] [D] [thread 24912] [3.0] [cxt 0] Parser 'parser': start
[14:05:25.793] [bmv2] [D] [thread 24912] [3.0] [cxt 0] Parser 'parser' entering state 'start'
[14:05:25.793] [bmv2] [D] [thread 24912] [3.0] [cxt 0] Extracting header 'ethernet'
[14:05:25.793] [bmv2] [D] [thread 24912] [3.0] [cxt 0] Parser state 'start': key is 86dd
[14:05:25.793] [bmv2] [T] [thread 24912] [3.0] [cxt 0] Bytes parsed: 14
[14:05:25.793] [bmv2] [D] [thread 24912] [3.0] [cxt 0] Parser 'parser': end
[14:05:25.793] [bmv2] [D] [thread 24912] [3.0] [cxt 0] Pipeline 'ingress': start
[14:05:25.793] [bmv2] [T] [thread 24912] [3.0] [cxt 0] basic.p4(183) Condition "hdr.udp.dst_port==5000" (node_2) is false
[14:05:25.793] [bmv2] [T] [thread 24912] [3.0] [cxt 0] basic.p4(186) Condition "hdr.udp.dst_port==6000" (node_4) is false
[14:05:25.793] [bmv2] [D] [thread 24912] [3.0] [cxt 0] Pipeline 'ingress': end
[14:05:25.793] [bmv2] [D] [thread 24912] [3.0] [cxt 0] Egress port is 0
[14:05:25.793] [bmv2] [D] [thread 24913] [3.0] [cxt 0] Pipeline 'egress': start
[14:05:25.793] [bmv2] [D] [thread 24913] [3.0] [cxt 0] Pipeline 'egress': end
[14:05:25.793] [bmv2] [D] [thread 24913] [3.0] [cxt 0] Deparser 'deparser': start
[14:05:25.793] [bmv2] [T] [thread 24913] [3.0] [cxt 0] Skipping checksum 'cksum' update because condition not met
[14:05:25.793] [bmv2] [D] [thread 24913] [3.0] [cxt 0] Deparsing header 'ethernet'
[14:05:25.793] [bmv2] [D] [thread 24913] [3.0] [cxt 0] Deparser 'deparser': end
[14:05:25.794] [bmv2] [D] [thread 24917] [3.0] [cxt 0] Transmitting packet of size 90 out of port 0
[14:05:26.426] [bmv2] [D] [thread 24912] [4.0] [cxt 0] Processing packet received on port 2
[14:05:26.426] [bmv2] [D] [thread 24912] [4.0] [cxt 0] Parser 'parser': start
[14:05:26.426] [bmv2] [D] [thread 24912] [4.0] [cxt 0] Parser 'parser' entering state 'start'
[14:05:26.426] [bmv2] [D] [thread 24912] [4.0] [cxt 0] Extracting header 'ethernet'
[14:05:26.426] [bmv2] [D] [thread 24912] [4.0] [cxt 0] Parser state 'start': key is 86dd
[14:05:26.426] [bmv2] [T] [thread 24912] [4.0] [cxt 0] Bytes parsed: 14
[14:05:26.426] [bmv2] [D] [thread 24912] [4.0] [cxt 0] Parser 'parser': end
[14:05:26.426] [bmv2] [D] [thread 24912] [4.0] [cxt 0] Pipeline 'ingress': start
[14:05:26.426] [bmv2] [T] [thread 24912] [4.0] [cxt 0] basic.p4(183) Condition "hdr.udp.dst_port==5000" (node_2) is false
[14:05:26.426] [bmv2] [T] [thread 24912] [4.0] [cxt 0] basic.p4(186) Condition "hdr.udp.dst_port==6000" (node_4) is false
[14:05:26.426] [bmv2] [D] [thread 24912] [4.0] [cxt 0] Pipeline 'ingress': end
[14:05:26.426] [bmv2] [D] [thread 24912] [4.0] [cxt 0] Egress port is 0
[14:05:26.426] [bmv2] [D] [thread 24912] [5.0] [cxt 0] Processing packet received on port 2
[14:05:26.426] [bmv2] [D] [thread 24912] [5.0] [cxt 0] Parser 'parser': start
[14:05:26.426] [bmv2] [D] [thread 24912] [5.0] [cxt 0] Parser 'parser' entering state 'start'
[14:05:26.426] [bmv2] [D] [thread 24912] [5.0] [cxt 0] Extracting header 'ethernet'
[14:05:26.426] [bmv2] [D] [thread 24912] [5.0] [cxt 0] Parser state 'start': key is 86dd
[14:05:26.426] [bmv2] [T] [thread 24912] [5.0] [cxt 0] Bytes parsed: 14
[14:05:26.426] [bmv2] [D] [thread 24912] [5.0] [cxt 0] Parser 'parser': end
[14:05:26.426] [bmv2] [D] [thread 24912] [5.0] [cxt 0] Pipeline 'ingress': start
[14:05:26.426] [bmv2] [T] [thread 24912] [5.0] [cxt 0] basic.p4(183) Condition "hdr.udp.dst_port==5000" (node_2) is false
[14:05:26.426] [bmv2] [T] [thread 24912] [5.0] [cxt 0] basic.p4(186) Condition "hdr.udp.dst_port==6000" (node_4) is false
[14:05:26.426] [bmv2] [D] [thread 24912] [5.0] [cxt 0] Pipeline 'ingress': end
[14:05:26.426] [bmv2] [D] [thread 24912] [5.0] [cxt 0] Egress port is 0
[14:05:26.426] [bmv2] [D] [thread 24913] [4.0] [cxt 0] Pipeline 'egress': start
[14:05:26.427] [bmv2] [D] [thread 24913] [4.0] [cxt 0] Pipeline 'egress': end
[14:05:26.427] [bmv2] [D] [thread 24913] [4.0] [cxt 0] Deparser 'deparser': start
[14:05:26.427] [bmv2] [T] [thread 24913] [4.0] [cxt 0] Skipping checksum 'cksum' update because condition not met
[14:05:26.427] [bmv2] [D] [thread 24913] [4.0] [cxt 0] Deparsing header 'ethernet'
[14:05:26.427] [bmv2] [D] [thread 24913] [4.0] [cxt 0] Deparser 'deparser': end
[14:05:26.427] [bmv2] [D] [thread 24913] [5.0] [cxt 0] Pipeline 'egress': start
[14:05:26.427] [bmv2] [D] [thread 24913] [5.0] [cxt 0] Pipeline 'egress': end
[14:05:26.427] [bmv2] [D] [thread 24913] [5.0] [cxt 0] Deparser 'deparser': start
[14:05:26.427] [bmv2] [T] [thread 24913] [5.0] [cxt 0] Skipping checksum 'cksum' update because condition not met
[14:05:26.427] [bmv2] [D] [thread 24913] [5.0] [cxt 0] Deparsing header 'ethernet'
[14:05:26.427] [bmv2] [D] [thread 24913] [5.0] [cxt 0] Deparser 'deparser': end
[14:05:26.427] [bmv2] [D] [thread 24917] [4.0] [cxt 0] Transmitting packet of size 90 out of port 0
[14:05:26.427] [bmv2] [D] [thread 24917] [5.0] [cxt 0] Transmitting packet of size 70 out of port 0
[14:05:26.632] [bmv2] [D] [thread 24912] [6.0] [cxt 0] Processing packet received on port 2
[14:05:26.632] [bmv2] [D] [thread 24912] [6.0] [cxt 0] Parser 'parser': start
[14:05:26.632] [bmv2] [D] [thread 24912] [6.0] [cxt 0] Parser 'parser' entering state 'start'
[14:05:26.632] [bmv2] [D] [thread 24912] [6.0] [cxt 0] Extracting header 'ethernet'
[14:05:26.632] [bmv2] [D] [thread 24912] [6.0] [cxt 0] Parser state 'start': key is 86dd
[14:05:26.632] [bmv2] [T] [thread 24912] [6.0] [cxt 0] Bytes parsed: 14
[14:05:26.632] [bmv2] [D] [thread 24912] [6.0] [cxt 0] Parser 'parser': end
[14:05:26.632] [bmv2] [D] [thread 24912] [6.0] [cxt 0] Pipeline 'ingress': start
[14:05:26.632] [bmv2] [T] [thread 24912] [6.0] [cxt 0] basic.p4(183) Condition "hdr.udp.dst_port==5000" (node_2) is false
[14:05:26.632] [bmv2] [T] [thread 24912] [6.0] [cxt 0] basic.p4(186) Condition "hdr.udp.dst_port==6000" (node_4) is false
[14:05:26.632] [bmv2] [D] [thread 24912] [6.0] [cxt 0] Pipeline 'ingress': end
[14:05:26.632] [bmv2] [D] [thread 24912] [6.0] [cxt 0] Egress port is 0
[14:05:26.632] [bmv2] [D] [thread 24912] [7.0] [cxt 0] Processing packet received on port 2
[14:05:26.632] [bmv2] [D] [thread 24912] [7.0] [cxt 0] Parser 'parser': start
[14:05:26.632] [bmv2] [D] [thread 24912] [7.0] [cxt 0] Parser 'parser' entering state 'start'
[14:05:26.632] [bmv2] [D] [thread 24912] [7.0] [cxt 0] Extracting header 'ethernet'
[14:05:26.632] [bmv2] [D] [thread 24912] [7.0] [cxt 0] Parser state 'start': key is 86dd
[14:05:26.632] [bmv2] [T] [thread 24912] [7.0] [cxt 0] Bytes parsed: 14
[14:05:26.632] [bmv2] [D] [thread 24912] [7.0] [cxt 0] Parser 'parser': end
[14:05:26.632] [bmv2] [D] [thread 24912] [7.0] [cxt 0] Pipeline 'ingress': start
[14:05:26.632] [bmv2] [T] [thread 24912] [7.0] [cxt 0] basic.p4(183) Condition "hdr.udp.dst_port==5000" (node_2) is false
[14:05:26.632] [bmv2] [T] [thread 24912] [7.0] [cxt 0] basic.p4(186) Condition "hdr.udp.dst_port==6000" (node_4) is false
[14:05:26.632] [bmv2] [D] [thread 24912] [7.0] [cxt 0] Pipeline 'ingress': end
[14:05:26.632] [bmv2] [D] [thread 24912] [7.0] [cxt 0] Egress port is 0
[14:05:26.632] [bmv2] [D] [thread 24913] [6.0] [cxt 0] Pipeline 'egress': start
[14:05:26.632] [bmv2] [D] [thread 24913] [6.0] [cxt 0] Pipeline 'egress': end
[14:05:26.632] [bmv2] [D] [thread 24913] [6.0] [cxt 0] Deparser 'deparser': start
[14:05:26.632] [bmv2] [T] [thread 24913] [6.0] [cxt 0] Skipping checksum 'cksum' update because condition not met
[14:05:26.632] [bmv2] [D] [thread 24913] [6.0] [cxt 0] Deparsing header 'ethernet'
[14:05:26.632] [bmv2] [D] [thread 24913] [6.0] [cxt 0] Deparser 'deparser': end
[14:05:26.632] [bmv2] [D] [thread 24913] [7.0] [cxt 0] Pipeline 'egress': start
[14:05:26.632] [bmv2] [D] [thread 24913] [7.0] [cxt 0] Pipeline 'egress': end
[14:05:26.632] [bmv2] [D] [thread 24913] [7.0] [cxt 0] Deparser 'deparser': start
[14:05:26.632] [bmv2] [T] [thread 24913] [7.0] [cxt 0] Skipping checksum 'cksum' update because condition not met
[14:05:26.632] [bmv2] [D] [thread 24917] [6.0] [cxt 0] Transmitting packet of size 90 out of port 0
[14:05:26.632] [bmv2] [D] [thread 24913] [7.0] [cxt 0] Deparsing header 'ethernet'
[14:05:26.632] [bmv2] [D] [thread 24913] [7.0] [cxt 0] Deparser 'deparser': end
[14:05:26.632] [bmv2] [D] [thread 24917] [7.0] [cxt 0] Transmitting packet of size 70 out of port 0
[14:05:26.644] [bmv2] [D] [thread 24912] [8.0] [cxt 0] Processing packet received on port 1
[14:05:26.644] [bmv2] [D] [thread 24912] [8.0] [cxt 0] Parser 'parser': start
[14:05:26.644] [bmv2] [D] [thread 24912] [8.0] [cxt 0] Parser 'parser' entering state 'start'
[14:05:26.644] [bmv2] [D] [thread 24912] [8.0] [cxt 0] Extracting header 'ethernet'
[14:05:26.644] [bmv2] [D] [thread 24912] [8.0] [cxt 0] Parser state 'start': key is 86dd
[14:05:26.644] [bmv2] [T] [thread 24912] [8.0] [cxt 0] Bytes parsed: 14
[14:05:26.644] [bmv2] [D] [thread 24912] [8.0] [cxt 0] Parser 'parser': end
[14:05:26.644] [bmv2] [D] [thread 24912] [8.0] [cxt 0] Pipeline 'ingress': start
[14:05:26.644] [bmv2] [T] [thread 24912] [8.0] [cxt 0] basic.p4(183) Condition "hdr.udp.dst_port==5000" (node_2) is false
[14:05:26.644] [bmv2] [T] [thread 24912] [8.0] [cxt 0] basic.p4(186) Condition "hdr.udp.dst_port==6000" (node_4) is false
[14:05:26.644] [bmv2] [D] [thread 24912] [8.0] [cxt 0] Pipeline 'ingress': end
[14:05:26.644] [bmv2] [D] [thread 24912] [8.0] [cxt 0] Egress port is 0
[14:05:26.644] [bmv2] [D] [thread 24912] [9.0] [cxt 0] Processing packet received on port 1
[14:05:26.644] [bmv2] [D] [thread 24912] [9.0] [cxt 0] Parser 'parser': start
[14:05:26.644] [bmv2] [D] [thread 24912] [9.0] [cxt 0] Parser 'parser' entering state 'start'
[14:05:26.644] [bmv2] [D] [thread 24912] [9.0] [cxt 0] Extracting header 'ethernet'
[14:05:26.644] [bmv2] [D] [thread 24912] [9.0] [cxt 0] Parser state 'start': key is 86dd
[14:05:26.644] [bmv2] [T] [thread 24912] [9.0] [cxt 0] Bytes parsed: 14
[14:05:26.644] [bmv2] [D] [thread 24912] [9.0] [cxt 0] Parser 'parser': end
[14:05:26.644] [bmv2] [D] [thread 24912] [9.0] [cxt 0] Pipeline 'ingress': start
[14:05:26.644] [bmv2] [T] [thread 24912] [9.0] [cxt 0] basic.p4(183) Condition "hdr.udp.dst_port==5000" (node_2) is false
[14:05:26.644] [bmv2] [T] [thread 24912] [9.0] [cxt 0] basic.p4(186) Condition "hdr.udp.dst_port==6000" (node_4) is false
[14:05:26.644] [bmv2] [D] [thread 24912] [9.0] [cxt 0] Pipeline 'ingress': end
[14:05:26.644] [bmv2] [D] [thread 24912] [9.0] [cxt 0] Egress port is 0
[14:05:26.645] [bmv2] [D] [thread 24913] [8.0] [cxt 0] Pipeline 'egress': start
[14:05:26.645] [bmv2] [D] [thread 24913] [8.0] [cxt 0] Pipeline 'egress': end
[14:05:26.645] [bmv2] [D] [thread 24913] [8.0] [cxt 0] Deparser 'deparser': start
[14:05:26.645] [bmv2] [T] [thread 24913] [8.0] [cxt 0] Skipping checksum 'cksum' update because condition not met
[14:05:26.645] [bmv2] [D] [thread 24913] [8.0] [cxt 0] Deparsing header 'ethernet'
[14:05:26.645] [bmv2] [D] [thread 24913] [8.0] [cxt 0] Deparser 'deparser': end
[14:05:26.645] [bmv2] [D] [thread 24913] [9.0] [cxt 0] Pipeline 'egress': start
[14:05:26.645] [bmv2] [D] [thread 24913] [9.0] [cxt 0] Pipeline 'egress': end
[14:05:26.645] [bmv2] [D] [thread 24913] [9.0] [cxt 0] Deparser 'deparser': start
[14:05:26.645] [bmv2] [T] [thread 24913] [9.0] [cxt 0] Skipping checksum 'cksum' update because condition not met
[14:05:26.645] [bmv2] [D] [thread 24913] [9.0] [cxt 0] Deparsing header 'ethernet'
[14:05:26.645] [bmv2] [D] [thread 24913] [9.0] [cxt 0] Deparser 'deparser': end
[14:05:26.645] [bmv2] [D] [thread 24917] [8.0] [cxt 0] Transmitting packet of size 90 out of port 0
[14:05:26.645] [bmv2] [D] [thread 24917] [9.0] [cxt 0] Transmitting packet of size 70 out of port 0
[14:05:26.705] [bmv2] [D] [thread 24912] [10.0] [cxt 0] Processing packet received on port 1
[14:05:26.705] [bmv2] [D] [thread 24912] [10.0] [cxt 0] Parser 'parser': start
[14:05:26.705] [bmv2] [D] [thread 24912] [10.0] [cxt 0] Parser 'parser' entering state 'start'
[14:05:26.705] [bmv2] [D] [thread 24912] [10.0] [cxt 0] Extracting header 'ethernet'
[14:05:26.705] [bmv2] [D] [thread 24912] [10.0] [cxt 0] Parser state 'start': key is 86dd
[14:05:26.705] [bmv2] [T] [thread 24912] [10.0] [cxt 0] Bytes parsed: 14
[14:05:26.705] [bmv2] [D] [thread 24912] [10.0] [cxt 0] Parser 'parser': end
[14:05:26.705] [bmv2] [D] [thread 24912] [10.0] [cxt 0] Pipeline 'ingress': start
[14:05:26.705] [bmv2] [T] [thread 24912] [10.0] [cxt 0] basic.p4(183) Condition "hdr.udp.dst_port==5000" (node_2) is false
[14:05:26.705] [bmv2] [T] [thread 24912] [10.0] [cxt 0] basic.p4(186) Condition "hdr.udp.dst_port==6000" (node_4) is false
[14:05:26.705] [bmv2] [D] [thread 24912] [10.0] [cxt 0] Pipeline 'ingress': end
[14:05:26.705] [bmv2] [D] [thread 24912] [10.0] [cxt 0] Egress port is 0
[14:05:26.705] [bmv2] [D] [thread 24912] [11.0] [cxt 0] Processing packet received on port 1
[14:05:26.705] [bmv2] [D] [thread 24912] [11.0] [cxt 0] Parser 'parser': start
[14:05:26.705] [bmv2] [D] [thread 24912] [11.0] [cxt 0] Parser 'parser' entering state 'start'
[14:05:26.705] [bmv2] [D] [thread 24912] [11.0] [cxt 0] Extracting header 'ethernet'
[14:05:26.705] [bmv2] [D] [thread 24912] [11.0] [cxt 0] Parser state 'start': key is 86dd
[14:05:26.705] [bmv2] [T] [thread 24912] [11.0] [cxt 0] Bytes parsed: 14
[14:05:26.705] [bmv2] [D] [thread 24912] [11.0] [cxt 0] Parser 'parser': end
[14:05:26.705] [bmv2] [D] [thread 24912] [11.0] [cxt 0] Pipeline 'ingress': start
[14:05:26.705] [bmv2] [T] [thread 24912] [11.0] [cxt 0] basic.p4(183) Condition "hdr.udp.dst_port==5000" (node_2) is false
[14:05:26.705] [bmv2] [T] [thread 24912] [11.0] [cxt 0] basic.p4(186) Condition "hdr.udp.dst_port==6000" (node_4) is false
[14:05:26.705] [bmv2] [D] [thread 24912] [11.0] [cxt 0] Pipeline 'ingress': end
[14:05:26.705] [bmv2] [D] [thread 24912] [11.0] [cxt 0] Egress port is 0
[14:05:26.705] [bmv2] [D] [thread 24913] [10.0] [cxt 0] Pipeline 'egress': start
[14:05:26.705] [bmv2] [D] [thread 24913] [10.0] [cxt 0] Pipeline 'egress': end
[14:05:26.705] [bmv2] [D] [thread 24913] [10.0] [cxt 0] Deparser 'deparser': start
[14:05:26.705] [bmv2] [T] [thread 24913] [10.0] [cxt 0] Skipping checksum 'cksum' update because condition not met
[14:05:26.705] [bmv2] [D] [thread 24913] [10.0] [cxt 0] Deparsing header 'ethernet'
[14:05:26.705] [bmv2] [D] [thread 24913] [10.0] [cxt 0] Deparser 'deparser': end
[14:05:26.705] [bmv2] [D] [thread 24913] [11.0] [cxt 0] Pipeline 'egress': start
[14:05:26.705] [bmv2] [D] [thread 24913] [11.0] [cxt 0] Pipeline 'egress': end
[14:05:26.705] [bmv2] [D] [thread 24913] [11.0] [cxt 0] Deparser 'deparser': start
[14:05:26.705] [bmv2] [T] [thread 24913] [11.0] [cxt 0] Skipping checksum 'cksum' update because condition not met
[14:05:26.705] [bmv2] [D] [thread 24913] [11.0] [cxt 0] Deparsing header 'ethernet'
[14:05:26.705] [bmv2] [D] [thread 24913] [11.0] [cxt 0] Deparser 'deparser': end
[14:05:26.705] [bmv2] [D] [thread 24917] [10.0] [cxt 0] Transmitting packet of size 90 out of port 0
[14:05:26.705] [bmv2] [D] [thread 24917] [11.0] [cxt 0] Transmitting packet of size 70 out of port 0
[14:05:26.821] [bmv2] [D] [thread 24912] [12.0] [cxt 0] Processing packet received on port 1
[14:05:26.821] [bmv2] [D] [thread 24912] [12.0] [cxt 0] Parser 'parser': start
[14:05:26.821] [bmv2] [D] [thread 24912] [12.0] [cxt 0] Parser 'parser' entering state 'start'
[14:05:26.821] [bmv2] [D] [thread 24912] [12.0] [cxt 0] Extracting header 'ethernet'
[14:05:26.821] [bmv2] [D] [thread 24912] [12.0] [cxt 0] Parser state 'start': key is 86dd
[14:05:26.821] [bmv2] [T] [thread 24912] [12.0] [cxt 0] Bytes parsed: 14
[14:05:26.821] [bmv2] [D] [thread 24912] [12.0] [cxt 0] Parser 'parser': end
[14:05:26.821] [bmv2] [D] [thread 24912] [12.0] [cxt 0] Pipeline 'ingress': start
[14:05:26.821] [bmv2] [T] [thread 24912] [12.0] [cxt 0] basic.p4(183) Condition "hdr.udp.dst_port==5000" (node_2) is false
[14:05:26.821] [bmv2] [T] [thread 24912] [12.0] [cxt 0] basic.p4(186) Condition "hdr.udp.dst_port==6000" (node_4) is false
[14:05:26.821] [bmv2] [D] [thread 24912] [12.0] [cxt 0] Pipeline 'ingress': end
[14:05:26.821] [bmv2] [D] [thread 24912] [12.0] [cxt 0] Egress port is 0
[14:05:26.821] [bmv2] [D] [thread 24913] [12.0] [cxt 0] Pipeline 'egress': start
[14:05:26.821] [bmv2] [D] [thread 24913] [12.0] [cxt 0] Pipeline 'egress': end
[14:05:26.821] [bmv2] [D] [thread 24913] [12.0] [cxt 0] Deparser 'deparser': start
[14:05:26.821] [bmv2] [T] [thread 24913] [12.0] [cxt 0] Skipping checksum 'cksum' update because condition not met
[14:05:26.821] [bmv2] [D] [thread 24913] [12.0] [cxt 0] Deparsing header 'ethernet'
[14:05:26.821] [bmv2] [D] [thread 24913] [12.0] [cxt 0] Deparser 'deparser': end
[14:05:26.821] [bmv2] [D] [thread 24917] [12.0] [cxt 0] Transmitting packet of size 90 out of port 0
[14:05:27.076] [bmv2] [D] [thread 24912] [13.0] [cxt 0] Processing packet received on port 1
[14:05:27.076] [bmv2] [D] [thread 24912] [13.0] [cxt 0] Parser 'parser': start
[14:05:27.076] [bmv2] [D] [thread 24912] [13.0] [cxt 0] Parser 'parser' entering state 'start'
[14:05:27.076] [bmv2] [D] [thread 24912] [13.0] [cxt 0] Extracting header 'ethernet'
[14:05:27.076] [bmv2] [D] [thread 24912] [13.0] [cxt 0] Parser state 'start': key is 86dd
[14:05:27.076] [bmv2] [T] [thread 24912] [13.0] [cxt 0] Bytes parsed: 14
[14:05:27.076] [bmv2] [D] [thread 24912] [13.0] [cxt 0] Parser 'parser': end
[14:05:27.076] [bmv2] [D] [thread 24912] [13.0] [cxt 0] Pipeline 'ingress': start
[14:05:27.076] [bmv2] [T] [thread 24912] [13.0] [cxt 0] basic.p4(183) Condition "hdr.udp.dst_port==5000" (node_2) is false
[14:05:27.076] [bmv2] [T] [thread 24912] [13.0] [cxt 0] basic.p4(186) Condition "hdr.udp.dst_port==6000" (node_4) is false
[14:05:27.076] [bmv2] [D] [thread 24912] [13.0] [cxt 0] Pipeline 'ingress': end
[14:05:27.076] [bmv2] [D] [thread 24912] [13.0] [cxt 0] Egress port is 0
[14:05:27.076] [bmv2] [D] [thread 24913] [13.0] [cxt 0] Pipeline 'egress': start
[14:05:27.076] [bmv2] [D] [thread 24913] [13.0] [cxt 0] Pipeline 'egress': end
[14:05:27.076] [bmv2] [D] [thread 24913] [13.0] [cxt 0] Deparser 'deparser': start
[14:05:27.076] [bmv2] [T] [thread 24913] [13.0] [cxt 0] Skipping checksum 'cksum' update because condition not met
[14:05:27.076] [bmv2] [D] [thread 24913] [13.0] [cxt 0] Deparsing header 'ethernet'
[14:05:27.076] [bmv2] [D] [thread 24913] [13.0] [cxt 0] Deparser 'deparser': end
[14:05:27.076] [bmv2] [D] [thread 24917] [13.0] [cxt 0] Transmitting packet of size 90 out of port 0
[14:05:27.424] [bmv2] [D] [thread 24912] [14.0] [cxt 0] Processing packet received on port 2
[14:05:27.424] [bmv2] [D] [thread 24912] [14.0] [cxt 0] Parser 'parser': start
[14:05:27.424] [bmv2] [D] [thread 24912] [14.0] [cxt 0] Parser 'parser' entering state 'start'
[14:05:27.424] [bmv2] [D] [thread 24912] [14.0] [cxt 0] Extracting header 'ethernet'
[14:05:27.424] [bmv2] [D] [thread 24912] [14.0] [cxt 0] Parser state 'start': key is 86dd
[14:05:27.424] [bmv2] [T] [thread 24912] [14.0] [cxt 0] Bytes parsed: 14
[14:05:27.424] [bmv2] [D] [thread 24912] [14.0] [cxt 0] Parser 'parser': end
[14:05:27.424] [bmv2] [D] [thread 24912] [14.0] [cxt 0] Pipeline 'ingress': start
[14:05:27.424] [bmv2] [T] [thread 24912] [14.0] [cxt 0] basic.p4(183) Condition "hdr.udp.dst_port==5000" (node_2) is false
[14:05:27.424] [bmv2] [T] [thread 24912] [14.0] [cxt 0] basic.p4(186) Condition "hdr.udp.dst_port==6000" (node_4) is false
[14:05:27.424] [bmv2] [D] [thread 24912] [14.0] [cxt 0] Pipeline 'ingress': end
[14:05:27.424] [bmv2] [D] [thread 24912] [14.0] [cxt 0] Egress port is 0
[14:05:27.424] [bmv2] [D] [thread 24913] [14.0] [cxt 0] Pipeline 'egress': start
[14:05:27.424] [bmv2] [D] [thread 24913] [14.0] [cxt 0] Pipeline 'egress': end
[14:05:27.424] [bmv2] [D] [thread 24913] [14.0] [cxt 0] Deparser 'deparser': start
[14:05:27.424] [bmv2] [T] [thread 24913] [14.0] [cxt 0] Skipping checksum 'cksum' update because condition not met
[14:05:27.424] [bmv2] [D] [thread 24913] [14.0] [cxt 0] Deparsing header 'ethernet'
[14:05:27.424] [bmv2] [D] [thread 24913] [14.0] [cxt 0] Deparser 'deparser': end
[14:05:27.424] [bmv2] [D] [thread 24917] [14.0] [cxt 0] Transmitting packet of size 90 out of port 0
[14:05:27.588] [bmv2] [D] [thread 24912] [15.0] [cxt 0] Processing packet received on port 2
[14:05:27.588] [bmv2] [D] [thread 24912] [15.0] [cxt 0] Parser 'parser': start
[14:05:27.588] [bmv2] [D] [thread 24912] [15.0] [cxt 0] Parser 'parser' entering state 'start'
[14:05:27.588] [bmv2] [D] [thread 24912] [15.0] [cxt 0] Extracting header 'ethernet'
[14:05:27.588] [bmv2] [D] [thread 24912] [15.0] [cxt 0] Parser state 'start': key is 86dd
[14:05:27.588] [bmv2] [T] [thread 24912] [15.0] [cxt 0] Bytes parsed: 14
[14:05:27.588] [bmv2] [D] [thread 24912] [15.0] [cxt 0] Parser 'parser': end
[14:05:27.589] [bmv2] [D] [thread 24912] [15.0] [cxt 0] Pipeline 'ingress': start
[14:05:27.589] [bmv2] [T] [thread 24912] [15.0] [cxt 0] basic.p4(183) Condition "hdr.udp.dst_port==5000" (node_2) is false
[14:05:27.589] [bmv2] [T] [thread 24912] [15.0] [cxt 0] basic.p4(186) Condition "hdr.udp.dst_port==6000" (node_4) is false
[14:05:27.589] [bmv2] [D] [thread 24912] [15.0] [cxt 0] Pipeline 'ingress': end
[14:05:27.589] [bmv2] [D] [thread 24912] [15.0] [cxt 0] Egress port is 0
[14:05:27.589] [bmv2] [D] [thread 24913] [15.0] [cxt 0] Pipeline 'egress': start
[14:05:27.589] [bmv2] [D] [thread 24913] [15.0] [cxt 0] Pipeline 'egress': end
[14:05:27.589] [bmv2] [D] [thread 24913] [15.0] [cxt 0] Deparser 'deparser': start
[14:05:27.589] [bmv2] [T] [thread 24913] [15.0] [cxt 0] Skipping checksum 'cksum' update because condition not met
[14:05:27.589] [bmv2] [D] [thread 24913] [15.0] [cxt 0] Deparsing header 'ethernet'
[14:05:27.589] [bmv2] [D] [thread 24913] [15.0] [cxt 0] Deparser 'deparser': end
[14:05:27.589] [bmv2] [D] [thread 24917] [15.0] [cxt 0] Transmitting packet of size 90 out of port 0
New connection
P4Runtime SetForwardingPipelineConfig
[14:05:28.193] [bmv2] [W] [thread 24971] [P4Runtime] p4::tmp::P4DeviceConfig is deprecated
[14:05:28.194] [bmv2] [D] [thread 24971] Set default default entry for table 'MyIngress.ipv4_lpm1': NoAction - 
[14:05:28.194] [bmv2] [D] [thread 24971] Set default default entry for table 'MyIngress.ipv4_lpm2': NoAction - 
P4Runtime Write
device_id: 1
election_id {
  low: 1
}
updates {
  type: MODIFY
  entity {
    table_entry {
      table_id: 33617881
      action {
        action {
          action_id: 16805608
        }
      }
      is_default_action: true
    }
  }
}
[14:05:28.197] [bmv2] [D] [thread 24971] Set default entry for table 'MyIngress.ipv4_lpm1': MyIngress.drop - 
P4Runtime Write
device_id: 1
election_id {
  low: 1
}
updates {
  type: INSERT
  entity {
    table_entry {
      table_id: 33617881
      match {
        field_id: 1
        lpm {
          value: "\n\000\001\001"
          prefix_len: 32
        }
      }
      action {
        action {
          action_id: 16799317
          params {
            param_id: 1
            value: "\010\000\000\000\000\000"
          }
          params {
            param_id: 2
            value: "\000\001"
          }
        }
      }
    }
  }
}
[14:05:28.198] [bmv2] [D] [thread 24971] Entry 0 added to table 'MyIngress.ipv4_lpm1'
[14:05:28.198] [bmv2] [D] [thread 24971] Dumping entry 0
Match key:
* hdr.ipv4.dstAddr    : LPM       0a000101/32
Action entry: MyIngress.ipv4_forward - 80000000000,1,

P4Runtime Write
device_id: 1
election_id {
  low: 1
}
updates {
  type: INSERT
  entity {
    table_entry {
      table_id: 33617881
      match {
        field_id: 1
        lpm {
          value: "\n\000\002\002"
          prefix_len: 32
        }
      }
      action {
        action {
          action_id: 16799317
          params {
            param_id: 1
            value: "\010\000\000\000\003\000"
          }
          params {
            param_id: 2
            value: "\000\002"
          }
        }
      }
    }
  }
}
[14:05:28.199] [bmv2] [D] [thread 24971] Entry 1 added to table 'MyIngress.ipv4_lpm1'
[14:05:28.199] [bmv2] [D] [thread 24971] Dumping entry 1
Match key:
* hdr.ipv4.dstAddr    : LPM       0a000202/32
Action entry: MyIngress.ipv4_forward - 80000000300,2,

Connection removed
[14:05:30.446] [bmv2] [D] [thread 24912] [16.0] [cxt 0] Processing packet received on port 2
[14:05:30.446] [bmv2] [D] [thread 24912] [16.0] [cxt 0] Parser 'parser': start
[14:05:30.446] [bmv2] [D] [thread 24912] [16.0] [cxt 0] Parser 'parser' entering state 'start'
[14:05:30.446] [bmv2] [D] [thread 24912] [16.0] [cxt 0] Extracting header 'ethernet'
[14:05:30.446] [bmv2] [D] [thread 24912] [16.0] [cxt 0] Parser state 'start': key is 86dd
[14:05:30.446] [bmv2] [T] [thread 24912] [16.0] [cxt 0] Bytes parsed: 14
[14:05:30.446] [bmv2] [D] [thread 24912] [16.0] [cxt 0] Parser 'parser': end
[14:05:30.446] [bmv2] [D] [thread 24912] [16.0] [cxt 0] Pipeline 'ingress': start
[14:05:30.446] [bmv2] [T] [thread 24912] [16.0] [cxt 0] basic.p4(183) Condition "hdr.udp.dst_port==5000" (node_2) is false
[14:05:30.446] [bmv2] [T] [thread 24912] [16.0] [cxt 0] basic.p4(186) Condition "hdr.udp.dst_port==6000" (node_4) is false
[14:05:30.446] [bmv2] [D] [thread 24912] [16.0] [cxt 0] Pipeline 'ingress': end
[14:05:30.446] [bmv2] [D] [thread 24912] [16.0] [cxt 0] Egress port is 0
[14:05:30.446] [bmv2] [D] [thread 24913] [16.0] [cxt 0] Pipeline 'egress': start
[14:05:30.446] [bmv2] [D] [thread 24913] [16.0] [cxt 0] Pipeline 'egress': end
[14:05:30.446] [bmv2] [D] [thread 24913] [16.0] [cxt 0] Deparser 'deparser': start
[14:05:30.446] [bmv2] [T] [thread 24913] [16.0] [cxt 0] Skipping checksum 'cksum' update because condition not met
[14:05:30.446] [bmv2] [D] [thread 24913] [16.0] [cxt 0] Deparsing header 'ethernet'
[14:05:30.446] [bmv2] [D] [thread 24913] [16.0] [cxt 0] Deparser 'deparser': end
[14:05:30.446] [bmv2] [D] [thread 24917] [16.0] [cxt 0] Transmitting packet of size 70 out of port 0
[14:05:30.645] [bmv2] [D] [thread 24912] [17.0] [cxt 0] Processing packet received on port 2
[14:05:30.645] [bmv2] [D] [thread 24912] [17.0] [cxt 0] Parser 'parser': start
[14:05:30.645] [bmv2] [D] [thread 24912] [17.0] [cxt 0] Parser 'parser' entering state 'start'
[14:05:30.645] [bmv2] [D] [thread 24912] [17.0] [cxt 0] Extracting header 'ethernet'
[14:05:30.645] [bmv2] [D] [thread 24912] [17.0] [cxt 0] Parser state 'start': key is 86dd
[14:05:30.645] [bmv2] [T] [thread 24912] [17.0] [cxt 0] Bytes parsed: 14
[14:05:30.645] [bmv2] [D] [thread 24912] [17.0] [cxt 0] Parser 'parser': end
[14:05:30.645] [bmv2] [D] [thread 24912] [17.0] [cxt 0] Pipeline 'ingress': start
[14:05:30.645] [bmv2] [T] [thread 24912] [17.0] [cxt 0] basic.p4(183) Condition "hdr.udp.dst_port==5000" (node_2) is false
[14:05:30.645] [bmv2] [T] [thread 24912] [17.0] [cxt 0] basic.p4(186) Condition "hdr.udp.dst_port==6000" (node_4) is false
[14:05:30.645] [bmv2] [D] [thread 24912] [17.0] [cxt 0] Pipeline 'ingress': end
[14:05:30.645] [bmv2] [D] [thread 24912] [17.0] [cxt 0] Egress port is 0
[14:05:30.645] [bmv2] [D] [thread 24913] [17.0] [cxt 0] Pipeline 'egress': start
[14:05:30.645] [bmv2] [D] [thread 24913] [17.0] [cxt 0] Pipeline 'egress': end
[14:05:30.645] [bmv2] [D] [thread 24913] [17.0] [cxt 0] Deparser 'deparser': start
[14:05:30.645] [bmv2] [T] [thread 24913] [17.0] [cxt 0] Skipping checksum 'cksum' update because condition not met
[14:05:30.645] [bmv2] [D] [thread 24913] [17.0] [cxt 0] Deparsing header 'ethernet'
[14:05:30.645] [bmv2] [D] [thread 24913] [17.0] [cxt 0] Deparser 'deparser': end
[14:05:30.645] [bmv2] [D] [thread 24917] [17.0] [cxt 0] Transmitting packet of size 70 out of port 0
[14:05:30.650] [bmv2] [D] [thread 24912] [18.0] [cxt 0] Processing packet received on port 1
[14:05:30.650] [bmv2] [D] [thread 24912] [18.0] [cxt 0] Parser 'parser': start
[14:05:30.650] [bmv2] [D] [thread 24912] [18.0] [cxt 0] Parser 'parser' entering state 'start'
[14:05:30.650] [bmv2] [D] [thread 24912] [18.0] [cxt 0] Extracting header 'ethernet'
[14:05:30.650] [bmv2] [D] [thread 24912] [18.0] [cxt 0] Parser state 'start': key is 86dd
[14:05:30.650] [bmv2] [T] [thread 24912] [18.0] [cxt 0] Bytes parsed: 14
[14:05:30.650] [bmv2] [D] [thread 24912] [18.0] [cxt 0] Parser 'parser': end
[14:05:30.650] [bmv2] [D] [thread 24912] [18.0] [cxt 0] Pipeline 'ingress': start
[14:05:30.650] [bmv2] [T] [thread 24912] [18.0] [cxt 0] basic.p4(183) Condition "hdr.udp.dst_port==5000" (node_2) is false
[14:05:30.650] [bmv2] [T] [thread 24912] [18.0] [cxt 0] basic.p4(186) Condition "hdr.udp.dst_port==6000" (node_4) is false
[14:05:30.650] [bmv2] [D] [thread 24912] [18.0] [cxt 0] Pipeline 'ingress': end
[14:05:30.650] [bmv2] [D] [thread 24912] [18.0] [cxt 0] Egress port is 0
[14:05:30.650] [bmv2] [D] [thread 24913] [18.0] [cxt 0] Pipeline 'egress': start
[14:05:30.651] [bmv2] [D] [thread 24913] [18.0] [cxt 0] Pipeline 'egress': end
[14:05:30.651] [bmv2] [D] [thread 24913] [18.0] [cxt 0] Deparser 'deparser': start
[14:05:30.651] [bmv2] [T] [thread 24913] [18.0] [cxt 0] Skipping checksum 'cksum' update because condition not met
[14:05:30.651] [bmv2] [D] [thread 24913] [18.0] [cxt 0] Deparsing header 'ethernet'
[14:05:30.651] [bmv2] [D] [thread 24913] [18.0] [cxt 0] Deparser 'deparser': end
[14:05:30.651] [bmv2] [D] [thread 24917] [18.0] [cxt 0] Transmitting packet of size 70 out of port 0
[14:05:30.713] [bmv2] [D] [thread 24912] [19.0] [cxt 0] Processing packet received on port 1
[14:05:30.713] [bmv2] [D] [thread 24912] [19.0] [cxt 0] Parser 'parser': start
[14:05:30.713] [bmv2] [D] [thread 24912] [19.0] [cxt 0] Parser 'parser' entering state 'start'
[14:05:30.713] [bmv2] [D] [thread 24912] [19.0] [cxt 0] Extracting header 'ethernet'
[14:05:30.713] [bmv2] [D] [thread 24912] [19.0] [cxt 0] Parser state 'start': key is 86dd
[14:05:30.713] [bmv2] [T] [thread 24912] [19.0] [cxt 0] Bytes parsed: 14
[14:05:30.713] [bmv2] [D] [thread 24912] [19.0] [cxt 0] Parser 'parser': end
[14:05:30.713] [bmv2] [D] [thread 24912] [19.0] [cxt 0] Pipeline 'ingress': start
[14:05:30.713] [bmv2] [T] [thread 24912] [19.0] [cxt 0] basic.p4(183) Condition "hdr.udp.dst_port==5000" (node_2) is false
[14:05:30.713] [bmv2] [T] [thread 24912] [19.0] [cxt 0] basic.p4(186) Condition "hdr.udp.dst_port==6000" (node_4) is false
[14:05:30.713] [bmv2] [D] [thread 24912] [19.0] [cxt 0] Pipeline 'ingress': end
[14:05:30.713] [bmv2] [D] [thread 24912] [19.0] [cxt 0] Egress port is 0
[14:05:30.713] [bmv2] [D] [thread 24913] [19.0] [cxt 0] Pipeline 'egress': start
[14:05:30.713] [bmv2] [D] [thread 24913] [19.0] [cxt 0] Pipeline 'egress': end
[14:05:30.713] [bmv2] [D] [thread 24913] [19.0] [cxt 0] Deparser 'deparser': start
[14:05:30.713] [bmv2] [T] [thread 24913] [19.0] [cxt 0] Skipping checksum 'cksum' update because condition not met
[14:05:30.713] [bmv2] [D] [thread 24913] [19.0] [cxt 0] Deparsing header 'ethernet'
[14:05:30.713] [bmv2] [D] [thread 24913] [19.0] [cxt 0] Deparser 'deparser': end
[14:05:30.713] [bmv2] [D] [thread 24917] [19.0] [cxt 0] Transmitting packet of size 70 out of port 0
[14:05:34.441] [bmv2] [D] [thread 24912] [20.0] [cxt 0] Processing packet received on port 2
[14:05:34.441] [bmv2] [D] [thread 24912] [20.0] [cxt 0] Parser 'parser': start
[14:05:34.441] [bmv2] [D] [thread 24912] [20.0] [cxt 0] Parser 'parser' entering state 'start'
[14:05:34.441] [bmv2] [D] [thread 24912] [20.0] [cxt 0] Extracting header 'ethernet'
[14:05:34.441] [bmv2] [D] [thread 24912] [20.0] [cxt 0] Parser state 'start': key is 86dd
[14:05:34.441] [bmv2] [T] [thread 24912] [20.0] [cxt 0] Bytes parsed: 14
[14:05:34.441] [bmv2] [D] [thread 24912] [20.0] [cxt 0] Parser 'parser': end
[14:05:34.441] [bmv2] [D] [thread 24912] [20.0] [cxt 0] Pipeline 'ingress': start
[14:05:34.441] [bmv2] [T] [thread 24912] [20.0] [cxt 0] basic.p4(183) Condition "hdr.udp.dst_port==5000" (node_2) is false
[14:05:34.441] [bmv2] [T] [thread 24912] [20.0] [cxt 0] basic.p4(186) Condition "hdr.udp.dst_port==6000" (node_4) is false
[14:05:34.441] [bmv2] [D] [thread 24912] [20.0] [cxt 0] Pipeline 'ingress': end
[14:05:34.441] [bmv2] [D] [thread 24912] [20.0] [cxt 0] Egress port is 0
[14:05:34.441] [bmv2] [D] [thread 24913] [20.0] [cxt 0] Pipeline 'egress': start
[14:05:34.441] [bmv2] [D] [thread 24913] [20.0] [cxt 0] Pipeline 'egress': end
[14:05:34.441] [bmv2] [D] [thread 24913] [20.0] [cxt 0] Deparser 'deparser': start
[14:05:34.441] [bmv2] [T] [thread 24913] [20.0] [cxt 0] Skipping checksum 'cksum' update because condition not met
[14:05:34.441] [bmv2] [D] [thread 24913] [20.0] [cxt 0] Deparsing header 'ethernet'
[14:05:34.441] [bmv2] [D] [thread 24913] [20.0] [cxt 0] Deparser 'deparser': end
[14:05:34.441] [bmv2] [D] [thread 24917] [20.0] [cxt 0] Transmitting packet of size 70 out of port 0
[14:05:34.653] [bmv2] [D] [thread 24912] [21.0] [cxt 0] Processing packet received on port 2
[14:05:34.653] [bmv2] [D] [thread 24912] [21.0] [cxt 0] Parser 'parser': start
[14:05:34.653] [bmv2] [D] [thread 24912] [21.0] [cxt 0] Parser 'parser' entering state 'start'
[14:05:34.653] [bmv2] [D] [thread 24912] [21.0] [cxt 0] Extracting header 'ethernet'
[14:05:34.653] [bmv2] [D] [thread 24912] [21.0] [cxt 0] Parser state 'start': key is 86dd
[14:05:34.653] [bmv2] [T] [thread 24912] [21.0] [cxt 0] Bytes parsed: 14
[14:05:34.653] [bmv2] [D] [thread 24912] [21.0] [cxt 0] Parser 'parser': end
[14:05:34.653] [bmv2] [D] [thread 24912] [21.0] [cxt 0] Pipeline 'ingress': start
[14:05:34.653] [bmv2] [T] [thread 24912] [21.0] [cxt 0] basic.p4(183) Condition "hdr.udp.dst_port==5000" (node_2) is false
[14:05:34.654] [bmv2] [T] [thread 24912] [21.0] [cxt 0] basic.p4(186) Condition "hdr.udp.dst_port==6000" (node_4) is false
[14:05:34.654] [bmv2] [D] [thread 24912] [21.0] [cxt 0] Pipeline 'ingress': end
[14:05:34.654] [bmv2] [D] [thread 24912] [21.0] [cxt 0] Egress port is 0
[14:05:34.654] [bmv2] [D] [thread 24913] [21.0] [cxt 0] Pipeline 'egress': start
[14:05:34.654] [bmv2] [D] [thread 24913] [21.0] [cxt 0] Pipeline 'egress': end
[14:05:34.654] [bmv2] [D] [thread 24913] [21.0] [cxt 0] Deparser 'deparser': start
[14:05:34.654] [bmv2] [T] [thread 24913] [21.0] [cxt 0] Skipping checksum 'cksum' update because condition not met
[14:05:34.654] [bmv2] [D] [thread 24913] [21.0] [cxt 0] Deparsing header 'ethernet'
[14:05:34.654] [bmv2] [D] [thread 24913] [21.0] [cxt 0] Deparser 'deparser': end
[14:05:34.654] [bmv2] [D] [thread 24917] [21.0] [cxt 0] Transmitting packet of size 70 out of port 0
[14:05:34.660] [bmv2] [D] [thread 24912] [22.0] [cxt 0] Processing packet received on port 1
[14:05:34.660] [bmv2] [D] [thread 24912] [22.0] [cxt 0] Parser 'parser': start
[14:05:34.660] [bmv2] [D] [thread 24912] [22.0] [cxt 0] Parser 'parser' entering state 'start'
[14:05:34.660] [bmv2] [D] [thread 24912] [22.0] [cxt 0] Extracting header 'ethernet'
[14:05:34.660] [bmv2] [D] [thread 24912] [22.0] [cxt 0] Parser state 'start': key is 86dd
[14:05:34.660] [bmv2] [T] [thread 24912] [22.0] [cxt 0] Bytes parsed: 14
[14:05:34.660] [bmv2] [D] [thread 24912] [22.0] [cxt 0] Parser 'parser': end
[14:05:34.660] [bmv2] [D] [thread 24912] [22.0] [cxt 0] Pipeline 'ingress': start
[14:05:34.660] [bmv2] [T] [thread 24912] [22.0] [cxt 0] basic.p4(183) Condition "hdr.udp.dst_port==5000" (node_2) is false
[14:05:34.660] [bmv2] [T] [thread 24912] [22.0] [cxt 0] basic.p4(186) Condition "hdr.udp.dst_port==6000" (node_4) is false
[14:05:34.660] [bmv2] [D] [thread 24912] [22.0] [cxt 0] Pipeline 'ingress': end
[14:05:34.660] [bmv2] [D] [thread 24912] [22.0] [cxt 0] Egress port is 0
[14:05:34.660] [bmv2] [D] [thread 24913] [22.0] [cxt 0] Pipeline 'egress': start
[14:05:34.660] [bmv2] [D] [thread 24913] [22.0] [cxt 0] Pipeline 'egress': end
[14:05:34.660] [bmv2] [D] [thread 24913] [22.0] [cxt 0] Deparser 'deparser': start
[14:05:34.660] [bmv2] [T] [thread 24913] [22.0] [cxt 0] Skipping checksum 'cksum' update because condition not met
[14:05:34.660] [bmv2] [D] [thread 24913] [22.0] [cxt 0] Deparsing header 'ethernet'
[14:05:34.660] [bmv2] [D] [thread 24913] [22.0] [cxt 0] Deparser 'deparser': end
[14:05:34.660] [bmv2] [D] [thread 24917] [22.0] [cxt 0] Transmitting packet of size 70 out of port 0
[14:05:34.721] [bmv2] [D] [thread 24912] [23.0] [cxt 0] Processing packet received on port 1
[14:05:34.721] [bmv2] [D] [thread 24912] [23.0] [cxt 0] Parser 'parser': start
[14:05:34.721] [bmv2] [D] [thread 24912] [23.0] [cxt 0] Parser 'parser' entering state 'start'
[14:05:34.721] [bmv2] [D] [thread 24912] [23.0] [cxt 0] Extracting header 'ethernet'
[14:05:34.721] [bmv2] [D] [thread 24912] [23.0] [cxt 0] Parser state 'start': key is 86dd
[14:05:34.721] [bmv2] [T] [thread 24912] [23.0] [cxt 0] Bytes parsed: 14
[14:05:34.721] [bmv2] [D] [thread 24912] [23.0] [cxt 0] Parser 'parser': end
[14:05:34.721] [bmv2] [D] [thread 24912] [23.0] [cxt 0] Pipeline 'ingress': start
[14:05:34.721] [bmv2] [T] [thread 24912] [23.0] [cxt 0] basic.p4(183) Condition "hdr.udp.dst_port==5000" (node_2) is false
[14:05:34.721] [bmv2] [T] [thread 24912] [23.0] [cxt 0] basic.p4(186) Condition "hdr.udp.dst_port==6000" (node_4) is false
[14:05:34.721] [bmv2] [D] [thread 24912] [23.0] [cxt 0] Pipeline 'ingress': end
[14:05:34.722] [bmv2] [D] [thread 24912] [23.0] [cxt 0] Egress port is 0
[14:05:34.722] [bmv2] [D] [thread 24913] [23.0] [cxt 0] Pipeline 'egress': start
[14:05:34.722] [bmv2] [D] [thread 24913] [23.0] [cxt 0] Pipeline 'egress': end
[14:05:34.722] [bmv2] [D] [thread 24913] [23.0] [cxt 0] Deparser 'deparser': start
[14:05:34.722] [bmv2] [T] [thread 24913] [23.0] [cxt 0] Skipping checksum 'cksum' update because condition not met
[14:05:34.722] [bmv2] [D] [thread 24913] [23.0] [cxt 0] Deparsing header 'ethernet'
[14:05:34.722] [bmv2] [D] [thread 24913] [23.0] [cxt 0] Deparser 'deparser': end
[14:05:34.722] [bmv2] [D] [thread 24917] [23.0] [cxt 0] Transmitting packet of size 70 out of port 0
[14:06:19.799] [bmv2] [D] [thread 24912] [24.0] [cxt 0] Processing packet received on port 1
[14:06:19.799] [bmv2] [D] [thread 24912] [24.0] [cxt 0] Parser 'parser': start
[14:06:19.799] [bmv2] [D] [thread 24912] [24.0] [cxt 0] Parser 'parser' entering state 'start'
[14:06:19.799] [bmv2] [D] [thread 24912] [24.0] [cxt 0] Extracting header 'ethernet'
[14:06:19.799] [bmv2] [D] [thread 24912] [24.0] [cxt 0] Parser state 'start': key is 0800
[14:06:19.799] [bmv2] [T] [thread 24912] [24.0] [cxt 0] Bytes parsed: 14
[14:06:19.799] [bmv2] [D] [thread 24912] [24.0] [cxt 0] Parser 'parser' entering state 'parse_ipv4'
[14:06:19.799] [bmv2] [D] [thread 24912] [24.0] [cxt 0] Extracting header 'ipv4'
[14:06:19.799] [bmv2] [D] [thread 24912] [24.0] [cxt 0] Parser state 'parse_ipv4': key is 11
[14:06:19.799] [bmv2] [T] [thread 24912] [24.0] [cxt 0] Bytes parsed: 34
[14:06:19.799] [bmv2] [D] [thread 24912] [24.0] [cxt 0] Parser 'parser' entering state 'parse_udp'
[14:06:19.799] [bmv2] [D] [thread 24912] [24.0] [cxt 0] Extracting header 'udp'
[14:06:19.799] [bmv2] [D] [thread 24912] [24.0] [cxt 0] Parser state 'parse_udp' has no switch, going to default next state
[14:06:19.799] [bmv2] [T] [thread 24912] [24.0] [cxt 0] Bytes parsed: 42
[14:06:19.799] [bmv2] [D] [thread 24912] [24.0] [cxt 0] Parser 'parser': end
[14:06:19.800] [bmv2] [D] [thread 24912] [24.0] [cxt 0] Pipeline 'ingress': start
[14:06:19.800] [bmv2] [T] [thread 24912] [24.0] [cxt 0] basic.p4(183) Condition "hdr.udp.dst_port==5000" (node_2) is true
[14:06:19.800] [bmv2] [T] [thread 24912] [24.0] [cxt 0] Applying table 'MyIngress.ipv4_lpm1'
[14:06:19.800] [bmv2] [D] [thread 24912] [24.0] [cxt 0] Looking up key:
* hdr.ipv4.dstAddr    : 0a000202

[14:06:19.800] [bmv2] [D] [thread 24912] [24.0] [cxt 0] Table 'MyIngress.ipv4_lpm1': hit with handle 1
[14:06:19.800] [bmv2] [D] [thread 24912] [24.0] [cxt 0] Dumping entry 1
Match key:
* hdr.ipv4.dstAddr    : LPM       0a000202/32
Action entry: MyIngress.ipv4_forward - 80000000300,2,

[14:06:19.800] [bmv2] [D] [thread 24912] [24.0] [cxt 0] Action entry is MyIngress.ipv4_forward - 80000000300,2,
[14:06:19.800] [bmv2] [T] [thread 24912] [24.0] [cxt 0] Action MyIngress.ipv4_forward
[14:06:19.800] [bmv2] [T] [thread 24912] [24.0] [cxt 0] basic.p4(143) Primitive standard_metadata.egress_spec=port
[14:06:19.800] [bmv2] [T] [thread 24912] [24.0] [cxt 0] basic.p4(144) Primitive hdr.ethernet.srcAddr=hdr.ethernet.dstAddr
[14:06:19.800] [bmv2] [T] [thread 24912] [24.0] [cxt 0] basic.p4(145) Primitive hdr.ethernet.dstAddr=dstAddr
[14:06:19.800] [bmv2] [T] [thread 24912] [24.0] [cxt 0] basic.p4(146) Primitive hdr.ipv4.ttl=hdr.ipv4.ttl-1
[14:06:19.800] [bmv2] [D] [thread 24912] [24.0] [cxt 0] Pipeline 'ingress': end
[14:06:19.800] [bmv2] [D] [thread 24912] [24.0] [cxt 0] Egress port is 2
[14:06:19.800] [bmv2] [D] [thread 24915] [24.0] [cxt 0] Pipeline 'egress': start
[14:06:19.800] [bmv2] [D] [thread 24915] [24.0] [cxt 0] Pipeline 'egress': end
[14:06:19.800] [bmv2] [D] [thread 24915] [24.0] [cxt 0] Deparser 'deparser': start
[14:06:19.800] [bmv2] [D] [thread 24915] [24.0] [cxt 0] Updating checksum 'cksum'
[14:06:19.800] [bmv2] [D] [thread 24915] [24.0] [cxt 0] Deparsing header 'ethernet'
[14:06:19.800] [bmv2] [D] [thread 24915] [24.0] [cxt 0] Deparsing header 'ipv4'
[14:06:19.800] [bmv2] [D] [thread 24915] [24.0] [cxt 0] Deparsing header 'udp'
[14:06:19.800] [bmv2] [D] [thread 24915] [24.0] [cxt 0] Deparser 'deparser': end
[14:06:19.800] [bmv2] [D] [thread 24917] [24.0] [cxt 0] Transmitting packet of size 44 out of port 2
[14:06:19.807] [bmv2] [D] [thread 24912] [25.0] [cxt 0] Processing packet received on port 2
[14:06:19.807] [bmv2] [D] [thread 24912] [25.0] [cxt 0] Parser 'parser': start
[14:06:19.807] [bmv2] [D] [thread 24912] [25.0] [cxt 0] Parser 'parser' entering state 'start'
[14:06:19.807] [bmv2] [D] [thread 24912] [25.0] [cxt 0] Extracting header 'ethernet'
[14:06:19.807] [bmv2] [D] [thread 24912] [25.0] [cxt 0] Parser state 'start': key is 0800
[14:06:19.807] [bmv2] [T] [thread 24912] [25.0] [cxt 0] Bytes parsed: 14
[14:06:19.807] [bmv2] [D] [thread 24912] [25.0] [cxt 0] Parser 'parser' entering state 'parse_ipv4'
[14:06:19.807] [bmv2] [D] [thread 24912] [25.0] [cxt 0] Extracting header 'ipv4'
[14:06:19.807] [bmv2] [D] [thread 24912] [25.0] [cxt 0] Parser state 'parse_ipv4': key is 01
[14:06:19.807] [bmv2] [T] [thread 24912] [25.0] [cxt 0] Bytes parsed: 34
[14:06:19.807] [bmv2] [D] [thread 24912] [25.0] [cxt 0] Parser 'parser': end
[14:06:19.807] [bmv2] [D] [thread 24912] [25.0] [cxt 0] Pipeline 'ingress': start
[14:06:19.807] [bmv2] [T] [thread 24912] [25.0] [cxt 0] basic.p4(183) Condition "hdr.udp.dst_port==5000" (node_2) is true
[14:06:19.807] [bmv2] [T] [thread 24912] [25.0] [cxt 0] Applying table 'MyIngress.ipv4_lpm1'
[14:06:19.807] [bmv2] [D] [thread 24912] [25.0] [cxt 0] Looking up key:
* hdr.ipv4.dstAddr    : 0a000101

[14:06:19.807] [bmv2] [D] [thread 24912] [25.0] [cxt 0] Table 'MyIngress.ipv4_lpm1': hit with handle 0
[14:06:19.807] [bmv2] [D] [thread 24912] [25.0] [cxt 0] Dumping entry 0
Match key:
* hdr.ipv4.dstAddr    : LPM       0a000101/32
Action entry: MyIngress.ipv4_forward - 80000000000,1,

[14:06:19.807] [bmv2] [D] [thread 24912] [25.0] [cxt 0] Action entry is MyIngress.ipv4_forward - 80000000000,1,
[14:06:19.807] [bmv2] [T] [thread 24912] [25.0] [cxt 0] Action MyIngress.ipv4_forward
[14:06:19.807] [bmv2] [T] [thread 24912] [25.0] [cxt 0] basic.p4(143) Primitive standard_metadata.egress_spec=port
[14:06:19.807] [bmv2] [T] [thread 24912] [25.0] [cxt 0] basic.p4(144) Primitive hdr.ethernet.srcAddr=hdr.ethernet.dstAddr
[14:06:19.807] [bmv2] [T] [thread 24912] [25.0] [cxt 0] basic.p4(145) Primitive hdr.ethernet.dstAddr=dstAddr
[14:06:19.807] [bmv2] [T] [thread 24912] [25.0] [cxt 0] basic.p4(146) Primitive hdr.ipv4.ttl=hdr.ipv4.ttl-1
[14:06:19.807] [bmv2] [D] [thread 24912] [25.0] [cxt 0] Pipeline 'ingress': end
[14:06:19.807] [bmv2] [D] [thread 24912] [25.0] [cxt 0] Egress port is 1
[14:06:19.807] [bmv2] [D] [thread 24914] [25.0] [cxt 0] Pipeline 'egress': start
[14:06:19.807] [bmv2] [D] [thread 24914] [25.0] [cxt 0] Pipeline 'egress': end
[14:06:19.807] [bmv2] [D] [thread 24914] [25.0] [cxt 0] Deparser 'deparser': start
[14:06:19.807] [bmv2] [D] [thread 24914] [25.0] [cxt 0] Updating checksum 'cksum'
[14:06:19.807] [bmv2] [D] [thread 24914] [25.0] [cxt 0] Deparsing header 'ethernet'
[14:06:19.807] [bmv2] [D] [thread 24914] [25.0] [cxt 0] Deparsing header 'ipv4'
[14:06:19.807] [bmv2] [D] [thread 24914] [25.0] [cxt 0] Deparser 'deparser': end
[14:06:19.807] [bmv2] [D] [thread 24917] [25.0] [cxt 0] Transmitting packet of size 72 out of port 1
open: No such file or directory
open: No such file or directory
