Calling target program-options parser
[14:05:26.116] [bmv2] [D] [thread 24919] Set default default entry for table 'MyIngress.ipv4_lpm1': NoAction - 
[14:05:26.116] [bmv2] [D] [thread 24919] Set default default entry for table 'MyIngress.ipv4_lpm2': NoAction - 
Adding interface s2-eth1 as port 1
[14:05:26.116] [bmv2] [D] [thread 24919] Adding interface s2-eth1 as port 1
Adding interface s2-eth2 as port 2
[14:05:26.142] [bmv2] [D] [thread 24919] Adding interface s2-eth2 as port 2
I0218 14:05:26.168692537   24919 server_builder.cc:247]      Synchronous server. Num CQs: 1, Min pollers: 1, Max Pollers: 2147483647, CQ timeout (msec): 1000
Server listening on 0.0.0.0:50053
[14:05:26.170] [bmv2] [I] [thread 24919] Starting Thrift server on port 9092
[14:05:26.170] [bmv2] [I] [thread 24919] Thrift server was started
[14:05:26.512] [bmv2] [D] [thread 24926] [0.0] [cxt 0] Processing packet received on port 1
[14:05:26.512] [bmv2] [D] [thread 24926] [0.0] [cxt 0] Parser 'parser': start
[14:05:26.512] [bmv2] [D] [thread 24926] [0.0] [cxt 0] Parser 'parser' entering state 'start'
[14:05:26.513] [bmv2] [D] [thread 24926] [0.0] [cxt 0] Extracting header 'ethernet'
[14:05:26.513] [bmv2] [D] [thread 24926] [0.0] [cxt 0] Parser state 'start': key is 86dd
[14:05:26.513] [bmv2] [T] [thread 24926] [0.0] [cxt 0] Bytes parsed: 14
[14:05:26.513] [bmv2] [D] [thread 24926] [0.0] [cxt 0] Parser 'parser': end
[14:05:26.513] [bmv2] [D] [thread 24926] [0.0] [cxt 0] Pipeline 'ingress': start
[14:05:26.513] [bmv2] [T] [thread 24926] [0.0] [cxt 0] basic.p4(183) Condition "hdr.udp.dst_port==5000" (node_2) is false
[14:05:26.513] [bmv2] [T] [thread 24926] [0.0] [cxt 0] basic.p4(186) Condition "hdr.udp.dst_port==6000" (node_4) is false
[14:05:26.513] [bmv2] [D] [thread 24926] [0.0] [cxt 0] Pipeline 'ingress': end
[14:05:26.513] [bmv2] [D] [thread 24926] [0.0] [cxt 0] Egress port is 0
[14:05:26.513] [bmv2] [D] [thread 24926] [1.0] [cxt 0] Processing packet received on port 1
[14:05:26.513] [bmv2] [D] [thread 24926] [1.0] [cxt 0] Parser 'parser': start
[14:05:26.513] [bmv2] [D] [thread 24926] [1.0] [cxt 0] Parser 'parser' entering state 'start'
[14:05:26.513] [bmv2] [D] [thread 24926] [1.0] [cxt 0] Extracting header 'ethernet'
[14:05:26.513] [bmv2] [D] [thread 24926] [1.0] [cxt 0] Parser state 'start': key is 86dd
[14:05:26.513] [bmv2] [T] [thread 24926] [1.0] [cxt 0] Bytes parsed: 14
[14:05:26.513] [bmv2] [D] [thread 24926] [1.0] [cxt 0] Parser 'parser': end
[14:05:26.513] [bmv2] [D] [thread 24926] [1.0] [cxt 0] Pipeline 'ingress': start
[14:05:26.513] [bmv2] [T] [thread 24926] [1.0] [cxt 0] basic.p4(183) Condition "hdr.udp.dst_port==5000" (node_2) is false
[14:05:26.513] [bmv2] [T] [thread 24926] [1.0] [cxt 0] basic.p4(186) Condition "hdr.udp.dst_port==6000" (node_4) is false
[14:05:26.513] [bmv2] [D] [thread 24926] [1.0] [cxt 0] Pipeline 'ingress': end
[14:05:26.513] [bmv2] [D] [thread 24926] [1.0] [cxt 0] Egress port is 0
[14:05:26.513] [bmv2] [D] [thread 24927] [0.0] [cxt 0] Pipeline 'egress': start
[14:05:26.513] [bmv2] [D] [thread 24927] [0.0] [cxt 0] Pipeline 'egress': end
[14:05:26.513] [bmv2] [D] [thread 24927] [0.0] [cxt 0] Deparser 'deparser': start
[14:05:26.513] [bmv2] [T] [thread 24927] [0.0] [cxt 0] Skipping checksum 'cksum' update because condition not met
[14:05:26.513] [bmv2] [D] [thread 24927] [0.0] [cxt 0] Deparsing header 'ethernet'
[14:05:26.513] [bmv2] [D] [thread 24927] [0.0] [cxt 0] Deparser 'deparser': end
[14:05:26.513] [bmv2] [D] [thread 24927] [1.0] [cxt 0] Pipeline 'egress': start
[14:05:26.513] [bmv2] [D] [thread 24927] [1.0] [cxt 0] Pipeline 'egress': end
[14:05:26.513] [bmv2] [D] [thread 24927] [1.0] [cxt 0] Deparser 'deparser': start
[14:05:26.513] [bmv2] [T] [thread 24927] [1.0] [cxt 0] Skipping checksum 'cksum' update because condition not met
[14:05:26.513] [bmv2] [D] [thread 24927] [1.0] [cxt 0] Deparsing header 'ethernet'
[14:05:26.513] [bmv2] [D] [thread 24927] [1.0] [cxt 0] Deparser 'deparser': end
[14:05:26.514] [bmv2] [D] [thread 24931] [0.0] [cxt 0] Transmitting packet of size 90 out of port 0
[14:05:26.514] [bmv2] [D] [thread 24931] [1.0] [cxt 0] Transmitting packet of size 70 out of port 0
[14:05:26.705] [bmv2] [D] [thread 24926] [2.0] [cxt 0] Processing packet received on port 1
[14:05:26.705] [bmv2] [D] [thread 24926] [2.0] [cxt 0] Parser 'parser': start
[14:05:26.705] [bmv2] [D] [thread 24926] [2.0] [cxt 0] Parser 'parser' entering state 'start'
[14:05:26.705] [bmv2] [D] [thread 24926] [2.0] [cxt 0] Extracting header 'ethernet'
[14:05:26.705] [bmv2] [D] [thread 24926] [2.0] [cxt 0] Parser state 'start': key is 86dd
[14:05:26.705] [bmv2] [T] [thread 24926] [2.0] [cxt 0] Bytes parsed: 14
[14:05:26.705] [bmv2] [D] [thread 24926] [2.0] [cxt 0] Parser 'parser': end
[14:05:26.705] [bmv2] [D] [thread 24926] [2.0] [cxt 0] Pipeline 'ingress': start
[14:05:26.705] [bmv2] [T] [thread 24926] [2.0] [cxt 0] basic.p4(183) Condition "hdr.udp.dst_port==5000" (node_2) is false
[14:05:26.705] [bmv2] [T] [thread 24926] [2.0] [cxt 0] basic.p4(186) Condition "hdr.udp.dst_port==6000" (node_4) is false
[14:05:26.705] [bmv2] [D] [thread 24926] [2.0] [cxt 0] Pipeline 'ingress': end
[14:05:26.705] [bmv2] [D] [thread 24926] [2.0] [cxt 0] Egress port is 0
[14:05:26.705] [bmv2] [D] [thread 24926] [3.0] [cxt 0] Processing packet received on port 1
[14:05:26.705] [bmv2] [D] [thread 24926] [3.0] [cxt 0] Parser 'parser': start
[14:05:26.705] [bmv2] [D] [thread 24926] [3.0] [cxt 0] Parser 'parser' entering state 'start'
[14:05:26.705] [bmv2] [D] [thread 24926] [3.0] [cxt 0] Extracting header 'ethernet'
[14:05:26.705] [bmv2] [D] [thread 24926] [3.0] [cxt 0] Parser state 'start': key is 86dd
[14:05:26.705] [bmv2] [T] [thread 24926] [3.0] [cxt 0] Bytes parsed: 14
[14:05:26.705] [bmv2] [D] [thread 24926] [3.0] [cxt 0] Parser 'parser': end
[14:05:26.705] [bmv2] [D] [thread 24926] [3.0] [cxt 0] Pipeline 'ingress': start
[14:05:26.705] [bmv2] [T] [thread 24926] [3.0] [cxt 0] basic.p4(183) Condition "hdr.udp.dst_port==5000" (node_2) is false
[14:05:26.705] [bmv2] [T] [thread 24926] [3.0] [cxt 0] basic.p4(186) Condition "hdr.udp.dst_port==6000" (node_4) is false
[14:05:26.705] [bmv2] [D] [thread 24926] [3.0] [cxt 0] Pipeline 'ingress': end
[14:05:26.705] [bmv2] [D] [thread 24926] [3.0] [cxt 0] Egress port is 0
[14:05:26.705] [bmv2] [D] [thread 24927] [2.0] [cxt 0] Pipeline 'egress': start
[14:05:26.705] [bmv2] [D] [thread 24927] [2.0] [cxt 0] Pipeline 'egress': end
[14:05:26.705] [bmv2] [D] [thread 24927] [2.0] [cxt 0] Deparser 'deparser': start
[14:05:26.705] [bmv2] [T] [thread 24927] [2.0] [cxt 0] Skipping checksum 'cksum' update because condition not met
[14:05:26.705] [bmv2] [D] [thread 24927] [2.0] [cxt 0] Deparsing header 'ethernet'
[14:05:26.705] [bmv2] [D] [thread 24927] [2.0] [cxt 0] Deparser 'deparser': end
[14:05:26.705] [bmv2] [D] [thread 24927] [3.0] [cxt 0] Pipeline 'egress': start
[14:05:26.705] [bmv2] [D] [thread 24927] [3.0] [cxt 0] Pipeline 'egress': end
[14:05:26.705] [bmv2] [D] [thread 24927] [3.0] [cxt 0] Deparser 'deparser': start
[14:05:26.705] [bmv2] [T] [thread 24927] [3.0] [cxt 0] Skipping checksum 'cksum' update because condition not met
[14:05:26.705] [bmv2] [D] [thread 24931] [2.0] [cxt 0] Transmitting packet of size 90 out of port 0
[14:05:26.705] [bmv2] [D] [thread 24927] [3.0] [cxt 0] Deparsing header 'ethernet'
[14:05:26.705] [bmv2] [D] [thread 24927] [3.0] [cxt 0] Deparser 'deparser': end
[14:05:26.705] [bmv2] [D] [thread 24931] [3.0] [cxt 0] Transmitting packet of size 70 out of port 0
[14:05:26.877] [bmv2] [D] [thread 24926] [4.0] [cxt 0] Processing packet received on port 2
[14:05:26.877] [bmv2] [D] [thread 24926] [4.0] [cxt 0] Parser 'parser': start
[14:05:26.877] [bmv2] [D] [thread 24926] [4.0] [cxt 0] Parser 'parser' entering state 'start'
[14:05:26.877] [bmv2] [D] [thread 24926] [4.0] [cxt 0] Extracting header 'ethernet'
[14:05:26.877] [bmv2] [D] [thread 24926] [4.0] [cxt 0] Parser state 'start': key is 86dd
[14:05:26.877] [bmv2] [T] [thread 24926] [4.0] [cxt 0] Bytes parsed: 14
[14:05:26.877] [bmv2] [D] [thread 24926] [4.0] [cxt 0] Parser 'parser': end
[14:05:26.877] [bmv2] [D] [thread 24926] [4.0] [cxt 0] Pipeline 'ingress': start
[14:05:26.877] [bmv2] [T] [thread 24926] [4.0] [cxt 0] basic.p4(183) Condition "hdr.udp.dst_port==5000" (node_2) is false
[14:05:26.877] [bmv2] [T] [thread 24926] [4.0] [cxt 0] basic.p4(186) Condition "hdr.udp.dst_port==6000" (node_4) is false
[14:05:26.877] [bmv2] [D] [thread 24926] [4.0] [cxt 0] Pipeline 'ingress': end
[14:05:26.877] [bmv2] [D] [thread 24926] [4.0] [cxt 0] Egress port is 0
[14:05:26.877] [bmv2] [D] [thread 24926] [5.0] [cxt 0] Processing packet received on port 2
[14:05:26.877] [bmv2] [D] [thread 24926] [5.0] [cxt 0] Parser 'parser': start
[14:05:26.877] [bmv2] [D] [thread 24926] [5.0] [cxt 0] Parser 'parser' entering state 'start'
[14:05:26.877] [bmv2] [D] [thread 24926] [5.0] [cxt 0] Extracting header 'ethernet'
[14:05:26.877] [bmv2] [D] [thread 24926] [5.0] [cxt 0] Parser state 'start': key is 86dd
[14:05:26.877] [bmv2] [T] [thread 24926] [5.0] [cxt 0] Bytes parsed: 14
[14:05:26.877] [bmv2] [D] [thread 24926] [5.0] [cxt 0] Parser 'parser': end
[14:05:26.877] [bmv2] [D] [thread 24926] [5.0] [cxt 0] Pipeline 'ingress': start
[14:05:26.877] [bmv2] [T] [thread 24926] [5.0] [cxt 0] basic.p4(183) Condition "hdr.udp.dst_port==5000" (node_2) is false
[14:05:26.877] [bmv2] [T] [thread 24926] [5.0] [cxt 0] basic.p4(186) Condition "hdr.udp.dst_port==6000" (node_4) is false
[14:05:26.877] [bmv2] [D] [thread 24926] [5.0] [cxt 0] Pipeline 'ingress': end
[14:05:26.877] [bmv2] [D] [thread 24926] [5.0] [cxt 0] Egress port is 0
[14:05:26.877] [bmv2] [D] [thread 24926] [6.0] [cxt 0] Processing packet received on port 2
[14:05:26.877] [bmv2] [D] [thread 24926] [6.0] [cxt 0] Parser 'parser': start
[14:05:26.877] [bmv2] [D] [thread 24926] [6.0] [cxt 0] Parser 'parser' entering state 'start'
[14:05:26.877] [bmv2] [D] [thread 24926] [6.0] [cxt 0] Extracting header 'ethernet'
[14:05:26.877] [bmv2] [D] [thread 24926] [6.0] [cxt 0] Parser state 'start': key is 86dd
[14:05:26.877] [bmv2] [T] [thread 24926] [6.0] [cxt 0] Bytes parsed: 14
[14:05:26.877] [bmv2] [D] [thread 24926] [6.0] [cxt 0] Parser 'parser': end
[14:05:26.877] [bmv2] [D] [thread 24926] [6.0] [cxt 0] Pipeline 'ingress': start
[14:05:26.877] [bmv2] [T] [thread 24926] [6.0] [cxt 0] basic.p4(183) Condition "hdr.udp.dst_port==5000" (node_2) is false
[14:05:26.877] [bmv2] [T] [thread 24926] [6.0] [cxt 0] basic.p4(186) Condition "hdr.udp.dst_port==6000" (node_4) is false
[14:05:26.877] [bmv2] [D] [thread 24926] [6.0] [cxt 0] Pipeline 'ingress': end
[14:05:26.877] [bmv2] [D] [thread 24926] [6.0] [cxt 0] Egress port is 0
[14:05:26.877] [bmv2] [D] [thread 24926] [7.0] [cxt 0] Processing packet received on port 2
[14:05:26.877] [bmv2] [D] [thread 24926] [7.0] [cxt 0] Parser 'parser': start
[14:05:26.877] [bmv2] [D] [thread 24926] [7.0] [cxt 0] Parser 'parser' entering state 'start'
[14:05:26.877] [bmv2] [D] [thread 24926] [7.0] [cxt 0] Extracting header 'ethernet'
[14:05:26.877] [bmv2] [D] [thread 24926] [7.0] [cxt 0] Parser state 'start': key is 86dd
[14:05:26.877] [bmv2] [T] [thread 24926] [7.0] [cxt 0] Bytes parsed: 14
[14:05:26.877] [bmv2] [D] [thread 24926] [7.0] [cxt 0] Parser 'parser': end
[14:05:26.877] [bmv2] [D] [thread 24926] [7.0] [cxt 0] Pipeline 'ingress': start
[14:05:26.877] [bmv2] [T] [thread 24926] [7.0] [cxt 0] basic.p4(183) Condition "hdr.udp.dst_port==5000" (node_2) is false
[14:05:26.877] [bmv2] [T] [thread 24926] [7.0] [cxt 0] basic.p4(186) Condition "hdr.udp.dst_port==6000" (node_4) is false
[14:05:26.877] [bmv2] [D] [thread 24926] [7.0] [cxt 0] Pipeline 'ingress': end
[14:05:26.877] [bmv2] [D] [thread 24926] [7.0] [cxt 0] Egress port is 0
[14:05:26.877] [bmv2] [D] [thread 24927] [4.0] [cxt 0] Pipeline 'egress': start
[14:05:26.877] [bmv2] [D] [thread 24927] [4.0] [cxt 0] Pipeline 'egress': end
[14:05:26.877] [bmv2] [D] [thread 24927] [4.0] [cxt 0] Deparser 'deparser': start
[14:05:26.877] [bmv2] [T] [thread 24927] [4.0] [cxt 0] Skipping checksum 'cksum' update because condition not met
[14:05:26.877] [bmv2] [D] [thread 24927] [4.0] [cxt 0] Deparsing header 'ethernet'
[14:05:26.877] [bmv2] [D] [thread 24927] [4.0] [cxt 0] Deparser 'deparser': end
[14:05:26.877] [bmv2] [D] [thread 24927] [5.0] [cxt 0] Pipeline 'egress': start
[14:05:26.877] [bmv2] [D] [thread 24927] [5.0] [cxt 0] Pipeline 'egress': end
[14:05:26.877] [bmv2] [D] [thread 24927] [5.0] [cxt 0] Deparser 'deparser': start
[14:05:26.877] [bmv2] [T] [thread 24927] [5.0] [cxt 0] Skipping checksum 'cksum' update because condition not met
[14:05:26.877] [bmv2] [D] [thread 24927] [5.0] [cxt 0] Deparsing header 'ethernet'
[14:05:26.877] [bmv2] [D] [thread 24927] [5.0] [cxt 0] Deparser 'deparser': end
[14:05:26.877] [bmv2] [D] [thread 24927] [6.0] [cxt 0] Pipeline 'egress': start
[14:05:26.877] [bmv2] [D] [thread 24927] [6.0] [cxt 0] Pipeline 'egress': end
[14:05:26.877] [bmv2] [D] [thread 24927] [6.0] [cxt 0] Deparser 'deparser': start
[14:05:26.877] [bmv2] [T] [thread 24927] [6.0] [cxt 0] Skipping checksum 'cksum' update because condition not met
[14:05:26.877] [bmv2] [D] [thread 24927] [6.0] [cxt 0] Deparsing header 'ethernet'
[14:05:26.877] [bmv2] [D] [thread 24927] [6.0] [cxt 0] Deparser 'deparser': end
[14:05:26.877] [bmv2] [D] [thread 24927] [7.0] [cxt 0] Pipeline 'egress': start
[14:05:26.877] [bmv2] [D] [thread 24927] [7.0] [cxt 0] Pipeline 'egress': end
[14:05:26.877] [bmv2] [D] [thread 24927] [7.0] [cxt 0] Deparser 'deparser': start
[14:05:26.877] [bmv2] [T] [thread 24927] [7.0] [cxt 0] Skipping checksum 'cksum' update because condition not met
[14:05:26.877] [bmv2] [D] [thread 24927] [7.0] [cxt 0] Deparsing header 'ethernet'
[14:05:26.877] [bmv2] [D] [thread 24927] [7.0] [cxt 0] Deparser 'deparser': end
[14:05:26.878] [bmv2] [D] [thread 24931] [4.0] [cxt 0] Transmitting packet of size 90 out of port 0
[14:05:26.878] [bmv2] [D] [thread 24931] [5.0] [cxt 0] Transmitting packet of size 70 out of port 0
[14:05:26.878] [bmv2] [D] [thread 24931] [6.0] [cxt 0] Transmitting packet of size 90 out of port 0
[14:05:26.878] [bmv2] [D] [thread 24931] [7.0] [cxt 0] Transmitting packet of size 70 out of port 0
[14:05:27.247] [bmv2] [D] [thread 24926] [8.0] [cxt 0] Processing packet received on port 1
[14:05:27.247] [bmv2] [D] [thread 24926] [8.0] [cxt 0] Parser 'parser': start
[14:05:27.247] [bmv2] [D] [thread 24926] [8.0] [cxt 0] Parser 'parser' entering state 'start'
[14:05:27.247] [bmv2] [D] [thread 24926] [8.0] [cxt 0] Extracting header 'ethernet'
[14:05:27.247] [bmv2] [D] [thread 24926] [8.0] [cxt 0] Parser state 'start': key is 86dd
[14:05:27.247] [bmv2] [T] [thread 24926] [8.0] [cxt 0] Bytes parsed: 14
[14:05:27.247] [bmv2] [D] [thread 24926] [8.0] [cxt 0] Parser 'parser': end
[14:05:27.247] [bmv2] [D] [thread 24926] [8.0] [cxt 0] Pipeline 'ingress': start
[14:05:27.247] [bmv2] [T] [thread 24926] [8.0] [cxt 0] basic.p4(183) Condition "hdr.udp.dst_port==5000" (node_2) is false
[14:05:27.247] [bmv2] [T] [thread 24926] [8.0] [cxt 0] basic.p4(186) Condition "hdr.udp.dst_port==6000" (node_4) is false
[14:05:27.248] [bmv2] [D] [thread 24926] [8.0] [cxt 0] Pipeline 'ingress': end
[14:05:27.248] [bmv2] [D] [thread 24926] [8.0] [cxt 0] Egress port is 0
[14:05:27.248] [bmv2] [D] [thread 24927] [8.0] [cxt 0] Pipeline 'egress': start
[14:05:27.248] [bmv2] [D] [thread 24927] [8.0] [cxt 0] Pipeline 'egress': end
[14:05:27.248] [bmv2] [D] [thread 24927] [8.0] [cxt 0] Deparser 'deparser': start
[14:05:27.248] [bmv2] [T] [thread 24927] [8.0] [cxt 0] Skipping checksum 'cksum' update because condition not met
[14:05:27.248] [bmv2] [D] [thread 24927] [8.0] [cxt 0] Deparsing header 'ethernet'
[14:05:27.248] [bmv2] [D] [thread 24927] [8.0] [cxt 0] Deparser 'deparser': end
[14:05:27.248] [bmv2] [D] [thread 24931] [8.0] [cxt 0] Transmitting packet of size 90 out of port 0
[14:05:27.336] [bmv2] [D] [thread 24926] [9.0] [cxt 0] Processing packet received on port 1
[14:05:27.336] [bmv2] [D] [thread 24926] [9.0] [cxt 0] Parser 'parser': start
[14:05:27.336] [bmv2] [D] [thread 24926] [9.0] [cxt 0] Parser 'parser' entering state 'start'
[14:05:27.336] [bmv2] [D] [thread 24926] [9.0] [cxt 0] Extracting header 'ethernet'
[14:05:27.336] [bmv2] [D] [thread 24926] [9.0] [cxt 0] Parser state 'start': key is 86dd
[14:05:27.336] [bmv2] [T] [thread 24926] [9.0] [cxt 0] Bytes parsed: 14
[14:05:27.336] [bmv2] [D] [thread 24926] [9.0] [cxt 0] Parser 'parser': end
[14:05:27.336] [bmv2] [D] [thread 24926] [9.0] [cxt 0] Pipeline 'ingress': start
[14:05:27.336] [bmv2] [T] [thread 24926] [9.0] [cxt 0] basic.p4(183) Condition "hdr.udp.dst_port==5000" (node_2) is false
[14:05:27.336] [bmv2] [T] [thread 24926] [9.0] [cxt 0] basic.p4(186) Condition "hdr.udp.dst_port==6000" (node_4) is false
[14:05:27.336] [bmv2] [D] [thread 24926] [9.0] [cxt 0] Pipeline 'ingress': end
[14:05:27.336] [bmv2] [D] [thread 24926] [9.0] [cxt 0] Egress port is 0
[14:05:27.336] [bmv2] [D] [thread 24927] [9.0] [cxt 0] Pipeline 'egress': start
[14:05:27.336] [bmv2] [D] [thread 24927] [9.0] [cxt 0] Pipeline 'egress': end
[14:05:27.336] [bmv2] [D] [thread 24927] [9.0] [cxt 0] Deparser 'deparser': start
[14:05:27.336] [bmv2] [T] [thread 24927] [9.0] [cxt 0] Skipping checksum 'cksum' update because condition not met
[14:05:27.336] [bmv2] [D] [thread 24927] [9.0] [cxt 0] Deparsing header 'ethernet'
[14:05:27.336] [bmv2] [D] [thread 24927] [9.0] [cxt 0] Deparser 'deparser': end
[14:05:27.336] [bmv2] [D] [thread 24931] [9.0] [cxt 0] Transmitting packet of size 90 out of port 0
[14:05:27.340] [bmv2] [D] [thread 24926] [10.0] [cxt 0] Processing packet received on port 2
[14:05:27.340] [bmv2] [D] [thread 24926] [10.0] [cxt 0] Parser 'parser': start
[14:05:27.340] [bmv2] [D] [thread 24926] [10.0] [cxt 0] Parser 'parser' entering state 'start'
[14:05:27.340] [bmv2] [D] [thread 24926] [10.0] [cxt 0] Extracting header 'ethernet'
[14:05:27.340] [bmv2] [D] [thread 24926] [10.0] [cxt 0] Parser state 'start': key is 86dd
[14:05:27.340] [bmv2] [T] [thread 24926] [10.0] [cxt 0] Bytes parsed: 14
[14:05:27.340] [bmv2] [D] [thread 24926] [10.0] [cxt 0] Parser 'parser': end
[14:05:27.340] [bmv2] [D] [thread 24926] [10.0] [cxt 0] Pipeline 'ingress': start
[14:05:27.340] [bmv2] [T] [thread 24926] [10.0] [cxt 0] basic.p4(183) Condition "hdr.udp.dst_port==5000" (node_2) is false
[14:05:27.340] [bmv2] [T] [thread 24926] [10.0] [cxt 0] basic.p4(186) Condition "hdr.udp.dst_port==6000" (node_4) is false
[14:05:27.340] [bmv2] [D] [thread 24926] [10.0] [cxt 0] Pipeline 'ingress': end
[14:05:27.340] [bmv2] [D] [thread 24926] [10.0] [cxt 0] Egress port is 0
[14:05:27.340] [bmv2] [D] [thread 24927] [10.0] [cxt 0] Pipeline 'egress': start
[14:05:27.340] [bmv2] [D] [thread 24927] [10.0] [cxt 0] Pipeline 'egress': end
[14:05:27.340] [bmv2] [D] [thread 24927] [10.0] [cxt 0] Deparser 'deparser': start
[14:05:27.340] [bmv2] [T] [thread 24927] [10.0] [cxt 0] Skipping checksum 'cksum' update because condition not met
[14:05:27.340] [bmv2] [D] [thread 24927] [10.0] [cxt 0] Deparsing header 'ethernet'
[14:05:27.340] [bmv2] [D] [thread 24927] [10.0] [cxt 0] Deparser 'deparser': end
[14:05:27.340] [bmv2] [D] [thread 24931] [10.0] [cxt 0] Transmitting packet of size 90 out of port 0
[14:05:27.488] [bmv2] [D] [thread 24926] [11.0] [cxt 0] Processing packet received on port 2
[14:05:27.488] [bmv2] [D] [thread 24926] [11.0] [cxt 0] Parser 'parser': start
[14:05:27.488] [bmv2] [D] [thread 24926] [11.0] [cxt 0] Parser 'parser' entering state 'start'
[14:05:27.488] [bmv2] [D] [thread 24926] [11.0] [cxt 0] Extracting header 'ethernet'
[14:05:27.488] [bmv2] [D] [thread 24926] [11.0] [cxt 0] Parser state 'start': key is 86dd
[14:05:27.488] [bmv2] [T] [thread 24926] [11.0] [cxt 0] Bytes parsed: 14
[14:05:27.488] [bmv2] [D] [thread 24926] [11.0] [cxt 0] Parser 'parser': end
[14:05:27.488] [bmv2] [D] [thread 24926] [11.0] [cxt 0] Pipeline 'ingress': start
[14:05:27.488] [bmv2] [T] [thread 24926] [11.0] [cxt 0] basic.p4(183) Condition "hdr.udp.dst_port==5000" (node_2) is false
[14:05:27.488] [bmv2] [T] [thread 24926] [11.0] [cxt 0] basic.p4(186) Condition "hdr.udp.dst_port==6000" (node_4) is false
[14:05:27.488] [bmv2] [D] [thread 24926] [11.0] [cxt 0] Pipeline 'ingress': end
[14:05:27.488] [bmv2] [D] [thread 24926] [11.0] [cxt 0] Egress port is 0
[14:05:27.488] [bmv2] [D] [thread 24927] [11.0] [cxt 0] Pipeline 'egress': start
[14:05:27.488] [bmv2] [D] [thread 24927] [11.0] [cxt 0] Pipeline 'egress': end
[14:05:27.488] [bmv2] [D] [thread 24927] [11.0] [cxt 0] Deparser 'deparser': start
[14:05:27.488] [bmv2] [T] [thread 24927] [11.0] [cxt 0] Skipping checksum 'cksum' update because condition not met
[14:05:27.488] [bmv2] [D] [thread 24927] [11.0] [cxt 0] Deparsing header 'ethernet'
[14:05:27.488] [bmv2] [D] [thread 24927] [11.0] [cxt 0] Deparser 'deparser': end
[14:05:27.488] [bmv2] [D] [thread 24931] [11.0] [cxt 0] Transmitting packet of size 90 out of port 0
New connection
P4Runtime SetForwardingPipelineConfig
[14:05:28.179] [bmv2] [W] [thread 24964] [P4Runtime] p4::tmp::P4DeviceConfig is deprecated
[14:05:28.180] [bmv2] [D] [thread 24964] Set default default entry for table 'MyIngress.ipv4_lpm1': NoAction - 
[14:05:28.180] [bmv2] [D] [thread 24964] Set default default entry for table 'MyIngress.ipv4_lpm2': NoAction - 
P4Runtime Write
device_id: 2
election_id {
  low: 1
}
updates {
  type: MODIFY
  entity {
    table_entry {
      table_id: 33610323
      action {
        action {
          action_id: 16805608
        }
      }
      is_default_action: true
    }
  }
}
[14:05:28.183] [bmv2] [D] [thread 24964] Set default entry for table 'MyIngress.ipv4_lpm2': MyIngress.drop - 
P4Runtime Write
device_id: 2
election_id {
  low: 1
}
updates {
  type: INSERT
  entity {
    table_entry {
      table_id: 33610323
      match {
        field_id: 1
        lpm {
          value: "\n\000\001\001"
          prefix_len: 32
        }
      }
      action {
        action {
          action_id: 16799317
          params {
            param_id: 1
            value: "\010\000\000\000\000\000"
          }
          params {
            param_id: 2
            value: "\000\001"
          }
        }
      }
    }
  }
}
[14:05:28.184] [bmv2] [D] [thread 24964] Entry 0 added to table 'MyIngress.ipv4_lpm2'
[14:05:28.184] [bmv2] [D] [thread 24964] Dumping entry 0
Match key:
* hdr.ipv4.dstAddr    : LPM       0a000101/32
Action entry: MyIngress.ipv4_forward - 80000000000,1,

P4Runtime Write
device_id: 2
election_id {
  low: 1
}
updates {
  type: INSERT
  entity {
    table_entry {
      table_id: 33610323
      match {
        field_id: 1
        lpm {
          value: "\n\000\002\002"
          prefix_len: 32
        }
      }
      action {
        action {
          action_id: 16799317
          params {
            param_id: 1
            value: "\010\000\000\000\003\000"
          }
          params {
            param_id: 2
            value: "\000\002"
          }
        }
      }
    }
  }
}
[14:05:28.185] [bmv2] [D] [thread 24964] Entry 1 added to table 'MyIngress.ipv4_lpm2'
[14:05:28.185] [bmv2] [D] [thread 24964] Dumping entry 1
Match key:
* hdr.ipv4.dstAddr    : LPM       0a000202/32
Action entry: MyIngress.ipv4_forward - 80000000300,2,

Connection removed
[14:05:30.532] [bmv2] [D] [thread 24926] [12.0] [cxt 0] Processing packet received on port 1
[14:05:30.532] [bmv2] [D] [thread 24926] [12.0] [cxt 0] Parser 'parser': start
[14:05:30.532] [bmv2] [D] [thread 24926] [12.0] [cxt 0] Parser 'parser' entering state 'start'
[14:05:30.532] [bmv2] [D] [thread 24926] [12.0] [cxt 0] Extracting header 'ethernet'
[14:05:30.532] [bmv2] [D] [thread 24926] [12.0] [cxt 0] Parser state 'start': key is 86dd
[14:05:30.532] [bmv2] [T] [thread 24926] [12.0] [cxt 0] Bytes parsed: 14
[14:05:30.532] [bmv2] [D] [thread 24926] [12.0] [cxt 0] Parser 'parser': end
[14:05:30.532] [bmv2] [D] [thread 24926] [12.0] [cxt 0] Pipeline 'ingress': start
[14:05:30.532] [bmv2] [T] [thread 24926] [12.0] [cxt 0] basic.p4(183) Condition "hdr.udp.dst_port==5000" (node_2) is false
[14:05:30.532] [bmv2] [T] [thread 24926] [12.0] [cxt 0] basic.p4(186) Condition "hdr.udp.dst_port==6000" (node_4) is false
[14:05:30.532] [bmv2] [D] [thread 24926] [12.0] [cxt 0] Pipeline 'ingress': end
[14:05:30.532] [bmv2] [D] [thread 24926] [12.0] [cxt 0] Egress port is 0
[14:05:30.532] [bmv2] [D] [thread 24927] [12.0] [cxt 0] Pipeline 'egress': start
[14:05:30.532] [bmv2] [D] [thread 24927] [12.0] [cxt 0] Pipeline 'egress': end
[14:05:30.532] [bmv2] [D] [thread 24927] [12.0] [cxt 0] Deparser 'deparser': start
[14:05:30.532] [bmv2] [T] [thread 24927] [12.0] [cxt 0] Skipping checksum 'cksum' update because condition not met
[14:05:30.532] [bmv2] [D] [thread 24927] [12.0] [cxt 0] Deparsing header 'ethernet'
[14:05:30.532] [bmv2] [D] [thread 24927] [12.0] [cxt 0] Deparser 'deparser': end
[14:05:30.532] [bmv2] [D] [thread 24931] [12.0] [cxt 0] Transmitting packet of size 70 out of port 0
[14:05:30.713] [bmv2] [D] [thread 24926] [13.0] [cxt 0] Processing packet received on port 1
[14:05:30.713] [bmv2] [D] [thread 24926] [13.0] [cxt 0] Parser 'parser': start
[14:05:30.713] [bmv2] [D] [thread 24926] [13.0] [cxt 0] Parser 'parser' entering state 'start'
[14:05:30.713] [bmv2] [D] [thread 24926] [13.0] [cxt 0] Extracting header 'ethernet'
[14:05:30.713] [bmv2] [D] [thread 24926] [13.0] [cxt 0] Parser state 'start': key is 86dd
[14:05:30.713] [bmv2] [T] [thread 24926] [13.0] [cxt 0] Bytes parsed: 14
[14:05:30.713] [bmv2] [D] [thread 24926] [13.0] [cxt 0] Parser 'parser': end
[14:05:30.713] [bmv2] [D] [thread 24926] [13.0] [cxt 0] Pipeline 'ingress': start
[14:05:30.713] [bmv2] [T] [thread 24926] [13.0] [cxt 0] basic.p4(183) Condition "hdr.udp.dst_port==5000" (node_2) is false
[14:05:30.713] [bmv2] [T] [thread 24926] [13.0] [cxt 0] basic.p4(186) Condition "hdr.udp.dst_port==6000" (node_4) is false
[14:05:30.713] [bmv2] [D] [thread 24926] [13.0] [cxt 0] Pipeline 'ingress': end
[14:05:30.713] [bmv2] [D] [thread 24926] [13.0] [cxt 0] Egress port is 0
[14:05:30.713] [bmv2] [D] [thread 24927] [13.0] [cxt 0] Pipeline 'egress': start
[14:05:30.713] [bmv2] [D] [thread 24927] [13.0] [cxt 0] Pipeline 'egress': end
[14:05:30.713] [bmv2] [D] [thread 24927] [13.0] [cxt 0] Deparser 'deparser': start
[14:05:30.713] [bmv2] [T] [thread 24927] [13.0] [cxt 0] Skipping checksum 'cksum' update because condition not met
[14:05:30.713] [bmv2] [D] [thread 24927] [13.0] [cxt 0] Deparsing header 'ethernet'
[14:05:30.713] [bmv2] [D] [thread 24927] [13.0] [cxt 0] Deparser 'deparser': end
[14:05:30.713] [bmv2] [D] [thread 24931] [13.0] [cxt 0] Transmitting packet of size 70 out of port 0
[14:05:30.892] [bmv2] [D] [thread 24926] [14.0] [cxt 0] Processing packet received on port 2
[14:05:30.892] [bmv2] [D] [thread 24926] [14.0] [cxt 0] Parser 'parser': start
[14:05:30.892] [bmv2] [D] [thread 24926] [14.0] [cxt 0] Parser 'parser' entering state 'start'
[14:05:30.892] [bmv2] [D] [thread 24926] [14.0] [cxt 0] Extracting header 'ethernet'
[14:05:30.892] [bmv2] [D] [thread 24926] [14.0] [cxt 0] Parser state 'start': key is 86dd
[14:05:30.892] [bmv2] [T] [thread 24926] [14.0] [cxt 0] Bytes parsed: 14
[14:05:30.892] [bmv2] [D] [thread 24926] [14.0] [cxt 0] Parser 'parser': end
[14:05:30.892] [bmv2] [D] [thread 24926] [14.0] [cxt 0] Pipeline 'ingress': start
[14:05:30.892] [bmv2] [T] [thread 24926] [14.0] [cxt 0] basic.p4(183) Condition "hdr.udp.dst_port==5000" (node_2) is false
[14:05:30.892] [bmv2] [T] [thread 24926] [14.0] [cxt 0] basic.p4(186) Condition "hdr.udp.dst_port==6000" (node_4) is false
[14:05:30.892] [bmv2] [D] [thread 24926] [14.0] [cxt 0] Pipeline 'ingress': end
[14:05:30.892] [bmv2] [D] [thread 24926] [14.0] [cxt 0] Egress port is 0
[14:05:30.892] [bmv2] [D] [thread 24926] [15.0] [cxt 0] Processing packet received on port 2
[14:05:30.892] [bmv2] [D] [thread 24926] [15.0] [cxt 0] Parser 'parser': start
[14:05:30.892] [bmv2] [D] [thread 24926] [15.0] [cxt 0] Parser 'parser' entering state 'start'
[14:05:30.892] [bmv2] [D] [thread 24926] [15.0] [cxt 0] Extracting header 'ethernet'
[14:05:30.892] [bmv2] [D] [thread 24926] [15.0] [cxt 0] Parser state 'start': key is 86dd
[14:05:30.892] [bmv2] [T] [thread 24926] [15.0] [cxt 0] Bytes parsed: 14
[14:05:30.892] [bmv2] [D] [thread 24926] [15.0] [cxt 0] Parser 'parser': end
[14:05:30.892] [bmv2] [D] [thread 24926] [15.0] [cxt 0] Pipeline 'ingress': start
[14:05:30.892] [bmv2] [T] [thread 24926] [15.0] [cxt 0] basic.p4(183) Condition "hdr.udp.dst_port==5000" (node_2) is false
[14:05:30.892] [bmv2] [T] [thread 24926] [15.0] [cxt 0] basic.p4(186) Condition "hdr.udp.dst_port==6000" (node_4) is false
[14:05:30.892] [bmv2] [D] [thread 24926] [15.0] [cxt 0] Pipeline 'ingress': end
[14:05:30.892] [bmv2] [D] [thread 24926] [15.0] [cxt 0] Egress port is 0
[14:05:30.892] [bmv2] [D] [thread 24927] [14.0] [cxt 0] Pipeline 'egress': start
[14:05:30.892] [bmv2] [D] [thread 24927] [14.0] [cxt 0] Pipeline 'egress': end
[14:05:30.892] [bmv2] [D] [thread 24927] [14.0] [cxt 0] Deparser 'deparser': start
[14:05:30.892] [bmv2] [T] [thread 24927] [14.0] [cxt 0] Skipping checksum 'cksum' update because condition not met
[14:05:30.892] [bmv2] [D] [thread 24927] [14.0] [cxt 0] Deparsing header 'ethernet'
[14:05:30.892] [bmv2] [D] [thread 24927] [14.0] [cxt 0] Deparser 'deparser': end
[14:05:30.892] [bmv2] [D] [thread 24927] [15.0] [cxt 0] Pipeline 'egress': start
[14:05:30.892] [bmv2] [D] [thread 24927] [15.0] [cxt 0] Pipeline 'egress': end
[14:05:30.892] [bmv2] [D] [thread 24927] [15.0] [cxt 0] Deparser 'deparser': start
[14:05:30.892] [bmv2] [T] [thread 24927] [15.0] [cxt 0] Skipping checksum 'cksum' update because condition not met
[14:05:30.892] [bmv2] [D] [thread 24927] [15.0] [cxt 0] Deparsing header 'ethernet'
[14:05:30.892] [bmv2] [D] [thread 24927] [15.0] [cxt 0] Deparser 'deparser': end
[14:05:30.892] [bmv2] [D] [thread 24931] [14.0] [cxt 0] Transmitting packet of size 70 out of port 0
[14:05:30.892] [bmv2] [D] [thread 24931] [15.0] [cxt 0] Transmitting packet of size 70 out of port 0
[14:05:34.543] [bmv2] [D] [thread 24926] [16.0] [cxt 0] Processing packet received on port 1
[14:05:34.543] [bmv2] [D] [thread 24926] [16.0] [cxt 0] Parser 'parser': start
[14:05:34.543] [bmv2] [D] [thread 24926] [16.0] [cxt 0] Parser 'parser' entering state 'start'
[14:05:34.543] [bmv2] [D] [thread 24926] [16.0] [cxt 0] Extracting header 'ethernet'
[14:05:34.543] [bmv2] [D] [thread 24926] [16.0] [cxt 0] Parser state 'start': key is 86dd
[14:05:34.543] [bmv2] [T] [thread 24926] [16.0] [cxt 0] Bytes parsed: 14
[14:05:34.543] [bmv2] [D] [thread 24926] [16.0] [cxt 0] Parser 'parser': end
[14:05:34.543] [bmv2] [D] [thread 24926] [16.0] [cxt 0] Pipeline 'ingress': start
[14:05:34.543] [bmv2] [T] [thread 24926] [16.0] [cxt 0] basic.p4(183) Condition "hdr.udp.dst_port==5000" (node_2) is false
[14:05:34.543] [bmv2] [T] [thread 24926] [16.0] [cxt 0] basic.p4(186) Condition "hdr.udp.dst_port==6000" (node_4) is false
[14:05:34.543] [bmv2] [D] [thread 24926] [16.0] [cxt 0] Pipeline 'ingress': end
[14:05:34.543] [bmv2] [D] [thread 24926] [16.0] [cxt 0] Egress port is 0
[14:05:34.543] [bmv2] [D] [thread 24927] [16.0] [cxt 0] Pipeline 'egress': start
[14:05:34.543] [bmv2] [D] [thread 24927] [16.0] [cxt 0] Pipeline 'egress': end
[14:05:34.543] [bmv2] [D] [thread 24927] [16.0] [cxt 0] Deparser 'deparser': start
[14:05:34.543] [bmv2] [T] [thread 24927] [16.0] [cxt 0] Skipping checksum 'cksum' update because condition not met
[14:05:34.543] [bmv2] [D] [thread 24927] [16.0] [cxt 0] Deparsing header 'ethernet'
[14:05:34.543] [bmv2] [D] [thread 24927] [16.0] [cxt 0] Deparser 'deparser': end
[14:05:34.543] [bmv2] [D] [thread 24931] [16.0] [cxt 0] Transmitting packet of size 70 out of port 0
[14:05:34.721] [bmv2] [D] [thread 24926] [17.0] [cxt 0] Processing packet received on port 1
[14:05:34.721] [bmv2] [D] [thread 24926] [17.0] [cxt 0] Parser 'parser': start
[14:05:34.721] [bmv2] [D] [thread 24926] [17.0] [cxt 0] Parser 'parser' entering state 'start'
[14:05:34.721] [bmv2] [D] [thread 24926] [17.0] [cxt 0] Extracting header 'ethernet'
[14:05:34.721] [bmv2] [D] [thread 24926] [17.0] [cxt 0] Parser state 'start': key is 86dd
[14:05:34.721] [bmv2] [T] [thread 24926] [17.0] [cxt 0] Bytes parsed: 14
[14:05:34.721] [bmv2] [D] [thread 24926] [17.0] [cxt 0] Parser 'parser': end
[14:05:34.721] [bmv2] [D] [thread 24926] [17.0] [cxt 0] Pipeline 'ingress': start
[14:05:34.721] [bmv2] [T] [thread 24926] [17.0] [cxt 0] basic.p4(183) Condition "hdr.udp.dst_port==5000" (node_2) is false
[14:05:34.721] [bmv2] [T] [thread 24926] [17.0] [cxt 0] basic.p4(186) Condition "hdr.udp.dst_port==6000" (node_4) is false
[14:05:34.721] [bmv2] [D] [thread 24926] [17.0] [cxt 0] Pipeline 'ingress': end
[14:05:34.721] [bmv2] [D] [thread 24926] [17.0] [cxt 0] Egress port is 0
[14:05:34.721] [bmv2] [D] [thread 24927] [17.0] [cxt 0] Pipeline 'egress': start
[14:05:34.721] [bmv2] [D] [thread 24927] [17.0] [cxt 0] Pipeline 'egress': end
[14:05:34.721] [bmv2] [D] [thread 24927] [17.0] [cxt 0] Deparser 'deparser': start
[14:05:34.721] [bmv2] [T] [thread 24927] [17.0] [cxt 0] Skipping checksum 'cksum' update because condition not met
[14:05:34.721] [bmv2] [D] [thread 24927] [17.0] [cxt 0] Deparsing header 'ethernet'
[14:05:34.721] [bmv2] [D] [thread 24927] [17.0] [cxt 0] Deparser 'deparser': end
[14:05:34.721] [bmv2] [D] [thread 24931] [17.0] [cxt 0] Transmitting packet of size 70 out of port 0
[14:05:34.909] [bmv2] [D] [thread 24926] [18.0] [cxt 0] Processing packet received on port 2
[14:05:34.909] [bmv2] [D] [thread 24926] [18.0] [cxt 0] Parser 'parser': start
[14:05:34.909] [bmv2] [D] [thread 24926] [18.0] [cxt 0] Parser 'parser' entering state 'start'
[14:05:34.909] [bmv2] [D] [thread 24926] [18.0] [cxt 0] Extracting header 'ethernet'
[14:05:34.909] [bmv2] [D] [thread 24926] [18.0] [cxt 0] Parser state 'start': key is 86dd
[14:05:34.909] [bmv2] [T] [thread 24926] [18.0] [cxt 0] Bytes parsed: 14
[14:05:34.909] [bmv2] [D] [thread 24926] [18.0] [cxt 0] Parser 'parser': end
[14:05:34.909] [bmv2] [D] [thread 24926] [18.0] [cxt 0] Pipeline 'ingress': start
[14:05:34.909] [bmv2] [T] [thread 24926] [18.0] [cxt 0] basic.p4(183) Condition "hdr.udp.dst_port==5000" (node_2) is false
[14:05:34.909] [bmv2] [T] [thread 24926] [18.0] [cxt 0] basic.p4(186) Condition "hdr.udp.dst_port==6000" (node_4) is false
[14:05:34.909] [bmv2] [D] [thread 24926] [18.0] [cxt 0] Pipeline 'ingress': end
[14:05:34.909] [bmv2] [D] [thread 24926] [18.0] [cxt 0] Egress port is 0
[14:05:34.909] [bmv2] [D] [thread 24926] [19.0] [cxt 0] Processing packet received on port 2
[14:05:34.909] [bmv2] [D] [thread 24926] [19.0] [cxt 0] Parser 'parser': start
[14:05:34.909] [bmv2] [D] [thread 24926] [19.0] [cxt 0] Parser 'parser' entering state 'start'
[14:05:34.909] [bmv2] [D] [thread 24926] [19.0] [cxt 0] Extracting header 'ethernet'
[14:05:34.909] [bmv2] [D] [thread 24926] [19.0] [cxt 0] Parser state 'start': key is 86dd
[14:05:34.909] [bmv2] [T] [thread 24926] [19.0] [cxt 0] Bytes parsed: 14
[14:05:34.909] [bmv2] [D] [thread 24926] [19.0] [cxt 0] Parser 'parser': end
[14:05:34.909] [bmv2] [D] [thread 24926] [19.0] [cxt 0] Pipeline 'ingress': start
[14:05:34.909] [bmv2] [T] [thread 24926] [19.0] [cxt 0] basic.p4(183) Condition "hdr.udp.dst_port==5000" (node_2) is false
[14:05:34.909] [bmv2] [T] [thread 24926] [19.0] [cxt 0] basic.p4(186) Condition "hdr.udp.dst_port==6000" (node_4) is false
[14:05:34.909] [bmv2] [D] [thread 24926] [19.0] [cxt 0] Pipeline 'ingress': end
[14:05:34.909] [bmv2] [D] [thread 24926] [19.0] [cxt 0] Egress port is 0
[14:05:34.909] [bmv2] [D] [thread 24927] [18.0] [cxt 0] Pipeline 'egress': start
[14:05:34.909] [bmv2] [D] [thread 24927] [18.0] [cxt 0] Pipeline 'egress': end
[14:05:34.909] [bmv2] [D] [thread 24927] [18.0] [cxt 0] Deparser 'deparser': start
[14:05:34.909] [bmv2] [T] [thread 24927] [18.0] [cxt 0] Skipping checksum 'cksum' update because condition not met
[14:05:34.909] [bmv2] [D] [thread 24927] [18.0] [cxt 0] Deparsing header 'ethernet'
[14:05:34.909] [bmv2] [D] [thread 24927] [18.0] [cxt 0] Deparser 'deparser': end
[14:05:34.909] [bmv2] [D] [thread 24927] [19.0] [cxt 0] Pipeline 'egress': start
[14:05:34.909] [bmv2] [D] [thread 24927] [19.0] [cxt 0] Pipeline 'egress': end
[14:05:34.909] [bmv2] [D] [thread 24927] [19.0] [cxt 0] Deparser 'deparser': start
[14:05:34.909] [bmv2] [T] [thread 24927] [19.0] [cxt 0] Skipping checksum 'cksum' update because condition not met
[14:05:34.909] [bmv2] [D] [thread 24927] [19.0] [cxt 0] Deparsing header 'ethernet'
[14:05:34.909] [bmv2] [D] [thread 24927] [19.0] [cxt 0] Deparser 'deparser': end
[14:05:34.909] [bmv2] [D] [thread 24931] [18.0] [cxt 0] Transmitting packet of size 70 out of port 0
[14:05:34.909] [bmv2] [D] [thread 24931] [19.0] [cxt 0] Transmitting packet of size 70 out of port 0
open: No such file or directory
open: No such file or directory
