Calling target program-options parser
[14:05:26.635] [bmv2] [D] [thread 24933] Set default default entry for table 'MyIngress.ipv4_lpm1': NoAction - 
[14:05:26.635] [bmv2] [D] [thread 24933] Set default default entry for table 'MyIngress.ipv4_lpm2': NoAction - 
Adding interface s3-eth1 as port 1
[14:05:26.635] [bmv2] [D] [thread 24933] Adding interface s3-eth1 as port 1
Adding interface s3-eth2 as port 2
[14:05:26.663] [bmv2] [D] [thread 24933] Adding interface s3-eth2 as port 2
Adding interface s3-eth3 as port 3
[14:05:26.687] [bmv2] [D] [thread 24933] Adding interface s3-eth3 as port 3
I0218 14:05:26.711307973   24933 server_builder.cc:247]      Synchronous server. Num CQs: 1, Min pollers: 1, Max Pollers: 2147483647, CQ timeout (msec): 1000
Server listening on 0.0.0.0:50054
[14:05:26.713] [bmv2] [I] [thread 24933] Starting Thrift server on port 9093
[14:05:26.713] [bmv2] [I] [thread 24933] Thrift server was started
[14:05:26.878] [bmv2] [D] [thread 24940] [0.0] [cxt 0] Processing packet received on port 3
[14:05:26.878] [bmv2] [D] [thread 24940] [0.0] [cxt 0] Parser 'parser': start
[14:05:26.878] [bmv2] [D] [thread 24940] [0.0] [cxt 0] Parser 'parser' entering state 'start'
[14:05:26.878] [bmv2] [D] [thread 24940] [0.0] [cxt 0] Extracting header 'ethernet'
[14:05:26.878] [bmv2] [D] [thread 24940] [0.0] [cxt 0] Parser state 'start': key is 86dd
[14:05:26.878] [bmv2] [T] [thread 24940] [0.0] [cxt 0] Bytes parsed: 14
[14:05:26.878] [bmv2] [D] [thread 24940] [0.0] [cxt 0] Parser 'parser': end
[14:05:26.878] [bmv2] [D] [thread 24940] [0.0] [cxt 0] Pipeline 'ingress': start
[14:05:26.878] [bmv2] [T] [thread 24940] [0.0] [cxt 0] basic.p4(183) Condition "hdr.udp.dst_port==5000" (node_2) is false
[14:05:26.878] [bmv2] [T] [thread 24940] [0.0] [cxt 0] basic.p4(186) Condition "hdr.udp.dst_port==6000" (node_4) is false
[14:05:26.878] [bmv2] [D] [thread 24940] [0.0] [cxt 0] Pipeline 'ingress': end
[14:05:26.878] [bmv2] [D] [thread 24940] [0.0] [cxt 0] Egress port is 0
[14:05:26.878] [bmv2] [D] [thread 24940] [1.0] [cxt 0] Processing packet received on port 3
[14:05:26.878] [bmv2] [D] [thread 24940] [1.0] [cxt 0] Parser 'parser': start
[14:05:26.878] [bmv2] [D] [thread 24940] [1.0] [cxt 0] Parser 'parser' entering state 'start'
[14:05:26.878] [bmv2] [D] [thread 24940] [1.0] [cxt 0] Extracting header 'ethernet'
[14:05:26.878] [bmv2] [D] [thread 24940] [1.0] [cxt 0] Parser state 'start': key is 86dd
[14:05:26.878] [bmv2] [T] [thread 24940] [1.0] [cxt 0] Bytes parsed: 14
[14:05:26.878] [bmv2] [D] [thread 24940] [1.0] [cxt 0] Parser 'parser': end
[14:05:26.878] [bmv2] [D] [thread 24940] [1.0] [cxt 0] Pipeline 'ingress': start
[14:05:26.878] [bmv2] [T] [thread 24940] [1.0] [cxt 0] basic.p4(183) Condition "hdr.udp.dst_port==5000" (node_2) is false
[14:05:26.878] [bmv2] [T] [thread 24940] [1.0] [cxt 0] basic.p4(186) Condition "hdr.udp.dst_port==6000" (node_4) is false
[14:05:26.878] [bmv2] [D] [thread 24940] [1.0] [cxt 0] Pipeline 'ingress': end
[14:05:26.878] [bmv2] [D] [thread 24940] [1.0] [cxt 0] Egress port is 0
[14:05:26.878] [bmv2] [D] [thread 24940] [2.0] [cxt 0] Processing packet received on port 3
[14:05:26.878] [bmv2] [D] [thread 24940] [2.0] [cxt 0] Parser 'parser': start
[14:05:26.878] [bmv2] [D] [thread 24940] [2.0] [cxt 0] Parser 'parser' entering state 'start'
[14:05:26.878] [bmv2] [D] [thread 24940] [2.0] [cxt 0] Extracting header 'ethernet'
[14:05:26.878] [bmv2] [D] [thread 24940] [2.0] [cxt 0] Parser state 'start': key is 86dd
[14:05:26.878] [bmv2] [T] [thread 24940] [2.0] [cxt 0] Bytes parsed: 14
[14:05:26.878] [bmv2] [D] [thread 24940] [2.0] [cxt 0] Parser 'parser': end
[14:05:26.878] [bmv2] [D] [thread 24940] [2.0] [cxt 0] Pipeline 'ingress': start
[14:05:26.878] [bmv2] [T] [thread 24940] [2.0] [cxt 0] basic.p4(183) Condition "hdr.udp.dst_port==5000" (node_2) is false
[14:05:26.878] [bmv2] [T] [thread 24940] [2.0] [cxt 0] basic.p4(186) Condition "hdr.udp.dst_port==6000" (node_4) is false
[14:05:26.878] [bmv2] [D] [thread 24940] [2.0] [cxt 0] Pipeline 'ingress': end
[14:05:26.878] [bmv2] [D] [thread 24940] [2.0] [cxt 0] Egress port is 0
[14:05:26.879] [bmv2] [D] [thread 24940] [3.0] [cxt 0] Processing packet received on port 3
[14:05:26.879] [bmv2] [D] [thread 24940] [3.0] [cxt 0] Parser 'parser': start
[14:05:26.879] [bmv2] [D] [thread 24940] [3.0] [cxt 0] Parser 'parser' entering state 'start'
[14:05:26.879] [bmv2] [D] [thread 24940] [3.0] [cxt 0] Extracting header 'ethernet'
[14:05:26.879] [bmv2] [D] [thread 24940] [3.0] [cxt 0] Parser state 'start': key is 86dd
[14:05:26.879] [bmv2] [T] [thread 24940] [3.0] [cxt 0] Bytes parsed: 14
[14:05:26.879] [bmv2] [D] [thread 24940] [3.0] [cxt 0] Parser 'parser': end
[14:05:26.879] [bmv2] [D] [thread 24940] [3.0] [cxt 0] Pipeline 'ingress': start
[14:05:26.879] [bmv2] [T] [thread 24940] [3.0] [cxt 0] basic.p4(183) Condition "hdr.udp.dst_port==5000" (node_2) is false
[14:05:26.879] [bmv2] [T] [thread 24940] [3.0] [cxt 0] basic.p4(186) Condition "hdr.udp.dst_port==6000" (node_4) is false
[14:05:26.879] [bmv2] [D] [thread 24940] [3.0] [cxt 0] Pipeline 'ingress': end
[14:05:26.879] [bmv2] [D] [thread 24940] [3.0] [cxt 0] Egress port is 0
[14:05:26.879] [bmv2] [D] [thread 24941] [0.0] [cxt 0] Pipeline 'egress': start
[14:05:26.879] [bmv2] [D] [thread 24941] [0.0] [cxt 0] Pipeline 'egress': end
[14:05:26.879] [bmv2] [D] [thread 24941] [0.0] [cxt 0] Deparser 'deparser': start
[14:05:26.879] [bmv2] [T] [thread 24941] [0.0] [cxt 0] Skipping checksum 'cksum' update because condition not met
[14:05:26.879] [bmv2] [D] [thread 24941] [0.0] [cxt 0] Deparsing header 'ethernet'
[14:05:26.879] [bmv2] [D] [thread 24941] [0.0] [cxt 0] Deparser 'deparser': end
[14:05:26.879] [bmv2] [D] [thread 24941] [1.0] [cxt 0] Pipeline 'egress': start
[14:05:26.879] [bmv2] [D] [thread 24941] [1.0] [cxt 0] Pipeline 'egress': end
[14:05:26.879] [bmv2] [D] [thread 24941] [1.0] [cxt 0] Deparser 'deparser': start
[14:05:26.879] [bmv2] [T] [thread 24941] [1.0] [cxt 0] Skipping checksum 'cksum' update because condition not met
[14:05:26.879] [bmv2] [D] [thread 24941] [1.0] [cxt 0] Deparsing header 'ethernet'
[14:05:26.879] [bmv2] [D] [thread 24941] [1.0] [cxt 0] Deparser 'deparser': end
[14:05:26.879] [bmv2] [D] [thread 24941] [2.0] [cxt 0] Pipeline 'egress': start
[14:05:26.879] [bmv2] [D] [thread 24941] [2.0] [cxt 0] Pipeline 'egress': end
[14:05:26.879] [bmv2] [D] [thread 24941] [2.0] [cxt 0] Deparser 'deparser': start
[14:05:26.879] [bmv2] [T] [thread 24941] [2.0] [cxt 0] Skipping checksum 'cksum' update because condition not met
[14:05:26.879] [bmv2] [D] [thread 24941] [2.0] [cxt 0] Deparsing header 'ethernet'
[14:05:26.879] [bmv2] [D] [thread 24941] [2.0] [cxt 0] Deparser 'deparser': end
[14:05:26.879] [bmv2] [D] [thread 24941] [3.0] [cxt 0] Pipeline 'egress': start
[14:05:26.879] [bmv2] [D] [thread 24941] [3.0] [cxt 0] Pipeline 'egress': end
[14:05:26.879] [bmv2] [D] [thread 24941] [3.0] [cxt 0] Deparser 'deparser': start
[14:05:26.879] [bmv2] [T] [thread 24941] [3.0] [cxt 0] Skipping checksum 'cksum' update because condition not met
[14:05:26.879] [bmv2] [D] [thread 24941] [3.0] [cxt 0] Deparsing header 'ethernet'
[14:05:26.879] [bmv2] [D] [thread 24941] [3.0] [cxt 0] Deparser 'deparser': end
[14:05:26.879] [bmv2] [D] [thread 24945] [0.0] [cxt 0] Transmitting packet of size 90 out of port 0
[14:05:26.879] [bmv2] [D] [thread 24945] [1.0] [cxt 0] Transmitting packet of size 70 out of port 0
[14:05:26.879] [bmv2] [D] [thread 24945] [2.0] [cxt 0] Transmitting packet of size 90 out of port 0
[14:05:26.879] [bmv2] [D] [thread 24945] [3.0] [cxt 0] Transmitting packet of size 70 out of port 0
[14:05:27.340] [bmv2] [D] [thread 24940] [4.0] [cxt 0] Processing packet received on port 3
[14:05:27.340] [bmv2] [D] [thread 24940] [4.0] [cxt 0] Parser 'parser': start
[14:05:27.340] [bmv2] [D] [thread 24940] [4.0] [cxt 0] Parser 'parser' entering state 'start'
[14:05:27.340] [bmv2] [D] [thread 24940] [4.0] [cxt 0] Extracting header 'ethernet'
[14:05:27.340] [bmv2] [D] [thread 24940] [4.0] [cxt 0] Parser state 'start': key is 86dd
[14:05:27.340] [bmv2] [T] [thread 24940] [4.0] [cxt 0] Bytes parsed: 14
[14:05:27.340] [bmv2] [D] [thread 24940] [4.0] [cxt 0] Parser 'parser': end
[14:05:27.340] [bmv2] [D] [thread 24940] [4.0] [cxt 0] Pipeline 'ingress': start
[14:05:27.340] [bmv2] [T] [thread 24940] [4.0] [cxt 0] basic.p4(183) Condition "hdr.udp.dst_port==5000" (node_2) is false
[14:05:27.340] [bmv2] [T] [thread 24940] [4.0] [cxt 0] basic.p4(186) Condition "hdr.udp.dst_port==6000" (node_4) is false
[14:05:27.340] [bmv2] [D] [thread 24940] [4.0] [cxt 0] Pipeline 'ingress': end
[14:05:27.340] [bmv2] [D] [thread 24940] [4.0] [cxt 0] Egress port is 0
[14:05:27.340] [bmv2] [D] [thread 24941] [4.0] [cxt 0] Pipeline 'egress': start
[14:05:27.340] [bmv2] [D] [thread 24941] [4.0] [cxt 0] Pipeline 'egress': end
[14:05:27.340] [bmv2] [D] [thread 24941] [4.0] [cxt 0] Deparser 'deparser': start
[14:05:27.340] [bmv2] [T] [thread 24941] [4.0] [cxt 0] Skipping checksum 'cksum' update because condition not met
[14:05:27.340] [bmv2] [D] [thread 24941] [4.0] [cxt 0] Deparsing header 'ethernet'
[14:05:27.340] [bmv2] [D] [thread 24941] [4.0] [cxt 0] Deparser 'deparser': end
[14:05:27.340] [bmv2] [D] [thread 24945] [4.0] [cxt 0] Transmitting packet of size 90 out of port 0
[14:05:27.424] [bmv2] [D] [thread 24940] [5.0] [cxt 0] Processing packet received on port 2
[14:05:27.424] [bmv2] [D] [thread 24940] [5.0] [cxt 0] Parser 'parser': start
[14:05:27.424] [bmv2] [D] [thread 24940] [5.0] [cxt 0] Parser 'parser' entering state 'start'
[14:05:27.424] [bmv2] [D] [thread 24940] [5.0] [cxt 0] Extracting header 'ethernet'
[14:05:27.424] [bmv2] [D] [thread 24940] [5.0] [cxt 0] Parser state 'start': key is 86dd
[14:05:27.424] [bmv2] [T] [thread 24940] [5.0] [cxt 0] Bytes parsed: 14
[14:05:27.424] [bmv2] [D] [thread 24940] [5.0] [cxt 0] Parser 'parser': end
[14:05:27.424] [bmv2] [D] [thread 24940] [5.0] [cxt 0] Pipeline 'ingress': start
[14:05:27.424] [bmv2] [T] [thread 24940] [5.0] [cxt 0] basic.p4(183) Condition "hdr.udp.dst_port==5000" (node_2) is false
[14:05:27.424] [bmv2] [T] [thread 24940] [5.0] [cxt 0] basic.p4(186) Condition "hdr.udp.dst_port==6000" (node_4) is false
[14:05:27.424] [bmv2] [D] [thread 24940] [5.0] [cxt 0] Pipeline 'ingress': end
[14:05:27.424] [bmv2] [D] [thread 24940] [5.0] [cxt 0] Egress port is 0
[14:05:27.424] [bmv2] [D] [thread 24941] [5.0] [cxt 0] Pipeline 'egress': start
[14:05:27.424] [bmv2] [D] [thread 24941] [5.0] [cxt 0] Pipeline 'egress': end
[14:05:27.424] [bmv2] [D] [thread 24941] [5.0] [cxt 0] Deparser 'deparser': start
[14:05:27.424] [bmv2] [T] [thread 24941] [5.0] [cxt 0] Skipping checksum 'cksum' update because condition not met
[14:05:27.424] [bmv2] [D] [thread 24941] [5.0] [cxt 0] Deparsing header 'ethernet'
[14:05:27.424] [bmv2] [D] [thread 24941] [5.0] [cxt 0] Deparser 'deparser': end
[14:05:27.425] [bmv2] [D] [thread 24945] [5.0] [cxt 0] Transmitting packet of size 90 out of port 0
[14:05:27.488] [bmv2] [D] [thread 24940] [6.0] [cxt 0] Processing packet received on port 3
[14:05:27.488] [bmv2] [D] [thread 24940] [6.0] [cxt 0] Parser 'parser': start
[14:05:27.488] [bmv2] [D] [thread 24940] [6.0] [cxt 0] Parser 'parser' entering state 'start'
[14:05:27.488] [bmv2] [D] [thread 24940] [6.0] [cxt 0] Extracting header 'ethernet'
[14:05:27.488] [bmv2] [D] [thread 24940] [6.0] [cxt 0] Parser state 'start': key is 86dd
[14:05:27.488] [bmv2] [T] [thread 24940] [6.0] [cxt 0] Bytes parsed: 14
[14:05:27.488] [bmv2] [D] [thread 24940] [6.0] [cxt 0] Parser 'parser': end
[14:05:27.488] [bmv2] [D] [thread 24940] [6.0] [cxt 0] Pipeline 'ingress': start
[14:05:27.488] [bmv2] [T] [thread 24940] [6.0] [cxt 0] basic.p4(183) Condition "hdr.udp.dst_port==5000" (node_2) is false
[14:05:27.488] [bmv2] [T] [thread 24940] [6.0] [cxt 0] basic.p4(186) Condition "hdr.udp.dst_port==6000" (node_4) is false
[14:05:27.488] [bmv2] [D] [thread 24940] [6.0] [cxt 0] Pipeline 'ingress': end
[14:05:27.488] [bmv2] [D] [thread 24940] [6.0] [cxt 0] Egress port is 0
[14:05:27.488] [bmv2] [D] [thread 24941] [6.0] [cxt 0] Pipeline 'egress': start
[14:05:27.488] [bmv2] [D] [thread 24941] [6.0] [cxt 0] Pipeline 'egress': end
[14:05:27.488] [bmv2] [D] [thread 24941] [6.0] [cxt 0] Deparser 'deparser': start
[14:05:27.488] [bmv2] [T] [thread 24941] [6.0] [cxt 0] Skipping checksum 'cksum' update because condition not met
[14:05:27.488] [bmv2] [D] [thread 24941] [6.0] [cxt 0] Deparsing header 'ethernet'
[14:05:27.488] [bmv2] [D] [thread 24941] [6.0] [cxt 0] Deparser 'deparser': end
[14:05:27.488] [bmv2] [D] [thread 24945] [6.0] [cxt 0] Transmitting packet of size 90 out of port 0
[14:05:27.588] [bmv2] [D] [thread 24940] [7.0] [cxt 0] Processing packet received on port 2
[14:05:27.588] [bmv2] [D] [thread 24940] [7.0] [cxt 0] Parser 'parser': start
[14:05:27.588] [bmv2] [D] [thread 24940] [7.0] [cxt 0] Parser 'parser' entering state 'start'
[14:05:27.588] [bmv2] [D] [thread 24940] [7.0] [cxt 0] Extracting header 'ethernet'
[14:05:27.588] [bmv2] [D] [thread 24940] [7.0] [cxt 0] Parser state 'start': key is 86dd
[14:05:27.588] [bmv2] [T] [thread 24940] [7.0] [cxt 0] Bytes parsed: 14
[14:05:27.588] [bmv2] [D] [thread 24940] [7.0] [cxt 0] Parser 'parser': end
[14:05:27.588] [bmv2] [D] [thread 24940] [7.0] [cxt 0] Pipeline 'ingress': start
[14:05:27.588] [bmv2] [T] [thread 24940] [7.0] [cxt 0] basic.p4(183) Condition "hdr.udp.dst_port==5000" (node_2) is false
[14:05:27.588] [bmv2] [T] [thread 24940] [7.0] [cxt 0] basic.p4(186) Condition "hdr.udp.dst_port==6000" (node_4) is false
[14:05:27.588] [bmv2] [D] [thread 24940] [7.0] [cxt 0] Pipeline 'ingress': end
[14:05:27.588] [bmv2] [D] [thread 24940] [7.0] [cxt 0] Egress port is 0
[14:05:27.589] [bmv2] [D] [thread 24941] [7.0] [cxt 0] Pipeline 'egress': start
[14:05:27.589] [bmv2] [D] [thread 24941] [7.0] [cxt 0] Pipeline 'egress': end
[14:05:27.589] [bmv2] [D] [thread 24941] [7.0] [cxt 0] Deparser 'deparser': start
[14:05:27.589] [bmv2] [T] [thread 24941] [7.0] [cxt 0] Skipping checksum 'cksum' update because condition not met
[14:05:27.589] [bmv2] [D] [thread 24941] [7.0] [cxt 0] Deparsing header 'ethernet'
[14:05:27.589] [bmv2] [D] [thread 24941] [7.0] [cxt 0] Deparser 'deparser': end
[14:05:27.589] [bmv2] [D] [thread 24945] [7.0] [cxt 0] Transmitting packet of size 90 out of port 0
New connection
P4Runtime SetForwardingPipelineConfig
[14:05:28.157] [bmv2] [W] [thread 24955] [P4Runtime] p4::tmp::P4DeviceConfig is deprecated
[14:05:28.158] [bmv2] [D] [thread 24955] Set default default entry for table 'MyIngress.ipv4_lpm1': NoAction - 
[14:05:28.158] [bmv2] [D] [thread 24955] Set default default entry for table 'MyIngress.ipv4_lpm2': NoAction - 
P4Runtime Write
device_id: 3
election_id {
  low: 1
}
updates {
  type: MODIFY
  entity {
    table_entry {
      table_id: 33617881
      action {
        action {
          action_id: 16805608
        }
      }
      is_default_action: true
    }
  }
}
[14:05:28.162] [bmv2] [D] [thread 24955] Set default entry for table 'MyIngress.ipv4_lpm1': MyIngress.drop - 
P4Runtime Write
device_id: 3
election_id {
  low: 1
}
updates {
  type: INSERT
  entity {
    table_entry {
      table_id: 33617881
      match {
        field_id: 1
        lpm {
          value: "\n\000\002\002"
          prefix_len: 32
        }
      }
      action {
        action {
          action_id: 16799317
          params {
            param_id: 1
            value: "\010\000\000\000\002\""
          }
          params {
            param_id: 2
            value: "\000\001"
          }
        }
      }
    }
  }
}
[14:05:28.164] [bmv2] [D] [thread 24955] Entry 0 added to table 'MyIngress.ipv4_lpm1'
[14:05:28.164] [bmv2] [D] [thread 24955] Dumping entry 0
Match key:
* hdr.ipv4.dstAddr    : LPM       0a000202/32
Action entry: MyIngress.ipv4_forward - 80000000222,1,

P4Runtime Write
device_id: 3
election_id {
  low: 1
}
updates {
  type: INSERT
  entity {
    table_entry {
      table_id: 33617881
      match {
        field_id: 1
        lpm {
          value: "\n\000\001\001"
          prefix_len: 32
        }
      }
      action {
        action {
          action_id: 16799317
          params {
            param_id: 1
            value: "\010\000\000\000\001\000"
          }
          params {
            param_id: 2
            value: "\000\002"
          }
        }
      }
    }
  }
}
[14:05:28.165] [bmv2] [D] [thread 24955] Entry 1 added to table 'MyIngress.ipv4_lpm1'
[14:05:28.165] [bmv2] [D] [thread 24955] Dumping entry 1
Match key:
* hdr.ipv4.dstAddr    : LPM       0a000101/32
Action entry: MyIngress.ipv4_forward - 80000000100,2,

P4Runtime Write
device_id: 3
election_id {
  low: 1
}
updates {
  type: MODIFY
  entity {
    table_entry {
      table_id: 33610323
      action {
        action {
          action_id: 16805608
        }
      }
      is_default_action: true
    }
  }
}
[14:05:28.167] [bmv2] [D] [thread 24955] Set default entry for table 'MyIngress.ipv4_lpm2': MyIngress.drop - 
P4Runtime Write
device_id: 3
election_id {
  low: 1
}
updates {
  type: INSERT
  entity {
    table_entry {
      table_id: 33610323
      match {
        field_id: 1
        lpm {
          value: "\n\000\002\002"
          prefix_len: 32
        }
      }
      action {
        action {
          action_id: 16799317
          params {
            param_id: 1
            value: "\010\000\000\000\002\""
          }
          params {
            param_id: 2
            value: "\000\001"
          }
        }
      }
    }
  }
}
[14:05:28.168] [bmv2] [D] [thread 24955] Entry 0 added to table 'MyIngress.ipv4_lpm2'
[14:05:28.168] [bmv2] [D] [thread 24955] Dumping entry 0
Match key:
* hdr.ipv4.dstAddr    : LPM       0a000202/32
Action entry: MyIngress.ipv4_forward - 80000000222,1,

P4Runtime Write
device_id: 3
election_id {
  low: 1
}
updates {
  type: INSERT
  entity {
    table_entry {
      table_id: 33610323
      match {
        field_id: 1
        lpm {
          value: "\n\000\001\001"
          prefix_len: 32
        }
      }
      action {
        action {
          action_id: 16799317
          params {
            param_id: 1
            value: "\010\000\000\000\002\000"
          }
          params {
            param_id: 2
            value: "\000\003"
          }
        }
      }
    }
  }
}
[14:05:28.169] [bmv2] [D] [thread 24955] Entry 1 added to table 'MyIngress.ipv4_lpm2'
[14:05:28.169] [bmv2] [D] [thread 24955] Dumping entry 1
Match key:
* hdr.ipv4.dstAddr    : LPM       0a000101/32
Action entry: MyIngress.ipv4_forward - 80000000200,3,

Connection removed
[14:05:30.176] [bmv2] [D] [thread 24940] [8.0] [cxt 0] Processing packet received on port 1
[14:05:30.176] [bmv2] [D] [thread 24940] [8.0] [cxt 0] Parser 'parser': start
[14:05:30.176] [bmv2] [D] [thread 24940] [8.0] [cxt 0] Parser 'parser' entering state 'start'
[14:05:30.176] [bmv2] [D] [thread 24940] [8.0] [cxt 0] Extracting header 'ethernet'
[14:05:30.176] [bmv2] [D] [thread 24940] [8.0] [cxt 0] Parser state 'start': key is 86dd
[14:05:30.176] [bmv2] [T] [thread 24940] [8.0] [cxt 0] Bytes parsed: 14
[14:05:30.176] [bmv2] [D] [thread 24940] [8.0] [cxt 0] Parser 'parser': end
[14:05:30.176] [bmv2] [D] [thread 24940] [8.0] [cxt 0] Pipeline 'ingress': start
[14:05:30.176] [bmv2] [T] [thread 24940] [8.0] [cxt 0] basic.p4(183) Condition "hdr.udp.dst_port==5000" (node_2) is false
[14:05:30.176] [bmv2] [T] [thread 24940] [8.0] [cxt 0] basic.p4(186) Condition "hdr.udp.dst_port==6000" (node_4) is false
[14:05:30.176] [bmv2] [D] [thread 24940] [8.0] [cxt 0] Pipeline 'ingress': end
[14:05:30.176] [bmv2] [D] [thread 24940] [8.0] [cxt 0] Egress port is 0
[14:05:30.176] [bmv2] [D] [thread 24941] [8.0] [cxt 0] Pipeline 'egress': start
[14:05:30.176] [bmv2] [D] [thread 24941] [8.0] [cxt 0] Pipeline 'egress': end
[14:05:30.176] [bmv2] [D] [thread 24941] [8.0] [cxt 0] Deparser 'deparser': start
[14:05:30.176] [bmv2] [T] [thread 24941] [8.0] [cxt 0] Skipping checksum 'cksum' update because condition not met
[14:05:30.176] [bmv2] [D] [thread 24941] [8.0] [cxt 0] Deparsing header 'ethernet'
[14:05:30.176] [bmv2] [D] [thread 24941] [8.0] [cxt 0] Deparser 'deparser': end
[14:05:30.176] [bmv2] [D] [thread 24945] [8.0] [cxt 0] Transmitting packet of size 70 out of port 0
[14:05:30.446] [bmv2] [D] [thread 24940] [9.0] [cxt 0] Processing packet received on port 2
[14:05:30.446] [bmv2] [D] [thread 24940] [9.0] [cxt 0] Parser 'parser': start
[14:05:30.446] [bmv2] [D] [thread 24940] [9.0] [cxt 0] Parser 'parser' entering state 'start'
[14:05:30.446] [bmv2] [D] [thread 24940] [9.0] [cxt 0] Extracting header 'ethernet'
[14:05:30.446] [bmv2] [D] [thread 24940] [9.0] [cxt 0] Parser state 'start': key is 86dd
[14:05:30.446] [bmv2] [T] [thread 24940] [9.0] [cxt 0] Bytes parsed: 14
[14:05:30.446] [bmv2] [D] [thread 24940] [9.0] [cxt 0] Parser 'parser': end
[14:05:30.446] [bmv2] [D] [thread 24940] [9.0] [cxt 0] Pipeline 'ingress': start
[14:05:30.446] [bmv2] [T] [thread 24940] [9.0] [cxt 0] basic.p4(183) Condition "hdr.udp.dst_port==5000" (node_2) is false
[14:05:30.446] [bmv2] [T] [thread 24940] [9.0] [cxt 0] basic.p4(186) Condition "hdr.udp.dst_port==6000" (node_4) is false
[14:05:30.446] [bmv2] [D] [thread 24940] [9.0] [cxt 0] Pipeline 'ingress': end
[14:05:30.446] [bmv2] [D] [thread 24940] [9.0] [cxt 0] Egress port is 0
[14:05:30.446] [bmv2] [D] [thread 24941] [9.0] [cxt 0] Pipeline 'egress': start
[14:05:30.446] [bmv2] [D] [thread 24941] [9.0] [cxt 0] Pipeline 'egress': end
[14:05:30.446] [bmv2] [D] [thread 24941] [9.0] [cxt 0] Deparser 'deparser': start
[14:05:30.446] [bmv2] [T] [thread 24941] [9.0] [cxt 0] Skipping checksum 'cksum' update because condition not met
[14:05:30.446] [bmv2] [D] [thread 24941] [9.0] [cxt 0] Deparsing header 'ethernet'
[14:05:30.446] [bmv2] [D] [thread 24941] [9.0] [cxt 0] Deparser 'deparser': end
[14:05:30.446] [bmv2] [D] [thread 24945] [9.0] [cxt 0] Transmitting packet of size 70 out of port 0
[14:05:30.644] [bmv2] [D] [thread 24940] [10.0] [cxt 0] Processing packet received on port 2
[14:05:30.645] [bmv2] [D] [thread 24940] [10.0] [cxt 0] Parser 'parser': start
[14:05:30.645] [bmv2] [D] [thread 24940] [10.0] [cxt 0] Parser 'parser' entering state 'start'
[14:05:30.645] [bmv2] [D] [thread 24940] [10.0] [cxt 0] Extracting header 'ethernet'
[14:05:30.645] [bmv2] [D] [thread 24940] [10.0] [cxt 0] Parser state 'start': key is 86dd
[14:05:30.645] [bmv2] [T] [thread 24940] [10.0] [cxt 0] Bytes parsed: 14
[14:05:30.645] [bmv2] [D] [thread 24940] [10.0] [cxt 0] Parser 'parser': end
[14:05:30.645] [bmv2] [D] [thread 24940] [10.0] [cxt 0] Pipeline 'ingress': start
[14:05:30.645] [bmv2] [T] [thread 24940] [10.0] [cxt 0] basic.p4(183) Condition "hdr.udp.dst_port==5000" (node_2) is false
[14:05:30.645] [bmv2] [T] [thread 24940] [10.0] [cxt 0] basic.p4(186) Condition "hdr.udp.dst_port==6000" (node_4) is false
[14:05:30.645] [bmv2] [D] [thread 24940] [10.0] [cxt 0] Pipeline 'ingress': end
[14:05:30.645] [bmv2] [D] [thread 24940] [10.0] [cxt 0] Egress port is 0
[14:05:30.645] [bmv2] [D] [thread 24941] [10.0] [cxt 0] Pipeline 'egress': start
[14:05:30.645] [bmv2] [D] [thread 24941] [10.0] [cxt 0] Pipeline 'egress': end
[14:05:30.645] [bmv2] [D] [thread 24941] [10.0] [cxt 0] Deparser 'deparser': start
[14:05:30.645] [bmv2] [T] [thread 24941] [10.0] [cxt 0] Skipping checksum 'cksum' update because condition not met
[14:05:30.645] [bmv2] [D] [thread 24941] [10.0] [cxt 0] Deparsing header 'ethernet'
[14:05:30.645] [bmv2] [D] [thread 24941] [10.0] [cxt 0] Deparser 'deparser': end
[14:05:30.645] [bmv2] [D] [thread 24945] [10.0] [cxt 0] Transmitting packet of size 70 out of port 0
[14:05:30.892] [bmv2] [D] [thread 24940] [11.0] [cxt 0] Processing packet received on port 3
[14:05:30.892] [bmv2] [D] [thread 24940] [11.0] [cxt 0] Parser 'parser': start
[14:05:30.892] [bmv2] [D] [thread 24940] [11.0] [cxt 0] Parser 'parser' entering state 'start'
[14:05:30.892] [bmv2] [D] [thread 24940] [11.0] [cxt 0] Extracting header 'ethernet'
[14:05:30.892] [bmv2] [D] [thread 24940] [11.0] [cxt 0] Parser state 'start': key is 86dd
[14:05:30.892] [bmv2] [T] [thread 24940] [11.0] [cxt 0] Bytes parsed: 14
[14:05:30.892] [bmv2] [D] [thread 24940] [11.0] [cxt 0] Parser 'parser': end
[14:05:30.892] [bmv2] [D] [thread 24940] [11.0] [cxt 0] Pipeline 'ingress': start
[14:05:30.892] [bmv2] [T] [thread 24940] [11.0] [cxt 0] basic.p4(183) Condition "hdr.udp.dst_port==5000" (node_2) is false
[14:05:30.892] [bmv2] [T] [thread 24940] [11.0] [cxt 0] basic.p4(186) Condition "hdr.udp.dst_port==6000" (node_4) is false
[14:05:30.892] [bmv2] [D] [thread 24940] [11.0] [cxt 0] Pipeline 'ingress': end
[14:05:30.892] [bmv2] [D] [thread 24940] [11.0] [cxt 0] Egress port is 0
[14:05:30.892] [bmv2] [D] [thread 24940] [12.0] [cxt 0] Processing packet received on port 3
[14:05:30.892] [bmv2] [D] [thread 24940] [12.0] [cxt 0] Parser 'parser': start
[14:05:30.892] [bmv2] [D] [thread 24940] [12.0] [cxt 0] Parser 'parser' entering state 'start'
[14:05:30.892] [bmv2] [D] [thread 24940] [12.0] [cxt 0] Extracting header 'ethernet'
[14:05:30.892] [bmv2] [D] [thread 24940] [12.0] [cxt 0] Parser state 'start': key is 86dd
[14:05:30.892] [bmv2] [T] [thread 24940] [12.0] [cxt 0] Bytes parsed: 14
[14:05:30.892] [bmv2] [D] [thread 24940] [12.0] [cxt 0] Parser 'parser': end
[14:05:30.892] [bmv2] [D] [thread 24940] [12.0] [cxt 0] Pipeline 'ingress': start
[14:05:30.892] [bmv2] [T] [thread 24940] [12.0] [cxt 0] basic.p4(183) Condition "hdr.udp.dst_port==5000" (node_2) is false
[14:05:30.892] [bmv2] [T] [thread 24940] [12.0] [cxt 0] basic.p4(186) Condition "hdr.udp.dst_port==6000" (node_4) is false
[14:05:30.892] [bmv2] [D] [thread 24940] [12.0] [cxt 0] Pipeline 'ingress': end
[14:05:30.892] [bmv2] [D] [thread 24940] [12.0] [cxt 0] Egress port is 0
[14:05:30.892] [bmv2] [D] [thread 24941] [11.0] [cxt 0] Pipeline 'egress': start
[14:05:30.892] [bmv2] [D] [thread 24941] [11.0] [cxt 0] Pipeline 'egress': end
[14:05:30.892] [bmv2] [D] [thread 24941] [11.0] [cxt 0] Deparser 'deparser': start
[14:05:30.892] [bmv2] [T] [thread 24941] [11.0] [cxt 0] Skipping checksum 'cksum' update because condition not met
[14:05:30.892] [bmv2] [D] [thread 24941] [11.0] [cxt 0] Deparsing header 'ethernet'
[14:05:30.892] [bmv2] [D] [thread 24941] [11.0] [cxt 0] Deparser 'deparser': end
[14:05:30.892] [bmv2] [D] [thread 24941] [12.0] [cxt 0] Pipeline 'egress': start
[14:05:30.892] [bmv2] [D] [thread 24941] [12.0] [cxt 0] Pipeline 'egress': end
[14:05:30.892] [bmv2] [D] [thread 24941] [12.0] [cxt 0] Deparser 'deparser': start
[14:05:30.892] [bmv2] [T] [thread 24941] [12.0] [cxt 0] Skipping checksum 'cksum' update because condition not met
[14:05:30.892] [bmv2] [D] [thread 24941] [12.0] [cxt 0] Deparsing header 'ethernet'
[14:05:30.892] [bmv2] [D] [thread 24941] [12.0] [cxt 0] Deparser 'deparser': end
[14:05:30.892] [bmv2] [D] [thread 24945] [11.0] [cxt 0] Transmitting packet of size 70 out of port 0
[14:05:30.892] [bmv2] [D] [thread 24945] [12.0] [cxt 0] Transmitting packet of size 70 out of port 0
[14:05:34.184] [bmv2] [D] [thread 24940] [13.0] [cxt 0] Processing packet received on port 1
[14:05:34.184] [bmv2] [D] [thread 24940] [13.0] [cxt 0] Parser 'parser': start
[14:05:34.184] [bmv2] [D] [thread 24940] [13.0] [cxt 0] Parser 'parser' entering state 'start'
[14:05:34.184] [bmv2] [D] [thread 24940] [13.0] [cxt 0] Extracting header 'ethernet'
[14:05:34.184] [bmv2] [D] [thread 24940] [13.0] [cxt 0] Parser state 'start': key is 86dd
[14:05:34.184] [bmv2] [T] [thread 24940] [13.0] [cxt 0] Bytes parsed: 14
[14:05:34.184] [bmv2] [D] [thread 24940] [13.0] [cxt 0] Parser 'parser': end
[14:05:34.184] [bmv2] [D] [thread 24940] [13.0] [cxt 0] Pipeline 'ingress': start
[14:05:34.184] [bmv2] [T] [thread 24940] [13.0] [cxt 0] basic.p4(183) Condition "hdr.udp.dst_port==5000" (node_2) is false
[14:05:34.184] [bmv2] [T] [thread 24940] [13.0] [cxt 0] basic.p4(186) Condition "hdr.udp.dst_port==6000" (node_4) is false
[14:05:34.184] [bmv2] [D] [thread 24940] [13.0] [cxt 0] Pipeline 'ingress': end
[14:05:34.184] [bmv2] [D] [thread 24940] [13.0] [cxt 0] Egress port is 0
[14:05:34.184] [bmv2] [D] [thread 24941] [13.0] [cxt 0] Pipeline 'egress': start
[14:05:34.184] [bmv2] [D] [thread 24941] [13.0] [cxt 0] Pipeline 'egress': end
[14:05:34.184] [bmv2] [D] [thread 24941] [13.0] [cxt 0] Deparser 'deparser': start
[14:05:34.184] [bmv2] [T] [thread 24941] [13.0] [cxt 0] Skipping checksum 'cksum' update because condition not met
[14:05:34.184] [bmv2] [D] [thread 24941] [13.0] [cxt 0] Deparsing header 'ethernet'
[14:05:34.184] [bmv2] [D] [thread 24941] [13.0] [cxt 0] Deparser 'deparser': end
[14:05:34.185] [bmv2] [D] [thread 24945] [13.0] [cxt 0] Transmitting packet of size 70 out of port 0
[14:05:34.441] [bmv2] [D] [thread 24940] [14.0] [cxt 0] Processing packet received on port 2
[14:05:34.441] [bmv2] [D] [thread 24940] [14.0] [cxt 0] Parser 'parser': start
[14:05:34.441] [bmv2] [D] [thread 24940] [14.0] [cxt 0] Parser 'parser' entering state 'start'
[14:05:34.441] [bmv2] [D] [thread 24940] [14.0] [cxt 0] Extracting header 'ethernet'
[14:05:34.441] [bmv2] [D] [thread 24940] [14.0] [cxt 0] Parser state 'start': key is 86dd
[14:05:34.441] [bmv2] [T] [thread 24940] [14.0] [cxt 0] Bytes parsed: 14
[14:05:34.441] [bmv2] [D] [thread 24940] [14.0] [cxt 0] Parser 'parser': end
[14:05:34.441] [bmv2] [D] [thread 24940] [14.0] [cxt 0] Pipeline 'ingress': start
[14:05:34.441] [bmv2] [T] [thread 24940] [14.0] [cxt 0] basic.p4(183) Condition "hdr.udp.dst_port==5000" (node_2) is false
[14:05:34.441] [bmv2] [T] [thread 24940] [14.0] [cxt 0] basic.p4(186) Condition "hdr.udp.dst_port==6000" (node_4) is false
[14:05:34.441] [bmv2] [D] [thread 24940] [14.0] [cxt 0] Pipeline 'ingress': end
[14:05:34.441] [bmv2] [D] [thread 24940] [14.0] [cxt 0] Egress port is 0
[14:05:34.441] [bmv2] [D] [thread 24941] [14.0] [cxt 0] Pipeline 'egress': start
[14:05:34.441] [bmv2] [D] [thread 24941] [14.0] [cxt 0] Pipeline 'egress': end
[14:05:34.441] [bmv2] [D] [thread 24941] [14.0] [cxt 0] Deparser 'deparser': start
[14:05:34.441] [bmv2] [T] [thread 24941] [14.0] [cxt 0] Skipping checksum 'cksum' update because condition not met
[14:05:34.441] [bmv2] [D] [thread 24941] [14.0] [cxt 0] Deparsing header 'ethernet'
[14:05:34.441] [bmv2] [D] [thread 24941] [14.0] [cxt 0] Deparser 'deparser': end
[14:05:34.441] [bmv2] [D] [thread 24945] [14.0] [cxt 0] Transmitting packet of size 70 out of port 0
[14:05:34.653] [bmv2] [D] [thread 24940] [15.0] [cxt 0] Processing packet received on port 2
[14:05:34.653] [bmv2] [D] [thread 24940] [15.0] [cxt 0] Parser 'parser': start
[14:05:34.653] [bmv2] [D] [thread 24940] [15.0] [cxt 0] Parser 'parser' entering state 'start'
[14:05:34.653] [bmv2] [D] [thread 24940] [15.0] [cxt 0] Extracting header 'ethernet'
[14:05:34.653] [bmv2] [D] [thread 24940] [15.0] [cxt 0] Parser state 'start': key is 86dd
[14:05:34.653] [bmv2] [T] [thread 24940] [15.0] [cxt 0] Bytes parsed: 14
[14:05:34.653] [bmv2] [D] [thread 24940] [15.0] [cxt 0] Parser 'parser': end
[14:05:34.653] [bmv2] [D] [thread 24940] [15.0] [cxt 0] Pipeline 'ingress': start
[14:05:34.653] [bmv2] [T] [thread 24940] [15.0] [cxt 0] basic.p4(183) Condition "hdr.udp.dst_port==5000" (node_2) is false
[14:05:34.653] [bmv2] [T] [thread 24940] [15.0] [cxt 0] basic.p4(186) Condition "hdr.udp.dst_port==6000" (node_4) is false
[14:05:34.653] [bmv2] [D] [thread 24940] [15.0] [cxt 0] Pipeline 'ingress': end
[14:05:34.653] [bmv2] [D] [thread 24940] [15.0] [cxt 0] Egress port is 0
[14:05:34.654] [bmv2] [D] [thread 24941] [15.0] [cxt 0] Pipeline 'egress': start
[14:05:34.654] [bmv2] [D] [thread 24941] [15.0] [cxt 0] Pipeline 'egress': end
[14:05:34.654] [bmv2] [D] [thread 24941] [15.0] [cxt 0] Deparser 'deparser': start
[14:05:34.654] [bmv2] [T] [thread 24941] [15.0] [cxt 0] Skipping checksum 'cksum' update because condition not met
[14:05:34.654] [bmv2] [D] [thread 24941] [15.0] [cxt 0] Deparsing header 'ethernet'
[14:05:34.654] [bmv2] [D] [thread 24941] [15.0] [cxt 0] Deparser 'deparser': end
[14:05:34.654] [bmv2] [D] [thread 24945] [15.0] [cxt 0] Transmitting packet of size 70 out of port 0
[14:05:34.908] [bmv2] [D] [thread 24940] [16.0] [cxt 0] Processing packet received on port 3
[14:05:34.908] [bmv2] [D] [thread 24940] [16.0] [cxt 0] Parser 'parser': start
[14:05:34.908] [bmv2] [D] [thread 24940] [16.0] [cxt 0] Parser 'parser' entering state 'start'
[14:05:34.908] [bmv2] [D] [thread 24940] [16.0] [cxt 0] Extracting header 'ethernet'
[14:05:34.908] [bmv2] [D] [thread 24940] [16.0] [cxt 0] Parser state 'start': key is 86dd
[14:05:34.908] [bmv2] [T] [thread 24940] [16.0] [cxt 0] Bytes parsed: 14
[14:05:34.908] [bmv2] [D] [thread 24940] [16.0] [cxt 0] Parser 'parser': end
[14:05:34.908] [bmv2] [D] [thread 24940] [16.0] [cxt 0] Pipeline 'ingress': start
[14:05:34.908] [bmv2] [T] [thread 24940] [16.0] [cxt 0] basic.p4(183) Condition "hdr.udp.dst_port==5000" (node_2) is false
[14:05:34.908] [bmv2] [T] [thread 24940] [16.0] [cxt 0] basic.p4(186) Condition "hdr.udp.dst_port==6000" (node_4) is false
[14:05:34.908] [bmv2] [D] [thread 24940] [16.0] [cxt 0] Pipeline 'ingress': end
[14:05:34.908] [bmv2] [D] [thread 24940] [16.0] [cxt 0] Egress port is 0
[14:05:34.908] [bmv2] [D] [thread 24940] [17.0] [cxt 0] Processing packet received on port 3
[14:05:34.908] [bmv2] [D] [thread 24940] [17.0] [cxt 0] Parser 'parser': start
[14:05:34.908] [bmv2] [D] [thread 24940] [17.0] [cxt 0] Parser 'parser' entering state 'start'
[14:05:34.908] [bmv2] [D] [thread 24940] [17.0] [cxt 0] Extracting header 'ethernet'
[14:05:34.908] [bmv2] [D] [thread 24940] [17.0] [cxt 0] Parser state 'start': key is 86dd
[14:05:34.908] [bmv2] [T] [thread 24940] [17.0] [cxt 0] Bytes parsed: 14
[14:05:34.908] [bmv2] [D] [thread 24940] [17.0] [cxt 0] Parser 'parser': end
[14:05:34.908] [bmv2] [D] [thread 24940] [17.0] [cxt 0] Pipeline 'ingress': start
[14:05:34.908] [bmv2] [T] [thread 24940] [17.0] [cxt 0] basic.p4(183) Condition "hdr.udp.dst_port==5000" (node_2) is false
[14:05:34.908] [bmv2] [T] [thread 24940] [17.0] [cxt 0] basic.p4(186) Condition "hdr.udp.dst_port==6000" (node_4) is false
[14:05:34.908] [bmv2] [D] [thread 24940] [17.0] [cxt 0] Pipeline 'ingress': end
[14:05:34.908] [bmv2] [D] [thread 24940] [17.0] [cxt 0] Egress port is 0
[14:05:34.908] [bmv2] [D] [thread 24941] [16.0] [cxt 0] Pipeline 'egress': start
[14:05:34.908] [bmv2] [D] [thread 24941] [16.0] [cxt 0] Pipeline 'egress': end
[14:05:34.909] [bmv2] [D] [thread 24941] [16.0] [cxt 0] Deparser 'deparser': start
[14:05:34.909] [bmv2] [T] [thread 24941] [16.0] [cxt 0] Skipping checksum 'cksum' update because condition not met
[14:05:34.909] [bmv2] [D] [thread 24941] [16.0] [cxt 0] Deparsing header 'ethernet'
[14:05:34.909] [bmv2] [D] [thread 24941] [16.0] [cxt 0] Deparser 'deparser': end
[14:05:34.909] [bmv2] [D] [thread 24941] [17.0] [cxt 0] Pipeline 'egress': start
[14:05:34.909] [bmv2] [D] [thread 24941] [17.0] [cxt 0] Pipeline 'egress': end
[14:05:34.909] [bmv2] [D] [thread 24941] [17.0] [cxt 0] Deparser 'deparser': start
[14:05:34.909] [bmv2] [T] [thread 24941] [17.0] [cxt 0] Skipping checksum 'cksum' update because condition not met
[14:05:34.909] [bmv2] [D] [thread 24941] [17.0] [cxt 0] Deparsing header 'ethernet'
[14:05:34.909] [bmv2] [D] [thread 24941] [17.0] [cxt 0] Deparser 'deparser': end
[14:05:34.909] [bmv2] [D] [thread 24945] [16.0] [cxt 0] Transmitting packet of size 70 out of port 0
[14:05:34.909] [bmv2] [D] [thread 24945] [17.0] [cxt 0] Transmitting packet of size 70 out of port 0
[14:06:19.802] [bmv2] [D] [thread 24940] [18.0] [cxt 0] Processing packet received on port 2
[14:06:19.802] [bmv2] [D] [thread 24940] [18.0] [cxt 0] Parser 'parser': start
[14:06:19.802] [bmv2] [D] [thread 24940] [18.0] [cxt 0] Parser 'parser' entering state 'start'
[14:06:19.802] [bmv2] [D] [thread 24940] [18.0] [cxt 0] Extracting header 'ethernet'
[14:06:19.802] [bmv2] [D] [thread 24940] [18.0] [cxt 0] Parser state 'start': key is 0800
[14:06:19.802] [bmv2] [T] [thread 24940] [18.0] [cxt 0] Bytes parsed: 14
[14:06:19.802] [bmv2] [D] [thread 24940] [18.0] [cxt 0] Parser 'parser' entering state 'parse_ipv4'
[14:06:19.802] [bmv2] [D] [thread 24940] [18.0] [cxt 0] Extracting header 'ipv4'
[14:06:19.802] [bmv2] [D] [thread 24940] [18.0] [cxt 0] Parser state 'parse_ipv4': key is 11
[14:06:19.802] [bmv2] [T] [thread 24940] [18.0] [cxt 0] Bytes parsed: 34
[14:06:19.802] [bmv2] [D] [thread 24940] [18.0] [cxt 0] Parser 'parser' entering state 'parse_udp'
[14:06:19.802] [bmv2] [D] [thread 24940] [18.0] [cxt 0] Extracting header 'udp'
[14:06:19.802] [bmv2] [D] [thread 24940] [18.0] [cxt 0] Parser state 'parse_udp' has no switch, going to default next state
[14:06:19.802] [bmv2] [T] [thread 24940] [18.0] [cxt 0] Bytes parsed: 42
[14:06:19.802] [bmv2] [D] [thread 24940] [18.0] [cxt 0] Parser 'parser': end
[14:06:19.802] [bmv2] [D] [thread 24940] [18.0] [cxt 0] Pipeline 'ingress': start
[14:06:19.802] [bmv2] [T] [thread 24940] [18.0] [cxt 0] basic.p4(183) Condition "hdr.udp.dst_port==5000" (node_2) is true
[14:06:19.802] [bmv2] [T] [thread 24940] [18.0] [cxt 0] Applying table 'MyIngress.ipv4_lpm1'
[14:06:19.802] [bmv2] [D] [thread 24940] [18.0] [cxt 0] Looking up key:
* hdr.ipv4.dstAddr    : 0a000202

[14:06:19.802] [bmv2] [D] [thread 24940] [18.0] [cxt 0] Table 'MyIngress.ipv4_lpm1': hit with handle 0
[14:06:19.802] [bmv2] [D] [thread 24940] [18.0] [cxt 0] Dumping entry 0
Match key:
* hdr.ipv4.dstAddr    : LPM       0a000202/32
Action entry: MyIngress.ipv4_forward - 80000000222,1,

[14:06:19.802] [bmv2] [D] [thread 24940] [18.0] [cxt 0] Action entry is MyIngress.ipv4_forward - 80000000222,1,
[14:06:19.802] [bmv2] [T] [thread 24940] [18.0] [cxt 0] Action MyIngress.ipv4_forward
[14:06:19.802] [bmv2] [T] [thread 24940] [18.0] [cxt 0] basic.p4(143) Primitive standard_metadata.egress_spec=port
[14:06:19.802] [bmv2] [T] [thread 24940] [18.0] [cxt 0] basic.p4(144) Primitive hdr.ethernet.srcAddr=hdr.ethernet.dstAddr
[14:06:19.802] [bmv2] [T] [thread 24940] [18.0] [cxt 0] basic.p4(145) Primitive hdr.ethernet.dstAddr=dstAddr
[14:06:19.802] [bmv2] [T] [thread 24940] [18.0] [cxt 0] basic.p4(146) Primitive hdr.ipv4.ttl=hdr.ipv4.ttl-1
[14:06:19.802] [bmv2] [D] [thread 24940] [18.0] [cxt 0] Pipeline 'ingress': end
[14:06:19.802] [bmv2] [D] [thread 24940] [18.0] [cxt 0] Egress port is 1
[14:06:19.802] [bmv2] [D] [thread 24942] [18.0] [cxt 0] Pipeline 'egress': start
[14:06:19.802] [bmv2] [D] [thread 24942] [18.0] [cxt 0] Pipeline 'egress': end
[14:06:19.802] [bmv2] [D] [thread 24942] [18.0] [cxt 0] Deparser 'deparser': start
[14:06:19.802] [bmv2] [D] [thread 24942] [18.0] [cxt 0] Updating checksum 'cksum'
[14:06:19.802] [bmv2] [D] [thread 24942] [18.0] [cxt 0] Deparsing header 'ethernet'
[14:06:19.802] [bmv2] [D] [thread 24942] [18.0] [cxt 0] Deparsing header 'ipv4'
[14:06:19.802] [bmv2] [D] [thread 24942] [18.0] [cxt 0] Deparsing header 'udp'
[14:06:19.802] [bmv2] [D] [thread 24942] [18.0] [cxt 0] Deparser 'deparser': end
[14:06:19.802] [bmv2] [D] [thread 24945] [18.0] [cxt 0] Transmitting packet of size 44 out of port 1
[14:06:19.805] [bmv2] [D] [thread 24940] [19.0] [cxt 0] Processing packet received on port 1
[14:06:19.805] [bmv2] [D] [thread 24940] [19.0] [cxt 0] Parser 'parser': start
[14:06:19.805] [bmv2] [D] [thread 24940] [19.0] [cxt 0] Parser 'parser' entering state 'start'
[14:06:19.805] [bmv2] [D] [thread 24940] [19.0] [cxt 0] Extracting header 'ethernet'
[14:06:19.805] [bmv2] [D] [thread 24940] [19.0] [cxt 0] Parser state 'start': key is 0800
[14:06:19.805] [bmv2] [T] [thread 24940] [19.0] [cxt 0] Bytes parsed: 14
[14:06:19.805] [bmv2] [D] [thread 24940] [19.0] [cxt 0] Parser 'parser' entering state 'parse_ipv4'
[14:06:19.805] [bmv2] [D] [thread 24940] [19.0] [cxt 0] Extracting header 'ipv4'
[14:06:19.805] [bmv2] [D] [thread 24940] [19.0] [cxt 0] Parser state 'parse_ipv4': key is 01
[14:06:19.805] [bmv2] [T] [thread 24940] [19.0] [cxt 0] Bytes parsed: 34
[14:06:19.805] [bmv2] [D] [thread 24940] [19.0] [cxt 0] Parser 'parser': end
[14:06:19.806] [bmv2] [D] [thread 24940] [19.0] [cxt 0] Pipeline 'ingress': start
[14:06:19.806] [bmv2] [T] [thread 24940] [19.0] [cxt 0] basic.p4(183) Condition "hdr.udp.dst_port==5000" (node_2) is true
[14:06:19.806] [bmv2] [T] [thread 24940] [19.0] [cxt 0] Applying table 'MyIngress.ipv4_lpm1'
[14:06:19.806] [bmv2] [D] [thread 24940] [19.0] [cxt 0] Looking up key:
* hdr.ipv4.dstAddr    : 0a000101

[14:06:19.806] [bmv2] [D] [thread 24940] [19.0] [cxt 0] Table 'MyIngress.ipv4_lpm1': hit with handle 1
[14:06:19.806] [bmv2] [D] [thread 24940] [19.0] [cxt 0] Dumping entry 1
Match key:
* hdr.ipv4.dstAddr    : LPM       0a000101/32
Action entry: MyIngress.ipv4_forward - 80000000100,2,

[14:06:19.806] [bmv2] [D] [thread 24940] [19.0] [cxt 0] Action entry is MyIngress.ipv4_forward - 80000000100,2,
[14:06:19.806] [bmv2] [T] [thread 24940] [19.0] [cxt 0] Action MyIngress.ipv4_forward
[14:06:19.806] [bmv2] [T] [thread 24940] [19.0] [cxt 0] basic.p4(143) Primitive standard_metadata.egress_spec=port
[14:06:19.806] [bmv2] [T] [thread 24940] [19.0] [cxt 0] basic.p4(144) Primitive hdr.ethernet.srcAddr=hdr.ethernet.dstAddr
[14:06:19.806] [bmv2] [T] [thread 24940] [19.0] [cxt 0] basic.p4(145) Primitive hdr.ethernet.dstAddr=dstAddr
[14:06:19.806] [bmv2] [T] [thread 24940] [19.0] [cxt 0] basic.p4(146) Primitive hdr.ipv4.ttl=hdr.ipv4.ttl-1
[14:06:19.806] [bmv2] [D] [thread 24940] [19.0] [cxt 0] Pipeline 'ingress': end
[14:06:19.806] [bmv2] [D] [thread 24940] [19.0] [cxt 0] Egress port is 2
[14:06:19.806] [bmv2] [D] [thread 24943] [19.0] [cxt 0] Pipeline 'egress': start
[14:06:19.806] [bmv2] [D] [thread 24943] [19.0] [cxt 0] Pipeline 'egress': end
[14:06:19.806] [bmv2] [D] [thread 24943] [19.0] [cxt 0] Deparser 'deparser': start
[14:06:19.806] [bmv2] [D] [thread 24943] [19.0] [cxt 0] Updating checksum 'cksum'
[14:06:19.806] [bmv2] [D] [thread 24943] [19.0] [cxt 0] Deparsing header 'ethernet'
[14:06:19.806] [bmv2] [D] [thread 24943] [19.0] [cxt 0] Deparsing header 'ipv4'
[14:06:19.806] [bmv2] [D] [thread 24943] [19.0] [cxt 0] Deparser 'deparser': end
[14:06:19.806] [bmv2] [D] [thread 24945] [19.0] [cxt 0] Transmitting packet of size 72 out of port 2
open: No such file or directory
open: No such file or directory
open: No such file or directory
open: No such file or directory
